<?xml version="1.0" encoding="UTF-8"?>
<testsuite xmlns:xsi="http://www.w3.org/2001/XMLSchema-instance" xsi:noNamespaceSchemaLocation="https://maven.apache.org/surefire/maven-surefire-plugin/xsd/surefire-test-report.xsd" name="com.saud_dev.technology_assessment.TechnologyAssessmentApplication_ESTest" time="74.156" tests="4" errors="4" skipped="0" failures="0">
  <properties>
    <property name="sun.desktop" value="windows"/>
    <property name="awt.toolkit" value="sun.awt.windows.WToolkit"/>
    <property name="file.encoding.pkg" value="sun.io"/>
    <property name="java.specification.version" value="1.8"/>
    <property name="sun.cpu.isalist" value="amd64"/>
    <property name="sun.jnu.encoding" value="Cp1252"/>
    <property name="java.class.path" value="D:\Dev\GitHub\TechnologyAssessment\TechnologyAssessment\target\test-classes;D:\Dev\GitHub\TechnologyAssessment\TechnologyAssessment\target\classes;C:\Users\d3v\.m2\repository\org\springframework\boot\spring-boot-starter-web\2.1.2.RELEASE\spring-boot-starter-web-2.1.2.RELEASE.jar;C:\Users\d3v\.m2\repository\org\springframework\boot\spring-boot-starter\2.1.2.RELEASE\spring-boot-starter-2.1.2.RELEASE.jar;C:\Users\d3v\.m2\repository\org\springframework\boot\spring-boot\2.1.2.RELEASE\spring-boot-2.1.2.RELEASE.jar;C:\Users\d3v\.m2\repository\org\springframework\boot\spring-boot-autoconfigure\2.1.2.RELEASE\spring-boot-autoconfigure-2.1.2.RELEASE.jar;C:\Users\d3v\.m2\repository\org\springframework\boot\spring-boot-starter-logging\2.1.2.RELEASE\spring-boot-starter-logging-2.1.2.RELEASE.jar;C:\Users\d3v\.m2\repository\ch\qos\logback\logback-classic\1.2.3\logback-classic-1.2.3.jar;C:\Users\d3v\.m2\repository\ch\qos\logback\logback-core\1.2.3\logback-core-1.2.3.jar;C:\Users\d3v\.m2\repository\org\apache\logging\log4j\log4j-to-slf4j\2.11.1\log4j-to-slf4j-2.11.1.jar;C:\Users\d3v\.m2\repository\org\apache\logging\log4j\log4j-api\2.11.1\log4j-api-2.11.1.jar;C:\Users\d3v\.m2\repository\org\slf4j\jul-to-slf4j\1.7.25\jul-to-slf4j-1.7.25.jar;C:\Users\d3v\.m2\repository\org\yaml\snakeyaml\1.23\snakeyaml-1.23.jar;C:\Users\d3v\.m2\repository\org\springframework\boot\spring-boot-starter-json\2.1.2.RELEASE\spring-boot-starter-json-2.1.2.RELEASE.jar;C:\Users\d3v\.m2\repository\com\fasterxml\jackson\core\jackson-databind\2.9.8\jackson-databind-2.9.8.jar;C:\Users\d3v\.m2\repository\com\fasterxml\jackson\core\jackson-annotations\2.9.0\jackson-annotations-2.9.0.jar;C:\Users\d3v\.m2\repository\com\fasterxml\jackson\core\jackson-core\2.9.8\jackson-core-2.9.8.jar;C:\Users\d3v\.m2\repository\com\fasterxml\jackson\datatype\jackson-datatype-jdk8\2.9.8\jackson-datatype-jdk8-2.9.8.jar;C:\Users\d3v\.m2\repository\com\fasterxml\jackson\datatype\jackson-datatype-jsr310\2.9.8\jackson-datatype-jsr310-2.9.8.jar;C:\Users\d3v\.m2\repository\com\fasterxml\jackson\module\jackson-module-parameter-names\2.9.8\jackson-module-parameter-names-2.9.8.jar;C:\Users\d3v\.m2\repository\org\hibernate\validator\hibernate-validator\6.0.14.Final\hibernate-validator-6.0.14.Final.jar;C:\Users\d3v\.m2\repository\javax\validation\validation-api\2.0.1.Final\validation-api-2.0.1.Final.jar;C:\Users\d3v\.m2\repository\org\jboss\logging\jboss-logging\3.3.2.Final\jboss-logging-3.3.2.Final.jar;C:\Users\d3v\.m2\repository\com\fasterxml\classmate\1.4.0\classmate-1.4.0.jar;C:\Users\d3v\.m2\repository\org\springframework\spring-web\5.1.4.RELEASE\spring-web-5.1.4.RELEASE.jar;C:\Users\d3v\.m2\repository\org\springframework\spring-beans\5.1.4.RELEASE\spring-beans-5.1.4.RELEASE.jar;C:\Users\d3v\.m2\repository\org\springframework\spring-webmvc\5.1.4.RELEASE\spring-webmvc-5.1.4.RELEASE.jar;C:\Users\d3v\.m2\repository\org\springframework\spring-aop\5.1.4.RELEASE\spring-aop-5.1.4.RELEASE.jar;C:\Users\d3v\.m2\repository\org\springframework\spring-context\5.1.4.RELEASE\spring-context-5.1.4.RELEASE.jar;C:\Users\d3v\.m2\repository\org\springframework\spring-expression\5.1.4.RELEASE\spring-expression-5.1.4.RELEASE.jar;C:\Users\d3v\.m2\repository\org\springframework\boot\spring-boot-starter-tomcat\2.1.2.RELEASE\spring-boot-starter-tomcat-2.1.2.RELEASE.jar;C:\Users\d3v\.m2\repository\javax\annotation\javax.annotation-api\1.3.2\javax.annotation-api-1.3.2.jar;C:\Users\d3v\.m2\repository\org\apache\tomcat\embed\tomcat-embed-core\9.0.14\tomcat-embed-core-9.0.14.jar;C:\Users\d3v\.m2\repository\org\apache\tomcat\embed\tomcat-embed-el\9.0.14\tomcat-embed-el-9.0.14.jar;C:\Users\d3v\.m2\repository\org\apache\tomcat\embed\tomcat-embed-websocket\9.0.14\tomcat-embed-websocket-9.0.14.jar;C:\Users\d3v\.m2\repository\org\springframework\boot\spring-boot-starter-test\2.1.2.RELEASE\spring-boot-starter-test-2.1.2.RELEASE.jar;C:\Users\d3v\.m2\repository\org\springframework\boot\spring-boot-test\2.1.2.RELEASE\spring-boot-test-2.1.2.RELEASE.jar;C:\Users\d3v\.m2\repository\org\springframework\boot\spring-boot-test-autoconfigure\2.1.2.RELEASE\spring-boot-test-autoconfigure-2.1.2.RELEASE.jar;C:\Users\d3v\.m2\repository\com\jayway\jsonpath\json-path\2.4.0\json-path-2.4.0.jar;C:\Users\d3v\.m2\repository\net\minidev\json-smart\2.3\json-smart-2.3.jar;C:\Users\d3v\.m2\repository\net\minidev\accessors-smart\1.2\accessors-smart-1.2.jar;C:\Users\d3v\.m2\repository\org\ow2\asm\asm\5.0.4\asm-5.0.4.jar;C:\Users\d3v\.m2\repository\org\slf4j\slf4j-api\1.7.25\slf4j-api-1.7.25.jar;C:\Users\d3v\.m2\repository\junit\junit\4.12\junit-4.12.jar;C:\Users\d3v\.m2\repository\org\assertj\assertj-core\3.11.1\assertj-core-3.11.1.jar;C:\Users\d3v\.m2\repository\org\mockito\mockito-core\2.23.4\mockito-core-2.23.4.jar;C:\Users\d3v\.m2\repository\net\bytebuddy\byte-buddy\1.9.7\byte-buddy-1.9.7.jar;C:\Users\d3v\.m2\repository\net\bytebuddy\byte-buddy-agent\1.9.7\byte-buddy-agent-1.9.7.jar;C:\Users\d3v\.m2\repository\org\objenesis\objenesis\2.6\objenesis-2.6.jar;C:\Users\d3v\.m2\repository\org\hamcrest\hamcrest-core\1.3\hamcrest-core-1.3.jar;C:\Users\d3v\.m2\repository\org\hamcrest\hamcrest-library\1.3\hamcrest-library-1.3.jar;C:\Users\d3v\.m2\repository\org\skyscreamer\jsonassert\1.5.0\jsonassert-1.5.0.jar;C:\Users\d3v\.m2\repository\com\vaadin\external\google\android-json\0.0.20131108.vaadin1\android-json-0.0.20131108.vaadin1.jar;C:\Users\d3v\.m2\repository\org\springframework\spring-core\5.1.4.RELEASE\spring-core-5.1.4.RELEASE.jar;C:\Users\d3v\.m2\repository\org\springframework\spring-jcl\5.1.4.RELEASE\spring-jcl-5.1.4.RELEASE.jar;C:\Users\d3v\.m2\repository\org\springframework\spring-test\5.1.4.RELEASE\spring-test-5.1.4.RELEASE.jar;C:\Users\d3v\.m2\repository\org\xmlunit\xmlunit-core\2.6.2\xmlunit-core-2.6.2.jar;C:\Users\d3v\.m2\repository\org\evosuite\evosuite-standalone-runtime\1.0.6\evosuite-standalone-runtime-1.0.6.jar;C:\Users\d3v\.m2\repository\org\sonarsource\scanner\maven\sonar-maven-plugin\3.6.0.1398\sonar-maven-plugin-3.6.0.1398.jar;C:\Users\d3v\.m2\repository\org\sonatype\plexus\plexus-sec-dispatcher\1.4\plexus-sec-dispatcher-1.4.jar;C:\Users\d3v\.m2\repository\org\sonatype\plexus\plexus-cipher\1.4\plexus-cipher-1.4.jar;C:\Users\d3v\.m2\repository\org\codehaus\plexus\plexus-utils\3.0.22\plexus-utils-3.0.22.jar;C:\Users\d3v\.m2\repository\org\sonarsource\scanner\api\sonar-scanner-api\2.12.0.1661\sonar-scanner-api-2.12.0.1661.jar;C:\Users\d3v\.m2\repository\commons-lang\commons-lang\2.6\commons-lang-2.6.jar;"/>
    <property name="java.vm.vendor" value="Oracle Corporation"/>
    <property name="sun.arch.data.model" value="64"/>
    <property name="user.variant" value=""/>
    <property name="java.vendor.url" value="http://java.oracle.com/"/>
    <property name="user.timezone" value="GMT+03:00"/>
    <property name="java.vm.specification.version" value="1.8"/>
    <property name="os.name" value="Windows 10"/>
    <property name="user.country" value="US"/>
    <property name="sun.java.launcher" value="SUN_STANDARD"/>
    <property name="sun.boot.library.path" value="C:\Program Files\Java\jdk1.8.0_191\jre\bin"/>
    <property name="sun.java.command" value="C:\Users\d3v\AppData\Local\Temp\surefire5213369907932308971\surefirebooter3071169850940805369.jar C:\Users\d3v\AppData\Local\Temp\surefire5213369907932308971 2019-02-13T08-37-08_371-jvmRun1 surefire595283636484199465tmp surefire_01852407452792679382tmp"/>
    <property name="surefire.test.class.path" value="D:\Dev\GitHub\TechnologyAssessment\TechnologyAssessment\target\test-classes;D:\Dev\GitHub\TechnologyAssessment\TechnologyAssessment\target\classes;C:\Users\d3v\.m2\repository\org\springframework\boot\spring-boot-starter-web\2.1.2.RELEASE\spring-boot-starter-web-2.1.2.RELEASE.jar;C:\Users\d3v\.m2\repository\org\springframework\boot\spring-boot-starter\2.1.2.RELEASE\spring-boot-starter-2.1.2.RELEASE.jar;C:\Users\d3v\.m2\repository\org\springframework\boot\spring-boot\2.1.2.RELEASE\spring-boot-2.1.2.RELEASE.jar;C:\Users\d3v\.m2\repository\org\springframework\boot\spring-boot-autoconfigure\2.1.2.RELEASE\spring-boot-autoconfigure-2.1.2.RELEASE.jar;C:\Users\d3v\.m2\repository\org\springframework\boot\spring-boot-starter-logging\2.1.2.RELEASE\spring-boot-starter-logging-2.1.2.RELEASE.jar;C:\Users\d3v\.m2\repository\ch\qos\logback\logback-classic\1.2.3\logback-classic-1.2.3.jar;C:\Users\d3v\.m2\repository\ch\qos\logback\logback-core\1.2.3\logback-core-1.2.3.jar;C:\Users\d3v\.m2\repository\org\apache\logging\log4j\log4j-to-slf4j\2.11.1\log4j-to-slf4j-2.11.1.jar;C:\Users\d3v\.m2\repository\org\apache\logging\log4j\log4j-api\2.11.1\log4j-api-2.11.1.jar;C:\Users\d3v\.m2\repository\org\slf4j\jul-to-slf4j\1.7.25\jul-to-slf4j-1.7.25.jar;C:\Users\d3v\.m2\repository\org\yaml\snakeyaml\1.23\snakeyaml-1.23.jar;C:\Users\d3v\.m2\repository\org\springframework\boot\spring-boot-starter-json\2.1.2.RELEASE\spring-boot-starter-json-2.1.2.RELEASE.jar;C:\Users\d3v\.m2\repository\com\fasterxml\jackson\core\jackson-databind\2.9.8\jackson-databind-2.9.8.jar;C:\Users\d3v\.m2\repository\com\fasterxml\jackson\core\jackson-annotations\2.9.0\jackson-annotations-2.9.0.jar;C:\Users\d3v\.m2\repository\com\fasterxml\jackson\core\jackson-core\2.9.8\jackson-core-2.9.8.jar;C:\Users\d3v\.m2\repository\com\fasterxml\jackson\datatype\jackson-datatype-jdk8\2.9.8\jackson-datatype-jdk8-2.9.8.jar;C:\Users\d3v\.m2\repository\com\fasterxml\jackson\datatype\jackson-datatype-jsr310\2.9.8\jackson-datatype-jsr310-2.9.8.jar;C:\Users\d3v\.m2\repository\com\fasterxml\jackson\module\jackson-module-parameter-names\2.9.8\jackson-module-parameter-names-2.9.8.jar;C:\Users\d3v\.m2\repository\org\hibernate\validator\hibernate-validator\6.0.14.Final\hibernate-validator-6.0.14.Final.jar;C:\Users\d3v\.m2\repository\javax\validation\validation-api\2.0.1.Final\validation-api-2.0.1.Final.jar;C:\Users\d3v\.m2\repository\org\jboss\logging\jboss-logging\3.3.2.Final\jboss-logging-3.3.2.Final.jar;C:\Users\d3v\.m2\repository\com\fasterxml\classmate\1.4.0\classmate-1.4.0.jar;C:\Users\d3v\.m2\repository\org\springframework\spring-web\5.1.4.RELEASE\spring-web-5.1.4.RELEASE.jar;C:\Users\d3v\.m2\repository\org\springframework\spring-beans\5.1.4.RELEASE\spring-beans-5.1.4.RELEASE.jar;C:\Users\d3v\.m2\repository\org\springframework\spring-webmvc\5.1.4.RELEASE\spring-webmvc-5.1.4.RELEASE.jar;C:\Users\d3v\.m2\repository\org\springframework\spring-aop\5.1.4.RELEASE\spring-aop-5.1.4.RELEASE.jar;C:\Users\d3v\.m2\repository\org\springframework\spring-context\5.1.4.RELEASE\spring-context-5.1.4.RELEASE.jar;C:\Users\d3v\.m2\repository\org\springframework\spring-expression\5.1.4.RELEASE\spring-expression-5.1.4.RELEASE.jar;C:\Users\d3v\.m2\repository\org\springframework\boot\spring-boot-starter-tomcat\2.1.2.RELEASE\spring-boot-starter-tomcat-2.1.2.RELEASE.jar;C:\Users\d3v\.m2\repository\javax\annotation\javax.annotation-api\1.3.2\javax.annotation-api-1.3.2.jar;C:\Users\d3v\.m2\repository\org\apache\tomcat\embed\tomcat-embed-core\9.0.14\tomcat-embed-core-9.0.14.jar;C:\Users\d3v\.m2\repository\org\apache\tomcat\embed\tomcat-embed-el\9.0.14\tomcat-embed-el-9.0.14.jar;C:\Users\d3v\.m2\repository\org\apache\tomcat\embed\tomcat-embed-websocket\9.0.14\tomcat-embed-websocket-9.0.14.jar;C:\Users\d3v\.m2\repository\org\springframework\boot\spring-boot-starter-test\2.1.2.RELEASE\spring-boot-starter-test-2.1.2.RELEASE.jar;C:\Users\d3v\.m2\repository\org\springframework\boot\spring-boot-test\2.1.2.RELEASE\spring-boot-test-2.1.2.RELEASE.jar;C:\Users\d3v\.m2\repository\org\springframework\boot\spring-boot-test-autoconfigure\2.1.2.RELEASE\spring-boot-test-autoconfigure-2.1.2.RELEASE.jar;C:\Users\d3v\.m2\repository\com\jayway\jsonpath\json-path\2.4.0\json-path-2.4.0.jar;C:\Users\d3v\.m2\repository\net\minidev\json-smart\2.3\json-smart-2.3.jar;C:\Users\d3v\.m2\repository\net\minidev\accessors-smart\1.2\accessors-smart-1.2.jar;C:\Users\d3v\.m2\repository\org\ow2\asm\asm\5.0.4\asm-5.0.4.jar;C:\Users\d3v\.m2\repository\org\slf4j\slf4j-api\1.7.25\slf4j-api-1.7.25.jar;C:\Users\d3v\.m2\repository\junit\junit\4.12\junit-4.12.jar;C:\Users\d3v\.m2\repository\org\assertj\assertj-core\3.11.1\assertj-core-3.11.1.jar;C:\Users\d3v\.m2\repository\org\mockito\mockito-core\2.23.4\mockito-core-2.23.4.jar;C:\Users\d3v\.m2\repository\net\bytebuddy\byte-buddy\1.9.7\byte-buddy-1.9.7.jar;C:\Users\d3v\.m2\repository\net\bytebuddy\byte-buddy-agent\1.9.7\byte-buddy-agent-1.9.7.jar;C:\Users\d3v\.m2\repository\org\objenesis\objenesis\2.6\objenesis-2.6.jar;C:\Users\d3v\.m2\repository\org\hamcrest\hamcrest-core\1.3\hamcrest-core-1.3.jar;C:\Users\d3v\.m2\repository\org\hamcrest\hamcrest-library\1.3\hamcrest-library-1.3.jar;C:\Users\d3v\.m2\repository\org\skyscreamer\jsonassert\1.5.0\jsonassert-1.5.0.jar;C:\Users\d3v\.m2\repository\com\vaadin\external\google\android-json\0.0.20131108.vaadin1\android-json-0.0.20131108.vaadin1.jar;C:\Users\d3v\.m2\repository\org\springframework\spring-core\5.1.4.RELEASE\spring-core-5.1.4.RELEASE.jar;C:\Users\d3v\.m2\repository\org\springframework\spring-jcl\5.1.4.RELEASE\spring-jcl-5.1.4.RELEASE.jar;C:\Users\d3v\.m2\repository\org\springframework\spring-test\5.1.4.RELEASE\spring-test-5.1.4.RELEASE.jar;C:\Users\d3v\.m2\repository\org\xmlunit\xmlunit-core\2.6.2\xmlunit-core-2.6.2.jar;C:\Users\d3v\.m2\repository\org\evosuite\evosuite-standalone-runtime\1.0.6\evosuite-standalone-runtime-1.0.6.jar;C:\Users\d3v\.m2\repository\org\sonarsource\scanner\maven\sonar-maven-plugin\3.6.0.1398\sonar-maven-plugin-3.6.0.1398.jar;C:\Users\d3v\.m2\repository\org\sonatype\plexus\plexus-sec-dispatcher\1.4\plexus-sec-dispatcher-1.4.jar;C:\Users\d3v\.m2\repository\org\sonatype\plexus\plexus-cipher\1.4\plexus-cipher-1.4.jar;C:\Users\d3v\.m2\repository\org\codehaus\plexus\plexus-utils\3.0.22\plexus-utils-3.0.22.jar;C:\Users\d3v\.m2\repository\org\sonarsource\scanner\api\sonar-scanner-api\2.12.0.1661\sonar-scanner-api-2.12.0.1661.jar;C:\Users\d3v\.m2\repository\commons-lang\commons-lang\2.6\commons-lang-2.6.jar;"/>
    <property name="sun.cpu.endian" value="little"/>
    <property name="user.home" value="C:\Users\d3v"/>
    <property name="user.language" value="en"/>
    <property name="java.specification.vendor" value="Oracle Corporation"/>
    <property name="java.home" value="C:\Program Files\Java\jdk1.8.0_191\jre"/>
    <property name="basedir" value="D:\Dev\GitHub\TechnologyAssessment\TechnologyAssessment"/>
    <property name="file.separator" value="\"/>
    <property name="line.separator" value="&#10;"/>
    <property name="java.vm.specification.vendor" value="Oracle Corporation"/>
    <property name="java.specification.name" value="Java Platform API Specification"/>
    <property name="java.awt.graphicsenv" value="sun.awt.Win32GraphicsEnvironment"/>
    <property name="surefire.real.class.path" value="C:\Users\d3v\AppData\Local\Temp\surefire5213369907932308971\surefirebooter3071169850940805369.jar"/>
    <property name="sun.boot.class.path" value="C:\Program Files\Java\jdk1.8.0_191\jre\lib\resources.jar;C:\Program Files\Java\jdk1.8.0_191\jre\lib\rt.jar;C:\Program Files\Java\jdk1.8.0_191\jre\lib\sunrsasign.jar;C:\Program Files\Java\jdk1.8.0_191\jre\lib\jsse.jar;C:\Program Files\Java\jdk1.8.0_191\jre\lib\jce.jar;C:\Program Files\Java\jdk1.8.0_191\jre\lib\charsets.jar;C:\Program Files\Java\jdk1.8.0_191\jre\lib\jfr.jar;C:\Program Files\Java\jdk1.8.0_191\jre\classes"/>
    <property name="user.script" value=""/>
    <property name="sun.management.compiler" value="HotSpot 64-Bit Tiered Compilers"/>
    <property name="java.runtime.version" value="1.8.0_191-b12"/>
    <property name="user.name" value="d3v"/>
    <property name="path.separator" value=";"/>
    <property name="os.version" value="10.0"/>
    <property name="java.endorsed.dirs" value="C:\Program Files\Java\jdk1.8.0_191\jre\lib\endorsed"/>
    <property name="java.runtime.name" value="Java(TM) SE Runtime Environment"/>
    <property name="file.encoding" value="Cp1252"/>
    <property name="java.vm.name" value="Java HotSpot(TM) 64-Bit Server VM"/>
    <property name="localRepository" value="C:\Users\d3v\.m2\repository"/>
    <property name="java.vendor.url.bug" value="http://bugreport.sun.com/bugreport/"/>
    <property name="java.io.tmpdir" value="C:\Users\d3v\AppData\Local\Temp\"/>
    <property name="java.version" value="1.8.0_191"/>
    <property name="user.dir" value="D:\Dev\GitHub\TechnologyAssessment\TechnologyAssessment"/>
    <property name="os.arch" value="amd64"/>
    <property name="java.vm.specification.name" value="Java Virtual Machine Specification"/>
    <property name="java.awt.printerjob" value="sun.awt.windows.WPrinterJob"/>
    <property name="sun.os.patch.level" value=""/>
    <property name="java.library.path" value="C:\Program Files\Java\jdk1.8.0_191\jre\bin;C:\WINDOWS\Sun\Java\bin;C:\WINDOWS\system32;C:\WINDOWS;C:\Program Files\Java\jdk1.8.0_191\bin;C:\Program Files (x86)\Common Files\Oracle\Java\javapath;C:\Program Files (x86)\Intel\iCLS Client\;C:\Program Files\Intel\iCLS Client\;C:\windows\system32;C:\windows;C:\windows\System32\Wbem;C:\windows\System32\WindowsPowerShell\v1.0\;C:\Program Files (x86)\Intel\Intel(R) Management Engine Components\DAL;C:\Program Files\Intel\Intel(R) Management Engine Components\DAL;C:\Program Files (x86)\Intel\Intel(R) Management Engine Components\IPT;C:\Program Files\Intel\Intel(R) Management Engine Components\IPT;C:\Program Files (x86)\NVIDIA Corporation\PhysX\Common;C:\WINDOWS\system32;C:\WINDOWS;C:\WINDOWS\System32\Wbem;C:\WINDOWS\System32\WindowsPowerShell\v1.0\;C:\WINDOWS\System32\OpenSSH\;C:\Program Files\Intel\WiFi\bin\;C:\Program Files\Common Files\Intel\WirelessCommon\;C:\Program Files\MySQL\MySQL Utilities 1.6\;C:\Program Files\NVIDIA Corporation\NVIDIA NvDLISR;C:\Program Files\Apache\apache-maven-3.6.0\bin;C:\Program Files\Java\jdk1.8.0_191\bin;C:\Users\d3v\AppData\Local\Microsoft\WindowsApps;C:\Program Files\Apache\apache-maven-3.6.0\bin;C:\Users\d3v\AppData\Local\GitHubDesktop\bin;."/>
    <property name="java.vm.info" value="mixed mode"/>
    <property name="java.vendor" value="Oracle Corporation"/>
    <property name="java.vm.version" value="25.191-b12"/>
    <property name="java.ext.dirs" value="C:\Program Files\Java\jdk1.8.0_191\jre\lib\ext;C:\WINDOWS\Sun\Java\lib\ext"/>
    <property name="sun.io.unicode.encoding" value="UnicodeLittle"/>
    <property name="java.class.version" value="52.0"/>
  </properties>
  <testcase name="test3" classname="com.saud_dev.technology_assessment.TechnologyAssessmentApplication_ESTest" time="1.4">
    <error message="test timed out after 4000 milliseconds" type="org.junit.runners.model.TestTimedOutException">org.junit.runners.model.TestTimedOutException: test timed out after 4000 milliseconds
	at com.saud_dev.technology_assessment.TechnologyAssessmentApplication_ESTest.test3(TechnologyAssessmentApplication_ESTest.java:87)
</error>
    <system-out><![CDATA[08:38:22.615 [main] INFO org.evosuite.runtime.instrumentation.EvoClassLoader - Seeing class for first time: com.saud_dev.technology_assessment.TechnologyAssessmentApplication_ESTest
08:38:22.615 [main] INFO org.evosuite.runtime.instrumentation.EvoClassLoader - Instrumenting class 'com.saud_dev.technology_assessment.TechnologyAssessmentApplication_ESTest'.
08:38:22.619 [main] INFO org.evosuite.runtime.instrumentation.MethodCallReplacementClassAdapter - Adding mock interface to class com/saud_dev/technology_assessment/TechnologyAssessmentApplication_ESTest
08:38:22.619 [main] INFO org.evosuite.runtime.instrumentation.CreateClassResetClassAdapter - Creating brand-new static initializer in class com/saud_dev/technology_assessment/TechnologyAssessmentApplication_ESTest
08:38:22.619 [main] INFO org.evosuite.runtime.instrumentation.EvoClassLoader - Seeing class for first time: com.saud_dev.technology_assessment.TechnologyAssessmentApplication_ESTest_scaffolding
08:38:22.619 [main] INFO org.evosuite.runtime.instrumentation.EvoClassLoader - Instrumenting class 'com.saud_dev.technology_assessment.TechnologyAssessmentApplication_ESTest_scaffolding'.
08:38:22.619 [main] INFO org.evosuite.runtime.instrumentation.MethodCallReplacementClassAdapter - Adding mock interface to class com/saud_dev/technology_assessment/TechnologyAssessmentApplication_ESTest_scaffolding
08:38:22.623 [main] INFO org.evosuite.runtime.instrumentation.CreateClassResetClassAdapter - Found static initializer in class com/saud_dev/technology_assessment/TechnologyAssessmentApplication_ESTest_scaffolding
08:38:22.623 [main] INFO org.evosuite.runtime.instrumentation.EvoClassLoader - Keeping class: com.saud_dev.technology_assessment.TechnologyAssessmentApplication_ESTest_scaffolding
08:38:22.623 [main] INFO org.evosuite.runtime.instrumentation.EvoClassLoader - Keeping class: com.saud_dev.technology_assessment.TechnologyAssessmentApplication_ESTest
08:38:22.627 [main] INFO org.evosuite.runtime.instrumentation.EvoClassLoader - Seeing class for first time: com.saud_dev.technology_assessment.TechnologyAssessmentApplication_ESTest
08:38:22.627 [main] INFO org.evosuite.runtime.instrumentation.EvoClassLoader - Instrumenting class 'com.saud_dev.technology_assessment.TechnologyAssessmentApplication_ESTest'.
08:38:22.627 [main] INFO org.evosuite.runtime.instrumentation.EvoClassLoader - Defined package (3): package com.saud_dev.technology_assessment, -1670758297
08:38:22.627 [main] INFO org.evosuite.runtime.instrumentation.EvoClassLoader - Seeing class for first time: com.saud_dev.technology_assessment.TechnologyAssessmentApplication_ESTest_scaffolding
08:38:22.627 [main] INFO org.evosuite.runtime.instrumentation.EvoClassLoader - Instrumenting class 'com.saud_dev.technology_assessment.TechnologyAssessmentApplication_ESTest_scaffolding'.
08:38:22.631 [main] INFO org.evosuite.runtime.instrumentation.EvoClassLoader - Keeping class: com.saud_dev.technology_assessment.TechnologyAssessmentApplication_ESTest_scaffolding
08:38:22.631 [main] INFO org.evosuite.runtime.instrumentation.EvoClassLoader - Keeping class: com.saud_dev.technology_assessment.TechnologyAssessmentApplication_ESTest
08:38:22.635 [main] DEBUG org.evosuite.runtime.sandbox.MSecurityManager - Adding privileged thread: "Reference Handler"
08:38:22.635 [main] DEBUG org.evosuite.runtime.sandbox.MSecurityManager - Adding privileged thread: "Finalizer"
08:38:22.635 [main] DEBUG org.evosuite.runtime.sandbox.MSecurityManager - Adding privileged thread: "Signal Dispatcher"
08:38:22.635 [main] DEBUG org.evosuite.runtime.sandbox.MSecurityManager - Adding privileged thread: "Attach Listener"
08:38:22.635 [main] DEBUG org.evosuite.runtime.sandbox.MSecurityManager - Adding privileged thread: "Java2D Disposer"
08:38:22.635 [main] DEBUG org.evosuite.runtime.sandbox.MSecurityManager - Adding privileged thread: "AWT-Windows"
08:38:22.635 [main] DEBUG org.evosuite.runtime.sandbox.MSecurityManager - Adding privileged thread: "RMI TCP Accept-0"
08:38:22.635 [main] DEBUG org.evosuite.runtime.sandbox.MSecurityManager - Adding privileged thread: "RMI Scheduler(0)"
08:38:22.635 [main] DEBUG org.evosuite.runtime.sandbox.MSecurityManager - Adding privileged thread: "main"
08:38:22.635 [main] DEBUG org.evosuite.runtime.sandbox.MSecurityManager - Adding privileged thread: "surefire-forkedjvm-command-thread"
08:38:22.635 [main] DEBUG org.evosuite.runtime.sandbox.MSecurityManager - Adding privileged thread: "surefire-forkedjvm-ping-30s"
08:38:22.635 [main] DEBUG org.evosuite.runtime.sandbox.MSecurityManager - Adding privileged thread: "RMI TCP Connection(2)-192.168.43.44"
08:38:22.635 [main] DEBUG org.evosuite.runtime.sandbox.MSecurityManager - Adding privileged thread: "JMX server connection timeout 33"
08:38:22.635 [main] INFO org.evosuite.runtime.instrumentation.EvoClassLoader - Seeing class for first time: org.springframework.core.convert.support.ObjectToStringConverter
08:38:22.635 [main] INFO org.evosuite.runtime.instrumentation.EvoClassLoader - Instrumenting class 'org.springframework.core.convert.support.ObjectToStringConverter'.
08:38:22.643 [main] INFO org.evosuite.runtime.instrumentation.MethodCallReplacementClassAdapter - Adding mock interface to class org/springframework/core/convert/support/ObjectToStringConverter
08:38:22.643 [main] INFO org.evosuite.runtime.instrumentation.CreateClassResetClassAdapter - Creating brand-new static initializer in class org/springframework/core/convert/support/ObjectToStringConverter
08:38:22.643 [main] INFO org.evosuite.runtime.instrumentation.EvoClassLoader - Defined package (3): package org.springframework.core.convert.support, -1942950324
08:38:22.643 [main] INFO org.evosuite.runtime.instrumentation.EvoClassLoader - Seeing class for first time: org.springframework.core.convert.converter.Converter
08:38:22.643 [main] INFO org.evosuite.runtime.instrumentation.EvoClassLoader - Instrumenting class 'org.springframework.core.convert.converter.Converter'.
08:38:22.647 [main] INFO org.evosuite.runtime.instrumentation.EvoClassLoader - Defined package (3): package org.springframework.core.convert.converter, 805588189
08:38:22.647 [main] INFO org.evosuite.runtime.instrumentation.EvoClassLoader - Keeping class: org.springframework.core.convert.converter.Converter
08:38:22.647 [main] INFO org.evosuite.runtime.instrumentation.EvoClassLoader - Keeping class: org.springframework.core.convert.support.ObjectToStringConverter
08:38:22.647 [main] INFO org.evosuite.runtime.instrumentation.EvoClassLoader - Seeing class for first time: org.springframework.core.io.DescriptiveResource
08:38:22.647 [main] INFO org.evosuite.runtime.instrumentation.EvoClassLoader - Instrumenting class 'org.springframework.core.io.DescriptiveResource'.
08:38:22.651 [main] INFO org.evosuite.runtime.instrumentation.MethodCallReplacementClassAdapter - Adding mock interface to class org/springframework/core/io/DescriptiveResource
08:38:22.651 [main] INFO org.evosuite.runtime.instrumentation.CreateClassResetClassAdapter - Creating brand-new static initializer in class org/springframework/core/io/DescriptiveResource
08:38:22.651 [main] INFO org.evosuite.runtime.instrumentation.EvoClassLoader - Defined package (3): package org.springframework.core.io, 371506798
08:38:22.651 [main] INFO org.evosuite.runtime.instrumentation.EvoClassLoader - Seeing class for first time: org.springframework.core.io.AbstractResource
08:38:22.651 [main] INFO org.evosuite.runtime.instrumentation.EvoClassLoader - Instrumenting class 'org.springframework.core.io.AbstractResource'.
08:38:22.655 [main] INFO org.evosuite.runtime.instrumentation.MethodCallReplacementClassAdapter - Adding mock interface to class org/springframework/core/io/AbstractResource
08:38:22.655 [main] INFO org.evosuite.runtime.instrumentation.CreateClassResetClassAdapter - Creating brand-new static initializer in class org/springframework/core/io/AbstractResource
08:38:22.655 [main] INFO org.evosuite.runtime.instrumentation.EvoClassLoader - Seeing class for first time: org.springframework.core.io.Resource
08:38:22.655 [main] INFO org.evosuite.runtime.instrumentation.EvoClassLoader - Instrumenting class 'org.springframework.core.io.Resource'.
08:38:22.659 [main] INFO org.evosuite.runtime.instrumentation.EvoClassLoader - Seeing class for first time: org.springframework.core.io.InputStreamSource
08:38:22.659 [main] INFO org.evosuite.runtime.instrumentation.EvoClassLoader - Instrumenting class 'org.springframework.core.io.InputStreamSource'.
08:38:22.659 [main] INFO org.evosuite.runtime.instrumentation.EvoClassLoader - Keeping class: org.springframework.core.io.InputStreamSource
08:38:22.659 [main] INFO org.evosuite.runtime.instrumentation.EvoClassLoader - Keeping class: org.springframework.core.io.Resource
08:38:22.659 [main] INFO org.evosuite.runtime.instrumentation.EvoClassLoader - Keeping class: org.springframework.core.io.AbstractResource
08:38:22.663 [main] INFO org.evosuite.runtime.instrumentation.EvoClassLoader - Keeping class: org.springframework.core.io.DescriptiveResource
08:38:22.663 [main] INFO org.evosuite.runtime.instrumentation.EvoClassLoader - Seeing class for first time: org.springframework.core.NestedIOException
08:38:22.663 [main] INFO org.evosuite.runtime.instrumentation.EvoClassLoader - Instrumenting class 'org.springframework.core.NestedIOException'.
08:38:22.663 [main] INFO org.evosuite.runtime.instrumentation.MethodCallReplacementClassAdapter - Adding mock interface to class org/springframework/core/NestedIOException
08:38:22.663 [main] INFO org.evosuite.runtime.instrumentation.CreateClassResetClassAdapter - Found static initializer in class org/springframework/core/NestedIOException
08:38:22.663 [main] INFO org.evosuite.runtime.instrumentation.EvoClassLoader - Defined package (3): package org.springframework.core, -1870016090
08:38:22.667 [main] INFO org.evosuite.runtime.instrumentation.EvoClassLoader - Keeping class: org.springframework.core.NestedIOException
08:38:22.667 [main] INFO org.evosuite.runtime.instrumentation.EvoClassLoader - Seeing class for first time: org.springframework.boot.SpringBootBanner
08:38:22.667 [main] INFO org.evosuite.runtime.instrumentation.EvoClassLoader - Instrumenting class 'org.springframework.boot.SpringBootBanner'.
08:38:22.671 [main] INFO org.evosuite.runtime.instrumentation.MethodCallReplacementClassAdapter - Adding mock interface to class org/springframework/boot/SpringBootBanner
08:38:22.671 [main] INFO org.evosuite.runtime.instrumentation.CreateClassResetClassAdapter - Found static initializer in class org/springframework/boot/SpringBootBanner
08:38:22.671 [main] INFO org.evosuite.runtime.instrumentation.EvoClassLoader - Defined package (3): package org.springframework.boot, -1870045959
08:38:22.671 [main] INFO org.evosuite.runtime.instrumentation.EvoClassLoader - Seeing class for first time: org.springframework.boot.Banner
08:38:22.671 [main] INFO org.evosuite.runtime.instrumentation.EvoClassLoader - Instrumenting class 'org.springframework.boot.Banner'.
08:38:22.675 [main] INFO org.evosuite.runtime.instrumentation.EvoClassLoader - Keeping class: org.springframework.boot.Banner
08:38:22.675 [main] INFO org.evosuite.runtime.instrumentation.EvoClassLoader - Keeping class: org.springframework.boot.SpringBootBanner
08:38:22.679 [main] INFO org.evosuite.runtime.instrumentation.EvoClassLoader - Seeing class for first time: org.springframework.core.env.PropertySource$ComparisonPropertySource
08:38:22.679 [main] INFO org.evosuite.runtime.instrumentation.EvoClassLoader - Instrumenting class 'org.springframework.core.env.PropertySource$ComparisonPropertySource'.
08:38:22.679 [main] INFO org.evosuite.runtime.instrumentation.MethodCallReplacementClassAdapter - Adding mock interface to class org/springframework/core/env/PropertySource$ComparisonPropertySource
08:38:22.679 [main] INFO org.evosuite.runtime.instrumentation.CreateClassResetClassAdapter - Creating brand-new static initializer in class org/springframework/core/env/PropertySource$ComparisonPropertySource
08:38:22.679 [main] INFO org.evosuite.runtime.instrumentation.CreateClassResetClassAdapter - Adding bytecode for initializing field USAGE_ERROR
08:38:22.679 [main] INFO org.evosuite.runtime.instrumentation.EvoClassLoader - Defined package (3): package org.springframework.core.env, -1368194907
08:38:22.679 [main] INFO org.evosuite.runtime.instrumentation.EvoClassLoader - Seeing class for first time: org.springframework.core.env.PropertySource$StubPropertySource
08:38:22.679 [main] INFO org.evosuite.runtime.instrumentation.EvoClassLoader - Instrumenting class 'org.springframework.core.env.PropertySource$StubPropertySource'.
08:38:22.683 [main] INFO org.evosuite.runtime.instrumentation.MethodCallReplacementClassAdapter - Adding mock interface to class org/springframework/core/env/PropertySource$StubPropertySource
08:38:22.683 [main] INFO org.evosuite.runtime.instrumentation.CreateClassResetClassAdapter - Creating brand-new static initializer in class org/springframework/core/env/PropertySource$StubPropertySource
08:38:22.683 [main] INFO org.evosuite.runtime.instrumentation.EvoClassLoader - Seeing class for first time: org.springframework.core.env.PropertySource
08:38:22.683 [main] INFO org.evosuite.runtime.instrumentation.EvoClassLoader - Instrumenting class 'org.springframework.core.env.PropertySource'.
08:38:22.687 [main] INFO org.evosuite.runtime.instrumentation.MethodCallReplacementClassAdapter - Adding mock interface to class org/springframework/core/env/PropertySource
08:38:22.687 [main] INFO org.evosuite.runtime.instrumentation.CreateClassResetClassAdapter - Creating brand-new static initializer in class org/springframework/core/env/PropertySource
08:38:22.687 [main] INFO org.evosuite.runtime.instrumentation.EvoClassLoader - Keeping class: org.springframework.core.env.PropertySource
08:38:22.687 [main] INFO org.evosuite.runtime.instrumentation.EvoClassLoader - Keeping class: org.springframework.core.env.PropertySource$StubPropertySource
08:38:22.687 [main] INFO org.evosuite.runtime.instrumentation.EvoClassLoader - Keeping class: org.springframework.core.env.PropertySource$ComparisonPropertySource
08:38:22.691 [main] INFO org.evosuite.runtime.instrumentation.EvoClassLoader - Seeing class for first time: org.springframework.beans.factory.support.BeanDefinitionDefaults
08:38:22.691 [main] INFO org.evosuite.runtime.instrumentation.EvoClassLoader - Instrumenting class 'org.springframework.beans.factory.support.BeanDefinitionDefaults'.
08:38:22.695 [main] INFO org.evosuite.runtime.instrumentation.MethodCallReplacementClassAdapter - Adding mock interface to class org/springframework/beans/factory/support/BeanDefinitionDefaults
08:38:22.695 [main] INFO org.evosuite.runtime.instrumentation.CreateClassResetClassAdapter - Creating brand-new static initializer in class org/springframework/beans/factory/support/BeanDefinitionDefaults
08:38:22.695 [main] INFO org.evosuite.runtime.instrumentation.EvoClassLoader - Defined package (3): package org.springframework.beans.factory.support, -1292648807
08:38:22.695 [main] INFO org.evosuite.runtime.instrumentation.EvoClassLoader - Keeping class: org.springframework.beans.factory.support.BeanDefinitionDefaults
08:38:22.695 [main] INFO org.evosuite.runtime.instrumentation.EvoClassLoader - Seeing class for first time: org.springframework.context.annotation.ConfigurationClassPostProcessor$1
08:38:22.695 [main] INFO org.evosuite.runtime.instrumentation.EvoClassLoader - Instrumenting class 'org.springframework.context.annotation.ConfigurationClassPostProcessor$1'.
08:38:22.699 [main] INFO org.evosuite.runtime.instrumentation.MethodCallReplacementClassAdapter - Adding mock interface to class org/springframework/context/annotation/ConfigurationClassPostProcessor$1
08:38:22.699 [main] INFO org.evosuite.runtime.instrumentation.EvoClassLoader - Defined package (3): package org.springframework.context.annotation, 1530219157
08:38:22.699 [main] INFO org.evosuite.runtime.instrumentation.EvoClassLoader - Seeing class for first time: org.springframework.context.annotation.AnnotationBeanNameGenerator
08:38:22.699 [main] INFO org.evosuite.runtime.instrumentation.EvoClassLoader - Instrumenting class 'org.springframework.context.annotation.AnnotationBeanNameGenerator'.
08:38:22.703 [main] INFO org.evosuite.runtime.instrumentation.MethodCallReplacementClassAdapter - Adding mock interface to class org/springframework/context/annotation/AnnotationBeanNameGenerator
08:38:22.711 [main] INFO org.evosuite.runtime.instrumentation.CreateClassResetClassAdapter - Creating brand-new static initializer in class org/springframework/context/annotation/AnnotationBeanNameGenerator
08:38:22.711 [main] INFO org.evosuite.runtime.instrumentation.CreateClassResetClassAdapter - Adding bytecode for initializing field COMPONENT_ANNOTATION_CLASSNAME
08:38:22.711 [main] INFO org.evosuite.runtime.instrumentation.EvoClassLoader - Seeing class for first time: org.springframework.beans.factory.support.BeanNameGenerator
08:38:22.711 [main] INFO org.evosuite.runtime.instrumentation.EvoClassLoader - Instrumenting class 'org.springframework.beans.factory.support.BeanNameGenerator'.
08:38:22.711 [main] INFO org.evosuite.runtime.instrumentation.EvoClassLoader - Keeping class: org.springframework.beans.factory.support.BeanNameGenerator
08:38:22.715 [main] INFO org.evosuite.runtime.instrumentation.EvoClassLoader - Keeping class: org.springframework.context.annotation.AnnotationBeanNameGenerator
08:38:22.715 [main] INFO org.evosuite.runtime.instrumentation.EvoClassLoader - Keeping class: org.springframework.context.annotation.ConfigurationClassPostProcessor$1
08:38:22.715 [main] INFO org.evosuite.runtime.instrumentation.EvoClassLoader - Seeing class for first time: org.springframework.core.type.AnnotatedTypeMetadata
08:38:22.715 [main] INFO org.evosuite.runtime.instrumentation.EvoClassLoader - Instrumenting class 'org.springframework.core.type.AnnotatedTypeMetadata'.
08:38:22.715 [main] INFO org.evosuite.runtime.instrumentation.EvoClassLoader - Defined package (3): package org.springframework.core.type, 536088194
08:38:22.715 [main] INFO org.evosuite.runtime.instrumentation.EvoClassLoader - Keeping class: org.springframework.core.type.AnnotatedTypeMetadata
08:38:22.715 [main] INFO org.evosuite.runtime.instrumentation.EvoClassLoader - Seeing class for first time: org.springframework.context.ApplicationContextException
08:38:22.715 [main] INFO org.evosuite.runtime.instrumentation.EvoClassLoader - Instrumenting class 'org.springframework.context.ApplicationContextException'.
08:38:22.719 [main] INFO org.evosuite.runtime.instrumentation.MethodCallReplacementClassAdapter - Adding mock interface to class org/springframework/context/ApplicationContextException
08:38:22.719 [main] INFO org.evosuite.runtime.instrumentation.CreateClassResetClassAdapter - Creating brand-new static initializer in class org/springframework/context/ApplicationContextException
08:38:22.719 [main] INFO org.evosuite.runtime.instrumentation.EvoClassLoader - Defined package (3): package org.springframework.context, 368312904
08:38:22.719 [main] INFO org.evosuite.runtime.instrumentation.EvoClassLoader - Seeing class for first time: org.springframework.beans.FatalBeanException
08:38:22.719 [main] INFO org.evosuite.runtime.instrumentation.EvoClassLoader - Instrumenting class 'org.springframework.beans.FatalBeanException'.
08:38:22.719 [main] INFO org.evosuite.runtime.instrumentation.MethodCallReplacementClassAdapter - Adding mock interface to class org/springframework/beans/FatalBeanException
08:38:22.723 [main] INFO org.evosuite.runtime.instrumentation.CreateClassResetClassAdapter - Creating brand-new static initializer in class org/springframework/beans/FatalBeanException
08:38:22.723 [main] INFO org.evosuite.runtime.instrumentation.EvoClassLoader - Defined package (3): package org.springframework.beans, -2137161316
08:38:22.723 [main] INFO org.evosuite.runtime.instrumentation.EvoClassLoader - Seeing class for first time: org.springframework.beans.BeansException
08:38:22.723 [main] INFO org.evosuite.runtime.instrumentation.EvoClassLoader - Instrumenting class 'org.springframework.beans.BeansException'.
08:38:22.723 [main] INFO org.evosuite.runtime.instrumentation.MethodCallReplacementClassAdapter - Adding mock interface to class org/springframework/beans/BeansException
08:38:22.723 [main] INFO org.evosuite.runtime.instrumentation.CreateClassResetClassAdapter - Creating brand-new static initializer in class org/springframework/beans/BeansException
08:38:22.723 [main] INFO org.evosuite.runtime.instrumentation.EvoClassLoader - Seeing class for first time: org.springframework.core.NestedRuntimeException
08:38:22.723 [main] INFO org.evosuite.runtime.instrumentation.EvoClassLoader - Instrumenting class 'org.springframework.core.NestedRuntimeException'.
08:38:22.727 [main] INFO org.evosuite.runtime.instrumentation.MethodCallReplacementClassAdapter - Adding mock interface to class org/springframework/core/NestedRuntimeException
08:38:22.727 [main] INFO org.evosuite.runtime.instrumentation.CreateClassResetClassAdapter - Found static initializer in class org/springframework/core/NestedRuntimeException
08:38:22.727 [main] INFO org.evosuite.runtime.instrumentation.EvoClassLoader - Keeping class: org.springframework.core.NestedRuntimeException
08:38:22.727 [main] INFO org.evosuite.runtime.instrumentation.EvoClassLoader - Keeping class: org.springframework.beans.BeansException
08:38:22.727 [main] INFO org.evosuite.runtime.instrumentation.EvoClassLoader - Keeping class: org.springframework.beans.FatalBeanException
08:38:22.727 [main] INFO org.evosuite.runtime.instrumentation.EvoClassLoader - Keeping class: org.springframework.context.ApplicationContextException
08:38:22.731 [main] INFO org.evosuite.runtime.instrumentation.EvoClassLoader - Seeing class for first time: org.springframework.core.NestedExceptionUtils
08:38:22.731 [main] INFO org.evosuite.runtime.instrumentation.EvoClassLoader - Instrumenting class 'org.springframework.core.NestedExceptionUtils'.
08:38:22.731 [main] INFO org.evosuite.runtime.instrumentation.MethodCallReplacementClassAdapter - Adding mock interface to class org/springframework/core/NestedExceptionUtils
08:38:22.731 [main] INFO org.evosuite.runtime.instrumentation.CreateClassResetClassAdapter - Creating brand-new static initializer in class org/springframework/core/NestedExceptionUtils
08:38:22.731 [main] INFO org.evosuite.runtime.instrumentation.EvoClassLoader - Keeping class: org.springframework.core.NestedExceptionUtils
08:38:22.731 [main] INFO org.evosuite.runtime.instrumentation.EvoClassLoader - Seeing class for first time: org.springframework.boot.context.config.ConfigFileApplicationListener$Profile
08:38:22.731 [main] INFO org.evosuite.runtime.instrumentation.EvoClassLoader - Instrumenting class 'org.springframework.boot.context.config.ConfigFileApplicationListener$Profile'.
08:38:22.735 [main] INFO org.evosuite.runtime.instrumentation.MethodCallReplacementClassAdapter - Adding mock interface to class org/springframework/boot/context/config/ConfigFileApplicationListener$Profile
08:38:22.735 [main] INFO org.evosuite.runtime.instrumentation.CreateClassResetClassAdapter - Creating brand-new static initializer in class org/springframework/boot/context/config/ConfigFileApplicationListener$Profile
08:38:22.735 [main] INFO org.evosuite.runtime.instrumentation.EvoClassLoader - Defined package (3): package org.springframework.boot.context.config, -778040842
08:38:22.735 [main] INFO org.evosuite.runtime.instrumentation.EvoClassLoader - Keeping class: org.springframework.boot.context.config.ConfigFileApplicationListener$Profile
08:38:22.735 [main] INFO org.evosuite.runtime.instrumentation.EvoClassLoader - Seeing class for first time: org.springframework.boot.context.event.ApplicationStartedEvent
08:38:22.735 [main] INFO org.evosuite.runtime.instrumentation.EvoClassLoader - Instrumenting class 'org.springframework.boot.context.event.ApplicationStartedEvent'.
08:38:22.739 [main] INFO org.evosuite.runtime.instrumentation.MethodCallReplacementClassAdapter - Adding mock interface to class org/springframework/boot/context/event/ApplicationStartedEvent
08:38:22.739 [main] INFO org.evosuite.runtime.instrumentation.CreateClassResetClassAdapter - Creating brand-new static initializer in class org/springframework/boot/context/event/ApplicationStartedEvent
08:38:22.739 [main] INFO org.evosuite.runtime.instrumentation.EvoClassLoader - Defined package (3): package org.springframework.boot.context.event, -23050906
08:38:22.739 [main] INFO org.evosuite.runtime.instrumentation.EvoClassLoader - Seeing class for first time: org.springframework.boot.context.event.SpringApplicationEvent
08:38:22.739 [main] INFO org.evosuite.runtime.instrumentation.EvoClassLoader - Instrumenting class 'org.springframework.boot.context.event.SpringApplicationEvent'.
08:38:22.743 [main] INFO org.evosuite.runtime.instrumentation.MethodCallReplacementClassAdapter - Adding mock interface to class org/springframework/boot/context/event/SpringApplicationEvent
08:38:22.743 [main] INFO org.evosuite.runtime.instrumentation.CreateClassResetClassAdapter - Creating brand-new static initializer in class org/springframework/boot/context/event/SpringApplicationEvent
08:38:22.743 [main] INFO org.evosuite.runtime.instrumentation.EvoClassLoader - Seeing class for first time: org.springframework.context.ApplicationEvent
08:38:22.743 [main] INFO org.evosuite.runtime.instrumentation.EvoClassLoader - Instrumenting class 'org.springframework.context.ApplicationEvent'.
08:38:22.747 [main] INFO org.evosuite.runtime.instrumentation.MethodCallReplacementClassAdapter - Adding mock interface to class org/springframework/context/ApplicationEvent
08:38:22.747 [main] INFO org.evosuite.runtime.instrumentation.CreateClassResetClassAdapter - Creating brand-new static initializer in class org/springframework/context/ApplicationEvent
08:38:22.747 [main] INFO org.evosuite.runtime.instrumentation.EvoClassLoader - Keeping class: org.springframework.context.ApplicationEvent
08:38:22.747 [main] INFO org.evosuite.runtime.instrumentation.EvoClassLoader - Keeping class: org.springframework.boot.context.event.SpringApplicationEvent
08:38:22.747 [main] INFO org.evosuite.runtime.instrumentation.EvoClassLoader - Keeping class: org.springframework.boot.context.event.ApplicationStartedEvent
08:38:22.747 [main] INFO org.evosuite.runtime.instrumentation.EvoClassLoader - Seeing class for first time: org.springframework.core.type.classreading.MetadataReader
08:38:22.747 [main] INFO org.evosuite.runtime.instrumentation.EvoClassLoader - Instrumenting class 'org.springframework.core.type.classreading.MetadataReader'.
08:38:22.751 [main] INFO org.evosuite.runtime.instrumentation.EvoClassLoader - Defined package (3): package org.springframework.core.type.classreading, -83145216
08:38:22.751 [main] INFO org.evosuite.runtime.instrumentation.EvoClassLoader - Keeping class: org.springframework.core.type.classreading.MetadataReader
08:38:22.751 [main] INFO org.evosuite.runtime.instrumentation.EvoClassLoader - Seeing class for first time: org.springframework.boot.autoconfigure.condition.ConditionMessage$Style
08:38:22.751 [main] INFO org.evosuite.runtime.instrumentation.EvoClassLoader - Instrumenting class 'org.springframework.boot.autoconfigure.condition.ConditionMessage$Style'.
08:38:22.755 [main] INFO org.evosuite.runtime.instrumentation.MethodCallReplacementClassAdapter - Adding mock interface to class org/springframework/boot/autoconfigure/condition/ConditionMessage$Style
08:38:22.755 [main] INFO org.evosuite.runtime.instrumentation.CreateClassResetClassAdapter - Found static initializer in class org/springframework/boot/autoconfigure/condition/ConditionMessage$Style
08:38:22.755 [main] INFO org.evosuite.runtime.instrumentation.EvoClassLoader - Defined package (3): package org.springframework.boot.autoconfigure.condition, -1603553265
08:38:22.755 [main] INFO org.evosuite.runtime.instrumentation.EvoClassLoader - Keeping class: org.springframework.boot.autoconfigure.condition.ConditionMessage$Style
08:38:22.755 [main] INFO org.evosuite.runtime.instrumentation.EvoClassLoader - Seeing class for first time: org.springframework.boot.autoconfigure.condition.ConditionMessage$Style$1
08:38:22.755 [main] INFO org.evosuite.runtime.instrumentation.EvoClassLoader - Instrumenting class 'org.springframework.boot.autoconfigure.condition.ConditionMessage$Style$1'.
08:38:22.759 [main] INFO org.evosuite.runtime.instrumentation.MethodCallReplacementClassAdapter - Adding mock interface to class org/springframework/boot/autoconfigure/condition/ConditionMessage$Style$1
08:38:22.759 [main] INFO org.evosuite.runtime.instrumentation.EvoClassLoader - Keeping class: org.springframework.boot.autoconfigure.condition.ConditionMessage$Style$1
08:38:22.759 [main] INFO org.evosuite.runtime.instrumentation.EvoClassLoader - Seeing class for first time: org.springframework.boot.autoconfigure.condition.ConditionMessage$Style$2
08:38:22.759 [main] INFO org.evosuite.runtime.instrumentation.EvoClassLoader - Instrumenting class 'org.springframework.boot.autoconfigure.condition.ConditionMessage$Style$2'.
08:38:22.763 [main] INFO org.evosuite.runtime.instrumentation.MethodCallReplacementClassAdapter - Adding mock interface to class org/springframework/boot/autoconfigure/condition/ConditionMessage$Style$2
08:38:22.763 [main] INFO org.evosuite.runtime.instrumentation.EvoClassLoader - Keeping class: org.springframework.boot.autoconfigure.condition.ConditionMessage$Style$2
08:38:22.763 [main] INFO org.evosuite.runtime.instrumentation.EvoClassLoader - Seeing class for first time: org.springframework.core.convert.support.NumberToNumberConverterFactory
08:38:22.763 [main] INFO org.evosuite.runtime.instrumentation.EvoClassLoader - Instrumenting class 'org.springframework.core.convert.support.NumberToNumberConverterFactory'.
08:38:22.767 [main] INFO org.evosuite.runtime.instrumentation.MethodCallReplacementClassAdapter - Adding mock interface to class org/springframework/core/convert/support/NumberToNumberConverterFactory
08:38:22.767 [main] INFO org.evosuite.runtime.instrumentation.CreateClassResetClassAdapter - Creating brand-new static initializer in class org/springframework/core/convert/support/NumberToNumberConverterFactory
08:38:22.767 [main] INFO org.evosuite.runtime.instrumentation.EvoClassLoader - Seeing class for first time: org.springframework.core.convert.converter.ConverterFactory
08:38:22.767 [main] INFO org.evosuite.runtime.instrumentation.EvoClassLoader - Instrumenting class 'org.springframework.core.convert.converter.ConverterFactory'.
08:38:22.771 [main] INFO org.evosuite.runtime.instrumentation.EvoClassLoader - Keeping class: org.springframework.core.convert.converter.ConverterFactory
08:38:22.771 [main] INFO org.evosuite.runtime.instrumentation.EvoClassLoader - Seeing class for first time: org.springframework.core.convert.converter.ConditionalConverter
08:38:22.771 [main] INFO org.evosuite.runtime.instrumentation.EvoClassLoader - Instrumenting class 'org.springframework.core.convert.converter.ConditionalConverter'.
08:38:22.775 [main] INFO org.evosuite.runtime.instrumentation.EvoClassLoader - Keeping class: org.springframework.core.convert.converter.ConditionalConverter
08:38:22.775 [main] INFO org.evosuite.runtime.instrumentation.EvoClassLoader - Keeping class: org.springframework.core.convert.support.NumberToNumberConverterFactory
08:38:22.775 [main] INFO org.evosuite.runtime.instrumentation.EvoClassLoader - Seeing class for first time: org.springframework.core.Constants
08:38:22.775 [main] INFO org.evosuite.runtime.instrumentation.EvoClassLoader - Instrumenting class 'org.springframework.core.Constants'.
08:38:22.775 [main] INFO org.evosuite.runtime.instrumentation.MethodCallReplacementClassAdapter - Adding mock interface to class org/springframework/core/Constants
08:38:22.779 [main] INFO org.evosuite.runtime.instrumentation.CreateClassResetClassAdapter - Creating brand-new static initializer in class org/springframework/core/Constants
08:38:22.779 [main] INFO org.evosuite.runtime.instrumentation.EvoClassLoader - Keeping class: org.springframework.core.Constants
08:38:22.779 [main] INFO org.evosuite.runtime.instrumentation.EvoClassLoader - Seeing class for first time: org.springframework.core.Constants$ConstantException
08:38:22.779 [main] INFO org.evosuite.runtime.instrumentation.EvoClassLoader - Instrumenting class 'org.springframework.core.Constants$ConstantException'.
08:38:22.779 [main] INFO org.evosuite.runtime.instrumentation.MethodCallReplacementClassAdapter - Adding mock interface to class org/springframework/core/Constants$ConstantException
08:38:22.783 [main] INFO org.evosuite.runtime.instrumentation.CreateClassResetClassAdapter - Creating brand-new static initializer in class org/springframework/core/Constants$ConstantException
08:38:22.783 [main] INFO org.evosuite.runtime.instrumentation.EvoClassLoader - Keeping class: org.springframework.core.Constants$ConstantException
08:38:22.783 [main] INFO org.evosuite.runtime.instrumentation.EvoClassLoader - Seeing class for first time: org.springframework.util.AntPathMatcher
08:38:22.783 [main] INFO org.evosuite.runtime.instrumentation.EvoClassLoader - Instrumenting class 'org.springframework.util.AntPathMatcher'.
08:38:22.787 [main] INFO org.evosuite.runtime.instrumentation.MethodCallReplacementClassAdapter - Adding mock interface to class org/springframework/util/AntPathMatcher
08:38:22.795 [main] INFO org.evosuite.runtime.instrumentation.CreateClassResetClassAdapter - Found static initializer in class org/springframework/util/AntPathMatcher
08:38:22.795 [main] INFO org.evosuite.runtime.instrumentation.EvoClassLoader - Defined package (3): package org.springframework.util, -1869475319
08:38:22.795 [main] INFO org.evosuite.runtime.instrumentation.EvoClassLoader - Seeing class for first time: org.springframework.util.PathMatcher
08:38:22.795 [main] INFO org.evosuite.runtime.instrumentation.EvoClassLoader - Instrumenting class 'org.springframework.util.PathMatcher'.
08:38:22.799 [main] INFO org.evosuite.runtime.instrumentation.EvoClassLoader - Keeping class: org.springframework.util.PathMatcher
08:38:22.799 [main] INFO org.evosuite.runtime.instrumentation.EvoClassLoader - Keeping class: org.springframework.util.AntPathMatcher
08:38:22.799 [main] INFO org.evosuite.runtime.instrumentation.EvoClassLoader - Seeing class for first time: org.springframework.context.annotation.ImportSelector
08:38:22.803 [main] INFO org.evosuite.runtime.instrumentation.EvoClassLoader - Instrumenting class 'org.springframework.context.annotation.ImportSelector'.
08:38:22.803 [main] INFO org.evosuite.runtime.instrumentation.EvoClassLoader - Keeping class: org.springframework.context.annotation.ImportSelector
08:38:22.803 [main] INFO org.evosuite.runtime.instrumentation.EvoClassLoader - Seeing class for first time: org.springframework.boot.autoconfigure.condition.FilteringSpringBootCondition
08:38:22.803 [main] INFO org.evosuite.runtime.instrumentation.EvoClassLoader - Instrumenting class 'org.springframework.boot.autoconfigure.condition.FilteringSpringBootCondition'.
08:38:22.807 [main] INFO org.evosuite.runtime.instrumentation.MethodCallReplacementClassAdapter - Adding mock interface to class org/springframework/boot/autoconfigure/condition/FilteringSpringBootCondition
08:38:22.807 [main] INFO org.evosuite.runtime.instrumentation.CreateClassResetClassAdapter - Creating brand-new static initializer in class org/springframework/boot/autoconfigure/condition/FilteringSpringBootCondition
08:38:22.807 [main] INFO org.evosuite.runtime.instrumentation.EvoClassLoader - Seeing class for first time: org.springframework.boot.autoconfigure.AutoConfigurationImportFilter
08:38:22.807 [main] INFO org.evosuite.runtime.instrumentation.EvoClassLoader - Instrumenting class 'org.springframework.boot.autoconfigure.AutoConfigurationImportFilter'.
08:38:22.811 [main] INFO org.evosuite.runtime.instrumentation.EvoClassLoader - Defined package (3): package org.springframework.boot.autoconfigure, 1520003554
08:38:22.811 [main] INFO org.evosuite.runtime.instrumentation.EvoClassLoader - Keeping class: org.springframework.boot.autoconfigure.AutoConfigurationImportFilter
08:38:22.811 [main] INFO org.evosuite.runtime.instrumentation.EvoClassLoader - Seeing class for first time: org.springframework.beans.factory.BeanFactoryAware
08:38:22.811 [main] INFO org.evosuite.runtime.instrumentation.EvoClassLoader - Instrumenting class 'org.springframework.beans.factory.BeanFactoryAware'.
08:38:22.815 [main] INFO org.evosuite.runtime.instrumentation.EvoClassLoader - Defined package (3): package org.springframework.beans.factory, -761174344
08:38:22.815 [main] INFO org.evosuite.runtime.instrumentation.EvoClassLoader - Seeing class for first time: org.springframework.beans.factory.Aware
08:38:22.815 [main] INFO org.evosuite.runtime.instrumentation.EvoClassLoader - Instrumenting class 'org.springframework.beans.factory.Aware'.
08:38:22.815 [main] INFO org.evosuite.runtime.instrumentation.EvoClassLoader - Keeping class: org.springframework.beans.factory.Aware
08:38:22.815 [main] INFO org.evosuite.runtime.instrumentation.EvoClassLoader - Keeping class: org.springframework.beans.factory.BeanFactoryAware
08:38:22.815 [main] INFO org.evosuite.runtime.instrumentation.EvoClassLoader - Seeing class for first time: org.springframework.beans.factory.BeanClassLoaderAware
08:38:22.815 [main] INFO org.evosuite.runtime.instrumentation.EvoClassLoader - Instrumenting class 'org.springframework.beans.factory.BeanClassLoaderAware'.
08:38:22.819 [main] INFO org.evosuite.runtime.instrumentation.EvoClassLoader - Keeping class: org.springframework.beans.factory.BeanClassLoaderAware
08:38:22.819 [main] INFO org.evosuite.runtime.instrumentation.EvoClassLoader - Seeing class for first time: org.springframework.boot.autoconfigure.condition.SpringBootCondition
08:38:22.819 [main] INFO org.evosuite.runtime.instrumentation.EvoClassLoader - Instrumenting class 'org.springframework.boot.autoconfigure.condition.SpringBootCondition'.
08:38:22.823 [main] INFO org.evosuite.runtime.instrumentation.MethodCallReplacementClassAdapter - Adding mock interface to class org/springframework/boot/autoconfigure/condition/SpringBootCondition
08:38:22.835 [main] INFO org.evosuite.runtime.instrumentation.CreateClassResetClassAdapter - Creating brand-new static initializer in class org/springframework/boot/autoconfigure/condition/SpringBootCondition
08:38:22.835 [main] INFO org.evosuite.runtime.instrumentation.EvoClassLoader - Seeing class for first time: org.springframework.context.annotation.Condition
08:38:22.835 [main] INFO org.evosuite.runtime.instrumentation.EvoClassLoader - Instrumenting class 'org.springframework.context.annotation.Condition'.
08:38:22.839 [main] INFO org.evosuite.runtime.instrumentation.EvoClassLoader - Keeping class: org.springframework.context.annotation.Condition
08:38:22.839 [main] INFO org.evosuite.runtime.instrumentation.EvoClassLoader - Keeping class: org.springframework.boot.autoconfigure.condition.SpringBootCondition
08:38:22.839 [main] INFO org.evosuite.runtime.instrumentation.EvoClassLoader - Keeping class: org.springframework.boot.autoconfigure.condition.FilteringSpringBootCondition
08:38:22.843 [main] INFO org.evosuite.runtime.instrumentation.EvoClassLoader - Seeing class for first time: org.springframework.core.convert.support.StringToBooleanConverter
08:38:22.843 [main] INFO org.evosuite.runtime.instrumentation.EvoClassLoader - Instrumenting class 'org.springframework.core.convert.support.StringToBooleanConverter'.
08:38:22.847 [main] INFO org.evosuite.runtime.instrumentation.MethodCallReplacementClassAdapter - Adding mock interface to class org/springframework/core/convert/support/StringToBooleanConverter
08:38:22.847 [main] INFO org.evosuite.runtime.instrumentation.CreateClassResetClassAdapter - Found static initializer in class org/springframework/core/convert/support/StringToBooleanConverter
08:38:22.847 [main] INFO org.evosuite.runtime.instrumentation.EvoClassLoader - Keeping class: org.springframework.core.convert.support.StringToBooleanConverter
08:38:22.847 [main] INFO org.evosuite.runtime.instrumentation.EvoClassLoader - Seeing class for first time: org.springframework.boot.convert.DelimitedStringToCollectionConverter
08:38:22.847 [main] INFO org.evosuite.runtime.instrumentation.EvoClassLoader - Instrumenting class 'org.springframework.boot.convert.DelimitedStringToCollectionConverter'.
08:38:22.851 [main] INFO org.evosuite.runtime.instrumentation.MethodCallReplacementClassAdapter - Adding mock interface to class org/springframework/boot/convert/DelimitedStringToCollectionConverter
08:38:22.851 [main] INFO org.evosuite.runtime.instrumentation.CreateClassResetClassAdapter - Creating brand-new static initializer in class org/springframework/boot/convert/DelimitedStringToCollectionConverter
08:38:22.851 [main] INFO org.evosuite.runtime.instrumentation.EvoClassLoader - Defined package (3): package org.springframework.boot.convert, -1456766530
08:38:22.851 [main] INFO org.evosuite.runtime.instrumentation.EvoClassLoader - Seeing class for first time: org.springframework.core.convert.converter.ConditionalGenericConverter
08:38:22.851 [main] INFO org.evosuite.runtime.instrumentation.EvoClassLoader - Instrumenting class 'org.springframework.core.convert.converter.ConditionalGenericConverter'.
08:38:22.855 [main] INFO org.evosuite.runtime.instrumentation.EvoClassLoader - Seeing class for first time: org.springframework.core.convert.converter.GenericConverter
08:38:22.855 [main] INFO org.evosuite.runtime.instrumentation.EvoClassLoader - Instrumenting class 'org.springframework.core.convert.converter.GenericConverter'.
08:38:22.859 [main] INFO org.evosuite.runtime.instrumentation.EvoClassLoader - Keeping class: org.springframework.core.convert.converter.GenericConverter
08:38:22.859 [main] INFO org.evosuite.runtime.instrumentation.EvoClassLoader - Keeping class: org.springframework.core.convert.converter.ConditionalGenericConverter
08:38:22.859 [main] INFO org.evosuite.runtime.instrumentation.EvoClassLoader - Keeping class: org.springframework.boot.convert.DelimitedStringToCollectionConverter
08:38:22.859 [main] INFO org.evosuite.runtime.instrumentation.EvoClassLoader - Seeing class for first time: org.springframework.beans.factory.InjectionPoint
08:38:22.859 [main] INFO org.evosuite.runtime.instrumentation.EvoClassLoader - Instrumenting class 'org.springframework.beans.factory.InjectionPoint'.
08:38:22.863 [main] INFO org.evosuite.runtime.instrumentation.MethodCallReplacementClassAdapter - Adding mock interface to class org/springframework/beans/factory/InjectionPoint
08:38:22.863 [main] INFO org.evosuite.runtime.instrumentation.CreateClassResetClassAdapter - Creating brand-new static initializer in class org/springframework/beans/factory/InjectionPoint
08:38:22.867 [main] INFO org.evosuite.runtime.instrumentation.EvoClassLoader - Keeping class: org.springframework.beans.factory.InjectionPoint
08:38:22.867 [main] INFO org.evosuite.runtime.instrumentation.EvoClassLoader - Seeing class for first time: org.springframework.core.type.classreading.CachingMetadataReaderFactory
08:38:22.867 [main] INFO org.evosuite.runtime.instrumentation.EvoClassLoader - Instrumenting class 'org.springframework.core.type.classreading.CachingMetadataReaderFactory'.
08:38:22.871 [main] INFO org.evosuite.runtime.instrumentation.MethodCallReplacementClassAdapter - Adding mock interface to class org/springframework/core/type/classreading/CachingMetadataReaderFactory
08:38:22.871 [main] INFO org.evosuite.runtime.instrumentation.CreateClassResetClassAdapter - Creating brand-new static initializer in class org/springframework/core/type/classreading/CachingMetadataReaderFactory
08:38:22.871 [main] INFO org.evosuite.runtime.instrumentation.CreateClassResetClassAdapter - Adding bytecode for initializing field DEFAULT_CACHE_LIMIT
08:38:22.871 [main] INFO org.evosuite.runtime.instrumentation.EvoClassLoader - Seeing class for first time: org.springframework.core.type.classreading.SimpleMetadataReaderFactory
08:38:22.871 [main] INFO org.evosuite.runtime.instrumentation.EvoClassLoader - Instrumenting class 'org.springframework.core.type.classreading.SimpleMetadataReaderFactory'.
08:38:22.875 [main] INFO org.evosuite.runtime.instrumentation.MethodCallReplacementClassAdapter - Adding mock interface to class org/springframework/core/type/classreading/SimpleMetadataReaderFactory
08:38:22.879 [main] INFO org.evosuite.runtime.instrumentation.CreateClassResetClassAdapter - Creating brand-new static initializer in class org/springframework/core/type/classreading/SimpleMetadataReaderFactory
08:38:22.879 [main] INFO org.evosuite.runtime.instrumentation.EvoClassLoader - Seeing class for first time: org.springframework.core.type.classreading.MetadataReaderFactory
08:38:22.879 [main] INFO org.evosuite.runtime.instrumentation.EvoClassLoader - Instrumenting class 'org.springframework.core.type.classreading.MetadataReaderFactory'.
08:38:22.883 [main] INFO org.evosuite.runtime.instrumentation.EvoClassLoader - Keeping class: org.springframework.core.type.classreading.MetadataReaderFactory
08:38:22.883 [main] INFO org.evosuite.runtime.instrumentation.EvoClassLoader - Keeping class: org.springframework.core.type.classreading.SimpleMetadataReaderFactory
08:38:22.883 [main] INFO org.evosuite.runtime.instrumentation.EvoClassLoader - Keeping class: org.springframework.core.type.classreading.CachingMetadataReaderFactory
08:38:22.883 [main] INFO org.evosuite.runtime.instrumentation.EvoClassLoader - Seeing class for first time: org.springframework.core.io.ResourceLoader
08:38:22.883 [main] INFO org.evosuite.runtime.instrumentation.EvoClassLoader - Instrumenting class 'org.springframework.core.io.ResourceLoader'.
08:38:22.883 [main] INFO org.evosuite.runtime.instrumentation.EvoClassLoader - Keeping class: org.springframework.core.io.ResourceLoader
08:38:22.883 [main] INFO org.evosuite.runtime.instrumentation.EvoClassLoader - Seeing class for first time: org.springframework.core.PriorityOrdered
08:38:22.883 [main] INFO org.evosuite.runtime.instrumentation.EvoClassLoader - Instrumenting class 'org.springframework.core.PriorityOrdered'.
08:38:22.887 [main] INFO org.evosuite.runtime.instrumentation.EvoClassLoader - Seeing class for first time: org.springframework.core.Ordered
08:38:22.887 [main] INFO org.evosuite.runtime.instrumentation.EvoClassLoader - Instrumenting class 'org.springframework.core.Ordered'.
08:38:22.891 [main] INFO org.evosuite.runtime.instrumentation.EvoClassLoader - Keeping class: org.springframework.core.Ordered
08:38:22.891 [main] INFO org.evosuite.runtime.instrumentation.EvoClassLoader - Keeping class: org.springframework.core.PriorityOrdered
08:38:22.891 [main] INFO org.evosuite.runtime.instrumentation.EvoClassLoader - Seeing class for first time: org.springframework.beans.factory.parsing.EmptyReaderEventListener
08:38:22.891 [main] INFO org.evosuite.runtime.instrumentation.EvoClassLoader - Instrumenting class 'org.springframework.beans.factory.parsing.EmptyReaderEventListener'.
08:38:22.895 [main] INFO org.evosuite.runtime.instrumentation.MethodCallReplacementClassAdapter - Adding mock interface to class org/springframework/beans/factory/parsing/EmptyReaderEventListener
08:38:22.895 [main] INFO org.evosuite.runtime.instrumentation.CreateClassResetClassAdapter - Creating brand-new static initializer in class org/springframework/beans/factory/parsing/EmptyReaderEventListener
08:38:22.895 [main] INFO org.evosuite.runtime.instrumentation.EvoClassLoader - Defined package (3): package org.springframework.beans.factory.parsing, -230845062
08:38:22.895 [main] INFO org.evosuite.runtime.instrumentation.EvoClassLoader - Seeing class for first time: org.springframework.beans.factory.parsing.ReaderEventListener
08:38:22.895 [main] INFO org.evosuite.runtime.instrumentation.EvoClassLoader - Instrumenting class 'org.springframework.beans.factory.parsing.ReaderEventListener'.
08:38:22.899 [main] INFO org.evosuite.runtime.instrumentation.EvoClassLoader - Keeping class: org.springframework.beans.factory.parsing.ReaderEventListener
08:38:22.899 [main] INFO org.evosuite.runtime.instrumentation.EvoClassLoader - Keeping class: org.springframework.beans.factory.parsing.EmptyReaderEventListener
08:38:22.899 [main] INFO org.evosuite.runtime.instrumentation.EvoClassLoader - Seeing class for first time: org.springframework.context.support.AbstractApplicationContext
08:38:22.899 [main] INFO org.evosuite.runtime.instrumentation.EvoClassLoader - Instrumenting class 'org.springframework.context.support.AbstractApplicationContext'.
08:38:22.903 [main] INFO org.evosuite.runtime.instrumentation.MethodCallReplacementClassAdapter - Adding mock interface to class org/springframework/context/support/AbstractApplicationContext
08:38:22.947 [main] INFO org.evosuite.runtime.instrumentation.CreateClassResetClassAdapter - Found static initializer in class org/springframework/context/support/AbstractApplicationContext
08:38:22.947 [main] INFO org.evosuite.runtime.instrumentation.EvoClassLoader - Defined package (3): package org.springframework.context.support, 1509542441
08:38:22.947 [main] INFO org.evosuite.runtime.instrumentation.EvoClassLoader - Seeing class for first time: org.springframework.context.ConfigurableApplicationContext
08:38:22.947 [main] INFO org.evosuite.runtime.instrumentation.EvoClassLoader - Instrumenting class 'org.springframework.context.ConfigurableApplicationContext'.
08:38:22.951 [main] INFO org.evosuite.runtime.instrumentation.EvoClassLoader - Seeing class for first time: org.springframework.context.ApplicationContext
08:38:22.951 [main] INFO org.evosuite.runtime.instrumentation.EvoClassLoader - Instrumenting class 'org.springframework.context.ApplicationContext'.
08:38:22.955 [main] INFO org.evosuite.runtime.instrumentation.EvoClassLoader - Seeing class for first time: org.springframework.core.env.EnvironmentCapable
08:38:22.955 [main] INFO org.evosuite.runtime.instrumentation.EvoClassLoader - Instrumenting class 'org.springframework.core.env.EnvironmentCapable'.
08:38:22.955 [main] INFO org.evosuite.runtime.instrumentation.EvoClassLoader - Keeping class: org.springframework.core.env.EnvironmentCapable
08:38:22.955 [main] INFO org.evosuite.runtime.instrumentation.EvoClassLoader - Seeing class for first time: org.springframework.beans.factory.ListableBeanFactory
08:38:22.955 [main] INFO org.evosuite.runtime.instrumentation.EvoClassLoader - Instrumenting class 'org.springframework.beans.factory.ListableBeanFactory'.
08:38:22.955 [main] INFO org.evosuite.runtime.instrumentation.EvoClassLoader - Seeing class for first time: org.springframework.beans.factory.BeanFactory
08:38:22.955 [main] INFO org.evosuite.runtime.instrumentation.EvoClassLoader - Instrumenting class 'org.springframework.beans.factory.BeanFactory'.
08:38:22.959 [main] INFO org.evosuite.runtime.instrumentation.EvoClassLoader - Keeping class: org.springframework.beans.factory.BeanFactory
08:38:22.959 [main] INFO org.evosuite.runtime.instrumentation.EvoClassLoader - Keeping class: org.springframework.beans.factory.ListableBeanFactory
08:38:22.959 [main] INFO org.evosuite.runtime.instrumentation.EvoClassLoader - Seeing class for first time: org.springframework.beans.factory.HierarchicalBeanFactory
08:38:22.959 [main] INFO org.evosuite.runtime.instrumentation.EvoClassLoader - Instrumenting class 'org.springframework.beans.factory.HierarchicalBeanFactory'.
08:38:22.959 [main] INFO org.evosuite.runtime.instrumentation.EvoClassLoader - Keeping class: org.springframework.beans.factory.HierarchicalBeanFactory
08:38:22.959 [main] INFO org.evosuite.runtime.instrumentation.EvoClassLoader - Seeing class for first time: org.springframework.context.MessageSource
08:38:22.959 [main] INFO org.evosuite.runtime.instrumentation.EvoClassLoader - Instrumenting class 'org.springframework.context.MessageSource'.
08:38:22.959 [main] INFO org.evosuite.runtime.instrumentation.EvoClassLoader - Keeping class: org.springframework.context.MessageSource
08:38:22.959 [main] INFO org.evosuite.runtime.instrumentation.EvoClassLoader - Seeing class for first time: org.springframework.context.ApplicationEventPublisher
08:38:22.959 [main] INFO org.evosuite.runtime.instrumentation.EvoClassLoader - Instrumenting class 'org.springframework.context.ApplicationEventPublisher'.
08:38:22.959 [main] INFO org.evosuite.runtime.instrumentation.EvoClassLoader - Keeping class: org.springframework.context.ApplicationEventPublisher
08:38:22.959 [main] INFO org.evosuite.runtime.instrumentation.EvoClassLoader - Seeing class for first time: org.springframework.core.io.support.ResourcePatternResolver
08:38:22.959 [main] INFO org.evosuite.runtime.instrumentation.EvoClassLoader - Instrumenting class 'org.springframework.core.io.support.ResourcePatternResolver'.
08:38:22.963 [main] INFO org.evosuite.runtime.instrumentation.EvoClassLoader - Defined package (3): package org.springframework.core.io.support, 1842806863
08:38:22.963 [main] INFO org.evosuite.runtime.instrumentation.EvoClassLoader - Keeping class: org.springframework.core.io.support.ResourcePatternResolver
08:38:22.963 [main] INFO org.evosuite.runtime.instrumentation.EvoClassLoader - Keeping class: org.springframework.context.ApplicationContext
08:38:22.963 [main] INFO org.evosuite.runtime.instrumentation.EvoClassLoader - Seeing class for first time: org.springframework.context.Lifecycle
08:38:22.963 [main] INFO org.evosuite.runtime.instrumentation.EvoClassLoader - Instrumenting class 'org.springframework.context.Lifecycle'.
08:38:22.967 [main] INFO org.evosuite.runtime.instrumentation.EvoClassLoader - Keeping class: org.springframework.context.Lifecycle
08:38:22.967 [main] INFO org.evosuite.runtime.instrumentation.EvoClassLoader - Keeping class: org.springframework.context.ConfigurableApplicationContext
08:38:22.967 [main] INFO org.evosuite.runtime.instrumentation.EvoClassLoader - Seeing class for first time: org.springframework.core.io.DefaultResourceLoader
08:38:22.967 [main] INFO org.evosuite.runtime.instrumentation.EvoClassLoader - Instrumenting class 'org.springframework.core.io.DefaultResourceLoader'.
08:38:22.967 [main] INFO org.evosuite.runtime.instrumentation.MethodCallReplacementClassAdapter - Adding mock interface to class org/springframework/core/io/DefaultResourceLoader
08:38:22.979 [main] INFO org.evosuite.runtime.instrumentation.CreateClassResetClassAdapter - Creating brand-new static initializer in class org/springframework/core/io/DefaultResourceLoader
08:38:22.983 [main] INFO org.evosuite.runtime.instrumentation.EvoClassLoader - Keeping class: org.springframework.core.io.DefaultResourceLoader
08:38:22.983 [main] INFO org.evosuite.runtime.instrumentation.EvoClassLoader - Keeping class: org.springframework.context.support.AbstractApplicationContext
08:38:22.983 [main] INFO org.evosuite.runtime.instrumentation.EvoClassLoader - Seeing class for first time: org.springframework.core.io.UrlResource
08:38:22.983 [main] INFO org.evosuite.runtime.instrumentation.EvoClassLoader - Instrumenting class 'org.springframework.core.io.UrlResource'.
08:38:22.983 [main] INFO org.evosuite.runtime.instrumentation.MethodCallReplacementClassAdapter - Adding mock interface to class org/springframework/core/io/UrlResource
08:38:22.983 [main] INFO org.evosuite.runtime.instrumentation.CreateClassResetClassAdapter - Creating brand-new static initializer in class org/springframework/core/io/UrlResource
08:38:22.987 [main] INFO org.evosuite.runtime.instrumentation.EvoClassLoader - Seeing class for first time: org.springframework.core.io.AbstractFileResolvingResource
08:38:22.987 [main] INFO org.evosuite.runtime.instrumentation.EvoClassLoader - Instrumenting class 'org.springframework.core.io.AbstractFileResolvingResource'.
08:38:22.987 [main] INFO org.evosuite.runtime.instrumentation.MethodCallReplacementClassAdapter - Adding mock interface to class org/springframework/core/io/AbstractFileResolvingResource
08:38:22.991 [main] INFO org.evosuite.runtime.instrumentation.CreateClassResetClassAdapter - Creating brand-new static initializer in class org/springframework/core/io/AbstractFileResolvingResource
08:38:22.991 [main] INFO org.evosuite.runtime.instrumentation.EvoClassLoader - Keeping class: org.springframework.core.io.AbstractFileResolvingResource
08:38:22.991 [main] INFO org.evosuite.runtime.instrumentation.EvoClassLoader - Keeping class: org.springframework.core.io.UrlResource
08:38:22.991 [main] INFO org.evosuite.runtime.instrumentation.EvoClassLoader - Seeing class for first time: org.springframework.core.io.FileUrlResource
08:38:22.991 [main] INFO org.evosuite.runtime.instrumentation.EvoClassLoader - Instrumenting class 'org.springframework.core.io.FileUrlResource'.
08:38:22.991 [main] INFO org.evosuite.runtime.instrumentation.MethodCallReplacementClassAdapter - Adding mock interface to class org/springframework/core/io/FileUrlResource
08:38:22.995 [main] INFO org.evosuite.runtime.instrumentation.CreateClassResetClassAdapter - Creating brand-new static initializer in class org/springframework/core/io/FileUrlResource
08:38:22.995 [main] INFO org.evosuite.runtime.instrumentation.EvoClassLoader - Seeing class for first time: org.springframework.core.io.WritableResource
08:38:22.995 [main] INFO org.evosuite.runtime.instrumentation.EvoClassLoader - Instrumenting class 'org.springframework.core.io.WritableResource'.
08:38:22.999 [main] INFO org.evosuite.runtime.instrumentation.EvoClassLoader - Keeping class: org.springframework.core.io.WritableResource
08:38:22.999 [main] INFO org.evosuite.runtime.instrumentation.EvoClassLoader - Keeping class: org.springframework.core.io.FileUrlResource
08:38:22.999 [main] INFO org.evosuite.runtime.instrumentation.EvoClassLoader - Seeing class for first time: org.springframework.core.env.Environment
08:38:22.999 [main] INFO org.evosuite.runtime.instrumentation.EvoClassLoader - Instrumenting class 'org.springframework.core.env.Environment'.
08:38:23.003 [main] INFO org.evosuite.runtime.instrumentation.EvoClassLoader - Seeing class for first time: org.springframework.core.env.PropertyResolver
08:38:23.003 [main] INFO org.evosuite.runtime.instrumentation.EvoClassLoader - Instrumenting class 'org.springframework.core.env.PropertyResolver'.
08:38:23.007 [main] INFO org.evosuite.runtime.instrumentation.EvoClassLoader - Keeping class: org.springframework.core.env.PropertyResolver
08:38:23.007 [main] INFO org.evosuite.runtime.instrumentation.EvoClassLoader - Keeping class: org.springframework.core.env.Environment
08:38:23.011 [main] INFO org.evosuite.runtime.instrumentation.EvoClassLoader - Seeing class for first time: org.springframework.context.event.ContextStartedEvent
08:38:23.011 [main] INFO org.evosuite.runtime.instrumentation.EvoClassLoader - Instrumenting class 'org.springframework.context.event.ContextStartedEvent'.
08:38:23.011 [main] INFO org.evosuite.runtime.instrumentation.MethodCallReplacementClassAdapter - Adding mock interface to class org/springframework/context/event/ContextStartedEvent
08:38:23.011 [main] INFO org.evosuite.runtime.instrumentation.CreateClassResetClassAdapter - Creating brand-new static initializer in class org/springframework/context/event/ContextStartedEvent
08:38:23.011 [main] INFO org.evosuite.runtime.instrumentation.EvoClassLoader - Defined package (3): package org.springframework.context.event, -797930636
08:38:23.011 [main] INFO org.evosuite.runtime.instrumentation.EvoClassLoader - Seeing class for first time: org.springframework.context.event.ApplicationContextEvent
08:38:23.011 [main] INFO org.evosuite.runtime.instrumentation.EvoClassLoader - Instrumenting class 'org.springframework.context.event.ApplicationContextEvent'.
08:38:23.015 [main] INFO org.evosuite.runtime.instrumentation.MethodCallReplacementClassAdapter - Adding mock interface to class org/springframework/context/event/ApplicationContextEvent
08:38:23.015 [main] INFO org.evosuite.runtime.instrumentation.CreateClassResetClassAdapter - Creating brand-new static initializer in class org/springframework/context/event/ApplicationContextEvent
08:38:23.015 [main] INFO org.evosuite.runtime.instrumentation.EvoClassLoader - Keeping class: org.springframework.context.event.ApplicationContextEvent
08:38:23.015 [main] INFO org.evosuite.runtime.instrumentation.EvoClassLoader - Keeping class: org.springframework.context.event.ContextStartedEvent
08:38:23.015 [main] INFO org.evosuite.runtime.instrumentation.EvoClassLoader - Seeing class for first time: org.springframework.context.event.ContextStoppedEvent
08:38:23.015 [main] INFO org.evosuite.runtime.instrumentation.EvoClassLoader - Instrumenting class 'org.springframework.context.event.ContextStoppedEvent'.
08:38:23.023 [main] INFO org.evosuite.runtime.instrumentation.MethodCallReplacementClassAdapter - Adding mock interface to class org/springframework/context/event/ContextStoppedEvent
08:38:23.023 [main] INFO org.evosuite.runtime.instrumentation.CreateClassResetClassAdapter - Creating brand-new static initializer in class org/springframework/context/event/ContextStoppedEvent
08:38:23.023 [main] INFO org.evosuite.runtime.instrumentation.EvoClassLoader - Keeping class: org.springframework.context.event.ContextStoppedEvent
08:38:23.023 [main] INFO org.evosuite.runtime.instrumentation.EvoClassLoader - Seeing class for first time: org.springframework.context.support.AbstractApplicationContext$1
08:38:23.023 [main] INFO org.evosuite.runtime.instrumentation.EvoClassLoader - Instrumenting class 'org.springframework.context.support.AbstractApplicationContext$1'.
08:38:23.027 [main] INFO org.evosuite.runtime.instrumentation.MethodCallReplacementClassAdapter - Adding mock interface to class org/springframework/context/support/AbstractApplicationContext$1
08:38:23.027 [main] INFO org.evosuite.runtime.instrumentation.EvoClassLoader - Keeping class: org.springframework.context.support.AbstractApplicationContext$1
08:38:23.027 [main] INFO org.evosuite.runtime.instrumentation.EvoClassLoader - Seeing class for first time: org.springframework.context.PayloadApplicationEvent
08:38:23.027 [main] INFO org.evosuite.runtime.instrumentation.EvoClassLoader - Instrumenting class 'org.springframework.context.PayloadApplicationEvent'.
08:38:23.031 [main] INFO org.evosuite.runtime.instrumentation.MethodCallReplacementClassAdapter - Adding mock interface to class org/springframework/context/PayloadApplicationEvent
08:38:23.031 [main] INFO org.evosuite.runtime.instrumentation.CreateClassResetClassAdapter - Creating brand-new static initializer in class org/springframework/context/PayloadApplicationEvent
08:38:23.031 [main] INFO org.evosuite.runtime.instrumentation.EvoClassLoader - Seeing class for first time: org.springframework.core.ResolvableTypeProvider
08:38:23.031 [main] INFO org.evosuite.runtime.instrumentation.EvoClassLoader - Instrumenting class 'org.springframework.core.ResolvableTypeProvider'.
08:38:23.035 [main] INFO org.evosuite.runtime.instrumentation.EvoClassLoader - Keeping class: org.springframework.core.ResolvableTypeProvider
08:38:23.035 [main] INFO org.evosuite.runtime.instrumentation.EvoClassLoader - Keeping class: org.springframework.context.PayloadApplicationEvent
08:38:23.035 [main] INFO org.evosuite.runtime.instrumentation.EvoClassLoader - Seeing class for first time: org.springframework.beans.factory.config.AutowireCapableBeanFactory
08:38:23.035 [main] INFO org.evosuite.runtime.instrumentation.EvoClassLoader - Instrumenting class 'org.springframework.beans.factory.config.AutowireCapableBeanFactory'.
08:38:23.039 [main] INFO org.evosuite.runtime.instrumentation.EvoClassLoader - Defined package (3): package org.springframework.beans.factory.config, -1198111944
08:38:23.039 [main] INFO org.evosuite.runtime.instrumentation.EvoClassLoader - Keeping class: org.springframework.beans.factory.config.AutowireCapableBeanFactory
08:38:23.039 [main] INFO org.evosuite.runtime.instrumentation.EvoClassLoader - Seeing class for first time: org.springframework.context.LifecycleProcessor
08:38:23.039 [main] INFO org.evosuite.runtime.instrumentation.EvoClassLoader - Instrumenting class 'org.springframework.context.LifecycleProcessor'.
08:38:23.039 [main] INFO org.evosuite.runtime.instrumentation.EvoClassLoader - Keeping class: org.springframework.context.LifecycleProcessor
08:38:23.039 [main] INFO org.evosuite.runtime.instrumentation.EvoClassLoader - Seeing class for first time: org.springframework.core.env.ConfigurableEnvironment
08:38:23.043 [main] INFO org.evosuite.runtime.instrumentation.EvoClassLoader - Instrumenting class 'org.springframework.core.env.ConfigurableEnvironment'.
08:38:23.043 [main] INFO org.evosuite.runtime.instrumentation.EvoClassLoader - Seeing class for first time: org.springframework.core.env.ConfigurablePropertyResolver
08:38:23.043 [main] INFO org.evosuite.runtime.instrumentation.EvoClassLoader - Instrumenting class 'org.springframework.core.env.ConfigurablePropertyResolver'.
08:38:23.051 [main] INFO org.evosuite.runtime.instrumentation.EvoClassLoader - Keeping class: org.springframework.core.env.ConfigurablePropertyResolver
08:38:23.051 [main] INFO org.evosuite.runtime.instrumentation.EvoClassLoader - Keeping class: org.springframework.core.env.ConfigurableEnvironment
08:38:23.051 [main] INFO org.evosuite.runtime.instrumentation.EvoClassLoader - Seeing class for first time: org.springframework.beans.factory.config.BeanExpressionResolver
08:38:23.051 [main] INFO org.evosuite.runtime.instrumentation.EvoClassLoader - Instrumenting class 'org.springframework.beans.factory.config.BeanExpressionResolver'.
08:38:23.055 [main] INFO org.evosuite.runtime.instrumentation.EvoClassLoader - Keeping class: org.springframework.beans.factory.config.BeanExpressionResolver
08:38:23.055 [main] INFO org.evosuite.runtime.instrumentation.EvoClassLoader - Seeing class for first time: org.springframework.beans.PropertyEditorRegistrar
08:38:23.055 [main] INFO org.evosuite.runtime.instrumentation.EvoClassLoader - Instrumenting class 'org.springframework.beans.PropertyEditorRegistrar'.
08:38:23.055 [main] INFO org.evosuite.runtime.instrumentation.EvoClassLoader - Keeping class: org.springframework.beans.PropertyEditorRegistrar
08:38:23.055 [main] INFO org.evosuite.runtime.instrumentation.EvoClassLoader - Seeing class for first time: org.springframework.beans.factory.config.BeanPostProcessor
08:38:23.055 [main] INFO org.evosuite.runtime.instrumentation.EvoClassLoader - Instrumenting class 'org.springframework.beans.factory.config.BeanPostProcessor'.
08:38:23.059 [main] INFO org.evosuite.runtime.instrumentation.EvoClassLoader - Keeping class: org.springframework.beans.factory.config.BeanPostProcessor
08:38:23.059 [main] INFO org.evosuite.runtime.instrumentation.EvoClassLoader - Seeing class for first time: org.springframework.context.support.ContextTypeMatchClassLoader
08:38:23.059 [main] INFO org.evosuite.runtime.instrumentation.EvoClassLoader - Instrumenting class 'org.springframework.context.support.ContextTypeMatchClassLoader'.
08:38:23.063 [main] INFO org.evosuite.runtime.instrumentation.MethodCallReplacementClassAdapter - Adding mock interface to class org/springframework/context/support/ContextTypeMatchClassLoader
08:38:23.063 [main] INFO org.evosuite.runtime.instrumentation.CreateClassResetClassAdapter - Found static initializer in class org/springframework/context/support/ContextTypeMatchClassLoader
08:38:23.063 [main] INFO org.evosuite.runtime.instrumentation.EvoClassLoader - Seeing class for first time: org.springframework.core.SmartClassLoader
08:38:23.063 [main] INFO org.evosuite.runtime.instrumentation.EvoClassLoader - Instrumenting class 'org.springframework.core.SmartClassLoader'.
08:38:23.067 [main] INFO org.evosuite.runtime.instrumentation.EvoClassLoader - Keeping class: org.springframework.core.SmartClassLoader
08:38:23.067 [main] INFO org.evosuite.runtime.instrumentation.EvoClassLoader - Seeing class for first time: org.springframework.core.DecoratingClassLoader
08:38:23.067 [main] INFO org.evosuite.runtime.instrumentation.EvoClassLoader - Instrumenting class 'org.springframework.core.DecoratingClassLoader'.
08:38:23.071 [main] INFO org.evosuite.runtime.instrumentation.MethodCallReplacementClassAdapter - Adding mock interface to class org/springframework/core/DecoratingClassLoader
08:38:23.071 [main] INFO org.evosuite.runtime.instrumentation.CreateClassResetClassAdapter - Found static initializer in class org/springframework/core/DecoratingClassLoader
08:38:23.071 [main] INFO org.evosuite.runtime.instrumentation.EvoClassLoader - Keeping class: org.springframework.core.DecoratingClassLoader
08:38:23.071 [main] INFO org.evosuite.runtime.instrumentation.EvoClassLoader - Keeping class: org.springframework.context.support.ContextTypeMatchClassLoader
08:38:23.071 [main] INFO org.evosuite.runtime.instrumentation.EvoClassLoader - Seeing class for first time: org.springframework.context.event.ApplicationEventMulticaster
08:38:23.071 [main] INFO org.evosuite.runtime.instrumentation.EvoClassLoader - Instrumenting class 'org.springframework.context.event.ApplicationEventMulticaster'.
08:38:23.075 [main] INFO org.evosuite.runtime.instrumentation.EvoClassLoader - Keeping class: org.springframework.context.event.ApplicationEventMulticaster
08:38:23.075 [main] INFO org.evosuite.runtime.instrumentation.EvoClassLoader - Seeing class for first time: org.springframework.context.event.ContextClosedEvent
08:38:23.075 [main] INFO org.evosuite.runtime.instrumentation.EvoClassLoader - Instrumenting class 'org.springframework.context.event.ContextClosedEvent'.
08:38:23.079 [main] INFO org.evosuite.runtime.instrumentation.MethodCallReplacementClassAdapter - Adding mock interface to class org/springframework/context/event/ContextClosedEvent
08:38:23.079 [main] INFO org.evosuite.runtime.instrumentation.CreateClassResetClassAdapter - Creating brand-new static initializer in class org/springframework/context/event/ContextClosedEvent
08:38:23.079 [main] INFO org.evosuite.runtime.instrumentation.EvoClassLoader - Keeping class: org.springframework.context.event.ContextClosedEvent
08:38:23.079 [main] INFO org.evosuite.runtime.instrumentation.EvoClassLoader - Seeing class for first time: org.springframework.context.event.ContextRefreshedEvent
08:38:23.079 [main] INFO org.evosuite.runtime.instrumentation.EvoClassLoader - Instrumenting class 'org.springframework.context.event.ContextRefreshedEvent'.
08:38:23.079 [main] INFO org.evosuite.runtime.instrumentation.MethodCallReplacementClassAdapter - Adding mock interface to class org/springframework/context/event/ContextRefreshedEvent
08:38:23.079 [main] INFO org.evosuite.runtime.instrumentation.CreateClassResetClassAdapter - Creating brand-new static initializer in class org/springframework/context/event/ContextRefreshedEvent
08:38:23.079 [main] INFO org.evosuite.runtime.instrumentation.EvoClassLoader - Keeping class: org.springframework.context.event.ContextRefreshedEvent
08:38:23.083 [main] INFO org.evosuite.runtime.instrumentation.EvoClassLoader - Seeing class for first time: org.springframework.boot.autoconfigure.session.NonUniqueSessionRepositoryException
08:38:23.083 [main] INFO org.evosuite.runtime.instrumentation.EvoClassLoader - Instrumenting class 'org.springframework.boot.autoconfigure.session.NonUniqueSessionRepositoryException'.
08:38:23.083 [main] INFO org.evosuite.runtime.instrumentation.MethodCallReplacementClassAdapter - Adding mock interface to class org/springframework/boot/autoconfigure/session/NonUniqueSessionRepositoryException
08:38:23.083 [main] INFO org.evosuite.runtime.instrumentation.CreateClassResetClassAdapter - Creating brand-new static initializer in class org/springframework/boot/autoconfigure/session/NonUniqueSessionRepositoryException
08:38:23.087 [main] INFO org.evosuite.runtime.instrumentation.EvoClassLoader - Defined package (3): package org.springframework.boot.autoconfigure.session, -934217078
08:38:23.087 [main] INFO org.evosuite.runtime.instrumentation.EvoClassLoader - Keeping class: org.springframework.boot.autoconfigure.session.NonUniqueSessionRepositoryException
08:38:23.087 [main] INFO org.evosuite.runtime.instrumentation.EvoClassLoader - Seeing class for first time: org.springframework.format.support.FormattingConversionService$AnnotationPrinterConverter
08:38:23.087 [main] INFO org.evosuite.runtime.instrumentation.EvoClassLoader - Instrumenting class 'org.springframework.format.support.FormattingConversionService$AnnotationPrinterConverter'.
08:38:23.087 [main] INFO org.evosuite.runtime.instrumentation.MethodCallReplacementClassAdapter - Adding mock interface to class org/springframework/format/support/FormattingConversionService$AnnotationPrinterConverter
08:38:23.095 [main] INFO org.evosuite.runtime.instrumentation.CreateClassResetClassAdapter - Creating brand-new static initializer in class org/springframework/format/support/FormattingConversionService$AnnotationPrinterConverter
08:38:23.095 [main] INFO org.evosuite.runtime.instrumentation.EvoClassLoader - Defined package (3): package org.springframework.format.support, -1023269345
08:38:23.095 [main] INFO org.evosuite.runtime.instrumentation.EvoClassLoader - Keeping class: org.springframework.format.support.FormattingConversionService$AnnotationPrinterConverter
08:38:23.095 [main] INFO org.evosuite.runtime.instrumentation.EvoClassLoader - Seeing class for first time: org.springframework.core.convert.ConversionService
08:38:23.095 [main] INFO org.evosuite.runtime.instrumentation.EvoClassLoader - Instrumenting class 'org.springframework.core.convert.ConversionService'.
08:38:23.099 [main] INFO org.evosuite.runtime.instrumentation.EvoClassLoader - Defined package (3): package org.springframework.core.convert, -575211157
08:38:23.099 [main] INFO org.evosuite.runtime.instrumentation.EvoClassLoader - Keeping class: org.springframework.core.convert.ConversionService
08:38:23.099 [main] INFO org.evosuite.runtime.instrumentation.EvoClassLoader - Seeing class for first time: org.springframework.http.client.support.InterceptingHttpAccessor
08:38:23.099 [main] INFO org.evosuite.runtime.instrumentation.EvoClassLoader - Instrumenting class 'org.springframework.http.client.support.InterceptingHttpAccessor'.
08:38:23.103 [main] INFO org.evosuite.runtime.instrumentation.MethodCallReplacementClassAdapter - Adding mock interface to class org/springframework/http/client/support/InterceptingHttpAccessor
08:38:23.115 [main] INFO org.evosuite.runtime.instrumentation.CreateClassResetClassAdapter - Creating brand-new static initializer in class org/springframework/http/client/support/InterceptingHttpAccessor
08:38:23.115 [main] INFO org.evosuite.runtime.instrumentation.EvoClassLoader - Defined package (3): package org.springframework.http.client.support, 450831851
08:38:23.115 [main] INFO org.evosuite.runtime.instrumentation.EvoClassLoader - Seeing class for first time: org.springframework.http.client.support.HttpAccessor
08:38:23.115 [main] INFO org.evosuite.runtime.instrumentation.EvoClassLoader - Instrumenting class 'org.springframework.http.client.support.HttpAccessor'.
08:38:23.119 [main] INFO org.evosuite.runtime.instrumentation.MethodCallReplacementClassAdapter - Adding mock interface to class org/springframework/http/client/support/HttpAccessor
08:38:23.119 [main] INFO org.evosuite.runtime.instrumentation.CreateClassResetClassAdapter - Creating brand-new static initializer in class org/springframework/http/client/support/HttpAccessor
08:38:23.119 [main] INFO org.evosuite.runtime.instrumentation.EvoClassLoader - Keeping class: org.springframework.http.client.support.HttpAccessor
08:38:23.119 [main] INFO org.evosuite.runtime.instrumentation.EvoClassLoader - Keeping class: org.springframework.http.client.support.InterceptingHttpAccessor
08:38:23.119 [main] INFO org.evosuite.runtime.instrumentation.EvoClassLoader - Seeing class for first time: org.springframework.http.client.ClientHttpRequestFactory
08:38:23.119 [main] INFO org.evosuite.runtime.instrumentation.EvoClassLoader - Instrumenting class 'org.springframework.http.client.ClientHttpRequestFactory'.
08:38:23.119 [main] INFO org.evosuite.runtime.instrumentation.EvoClassLoader - Defined package (3): package org.springframework.http.client, 579485706
08:38:23.119 [main] INFO org.evosuite.runtime.instrumentation.EvoClassLoader - Keeping class: org.springframework.http.client.ClientHttpRequestFactory
08:38:23.119 [main] INFO org.evosuite.runtime.instrumentation.EvoClassLoader - Seeing class for first time: org.springframework.context.index.CandidateComponentsIndex
08:38:23.119 [main] INFO org.evosuite.runtime.instrumentation.EvoClassLoader - Instrumenting class 'org.springframework.context.index.CandidateComponentsIndex'.
08:38:23.123 [main] INFO org.evosuite.runtime.instrumentation.MethodCallReplacementClassAdapter - Adding mock interface to class org/springframework/context/index/CandidateComponentsIndex
08:38:23.123 [main] INFO org.evosuite.runtime.instrumentation.CreateClassResetClassAdapter - Found static initializer in class org/springframework/context/index/CandidateComponentsIndex
08:38:23.123 [main] INFO org.evosuite.runtime.instrumentation.EvoClassLoader - Defined package (3): package org.springframework.context.index, -794476116
08:38:23.123 [main] INFO org.evosuite.runtime.instrumentation.EvoClassLoader - Keeping class: org.springframework.context.index.CandidateComponentsIndex
08:38:23.127 [main] INFO org.evosuite.runtime.instrumentation.EvoClassLoader - Seeing class for first time: org.springframework.util.MultiValueMap
08:38:23.127 [main] INFO org.evosuite.runtime.instrumentation.EvoClassLoader - Instrumenting class 'org.springframework.util.MultiValueMap'.
08:38:23.127 [main] INFO org.evosuite.runtime.instrumentation.EvoClassLoader - Keeping class: org.springframework.util.MultiValueMap
08:38:23.127 [main] INFO org.evosuite.runtime.instrumentation.EvoClassLoader - Seeing class for first time: org.springframework.util.Assert
08:38:23.127 [main] INFO org.evosuite.runtime.instrumentation.EvoClassLoader - Instrumenting class 'org.springframework.util.Assert'.
08:38:23.131 [main] INFO org.evosuite.runtime.instrumentation.MethodCallReplacementClassAdapter - Adding mock interface to class org/springframework/util/Assert
08:38:23.143 [main] INFO org.evosuite.runtime.instrumentation.CreateClassResetClassAdapter - Creating brand-new static initializer in class org/springframework/util/Assert
08:38:23.143 [main] INFO org.evosuite.runtime.instrumentation.EvoClassLoader - Keeping class: org.springframework.util.Assert
08:38:23.143 [main] INFO org.evosuite.runtime.instrumentation.EvoClassLoader - Seeing class for first time: org.springframework.util.AntPathMatcher$PathSeparatorPatternCache
08:38:23.143 [main] INFO org.evosuite.runtime.instrumentation.EvoClassLoader - Instrumenting class 'org.springframework.util.AntPathMatcher$PathSeparatorPatternCache'.
08:38:23.147 [main] INFO org.evosuite.runtime.instrumentation.MethodCallReplacementClassAdapter - Adding mock interface to class org/springframework/util/AntPathMatcher$PathSeparatorPatternCache
08:38:23.147 [main] INFO org.evosuite.runtime.instrumentation.CreateClassResetClassAdapter - Creating brand-new static initializer in class org/springframework/util/AntPathMatcher$PathSeparatorPatternCache
08:38:23.147 [main] INFO org.evosuite.runtime.instrumentation.EvoClassLoader - Keeping class: org.springframework.util.AntPathMatcher$PathSeparatorPatternCache
08:38:23.147 [main] INFO org.evosuite.runtime.instrumentation.EvoClassLoader - Seeing class for first time: org.springframework.util.ConcurrentReferenceHashMap$Entry
08:38:23.147 [main] INFO org.evosuite.runtime.instrumentation.EvoClassLoader - Instrumenting class 'org.springframework.util.ConcurrentReferenceHashMap$Entry'.
08:38:23.151 [main] INFO org.evosuite.runtime.instrumentation.MethodCallReplacementClassAdapter - Adding mock interface to class org/springframework/util/ConcurrentReferenceHashMap$Entry
08:38:23.151 [main] INFO org.evosuite.runtime.instrumentation.CreateClassResetClassAdapter - Creating brand-new static initializer in class org/springframework/util/ConcurrentReferenceHashMap$Entry
08:38:23.155 [main] INFO org.evosuite.runtime.instrumentation.EvoClassLoader - Keeping class: org.springframework.util.ConcurrentReferenceHashMap$Entry
08:38:23.155 [main] INFO org.evosuite.runtime.instrumentation.EvoClassLoader - Seeing class for first time: org.springframework.boot.context.config.DelegatingApplicationContextInitializer
08:38:23.155 [main] INFO org.evosuite.runtime.instrumentation.EvoClassLoader - Instrumenting class 'org.springframework.boot.context.config.DelegatingApplicationContextInitializer'.
08:38:23.159 [main] INFO org.evosuite.runtime.instrumentation.MethodCallReplacementClassAdapter - Adding mock interface to class org/springframework/boot/context/config/DelegatingApplicationContextInitializer
08:38:23.159 [main] INFO org.evosuite.runtime.instrumentation.CreateClassResetClassAdapter - Creating brand-new static initializer in class org/springframework/boot/context/config/DelegatingApplicationContextInitializer
08:38:23.159 [main] INFO org.evosuite.runtime.instrumentation.CreateClassResetClassAdapter - Adding bytecode for initializing field PROPERTY_NAME
08:38:23.159 [main] INFO org.evosuite.runtime.instrumentation.EvoClassLoader - Seeing class for first time: org.springframework.context.ApplicationContextInitializer
08:38:23.159 [main] INFO org.evosuite.runtime.instrumentation.EvoClassLoader - Instrumenting class 'org.springframework.context.ApplicationContextInitializer'.
08:38:23.179 [main] INFO org.evosuite.runtime.instrumentation.EvoClassLoader - Keeping class: org.springframework.context.ApplicationContextInitializer
08:38:23.179 [main] INFO org.evosuite.runtime.instrumentation.EvoClassLoader - Keeping class: org.springframework.boot.context.config.DelegatingApplicationContextInitializer
08:38:23.183 [main] INFO org.evosuite.runtime.instrumentation.EvoClassLoader - Seeing class for first time: org.springframework.context.index.CandidateComponentsIndexLoader
08:38:23.183 [main] INFO org.evosuite.runtime.instrumentation.EvoClassLoader - Instrumenting class 'org.springframework.context.index.CandidateComponentsIndexLoader'.
08:38:23.187 [main] INFO org.evosuite.runtime.instrumentation.MethodCallReplacementClassAdapter - Adding mock interface to class org/springframework/context/index/CandidateComponentsIndexLoader
08:38:23.191 [main] INFO org.evosuite.runtime.instrumentation.CreateClassResetClassAdapter - Found static initializer in class org/springframework/context/index/CandidateComponentsIndexLoader
08:38:23.191 [main] INFO org.evosuite.runtime.instrumentation.EvoClassLoader - Keeping class: org.springframework.context.index.CandidateComponentsIndexLoader
08:38:23.191 [main] INFO org.evosuite.runtime.instrumentation.EvoClassLoader - Seeing class for first time: org.springframework.core.SpringProperties
08:38:23.191 [main] INFO org.evosuite.runtime.instrumentation.EvoClassLoader - Instrumenting class 'org.springframework.core.SpringProperties'.
08:38:23.195 [main] INFO org.evosuite.runtime.instrumentation.MethodCallReplacementClassAdapter - Adding mock interface to class org/springframework/core/SpringProperties
08:38:23.195 [main] INFO org.evosuite.runtime.instrumentation.CreateClassResetClassAdapter - Found static initializer in class org/springframework/core/SpringProperties
08:38:23.199 [main] INFO org.evosuite.runtime.instrumentation.EvoClassLoader - Keeping class: org.springframework.core.SpringProperties
08:38:23.203 [main] INFO org.evosuite.runtime.instrumentation.EvoClassLoader - Seeing class for first time: org.springframework.util.ConcurrentReferenceHashMap
08:38:23.203 [main] INFO org.evosuite.runtime.instrumentation.EvoClassLoader - Instrumenting class 'org.springframework.util.ConcurrentReferenceHashMap'.
08:38:23.207 [main] INFO org.evosuite.runtime.instrumentation.MethodCallReplacementClassAdapter - Adding mock interface to class org/springframework/util/ConcurrentReferenceHashMap
08:38:23.215 [main] INFO org.evosuite.runtime.instrumentation.CreateClassResetClassAdapter - Found static initializer in class org/springframework/util/ConcurrentReferenceHashMap
08:38:23.219 [main] INFO org.evosuite.runtime.instrumentation.EvoClassLoader - Keeping class: org.springframework.util.ConcurrentReferenceHashMap
08:38:23.219 [main] INFO org.evosuite.runtime.instrumentation.EvoClassLoader - Seeing class for first time: org.springframework.util.ConcurrentReferenceHashMap$Task
08:38:23.219 [main] INFO org.evosuite.runtime.instrumentation.EvoClassLoader - Instrumenting class 'org.springframework.util.ConcurrentReferenceHashMap$Task'.
08:38:23.223 [main] INFO org.evosuite.runtime.instrumentation.MethodCallReplacementClassAdapter - Adding mock interface to class org/springframework/util/ConcurrentReferenceHashMap$Task
08:38:23.223 [main] INFO org.evosuite.runtime.instrumentation.CreateClassResetClassAdapter - Creating brand-new static initializer in class org/springframework/util/ConcurrentReferenceHashMap$Task
08:38:23.223 [main] INFO org.evosuite.runtime.instrumentation.EvoClassLoader - Keeping class: org.springframework.util.ConcurrentReferenceHashMap$Task
08:38:23.223 [main] INFO org.evosuite.runtime.instrumentation.EvoClassLoader - Seeing class for first time: org.springframework.util.ConcurrentReferenceHashMap$3
08:38:23.223 [main] INFO org.evosuite.runtime.instrumentation.EvoClassLoader - Instrumenting class 'org.springframework.util.ConcurrentReferenceHashMap$3'.
08:38:23.231 [main] INFO org.evosuite.runtime.instrumentation.MethodCallReplacementClassAdapter - Adding mock interface to class org/springframework/util/ConcurrentReferenceHashMap$3
08:38:23.231 [main] INFO org.evosuite.runtime.instrumentation.EvoClassLoader - Keeping class: org.springframework.util.ConcurrentReferenceHashMap$3
08:38:23.231 [main] INFO org.evosuite.runtime.instrumentation.EvoClassLoader - Seeing class for first time: org.springframework.util.ConcurrentReferenceHashMap$2
08:38:23.231 [main] INFO org.evosuite.runtime.instrumentation.EvoClassLoader - Instrumenting class 'org.springframework.util.ConcurrentReferenceHashMap$2'.
08:38:23.239 [main] INFO org.evosuite.runtime.instrumentation.MethodCallReplacementClassAdapter - Adding mock interface to class org/springframework/util/ConcurrentReferenceHashMap$2
08:38:23.239 [main] INFO org.evosuite.runtime.instrumentation.EvoClassLoader - Keeping class: org.springframework.util.ConcurrentReferenceHashMap$2
08:38:23.239 [main] INFO org.evosuite.runtime.instrumentation.EvoClassLoader - Seeing class for first time: org.springframework.util.ConcurrentReferenceHashMap$1
08:38:23.239 [main] INFO org.evosuite.runtime.instrumentation.EvoClassLoader - Instrumenting class 'org.springframework.util.ConcurrentReferenceHashMap$1'.
08:38:23.243 [main] INFO org.evosuite.runtime.instrumentation.MethodCallReplacementClassAdapter - Adding mock interface to class org/springframework/util/ConcurrentReferenceHashMap$1
08:38:23.247 [main] INFO org.evosuite.runtime.instrumentation.EvoClassLoader - Keeping class: org.springframework.util.ConcurrentReferenceHashMap$1
08:38:23.247 [main] INFO org.evosuite.runtime.instrumentation.EvoClassLoader - Seeing class for first time: org.springframework.util.ConcurrentReferenceHashMap$4
08:38:23.247 [main] INFO org.evosuite.runtime.instrumentation.EvoClassLoader - Instrumenting class 'org.springframework.util.ConcurrentReferenceHashMap$4'.
08:38:23.247 [main] INFO org.evosuite.runtime.instrumentation.MethodCallReplacementClassAdapter - Adding mock interface to class org/springframework/util/ConcurrentReferenceHashMap$4
08:38:23.251 [main] INFO org.evosuite.runtime.instrumentation.EvoClassLoader - Keeping class: org.springframework.util.ConcurrentReferenceHashMap$4
08:38:23.251 [main] INFO org.evosuite.runtime.instrumentation.EvoClassLoader - Seeing class for first time: org.springframework.util.ConcurrentReferenceHashMap$5
08:38:23.251 [main] INFO org.evosuite.runtime.instrumentation.EvoClassLoader - Instrumenting class 'org.springframework.util.ConcurrentReferenceHashMap$5'.
08:38:23.255 [main] INFO org.evosuite.runtime.instrumentation.MethodCallReplacementClassAdapter - Adding mock interface to class org/springframework/util/ConcurrentReferenceHashMap$5
08:38:23.255 [main] INFO org.evosuite.runtime.instrumentation.EvoClassLoader - Keeping class: org.springframework.util.ConcurrentReferenceHashMap$5
08:38:23.255 [main] INFO org.evosuite.runtime.instrumentation.EvoClassLoader - Seeing class for first time: org.springframework.util.ConcurrentReferenceHashMap$ReferenceType
08:38:23.255 [main] INFO org.evosuite.runtime.instrumentation.EvoClassLoader - Instrumenting class 'org.springframework.util.ConcurrentReferenceHashMap$ReferenceType'.
08:38:23.259 [main] INFO org.evosuite.runtime.instrumentation.MethodCallReplacementClassAdapter - Adding mock interface to class org/springframework/util/ConcurrentReferenceHashMap$ReferenceType
08:38:23.259 [main] INFO org.evosuite.runtime.instrumentation.CreateClassResetClassAdapter - Found static initializer in class org/springframework/util/ConcurrentReferenceHashMap$ReferenceType
08:38:23.259 [main] INFO org.evosuite.runtime.instrumentation.EvoClassLoader - Keeping class: org.springframework.util.ConcurrentReferenceHashMap$ReferenceType
08:38:23.263 [main] INFO org.evosuite.runtime.instrumentation.EvoClassLoader - Seeing class for first time: org.springframework.util.ConcurrentReferenceHashMap$Segment
08:38:23.263 [main] INFO org.evosuite.runtime.instrumentation.EvoClassLoader - Instrumenting class 'org.springframework.util.ConcurrentReferenceHashMap$Segment'.
08:38:23.263 [main] INFO org.evosuite.runtime.instrumentation.MethodCallReplacementClassAdapter - Adding mock interface to class org/springframework/util/ConcurrentReferenceHashMap$Segment
08:38:23.267 [main] INFO org.evosuite.runtime.instrumentation.CreateClassResetClassAdapter - Creating brand-new static initializer in class org/springframework/util/ConcurrentReferenceHashMap$Segment
08:38:23.267 [main] INFO org.evosuite.runtime.instrumentation.EvoClassLoader - Keeping class: org.springframework.util.ConcurrentReferenceHashMap$Segment
08:38:23.267 [main] INFO org.evosuite.runtime.instrumentation.EvoClassLoader - Seeing class for first time: org.springframework.util.ConcurrentReferenceHashMap$Entries
08:38:23.267 [main] INFO org.evosuite.runtime.instrumentation.EvoClassLoader - Instrumenting class 'org.springframework.util.ConcurrentReferenceHashMap$Entries'.
08:38:23.271 [main] INFO org.evosuite.runtime.instrumentation.MethodCallReplacementClassAdapter - Adding mock interface to class org/springframework/util/ConcurrentReferenceHashMap$Entries
08:38:23.275 [main] INFO org.evosuite.runtime.instrumentation.CreateClassResetClassAdapter - Creating brand-new static initializer in class org/springframework/util/ConcurrentReferenceHashMap$Entries
08:38:23.275 [main] INFO org.evosuite.runtime.instrumentation.EvoClassLoader - Keeping class: org.springframework.util.ConcurrentReferenceHashMap$Entries
08:38:23.275 [main] INFO org.evosuite.runtime.instrumentation.EvoClassLoader - Seeing class for first time: org.springframework.util.ConcurrentReferenceHashMap$Segment$1
08:38:23.275 [main] INFO org.evosuite.runtime.instrumentation.EvoClassLoader - Instrumenting class 'org.springframework.util.ConcurrentReferenceHashMap$Segment$1'.
08:38:23.275 [main] INFO org.evosuite.runtime.instrumentation.MethodCallReplacementClassAdapter - Adding mock interface to class org/springframework/util/ConcurrentReferenceHashMap$Segment$1
08:38:23.279 [main] INFO org.evosuite.runtime.instrumentation.EvoClassLoader - Keeping class: org.springframework.util.ConcurrentReferenceHashMap$Segment$1
08:38:23.279 [main] INFO org.evosuite.runtime.instrumentation.EvoClassLoader - Seeing class for first time: org.springframework.util.ConcurrentReferenceHashMap$ReferenceManager
08:38:23.279 [main] INFO org.evosuite.runtime.instrumentation.EvoClassLoader - Instrumenting class 'org.springframework.util.ConcurrentReferenceHashMap$ReferenceManager'.
08:38:23.287 [main] INFO org.evosuite.runtime.instrumentation.MethodCallReplacementClassAdapter - Adding mock interface to class org/springframework/util/ConcurrentReferenceHashMap$ReferenceManager
08:38:23.287 [main] INFO org.evosuite.runtime.instrumentation.CreateClassResetClassAdapter - Creating brand-new static initializer in class org/springframework/util/ConcurrentReferenceHashMap$ReferenceManager
08:38:23.287 [main] INFO org.evosuite.runtime.instrumentation.EvoClassLoader - Keeping class: org.springframework.util.ConcurrentReferenceHashMap$ReferenceManager
08:38:23.287 [main] INFO org.evosuite.runtime.instrumentation.EvoClassLoader - Seeing class for first time: org.springframework.util.ConcurrentReferenceHashMap$Reference
08:38:23.287 [main] INFO org.evosuite.runtime.instrumentation.EvoClassLoader - Instrumenting class 'org.springframework.util.ConcurrentReferenceHashMap$Reference'.
08:38:23.291 [main] INFO org.evosuite.runtime.instrumentation.EvoClassLoader - Keeping class: org.springframework.util.ConcurrentReferenceHashMap$Reference
08:38:23.291 [main] INFO org.evosuite.runtime.instrumentation.EvoClassLoader - Seeing class for first time: org.springframework.web.filter.OncePerRequestFilter
08:38:23.291 [main] INFO org.evosuite.runtime.instrumentation.EvoClassLoader - Instrumenting class 'org.springframework.web.filter.OncePerRequestFilter'.
08:38:23.295 [main] INFO org.evosuite.runtime.instrumentation.MethodCallReplacementClassAdapter - Adding mock interface to class org/springframework/web/filter/OncePerRequestFilter
08:38:23.295 [main] INFO org.evosuite.runtime.instrumentation.CreateClassResetClassAdapter - Creating brand-new static initializer in class org/springframework/web/filter/OncePerRequestFilter
08:38:23.295 [main] INFO org.evosuite.runtime.instrumentation.CreateClassResetClassAdapter - Adding bytecode for initializing field ALREADY_FILTERED_SUFFIX
08:38:23.295 [main] INFO org.evosuite.runtime.instrumentation.EvoClassLoader - Defined package (3): package org.springframework.web.filter, -1392295911
08:38:23.295 [main] INFO org.evosuite.runtime.instrumentation.EvoClassLoader - Seeing class for first time: org.springframework.web.filter.GenericFilterBean
08:38:23.295 [main] INFO org.evosuite.runtime.instrumentation.EvoClassLoader - Instrumenting class 'org.springframework.web.filter.GenericFilterBean'.
08:38:23.303 [main] INFO org.evosuite.runtime.instrumentation.MethodCallReplacementClassAdapter - Adding mock interface to class org/springframework/web/filter/GenericFilterBean
08:38:23.315 [main] INFO org.evosuite.runtime.instrumentation.CreateClassResetClassAdapter - Creating brand-new static initializer in class org/springframework/web/filter/GenericFilterBean
08:38:23.319 [main] INFO org.evosuite.runtime.instrumentation.EvoClassLoader - Seeing class for first time: org.springframework.beans.factory.BeanNameAware
08:38:23.319 [main] INFO org.evosuite.runtime.instrumentation.EvoClassLoader - Instrumenting class 'org.springframework.beans.factory.BeanNameAware'.
08:38:23.323 [main] INFO org.evosuite.runtime.instrumentation.EvoClassLoader - Keeping class: org.springframework.beans.factory.BeanNameAware
08:38:23.323 [main] INFO org.evosuite.runtime.instrumentation.EvoClassLoader - Seeing class for first time: org.springframework.context.EnvironmentAware
08:38:23.323 [main] INFO org.evosuite.runtime.instrumentation.EvoClassLoader - Instrumenting class 'org.springframework.context.EnvironmentAware'.
08:38:23.327 [main] INFO org.evosuite.runtime.instrumentation.EvoClassLoader - Keeping class: org.springframework.context.EnvironmentAware
08:38:23.327 [main] INFO org.evosuite.runtime.instrumentation.EvoClassLoader - Seeing class for first time: org.springframework.web.context.ServletContextAware
08:38:23.327 [main] INFO org.evosuite.runtime.instrumentation.EvoClassLoader - Instrumenting class 'org.springframework.web.context.ServletContextAware'.
08:38:23.331 [main] INFO org.evosuite.runtime.instrumentation.EvoClassLoader - Defined package (3): package org.springframework.web.context, 1594578222
08:38:23.331 [main] INFO org.evosuite.runtime.instrumentation.EvoClassLoader - Keeping class: org.springframework.web.context.ServletContextAware
08:38:23.331 [main] INFO org.evosuite.runtime.instrumentation.EvoClassLoader - Seeing class for first time: org.springframework.beans.factory.InitializingBean
08:38:23.331 [main] INFO org.evosuite.runtime.instrumentation.EvoClassLoader - Instrumenting class 'org.springframework.beans.factory.InitializingBean'.
08:38:23.335 [main] INFO org.evosuite.runtime.instrumentation.EvoClassLoader - Keeping class: org.springframework.beans.factory.InitializingBean
08:38:23.335 [main] INFO org.evosuite.runtime.instrumentation.EvoClassLoader - Seeing class for first time: org.springframework.beans.factory.DisposableBean
08:38:23.335 [main] INFO org.evosuite.runtime.instrumentation.EvoClassLoader - Instrumenting class 'org.springframework.beans.factory.DisposableBean'.
08:38:23.343 [main] INFO org.evosuite.runtime.instrumentation.EvoClassLoader - Keeping class: org.springframework.beans.factory.DisposableBean
08:38:23.343 [main] INFO org.evosuite.runtime.instrumentation.EvoClassLoader - Keeping class: org.springframework.web.filter.GenericFilterBean
08:38:23.343 [main] INFO org.evosuite.runtime.instrumentation.EvoClassLoader - Keeping class: org.springframework.web.filter.OncePerRequestFilter
08:38:23.343 [main] INFO org.evosuite.runtime.instrumentation.EvoClassLoader - Seeing class for first time: org.springframework.beans.PropertyValues
08:38:23.343 [main] INFO org.evosuite.runtime.instrumentation.EvoClassLoader - Instrumenting class 'org.springframework.beans.PropertyValues'.
08:38:23.347 [main] INFO org.evosuite.runtime.instrumentation.EvoClassLoader - Keeping class: org.springframework.beans.PropertyValues
08:38:23.347 [main] INFO org.evosuite.runtime.instrumentation.EvoClassLoader - Seeing class for first time: org.springframework.web.util.NestedServletException
08:38:23.347 [main] INFO org.evosuite.runtime.instrumentation.EvoClassLoader - Instrumenting class 'org.springframework.web.util.NestedServletException'.
08:38:23.351 [main] INFO org.evosuite.runtime.instrumentation.MethodCallReplacementClassAdapter - Adding mock interface to class org/springframework/web/util/NestedServletException
08:38:23.351 [main] INFO org.evosuite.runtime.instrumentation.CreateClassResetClassAdapter - Found static initializer in class org/springframework/web/util/NestedServletException
08:38:23.355 [main] INFO org.evosuite.runtime.instrumentation.EvoClassLoader - Defined package (3): package org.springframework.web.util, -1663559453
08:38:23.355 [main] INFO org.evosuite.runtime.instrumentation.EvoClassLoader - Keeping class: org.springframework.web.util.NestedServletException
08:38:23.359 [main] INFO org.evosuite.runtime.instrumentation.EvoClassLoader - Seeing class for first time: org.springframework.boot.autoconfigure.condition.ConditionEvaluationReport$AncestorsMatchedCondition
08:38:23.359 [main] INFO org.evosuite.runtime.instrumentation.EvoClassLoader - Instrumenting class 'org.springframework.boot.autoconfigure.condition.ConditionEvaluationReport$AncestorsMatchedCondition'.
08:38:23.367 [main] INFO org.evosuite.runtime.instrumentation.MethodCallReplacementClassAdapter - Adding mock interface to class org/springframework/boot/autoconfigure/condition/ConditionEvaluationReport$AncestorsMatchedCondition
08:38:23.371 [main] INFO org.evosuite.runtime.instrumentation.CreateClassResetClassAdapter - Creating brand-new static initializer in class org/springframework/boot/autoconfigure/condition/ConditionEvaluationReport$AncestorsMatchedCondition
08:38:23.371 [main] INFO org.evosuite.runtime.instrumentation.EvoClassLoader - Keeping class: org.springframework.boot.autoconfigure.condition.ConditionEvaluationReport$AncestorsMatchedCondition
08:38:23.371 [main] INFO org.evosuite.runtime.instrumentation.EvoClassLoader - Seeing class for first time: org.springframework.context.support.LiveBeansViewMBean
08:38:23.371 [main] INFO org.evosuite.runtime.instrumentation.EvoClassLoader - Instrumenting class 'org.springframework.context.support.LiveBeansViewMBean'.
08:38:23.375 [main] INFO org.evosuite.runtime.instrumentation.EvoClassLoader - Keeping class: org.springframework.context.support.LiveBeansViewMBean
08:38:23.379 [main] INFO org.evosuite.runtime.instrumentation.EvoClassLoader - Seeing class for first time: org.springframework.format.datetime.standard.DurationFormatter
08:38:23.379 [main] INFO org.evosuite.runtime.instrumentation.EvoClassLoader - Instrumenting class 'org.springframework.format.datetime.standard.DurationFormatter'.
08:38:23.383 [main] INFO org.evosuite.runtime.instrumentation.MethodCallReplacementClassAdapter - Adding mock interface to class org/springframework/format/datetime/standard/DurationFormatter
08:38:23.387 [main] INFO org.evosuite.runtime.instrumentation.CreateClassResetClassAdapter - Creating brand-new static initializer in class org/springframework/format/datetime/standard/DurationFormatter
08:38:23.387 [main] INFO org.evosuite.runtime.instrumentation.EvoClassLoader - Defined package (3): package org.springframework.format.datetime.standard, 1624969760
08:38:23.387 [main] INFO org.evosuite.runtime.instrumentation.EvoClassLoader - Seeing class for first time: org.springframework.format.Formatter
08:38:23.387 [main] INFO org.evosuite.runtime.instrumentation.EvoClassLoader - Instrumenting class 'org.springframework.format.Formatter'.
08:38:23.395 [main] INFO org.evosuite.runtime.instrumentation.EvoClassLoader - Defined package (3): package org.springframework.format, -1703234498
08:38:23.395 [main] INFO org.evosuite.runtime.instrumentation.EvoClassLoader - Seeing class for first time: org.springframework.format.Printer
08:38:23.395 [main] INFO org.evosuite.runtime.instrumentation.EvoClassLoader - Instrumenting class 'org.springframework.format.Printer'.
08:38:23.403 [main] INFO org.evosuite.runtime.instrumentation.EvoClassLoader - Keeping class: org.springframework.format.Printer
08:38:23.403 [main] INFO org.evosuite.runtime.instrumentation.EvoClassLoader - Seeing class for first time: org.springframework.format.Parser
08:38:23.403 [main] INFO org.evosuite.runtime.instrumentation.EvoClassLoader - Instrumenting class 'org.springframework.format.Parser'.
08:38:23.411 [main] INFO org.evosuite.runtime.instrumentation.EvoClassLoader - Keeping class: org.springframework.format.Parser
08:38:23.411 [main] INFO org.evosuite.runtime.instrumentation.EvoClassLoader - Keeping class: org.springframework.format.Formatter
08:38:23.415 [main] INFO org.evosuite.runtime.instrumentation.EvoClassLoader - Keeping class: org.springframework.format.datetime.standard.DurationFormatter
08:38:23.415 [main] INFO org.evosuite.runtime.instrumentation.EvoClassLoader - Seeing class for first time: org.springframework.context.annotation.Scope
08:38:23.415 [main] INFO org.evosuite.runtime.instrumentation.EvoClassLoader - Instrumenting class 'org.springframework.context.annotation.Scope'.
08:38:23.419 [main] INFO org.evosuite.runtime.instrumentation.EvoClassLoader - Keeping class: org.springframework.context.annotation.Scope
08:38:23.419 [main] INFO org.evosuite.runtime.instrumentation.EvoClassLoader - Seeing class for first time: org.springframework.beans.factory.FactoryBean
08:38:23.419 [main] INFO org.evosuite.runtime.instrumentation.EvoClassLoader - Instrumenting class 'org.springframework.beans.factory.FactoryBean'.
08:38:23.423 [main] INFO org.evosuite.runtime.instrumentation.EvoClassLoader - Keeping class: org.springframework.beans.factory.FactoryBean
08:38:23.423 [main] INFO org.evosuite.runtime.instrumentation.EvoClassLoader - Seeing class for first time: org.springframework.boot.BeanDefinitionLoader
08:38:23.423 [main] INFO org.evosuite.runtime.instrumentation.EvoClassLoader - Instrumenting class 'org.springframework.boot.BeanDefinitionLoader'.
08:38:23.423 [main] INFO org.evosuite.runtime.instrumentation.MethodCallReplacementClassAdapter - Adding mock interface to class org/springframework/boot/BeanDefinitionLoader
08:38:23.443 [main] INFO org.evosuite.runtime.instrumentation.CreateClassResetClassAdapter - Creating brand-new static initializer in class org/springframework/boot/BeanDefinitionLoader
08:38:23.447 [main] INFO org.evosuite.runtime.instrumentation.EvoClassLoader - Keeping class: org.springframework.boot.BeanDefinitionLoader
08:38:23.447 [main] INFO org.evosuite.runtime.instrumentation.EvoClassLoader - Seeing class for first time: org.springframework.beans.factory.support.BeanDefinitionReader
08:38:23.447 [main] INFO org.evosuite.runtime.instrumentation.EvoClassLoader - Instrumenting class 'org.springframework.beans.factory.support.BeanDefinitionReader'.
08:38:23.451 [main] INFO org.evosuite.runtime.instrumentation.EvoClassLoader - Keeping class: org.springframework.beans.factory.support.BeanDefinitionReader
08:38:23.451 [main] INFO org.evosuite.runtime.instrumentation.EvoClassLoader - Seeing class for first time: org.springframework.core.type.filter.TypeFilter
08:38:23.451 [main] INFO org.evosuite.runtime.instrumentation.EvoClassLoader - Instrumenting class 'org.springframework.core.type.filter.TypeFilter'.
08:38:23.455 [main] INFO org.evosuite.runtime.instrumentation.EvoClassLoader - Defined package (3): package org.springframework.core.type.filter, 197160036
08:38:23.455 [main] INFO org.evosuite.runtime.instrumentation.EvoClassLoader - Keeping class: org.springframework.core.type.filter.TypeFilter
08:38:23.455 [main] INFO org.evosuite.runtime.instrumentation.EvoClassLoader - Seeing class for first time: org.springframework.beans.factory.BeanDefinitionStoreException
08:38:23.455 [main] INFO org.evosuite.runtime.instrumentation.EvoClassLoader - Instrumenting class 'org.springframework.beans.factory.BeanDefinitionStoreException'.
08:38:23.459 [main] INFO org.evosuite.runtime.instrumentation.MethodCallReplacementClassAdapter - Adding mock interface to class org/springframework/beans/factory/BeanDefinitionStoreException
08:38:23.459 [main] INFO org.evosuite.runtime.instrumentation.CreateClassResetClassAdapter - Creating brand-new static initializer in class org/springframework/beans/factory/BeanDefinitionStoreException
08:38:23.459 [main] INFO org.evosuite.runtime.instrumentation.EvoClassLoader - Keeping class: org.springframework.beans.factory.BeanDefinitionStoreException
08:38:23.459 [main] INFO org.evosuite.runtime.instrumentation.EvoClassLoader - Seeing class for first time: org.springframework.boot.context.ContextIdApplicationContextInitializer
08:38:23.459 [main] INFO org.evosuite.runtime.instrumentation.EvoClassLoader - Instrumenting class 'org.springframework.boot.context.ContextIdApplicationContextInitializer'.
08:38:23.463 [main] INFO org.evosuite.runtime.instrumentation.MethodCallReplacementClassAdapter - Adding mock interface to class org/springframework/boot/context/ContextIdApplicationContextInitializer
08:38:23.463 [main] INFO org.evosuite.runtime.instrumentation.CreateClassResetClassAdapter - Creating brand-new static initializer in class org/springframework/boot/context/ContextIdApplicationContextInitializer
08:38:23.463 [main] INFO org.evosuite.runtime.instrumentation.EvoClassLoader - Defined package (3): package org.springframework.boot.context, -1456825926
08:38:23.463 [main] INFO org.evosuite.runtime.instrumentation.EvoClassLoader - Keeping class: org.springframework.boot.context.ContextIdApplicationContextInitializer
08:38:23.463 [main] INFO org.evosuite.runtime.instrumentation.EvoClassLoader - Seeing class for first time: org.springframework.expression.TypedValue
08:38:23.463 [main] INFO org.evosuite.runtime.instrumentation.EvoClassLoader - Instrumenting class 'org.springframework.expression.TypedValue'.
08:38:23.471 [main] INFO org.evosuite.runtime.instrumentation.MethodCallReplacementClassAdapter - Adding mock interface to class org/springframework/expression/TypedValue
08:38:23.471 [main] INFO org.evosuite.runtime.instrumentation.CreateClassResetClassAdapter - Found static initializer in class org/springframework/expression/TypedValue
08:38:23.471 [main] INFO org.evosuite.runtime.instrumentation.EvoClassLoader - Defined package (3): package org.springframework.expression, 994104159
08:38:23.471 [main] INFO org.evosuite.runtime.instrumentation.EvoClassLoader - Keeping class: org.springframework.expression.TypedValue
08:38:23.471 [main] INFO org.evosuite.runtime.instrumentation.EvoClassLoader - Seeing class for first time: org.springframework.core.annotation.AnnotationUtils$DefaultValueHolder
08:38:23.471 [main] INFO org.evosuite.runtime.instrumentation.EvoClassLoader - Instrumenting class 'org.springframework.core.annotation.AnnotationUtils$DefaultValueHolder'.
08:38:23.475 [main] INFO org.evosuite.runtime.instrumentation.MethodCallReplacementClassAdapter - Adding mock interface to class org/springframework/core/annotation/AnnotationUtils$DefaultValueHolder
08:38:23.475 [main] INFO org.evosuite.runtime.instrumentation.CreateClassResetClassAdapter - Creating brand-new static initializer in class org/springframework/core/annotation/AnnotationUtils$DefaultValueHolder
08:38:23.475 [main] INFO org.evosuite.runtime.instrumentation.EvoClassLoader - Defined package (3): package org.springframework.core.annotation, 1500697719
08:38:23.475 [main] INFO org.evosuite.runtime.instrumentation.EvoClassLoader - Keeping class: org.springframework.core.annotation.AnnotationUtils$DefaultValueHolder
08:38:23.475 [main] INFO org.evosuite.runtime.instrumentation.EvoClassLoader - Seeing class for first time: org.springframework.beans.factory.support.BeanDefinitionRegistryPostProcessor
08:38:23.475 [main] INFO org.evosuite.runtime.instrumentation.EvoClassLoader - Instrumenting class 'org.springframework.beans.factory.support.BeanDefinitionRegistryPostProcessor'.
08:38:23.483 [main] INFO org.evosuite.runtime.instrumentation.EvoClassLoader - Seeing class for first time: org.springframework.beans.factory.config.BeanFactoryPostProcessor
08:38:23.483 [main] INFO org.evosuite.runtime.instrumentation.EvoClassLoader - Instrumenting class 'org.springframework.beans.factory.config.BeanFactoryPostProcessor'.
08:38:23.483 [main] INFO org.evosuite.runtime.instrumentation.EvoClassLoader - Keeping class: org.springframework.beans.factory.config.BeanFactoryPostProcessor
08:38:23.483 [main] INFO org.evosuite.runtime.instrumentation.EvoClassLoader - Keeping class: org.springframework.beans.factory.support.BeanDefinitionRegistryPostProcessor
08:38:23.483 [main] INFO org.evosuite.runtime.instrumentation.EvoClassLoader - Seeing class for first time: org.springframework.core.convert.support.GenericConversionService$ConvertersForPair
08:38:23.483 [main] INFO org.evosuite.runtime.instrumentation.EvoClassLoader - Instrumenting class 'org.springframework.core.convert.support.GenericConversionService$ConvertersForPair'.
08:38:23.487 [main] INFO org.evosuite.runtime.instrumentation.MethodCallReplacementClassAdapter - Adding mock interface to class org/springframework/core/convert/support/GenericConversionService$ConvertersForPair
08:38:23.491 [main] INFO org.evosuite.runtime.instrumentation.CreateClassResetClassAdapter - Creating brand-new static initializer in class org/springframework/core/convert/support/GenericConversionService$ConvertersForPair
08:38:23.491 [main] INFO org.evosuite.runtime.instrumentation.EvoClassLoader - Keeping class: org.springframework.core.convert.support.GenericConversionService$ConvertersForPair
08:38:23.491 [main] INFO org.evosuite.runtime.instrumentation.EvoClassLoader - Seeing class for first time: org.springframework.boot.SpringApplicationBannerPrinter
08:38:23.491 [main] INFO org.evosuite.runtime.instrumentation.EvoClassLoader - Instrumenting class 'org.springframework.boot.SpringApplicationBannerPrinter'.
08:38:23.495 [main] INFO org.evosuite.runtime.instrumentation.MethodCallReplacementClassAdapter - Adding mock interface to class org/springframework/boot/SpringApplicationBannerPrinter
08:38:23.499 [main] INFO org.evosuite.runtime.instrumentation.CreateClassResetClassAdapter - Found static initializer in class org/springframework/boot/SpringApplicationBannerPrinter
08:38:23.499 [main] INFO org.evosuite.runtime.instrumentation.EvoClassLoader - Keeping class: org.springframework.boot.SpringApplicationBannerPrinter
08:38:23.503 [main] INFO org.evosuite.runtime.instrumentation.EvoClassLoader - Seeing class for first time: org.springframework.core.ResolvableType$1
08:38:23.503 [main] INFO org.evosuite.runtime.instrumentation.EvoClassLoader - Instrumenting class 'org.springframework.core.ResolvableType$1'.
08:38:23.507 [main] INFO org.evosuite.runtime.instrumentation.MethodCallReplacementClassAdapter - Adding mock interface to class org/springframework/core/ResolvableType$1
08:38:23.507 [main] INFO org.evosuite.runtime.instrumentation.EvoClassLoader - Seeing class for first time: org.springframework.core.ResolvableType
08:38:23.507 [main] INFO org.evosuite.runtime.instrumentation.EvoClassLoader - Instrumenting class 'org.springframework.core.ResolvableType'.
08:38:23.511 [main] INFO org.evosuite.runtime.instrumentation.MethodCallReplacementClassAdapter - Adding mock interface to class org/springframework/core/ResolvableType
08:38:23.523 [main] INFO org.evosuite.runtime.instrumentation.CreateClassResetClassAdapter - Found static initializer in class org/springframework/core/ResolvableType
08:38:23.523 [main] INFO org.evosuite.runtime.instrumentation.EvoClassLoader - Keeping class: org.springframework.core.ResolvableType
08:38:23.523 [main] INFO org.evosuite.runtime.instrumentation.EvoClassLoader - Keeping class: org.springframework.core.ResolvableType$1
08:38:23.527 [main] INFO org.evosuite.runtime.instrumentation.EvoClassLoader - Seeing class for first time: org.springframework.core.SerializableTypeWrapper$TypeProvider
08:38:23.527 [main] INFO org.evosuite.runtime.instrumentation.EvoClassLoader - Instrumenting class 'org.springframework.core.SerializableTypeWrapper$TypeProvider'.
08:38:23.531 [main] INFO org.evosuite.runtime.instrumentation.EvoClassLoader - Keeping class: org.springframework.core.SerializableTypeWrapper$TypeProvider
08:38:23.531 [main] INFO org.evosuite.runtime.instrumentation.EvoClassLoader - Seeing class for first time: org.springframework.core.ResolvableType$VariableResolver
08:38:23.531 [main] INFO org.evosuite.runtime.instrumentation.EvoClassLoader - Instrumenting class 'org.springframework.core.ResolvableType$VariableResolver'.
08:38:23.535 [main] INFO org.evosuite.runtime.instrumentation.EvoClassLoader - Keeping class: org.springframework.core.ResolvableType$VariableResolver
08:38:23.535 [main] INFO org.evosuite.runtime.instrumentation.EvoClassLoader - Seeing class for first time: org.springframework.core.ResolvableType$EmptyType
08:38:23.535 [main] INFO org.evosuite.runtime.instrumentation.EvoClassLoader - Instrumenting class 'org.springframework.core.ResolvableType$EmptyType'.
08:38:23.539 [main] INFO org.evosuite.runtime.instrumentation.MethodCallReplacementClassAdapter - Adding mock interface to class org/springframework/core/ResolvableType$EmptyType
08:38:23.539 [main] INFO org.evosuite.runtime.instrumentation.CreateClassResetClassAdapter - Found static initializer in class org/springframework/core/ResolvableType$EmptyType
08:38:23.539 [main] INFO org.evosuite.runtime.instrumentation.EvoClassLoader - Keeping class: org.springframework.core.ResolvableType$EmptyType
08:38:23.539 [main] INFO org.evosuite.runtime.instrumentation.EvoClassLoader - Seeing class for first time: org.springframework.boot.diagnostics.FailureAnalyzer
08:38:23.539 [main] INFO org.evosuite.runtime.instrumentation.EvoClassLoader - Instrumenting class 'org.springframework.boot.diagnostics.FailureAnalyzer'.
08:38:23.547 [main] INFO org.evosuite.runtime.instrumentation.EvoClassLoader - Defined package (3): package org.springframework.boot.diagnostics, 1419444279
08:38:23.547 [main] INFO org.evosuite.runtime.instrumentation.EvoClassLoader - Keeping class: org.springframework.boot.diagnostics.FailureAnalyzer
08:38:23.547 [main] INFO org.evosuite.runtime.instrumentation.EvoClassLoader - Seeing class for first time: org.springframework.boot.env.SpringApplicationJsonEnvironmentPostProcessor$JsonPropertySource
08:38:23.547 [main] INFO org.evosuite.runtime.instrumentation.EvoClassLoader - Instrumenting class 'org.springframework.boot.env.SpringApplicationJsonEnvironmentPostProcessor$JsonPropertySource'.
08:38:23.551 [main] INFO org.evosuite.runtime.instrumentation.MethodCallReplacementClassAdapter - Adding mock interface to class org/springframework/boot/env/SpringApplicationJsonEnvironmentPostProcessor$JsonPropertySource
08:38:23.551 [main] INFO org.evosuite.runtime.instrumentation.CreateClassResetClassAdapter - Creating brand-new static initializer in class org/springframework/boot/env/SpringApplicationJsonEnvironmentPostProcessor$JsonPropertySource
08:38:23.551 [main] INFO org.evosuite.runtime.instrumentation.EvoClassLoader - Defined package (3): package org.springframework.boot.env, 1111927416
08:38:23.555 [main] INFO org.evosuite.runtime.instrumentation.EvoClassLoader - Seeing class for first time: org.springframework.boot.origin.OriginLookup
08:38:23.555 [main] INFO org.evosuite.runtime.instrumentation.EvoClassLoader - Instrumenting class 'org.springframework.boot.origin.OriginLookup'.
08:38:23.559 [main] INFO org.evosuite.runtime.instrumentation.EvoClassLoader - Defined package (3): package org.springframework.boot.origin, -1363403333
08:38:23.559 [main] INFO org.evosuite.runtime.instrumentation.EvoClassLoader - Keeping class: org.springframework.boot.origin.OriginLookup
08:38:23.559 [main] INFO org.evosuite.runtime.instrumentation.EvoClassLoader - Seeing class for first time: org.springframework.core.env.MapPropertySource
08:38:23.559 [main] INFO org.evosuite.runtime.instrumentation.EvoClassLoader - Instrumenting class 'org.springframework.core.env.MapPropertySource'.
08:38:23.567 [main] INFO org.evosuite.runtime.instrumentation.MethodCallReplacementClassAdapter - Adding mock interface to class org/springframework/core/env/MapPropertySource
08:38:23.567 [main] INFO org.evosuite.runtime.instrumentation.CreateClassResetClassAdapter - Creating brand-new static initializer in class org/springframework/core/env/MapPropertySource
08:38:23.567 [main] INFO org.evosuite.runtime.instrumentation.EvoClassLoader - Seeing class for first time: org.springframework.core.env.EnumerablePropertySource
08:38:23.567 [main] INFO org.evosuite.runtime.instrumentation.EvoClassLoader - Instrumenting class 'org.springframework.core.env.EnumerablePropertySource'.
08:38:23.571 [main] INFO org.evosuite.runtime.instrumentation.MethodCallReplacementClassAdapter - Adding mock interface to class org/springframework/core/env/EnumerablePropertySource
08:38:23.571 [main] INFO org.evosuite.runtime.instrumentation.CreateClassResetClassAdapter - Creating brand-new static initializer in class org/springframework/core/env/EnumerablePropertySource
08:38:23.571 [main] INFO org.evosuite.runtime.instrumentation.EvoClassLoader - Keeping class: org.springframework.core.env.EnumerablePropertySource
08:38:23.571 [main] INFO org.evosuite.runtime.instrumentation.EvoClassLoader - Keeping class: org.springframework.core.env.MapPropertySource
08:38:23.571 [main] INFO org.evosuite.runtime.instrumentation.EvoClassLoader - Keeping class: org.springframework.boot.env.SpringApplicationJsonEnvironmentPostProcessor$JsonPropertySource
08:38:23.575 [main] INFO org.evosuite.runtime.instrumentation.EvoClassLoader - Seeing class for first time: org.springframework.web.context.support.WebApplicationContextUtils$ResponseObjectFactory
08:38:23.575 [main] INFO org.evosuite.runtime.instrumentation.EvoClassLoader - Instrumenting class 'org.springframework.web.context.support.WebApplicationContextUtils$ResponseObjectFactory'.
08:38:23.575 [main] INFO org.evosuite.runtime.instrumentation.MethodCallReplacementClassAdapter - Adding mock interface to class org/springframework/web/context/support/WebApplicationContextUtils$ResponseObjectFactory
08:38:23.579 [main] INFO org.evosuite.runtime.instrumentation.CreateClassResetClassAdapter - Creating brand-new static initializer in class org/springframework/web/context/support/WebApplicationContextUtils$ResponseObjectFactory
08:38:23.579 [main] INFO org.evosuite.runtime.instrumentation.EvoClassLoader - Defined package (3): package org.springframework.web.context.support, -1122314481
08:38:23.579 [main] INFO org.evosuite.runtime.instrumentation.EvoClassLoader - Seeing class for first time: org.springframework.beans.factory.ObjectFactory
08:38:23.579 [main] INFO org.evosuite.runtime.instrumentation.EvoClassLoader - Instrumenting class 'org.springframework.beans.factory.ObjectFactory'.
08:38:23.587 [main] INFO org.evosuite.runtime.instrumentation.EvoClassLoader - Keeping class: org.springframework.beans.factory.ObjectFactory
08:38:23.587 [main] INFO org.evosuite.runtime.instrumentation.EvoClassLoader - Keeping class: org.springframework.web.context.support.WebApplicationContextUtils$ResponseObjectFactory
08:38:23.591 [main] INFO org.evosuite.runtime.instrumentation.EvoClassLoader - Seeing class for first time: org.springframework.beans.propertyeditors.URIEditor
08:38:23.591 [main] INFO org.evosuite.runtime.instrumentation.EvoClassLoader - Instrumenting class 'org.springframework.beans.propertyeditors.URIEditor'.
08:38:23.591 [main] INFO org.evosuite.runtime.instrumentation.MethodCallReplacementClassAdapter - Adding mock interface to class org/springframework/beans/propertyeditors/URIEditor
08:38:23.595 [main] INFO org.evosuite.runtime.instrumentation.CreateClassResetClassAdapter - Creating brand-new static initializer in class org/springframework/beans/propertyeditors/URIEditor
08:38:23.595 [main] INFO org.evosuite.runtime.instrumentation.EvoClassLoader - Defined package (3): package org.springframework.beans.propertyeditors, -78213921
08:38:23.599 [main] INFO org.evosuite.runtime.instrumentation.EvoClassLoader - Keeping class: org.springframework.beans.propertyeditors.URIEditor
08:38:23.603 [main] INFO org.evosuite.runtime.instrumentation.EvoClassLoader - Seeing class for first time: org.springframework.context.weaving.LoadTimeWeaverAware
08:38:23.603 [main] INFO org.evosuite.runtime.instrumentation.EvoClassLoader - Instrumenting class 'org.springframework.context.weaving.LoadTimeWeaverAware'.
08:38:23.607 [main] INFO org.evosuite.runtime.instrumentation.EvoClassLoader - Defined package (3): package org.springframework.context.weaving, 292843481
08:38:23.607 [main] INFO org.evosuite.runtime.instrumentation.EvoClassLoader - Keeping class: org.springframework.context.weaving.LoadTimeWeaverAware
08:38:23.607 [main] INFO org.evosuite.runtime.instrumentation.EvoClassLoader - Seeing class for first time: org.springframework.boot.autoconfigure.condition.OnBeanCondition$SingleCandidateBeanSearchSpec
08:38:23.607 [main] INFO org.evosuite.runtime.instrumentation.EvoClassLoader - Instrumenting class 'org.springframework.boot.autoconfigure.condition.OnBeanCondition$SingleCandidateBeanSearchSpec'.
08:38:23.607 [main] INFO org.evosuite.runtime.instrumentation.MethodCallReplacementClassAdapter - Adding mock interface to class org/springframework/boot/autoconfigure/condition/OnBeanCondition$SingleCandidateBeanSearchSpec
08:38:23.611 [main] INFO org.evosuite.runtime.instrumentation.CreateClassResetClassAdapter - Creating brand-new static initializer in class org/springframework/boot/autoconfigure/condition/OnBeanCondition$SingleCandidateBeanSearchSpec
08:38:23.611 [main] INFO org.evosuite.runtime.instrumentation.EvoClassLoader - Seeing class for first time: org.springframework.boot.autoconfigure.condition.OnBeanCondition$BeanSearchSpec
08:38:23.611 [main] INFO org.evosuite.runtime.instrumentation.EvoClassLoader - Instrumenting class 'org.springframework.boot.autoconfigure.condition.OnBeanCondition$BeanSearchSpec'.
08:38:23.615 [main] INFO org.evosuite.runtime.instrumentation.MethodCallReplacementClassAdapter - Adding mock interface to class org/springframework/boot/autoconfigure/condition/OnBeanCondition$BeanSearchSpec
08:38:23.619 [main] INFO org.evosuite.runtime.instrumentation.CreateClassResetClassAdapter - Creating brand-new static initializer in class org/springframework/boot/autoconfigure/condition/OnBeanCondition$BeanSearchSpec
08:38:23.619 [main] INFO org.evosuite.runtime.instrumentation.EvoClassLoader - Keeping class: org.springframework.boot.autoconfigure.condition.OnBeanCondition$BeanSearchSpec
08:38:23.619 [main] INFO org.evosuite.runtime.instrumentation.EvoClassLoader - Keeping class: org.springframework.boot.autoconfigure.condition.OnBeanCondition$SingleCandidateBeanSearchSpec
08:38:23.619 [main] INFO org.evosuite.runtime.instrumentation.EvoClassLoader - Seeing class for first time: org.springframework.boot.autoconfigure.condition.OnBeanCondition$BeanTypeDeductionException
08:38:23.619 [main] INFO org.evosuite.runtime.instrumentation.EvoClassLoader - Instrumenting class 'org.springframework.boot.autoconfigure.condition.OnBeanCondition$BeanTypeDeductionException'.
08:38:23.623 [main] INFO org.evosuite.runtime.instrumentation.MethodCallReplacementClassAdapter - Adding mock interface to class org/springframework/boot/autoconfigure/condition/OnBeanCondition$BeanTypeDeductionException
08:38:23.623 [main] INFO org.evosuite.runtime.instrumentation.CreateClassResetClassAdapter - Creating brand-new static initializer in class org/springframework/boot/autoconfigure/condition/OnBeanCondition$BeanTypeDeductionException
08:38:23.623 [main] INFO org.evosuite.runtime.instrumentation.EvoClassLoader - Keeping class: org.springframework.boot.autoconfigure.condition.OnBeanCondition$BeanTypeDeductionException
08:38:23.623 [main] INFO org.evosuite.runtime.instrumentation.EvoClassLoader - Seeing class for first time: org.springframework.core.Conventions
08:38:23.623 [main] INFO org.evosuite.runtime.instrumentation.EvoClassLoader - Instrumenting class 'org.springframework.core.Conventions'.
08:38:23.627 [main] INFO org.evosuite.runtime.instrumentation.MethodCallReplacementClassAdapter - Adding mock interface to class org/springframework/core/Conventions
08:38:23.631 [main] INFO org.evosuite.runtime.instrumentation.CreateClassResetClassAdapter - Creating brand-new static initializer in class org/springframework/core/Conventions
08:38:23.631 [main] INFO org.evosuite.runtime.instrumentation.CreateClassResetClassAdapter - Adding bytecode for initializing field PLURAL_SUFFIX
08:38:23.635 [main] INFO org.evosuite.runtime.instrumentation.EvoClassLoader - Keeping class: org.springframework.core.Conventions
08:38:23.635 [main] INFO org.evosuite.runtime.instrumentation.EvoClassLoader - Seeing class for first time: org.springframework.boot.convert.ArrayToDelimitedStringConverter
08:38:23.635 [main] INFO org.evosuite.runtime.instrumentation.EvoClassLoader - Instrumenting class 'org.springframework.boot.convert.ArrayToDelimitedStringConverter'.
08:38:23.635 [main] INFO org.evosuite.runtime.instrumentation.MethodCallReplacementClassAdapter - Adding mock interface to class org/springframework/boot/convert/ArrayToDelimitedStringConverter
08:38:23.639 [main] INFO org.evosuite.runtime.instrumentation.CreateClassResetClassAdapter - Creating brand-new static initializer in class org/springframework/boot/convert/ArrayToDelimitedStringConverter
08:38:23.639 [main] INFO org.evosuite.runtime.instrumentation.EvoClassLoader - Keeping class: org.springframework.boot.convert.ArrayToDelimitedStringConverter
08:38:23.639 [main] INFO org.evosuite.runtime.instrumentation.EvoClassLoader - Seeing class for first time: org.springframework.web.context.support.ServletContextPropertySource
08:38:23.639 [main] INFO org.evosuite.runtime.instrumentation.EvoClassLoader - Instrumenting class 'org.springframework.web.context.support.ServletContextPropertySource'.
08:38:23.639 [main] INFO org.evosuite.runtime.instrumentation.MethodCallReplacementClassAdapter - Adding mock interface to class org/springframework/web/context/support/ServletContextPropertySource
08:38:23.639 [main] INFO org.evosuite.runtime.instrumentation.CreateClassResetClassAdapter - Creating brand-new static initializer in class org/springframework/web/context/support/ServletContextPropertySource
08:38:23.639 [main] INFO org.evosuite.runtime.instrumentation.EvoClassLoader - Keeping class: org.springframework.web.context.support.ServletContextPropertySource
08:38:23.639 [main] INFO org.evosuite.runtime.instrumentation.EvoClassLoader - Seeing class for first time: org.springframework.boot.context.properties.bind.CollectionBinder
08:38:23.639 [main] INFO org.evosuite.runtime.instrumentation.EvoClassLoader - Instrumenting class 'org.springframework.boot.context.properties.bind.CollectionBinder'.
08:38:23.643 [main] INFO org.evosuite.runtime.instrumentation.MethodCallReplacementClassAdapter - Adding mock interface to class org/springframework/boot/context/properties/bind/CollectionBinder
08:38:23.643 [main] INFO org.evosuite.runtime.instrumentation.CreateClassResetClassAdapter - Creating brand-new static initializer in class org/springframework/boot/context/properties/bind/CollectionBinder
08:38:23.643 [main] INFO org.evosuite.runtime.instrumentation.EvoClassLoader - Defined package (3): package org.springframework.boot.context.properties.bind, 1658444772
08:38:23.643 [main] INFO org.evosuite.runtime.instrumentation.EvoClassLoader - Seeing class for first time: org.springframework.boot.context.properties.bind.IndexedElementsBinder
08:38:23.643 [main] INFO org.evosuite.runtime.instrumentation.EvoClassLoader - Instrumenting class 'org.springframework.boot.context.properties.bind.IndexedElementsBinder'.
08:38:23.647 [main] INFO org.evosuite.runtime.instrumentation.MethodCallReplacementClassAdapter - Adding mock interface to class org/springframework/boot/context/properties/bind/IndexedElementsBinder
08:38:23.655 [main] INFO org.evosuite.runtime.instrumentation.CreateClassResetClassAdapter - Creating brand-new static initializer in class org/springframework/boot/context/properties/bind/IndexedElementsBinder
08:38:23.655 [main] INFO org.evosuite.runtime.instrumentation.CreateClassResetClassAdapter - Adding bytecode for initializing field INDEX_ZERO
08:38:23.659 [main] INFO org.evosuite.runtime.instrumentation.EvoClassLoader - Seeing class for first time: org.springframework.boot.context.properties.bind.AggregateBinder
08:38:23.659 [main] INFO org.evosuite.runtime.instrumentation.EvoClassLoader - Instrumenting class 'org.springframework.boot.context.properties.bind.AggregateBinder'.
08:38:23.659 [main] INFO org.evosuite.runtime.instrumentation.MethodCallReplacementClassAdapter - Adding mock interface to class org/springframework/boot/context/properties/bind/AggregateBinder
08:38:23.667 [main] INFO org.evosuite.runtime.instrumentation.CreateClassResetClassAdapter - Creating brand-new static initializer in class org/springframework/boot/context/properties/bind/AggregateBinder
08:38:23.671 [main] INFO org.evosuite.runtime.instrumentation.EvoClassLoader - Keeping class: org.springframework.boot.context.properties.bind.AggregateBinder
08:38:23.671 [main] INFO org.evosuite.runtime.instrumentation.EvoClassLoader - Keeping class: org.springframework.boot.context.properties.bind.IndexedElementsBinder
08:38:23.671 [main] INFO org.evosuite.runtime.instrumentation.EvoClassLoader - Keeping class: org.springframework.boot.context.properties.bind.CollectionBinder
08:38:23.671 [main] INFO org.evosuite.runtime.instrumentation.EvoClassLoader - Seeing class for first time: org.springframework.boot.context.properties.bind.UnboundConfigurationPropertiesException
08:38:23.671 [main] INFO org.evosuite.runtime.instrumentation.EvoClassLoader - Instrumenting class 'org.springframework.boot.context.properties.bind.UnboundConfigurationPropertiesException'.
08:38:23.675 [main] INFO org.evosuite.runtime.instrumentation.MethodCallReplacementClassAdapter - Adding mock interface to class org/springframework/boot/context/properties/bind/UnboundConfigurationPropertiesException
08:38:23.679 [main] INFO org.evosuite.runtime.instrumentation.CreateClassResetClassAdapter - Creating brand-new static initializer in class org/springframework/boot/context/properties/bind/UnboundConfigurationPropertiesException
08:38:23.679 [main] INFO org.evosuite.runtime.instrumentation.EvoClassLoader - Keeping class: org.springframework.boot.context.properties.bind.UnboundConfigurationPropertiesException
08:38:23.679 [main] INFO org.evosuite.runtime.instrumentation.EvoClassLoader - Seeing class for first time: org.springframework.beans.factory.support.DefaultBeanNameGenerator
08:38:23.679 [main] INFO org.evosuite.runtime.instrumentation.EvoClassLoader - Instrumenting class 'org.springframework.beans.factory.support.DefaultBeanNameGenerator'.
08:38:23.683 [main] INFO org.evosuite.runtime.instrumentation.MethodCallReplacementClassAdapter - Adding mock interface to class org/springframework/beans/factory/support/DefaultBeanNameGenerator
08:38:23.683 [main] INFO org.evosuite.runtime.instrumentation.CreateClassResetClassAdapter - Creating brand-new static initializer in class org/springframework/beans/factory/support/DefaultBeanNameGenerator
08:38:23.683 [main] INFO org.evosuite.runtime.instrumentation.EvoClassLoader - Keeping class: org.springframework.beans.factory.support.DefaultBeanNameGenerator
08:38:23.683 [main] INFO org.evosuite.runtime.instrumentation.EvoClassLoader - Seeing class for first time: org.springframework.core.io.support.PathMatchingResourcePatternResolver
08:38:23.683 [main] INFO org.evosuite.runtime.instrumentation.EvoClassLoader - Instrumenting class 'org.springframework.core.io.support.PathMatchingResourcePatternResolver'.
08:38:23.687 [main] INFO org.evosuite.runtime.instrumentation.MethodCallReplacementClassAdapter - Adding mock interface to class org/springframework/core/io/support/PathMatchingResourcePatternResolver
08:38:23.719 [main] INFO org.evosuite.runtime.instrumentation.CreateClassResetClassAdapter - Found static initializer in class org/springframework/core/io/support/PathMatchingResourcePatternResolver
08:38:23.723 [main] INFO org.evosuite.runtime.instrumentation.EvoClassLoader - Keeping class: org.springframework.core.io.support.PathMatchingResourcePatternResolver
08:38:23.727 [main] INFO org.evosuite.runtime.instrumentation.EvoClassLoader - Seeing class for first time: org.springframework.util.ClassUtils
08:38:23.727 [main] INFO org.evosuite.runtime.instrumentation.EvoClassLoader - Instrumenting class 'org.springframework.util.ClassUtils'.
08:38:23.731 [main] INFO org.evosuite.runtime.instrumentation.MethodCallReplacementClassAdapter - Adding mock interface to class org/springframework/util/ClassUtils
08:38:23.743 [main] INFO org.evosuite.runtime.instrumentation.CreateClassResetClassAdapter - Found static initializer in class org/springframework/util/ClassUtils
08:38:23.743 [main] INFO org.evosuite.runtime.instrumentation.EvoClassLoader - Keeping class: org.springframework.util.ClassUtils
08:38:23.751 [main] INFO org.evosuite.runtime.instrumentation.EvoClassLoader - Seeing class for first time: org.eclipse.core.runtime.FileLocator
08:38:23.751 [main] INFO org.evosuite.runtime.instrumentation.EvoClassLoader - Instrumenting class 'org.eclipse.core.runtime.FileLocator'.
08:38:23.751 [main] INFO org.evosuite.runtime.instrumentation.EvoClassLoader - Error while loading class: java.lang.ClassNotFoundException: Class 'org/eclipse/core/runtime/FileLocator.class' should be in target project, but could not be found!
08:38:23.751 [main] INFO org.evosuite.runtime.instrumentation.EvoClassLoader - Seeing class for first time: org.eclipse.core.runtime$FileLocator
08:38:23.751 [main] INFO org.evosuite.runtime.instrumentation.EvoClassLoader - Instrumenting class 'org.eclipse.core.runtime$FileLocator'.
08:38:23.755 [main] INFO org.evosuite.runtime.instrumentation.EvoClassLoader - Error while loading class: java.lang.ClassNotFoundException: Class 'org/eclipse/core/runtime$FileLocator.class' should be in target project, but could not be found!
08:38:23.755 [main] INFO org.evosuite.runtime.instrumentation.EvoClassLoader - Seeing class for first time: org.springframework.boot.SpringApplication
08:38:23.755 [main] INFO org.evosuite.runtime.instrumentation.EvoClassLoader - Instrumenting class 'org.springframework.boot.SpringApplication'.
08:38:23.759 [main] INFO org.evosuite.runtime.instrumentation.MethodCallReplacementClassAdapter - Adding mock interface to class org/springframework/boot/SpringApplication
08:38:23.787 [main] INFO org.evosuite.runtime.instrumentation.CreateClassResetClassAdapter - Found static initializer in class org/springframework/boot/SpringApplication
08:38:23.787 [main] INFO org.evosuite.runtime.instrumentation.EvoClassLoader - Keeping class: org.springframework.boot.SpringApplication
08:38:23.791 [main] INFO org.evosuite.runtime.instrumentation.EvoClassLoader - Seeing class for first time: org.springframework.boot.ApplicationArguments
08:38:23.791 [main] INFO org.evosuite.runtime.instrumentation.EvoClassLoader - Instrumenting class 'org.springframework.boot.ApplicationArguments'.
08:38:23.791 [main] INFO org.evosuite.runtime.instrumentation.EvoClassLoader - Keeping class: org.springframework.boot.ApplicationArguments
08:38:23.791 [main] INFO org.evosuite.runtime.instrumentation.EvoClassLoader - Seeing class for first time: org.springframework.boot.ExitCodeEvent
08:38:23.791 [main] INFO org.evosuite.runtime.instrumentation.EvoClassLoader - Instrumenting class 'org.springframework.boot.ExitCodeEvent'.
08:38:23.795 [main] INFO org.evosuite.runtime.instrumentation.MethodCallReplacementClassAdapter - Adding mock interface to class org/springframework/boot/ExitCodeEvent
08:38:23.795 [main] INFO org.evosuite.runtime.instrumentation.CreateClassResetClassAdapter - Creating brand-new static initializer in class org/springframework/boot/ExitCodeEvent
08:38:23.795 [main] INFO org.evosuite.runtime.instrumentation.EvoClassLoader - Keeping class: org.springframework.boot.ExitCodeEvent
08:38:23.795 [main] INFO org.evosuite.runtime.instrumentation.EvoClassLoader - Seeing class for first time: org.springframework.core.env.SimpleCommandLinePropertySource
08:38:23.795 [main] INFO org.evosuite.runtime.instrumentation.EvoClassLoader - Instrumenting class 'org.springframework.core.env.SimpleCommandLinePropertySource'.
08:38:23.803 [main] INFO org.evosuite.runtime.instrumentation.MethodCallReplacementClassAdapter - Adding mock interface to class org/springframework/core/env/SimpleCommandLinePropertySource
08:38:23.803 [main] INFO org.evosuite.runtime.instrumentation.CreateClassResetClassAdapter - Creating brand-new static initializer in class org/springframework/core/env/SimpleCommandLinePropertySource
08:38:23.803 [main] INFO org.evosuite.runtime.instrumentation.EvoClassLoader - Seeing class for first time: org.springframework.core.env.CommandLinePropertySource
08:38:23.803 [main] INFO org.evosuite.runtime.instrumentation.EvoClassLoader - Instrumenting class 'org.springframework.core.env.CommandLinePropertySource'.
08:38:23.807 [main] INFO org.evosuite.runtime.instrumentation.MethodCallReplacementClassAdapter - Adding mock interface to class org/springframework/core/env/CommandLinePropertySource
08:38:23.807 [main] INFO org.evosuite.runtime.instrumentation.CreateClassResetClassAdapter - Creating brand-new static initializer in class org/springframework/core/env/CommandLinePropertySource
08:38:23.807 [main] INFO org.evosuite.runtime.instrumentation.CreateClassResetClassAdapter - Adding bytecode for initializing field COMMAND_LINE_PROPERTY_SOURCE_NAME
08:38:23.807 [main] INFO org.evosuite.runtime.instrumentation.CreateClassResetClassAdapter - Adding bytecode for initializing field DEFAULT_NON_OPTION_ARGS_PROPERTY_NAME
08:38:23.807 [main] INFO org.evosuite.runtime.instrumentation.EvoClassLoader - Keeping class: org.springframework.core.env.CommandLinePropertySource
08:38:23.807 [main] INFO org.evosuite.runtime.instrumentation.EvoClassLoader - Keeping class: org.springframework.core.env.SimpleCommandLinePropertySource
08:38:23.807 [main] INFO org.evosuite.runtime.instrumentation.EvoClassLoader - Seeing class for first time: org.springframework.core.env.CompositePropertySource
08:38:23.807 [main] INFO org.evosuite.runtime.instrumentation.EvoClassLoader - Instrumenting class 'org.springframework.core.env.CompositePropertySource'.
08:38:23.811 [main] INFO org.evosuite.runtime.instrumentation.MethodCallReplacementClassAdapter - Adding mock interface to class org/springframework/core/env/CompositePropertySource
08:38:23.827 [main] INFO org.evosuite.runtime.instrumentation.CreateClassResetClassAdapter - Creating brand-new static initializer in class org/springframework/core/env/CompositePropertySource
08:38:23.831 [main] INFO org.evosuite.runtime.instrumentation.EvoClassLoader - Keeping class: org.springframework.core.env.CompositePropertySource
08:38:23.831 [main] INFO org.evosuite.runtime.instrumentation.EvoClassLoader - Seeing class for first time: org.springframework.beans.propertyeditors.PathEditor
08:38:23.831 [main] INFO org.evosuite.runtime.instrumentation.EvoClassLoader - Instrumenting class 'org.springframework.beans.propertyeditors.PathEditor'.
08:38:23.835 [main] INFO org.evosuite.runtime.instrumentation.MethodCallReplacementClassAdapter - Adding mock interface to class org/springframework/beans/propertyeditors/PathEditor
08:38:23.847 [main] INFO org.evosuite.runtime.instrumentation.CreateClassResetClassAdapter - Creating brand-new static initializer in class org/springframework/beans/propertyeditors/PathEditor
08:38:23.847 [main] INFO org.evosuite.runtime.instrumentation.EvoClassLoader - Keeping class: org.springframework.beans.propertyeditors.PathEditor
08:38:23.847 [main] INFO org.evosuite.runtime.instrumentation.EvoClassLoader - Seeing class for first time: org.springframework.beans.factory.support.ImplicitlyAppearedSingletonException
08:38:23.847 [main] INFO org.evosuite.runtime.instrumentation.EvoClassLoader - Instrumenting class 'org.springframework.beans.factory.support.ImplicitlyAppearedSingletonException'.
08:38:23.851 [main] INFO org.evosuite.runtime.instrumentation.MethodCallReplacementClassAdapter - Adding mock interface to class org/springframework/beans/factory/support/ImplicitlyAppearedSingletonException
08:38:23.851 [main] INFO org.evosuite.runtime.instrumentation.CreateClassResetClassAdapter - Creating brand-new static initializer in class org/springframework/beans/factory/support/ImplicitlyAppearedSingletonException
08:38:23.855 [main] INFO org.evosuite.runtime.instrumentation.EvoClassLoader - Keeping class: org.springframework.beans.factory.support.ImplicitlyAppearedSingletonException
08:38:23.855 [main] INFO org.evosuite.runtime.instrumentation.EvoClassLoader - Seeing class for first time: org.springframework.beans.PropertyBatchUpdateException
08:38:23.855 [main] INFO org.evosuite.runtime.instrumentation.EvoClassLoader - Instrumenting class 'org.springframework.beans.PropertyBatchUpdateException'.
08:38:23.859 [main] INFO org.evosuite.runtime.instrumentation.MethodCallReplacementClassAdapter - Adding mock interface to class org/springframework/beans/PropertyBatchUpdateException
08:38:23.859 [main] INFO org.evosuite.runtime.instrumentation.CreateClassResetClassAdapter - Creating brand-new static initializer in class org/springframework/beans/PropertyBatchUpdateException
08:38:23.859 [main] INFO org.evosuite.runtime.instrumentation.EvoClassLoader - Keeping class: org.springframework.beans.PropertyBatchUpdateException
08:38:23.859 [main] INFO org.evosuite.runtime.instrumentation.EvoClassLoader - Seeing class for first time: org.springframework.http.HttpMessage
08:38:23.859 [main] INFO org.evosuite.runtime.instrumentation.EvoClassLoader - Instrumenting class 'org.springframework.http.HttpMessage'.
08:38:23.863 [main] INFO org.evosuite.runtime.instrumentation.EvoClassLoader - Defined package (3): package org.springframework.http, -1869862257
08:38:23.863 [main] INFO org.evosuite.runtime.instrumentation.EvoClassLoader - Keeping class: org.springframework.http.HttpMessage
08:38:23.863 [main] INFO org.evosuite.runtime.instrumentation.EvoClassLoader - Seeing class for first time: org.springframework.core.annotation.AnnotatedElementUtils$MergedAnnotationAttributesProcessor
08:38:23.863 [main] INFO org.evosuite.runtime.instrumentation.EvoClassLoader - Instrumenting class 'org.springframework.core.annotation.AnnotatedElementUtils$MergedAnnotationAttributesProcessor'.
08:38:23.867 [main] INFO org.evosuite.runtime.instrumentation.MethodCallReplacementClassAdapter - Adding mock interface to class org/springframework/core/annotation/AnnotatedElementUtils$MergedAnnotationAttributesProcessor
08:38:23.867 [main] INFO org.evosuite.runtime.instrumentation.CreateClassResetClassAdapter - Creating brand-new static initializer in class org/springframework/core/annotation/AnnotatedElementUtils$MergedAnnotationAttributesProcessor
08:38:23.867 [main] INFO org.evosuite.runtime.instrumentation.EvoClassLoader - Seeing class for first time: org.springframework.core.annotation.AnnotatedElementUtils$Processor
08:38:23.867 [main] INFO org.evosuite.runtime.instrumentation.EvoClassLoader - Instrumenting class 'org.springframework.core.annotation.AnnotatedElementUtils$Processor'.
08:38:23.871 [main] INFO org.evosuite.runtime.instrumentation.EvoClassLoader - Keeping class: org.springframework.core.annotation.AnnotatedElementUtils$Processor
08:38:23.871 [main] INFO org.evosuite.runtime.instrumentation.EvoClassLoader - Keeping class: org.springframework.core.annotation.AnnotatedElementUtils$MergedAnnotationAttributesProcessor
08:38:23.871 [main] INFO org.evosuite.runtime.instrumentation.EvoClassLoader - Seeing class for first time: org.springframework.boot.context.properties.bind.Bindable
08:38:23.871 [main] INFO org.evosuite.runtime.instrumentation.EvoClassLoader - Instrumenting class 'org.springframework.boot.context.properties.bind.Bindable'.
08:38:23.875 [main] INFO org.evosuite.runtime.instrumentation.MethodCallReplacementClassAdapter - Adding mock interface to class org/springframework/boot/context/properties/bind/Bindable
08:38:23.879 [main] INFO org.evosuite.runtime.instrumentation.CreateClassResetClassAdapter - Found static initializer in class org/springframework/boot/context/properties/bind/Bindable
08:38:23.879 [main] INFO org.evosuite.runtime.instrumentation.EvoClassLoader - Keeping class: org.springframework.boot.context.properties.bind.Bindable
08:38:23.879 [main] INFO org.evosuite.runtime.instrumentation.EvoClassLoader - Seeing class for first time: org.springframework.boot.context.ConfigurationWarningsApplicationContextInitializer$ComponentScanPackageCheck
08:38:23.879 [main] INFO org.evosuite.runtime.instrumentation.EvoClassLoader - Instrumenting class 'org.springframework.boot.context.ConfigurationWarningsApplicationContextInitializer$ComponentScanPackageCheck'.
08:38:23.883 [main] INFO org.evosuite.runtime.instrumentation.MethodCallReplacementClassAdapter - Adding mock interface to class org/springframework/boot/context/ConfigurationWarningsApplicationContextInitializer$ComponentScanPackageCheck
08:38:23.883 [main] INFO org.evosuite.runtime.instrumentation.CreateClassResetClassAdapter - Found static initializer in class org/springframework/boot/context/ConfigurationWarningsApplicationContextInitializer$ComponentScanPackageCheck
08:38:23.883 [main] INFO org.evosuite.runtime.instrumentation.EvoClassLoader - Seeing class for first time: org.springframework.boot.context.ConfigurationWarningsApplicationContextInitializer$Check
08:38:23.883 [main] INFO org.evosuite.runtime.instrumentation.EvoClassLoader - Instrumenting class 'org.springframework.boot.context.ConfigurationWarningsApplicationContextInitializer$Check'.
08:38:23.887 [main] INFO org.evosuite.runtime.instrumentation.EvoClassLoader - Keeping class: org.springframework.boot.context.ConfigurationWarningsApplicationContextInitializer$Check
08:38:23.891 [main] INFO org.evosuite.runtime.instrumentation.EvoClassLoader - Keeping class: org.springframework.boot.context.ConfigurationWarningsApplicationContextInitializer$ComponentScanPackageCheck
08:38:23.891 [main] INFO org.evosuite.runtime.instrumentation.EvoClassLoader - Seeing class for first time: org.springframework.scheduling.concurrent.CustomizableThreadFactory
08:38:23.891 [main] INFO org.evosuite.runtime.instrumentation.EvoClassLoader - Instrumenting class 'org.springframework.scheduling.concurrent.CustomizableThreadFactory'.
08:38:23.895 [main] INFO org.evosuite.runtime.instrumentation.MethodCallReplacementClassAdapter - Adding mock interface to class org/springframework/scheduling/concurrent/CustomizableThreadFactory
08:38:23.895 [main] INFO org.evosuite.runtime.instrumentation.CreateClassResetClassAdapter - Creating brand-new static initializer in class org/springframework/scheduling/concurrent/CustomizableThreadFactory
08:38:23.895 [main] INFO org.evosuite.runtime.instrumentation.EvoClassLoader - Defined package (3): package org.springframework.scheduling.concurrent, 210265898
08:38:23.895 [main] INFO org.evosuite.runtime.instrumentation.EvoClassLoader - Seeing class for first time: org.springframework.util.CustomizableThreadCreator
08:38:23.895 [main] INFO org.evosuite.runtime.instrumentation.EvoClassLoader - Instrumenting class 'org.springframework.util.CustomizableThreadCreator'.
08:38:23.899 [main] INFO org.evosuite.runtime.instrumentation.MethodCallReplacementClassAdapter - Adding mock interface to class org/springframework/util/CustomizableThreadCreator
08:38:23.907 [main] INFO org.evosuite.runtime.instrumentation.CreateClassResetClassAdapter - Creating brand-new static initializer in class org/springframework/util/CustomizableThreadCreator
08:38:23.911 [main] INFO org.evosuite.runtime.instrumentation.EvoClassLoader - Keeping class: org.springframework.util.CustomizableThreadCreator
08:38:23.911 [main] INFO org.evosuite.runtime.instrumentation.EvoClassLoader - Keeping class: org.springframework.scheduling.concurrent.CustomizableThreadFactory
08:38:23.911 [main] INFO org.evosuite.runtime.instrumentation.EvoClassLoader - Seeing class for first time: org.springframework.core.convert.support.ArrayToArrayConverter
08:38:23.911 [main] INFO org.evosuite.runtime.instrumentation.EvoClassLoader - Instrumenting class 'org.springframework.core.convert.support.ArrayToArrayConverter'.
08:38:23.919 [main] INFO org.evosuite.runtime.instrumentation.MethodCallReplacementClassAdapter - Adding mock interface to class org/springframework/core/convert/support/ArrayToArrayConverter
08:38:23.923 [main] INFO org.evosuite.runtime.instrumentation.CreateClassResetClassAdapter - Creating brand-new static initializer in class org/springframework/core/convert/support/ArrayToArrayConverter
08:38:23.923 [main] INFO org.evosuite.runtime.instrumentation.EvoClassLoader - Keeping class: org.springframework.core.convert.support.ArrayToArrayConverter
08:38:23.923 [main] INFO org.evosuite.runtime.instrumentation.EvoClassLoader - Seeing class for first time: org.springframework.expression.TypeConverter
08:38:23.923 [main] INFO org.evosuite.runtime.instrumentation.EvoClassLoader - Instrumenting class 'org.springframework.expression.TypeConverter'.
08:38:23.927 [main] INFO org.evosuite.runtime.instrumentation.EvoClassLoader - Keeping class: org.springframework.expression.TypeConverter
08:38:23.927 [main] INFO org.evosuite.runtime.instrumentation.EvoClassLoader - Seeing class for first time: org.springframework.boot.web.context.ServerPortInfoApplicationContextInitializer
08:38:23.927 [main] INFO org.evosuite.runtime.instrumentation.EvoClassLoader - Instrumenting class 'org.springframework.boot.web.context.ServerPortInfoApplicationContextInitializer'.
08:38:23.931 [main] INFO org.evosuite.runtime.instrumentation.MethodCallReplacementClassAdapter - Adding mock interface to class org/springframework/boot/web/context/ServerPortInfoApplicationContextInitializer
08:38:23.939 [main] INFO org.evosuite.runtime.instrumentation.CreateClassResetClassAdapter - Creating brand-new static initializer in class org/springframework/boot/web/context/ServerPortInfoApplicationContextInitializer
08:38:23.939 [main] INFO org.evosuite.runtime.instrumentation.EvoClassLoader - Defined package (3): package org.springframework.boot.web.context, -1117461600
08:38:23.943 [main] INFO org.evosuite.runtime.instrumentation.EvoClassLoader - Seeing class for first time: org.springframework.context.ApplicationListener
08:38:23.943 [main] INFO org.evosuite.runtime.instrumentation.EvoClassLoader - Instrumenting class 'org.springframework.context.ApplicationListener'.
08:38:23.943 [main] INFO org.evosuite.runtime.instrumentation.EvoClassLoader - Keeping class: org.springframework.context.ApplicationListener
08:38:23.943 [main] INFO org.evosuite.runtime.instrumentation.EvoClassLoader - Keeping class: org.springframework.boot.web.context.ServerPortInfoApplicationContextInitializer
08:38:23.943 [main] INFO org.evosuite.runtime.instrumentation.EvoClassLoader - Seeing class for first time: org.springframework.boot.convert.ApplicationConversionService
08:38:23.943 [main] INFO org.evosuite.runtime.instrumentation.EvoClassLoader - Instrumenting class 'org.springframework.boot.convert.ApplicationConversionService'.
08:38:23.947 [main] INFO org.evosuite.runtime.instrumentation.MethodCallReplacementClassAdapter - Adding mock interface to class org/springframework/boot/convert/ApplicationConversionService
08:38:23.947 [main] INFO org.evosuite.runtime.instrumentation.CreateClassResetClassAdapter - Creating brand-new static initializer in class org/springframework/boot/convert/ApplicationConversionService
08:38:23.947 [main] INFO org.evosuite.runtime.instrumentation.CreateClassResetClassAdapter - Adding bytecode for initializing field sharedInstance
08:38:23.947 [main] INFO org.evosuite.runtime.instrumentation.EvoClassLoader - Seeing class for first time: org.springframework.format.support.FormattingConversionService
08:38:23.947 [main] INFO org.evosuite.runtime.instrumentation.EvoClassLoader - Instrumenting class 'org.springframework.format.support.FormattingConversionService'.
08:38:23.951 [main] INFO org.evosuite.runtime.instrumentation.MethodCallReplacementClassAdapter - Adding mock interface to class org/springframework/format/support/FormattingConversionService
08:38:23.951 [main] INFO org.evosuite.runtime.instrumentation.CreateClassResetClassAdapter - Creating brand-new static initializer in class org/springframework/format/support/FormattingConversionService
08:38:23.951 [main] INFO org.evosuite.runtime.instrumentation.EvoClassLoader - Seeing class for first time: org.springframework.format.FormatterRegistry
08:38:23.951 [main] INFO org.evosuite.runtime.instrumentation.EvoClassLoader - Instrumenting class 'org.springframework.format.FormatterRegistry'.
08:38:23.955 [main] INFO org.evosuite.runtime.instrumentation.EvoClassLoader - Seeing class for first time: org.springframework.core.convert.converter.ConverterRegistry
08:38:23.955 [main] INFO org.evosuite.runtime.instrumentation.EvoClassLoader - Instrumenting class 'org.springframework.core.convert.converter.ConverterRegistry'.
08:38:23.959 [main] INFO org.evosuite.runtime.instrumentation.EvoClassLoader - Keeping class: org.springframework.core.convert.converter.ConverterRegistry
08:38:23.959 [main] INFO org.evosuite.runtime.instrumentation.EvoClassLoader - Keeping class: org.springframework.format.FormatterRegistry
08:38:23.959 [main] INFO org.evosuite.runtime.instrumentation.EvoClassLoader - Seeing class for first time: org.springframework.context.EmbeddedValueResolverAware
08:38:23.959 [main] INFO org.evosuite.runtime.instrumentation.EvoClassLoader - Instrumenting class 'org.springframework.context.EmbeddedValueResolverAware'.
08:38:23.959 [main] INFO org.evosuite.runtime.instrumentation.EvoClassLoader - Keeping class: org.springframework.context.EmbeddedValueResolverAware
08:38:23.959 [main] INFO org.evosuite.runtime.instrumentation.EvoClassLoader - Seeing class for first time: org.springframework.core.convert.support.GenericConversionService
08:38:23.959 [main] INFO org.evosuite.runtime.instrumentation.EvoClassLoader - Instrumenting class 'org.springframework.core.convert.support.GenericConversionService'.
08:38:23.959 [main] INFO org.evosuite.runtime.instrumentation.MethodCallReplacementClassAdapter - Adding mock interface to class org/springframework/core/convert/support/GenericConversionService
08:38:23.963 [main] INFO org.evosuite.runtime.instrumentation.CreateClassResetClassAdapter - Found static initializer in class org/springframework/core/convert/support/GenericConversionService
08:38:23.963 [main] INFO org.evosuite.runtime.instrumentation.EvoClassLoader - Seeing class for first time: org.springframework.core.convert.support.ConfigurableConversionService
08:38:23.963 [main] INFO org.evosuite.runtime.instrumentation.EvoClassLoader - Instrumenting class 'org.springframework.core.convert.support.ConfigurableConversionService'.
08:38:23.967 [main] INFO org.evosuite.runtime.instrumentation.EvoClassLoader - Keeping class: org.springframework.core.convert.support.ConfigurableConversionService
08:38:23.967 [main] INFO org.evosuite.runtime.instrumentation.EvoClassLoader - Keeping class: org.springframework.core.convert.support.GenericConversionService
08:38:23.967 [main] INFO org.evosuite.runtime.instrumentation.EvoClassLoader - Keeping class: org.springframework.format.support.FormattingConversionService
08:38:23.967 [main] INFO org.evosuite.runtime.instrumentation.EvoClassLoader - Keeping class: org.springframework.boot.convert.ApplicationConversionService
08:38:23.967 [main] INFO org.evosuite.runtime.instrumentation.EvoClassLoader - Seeing class for first time: org.springframework.core.convert.ConverterNotFoundException
08:38:23.967 [main] INFO org.evosuite.runtime.instrumentation.EvoClassLoader - Instrumenting class 'org.springframework.core.convert.ConverterNotFoundException'.
08:38:23.971 [main] INFO org.evosuite.runtime.instrumentation.MethodCallReplacementClassAdapter - Adding mock interface to class org/springframework/core/convert/ConverterNotFoundException
08:38:23.971 [main] INFO org.evosuite.runtime.instrumentation.CreateClassResetClassAdapter - Creating brand-new static initializer in class org/springframework/core/convert/ConverterNotFoundException
08:38:23.971 [main] INFO org.evosuite.runtime.instrumentation.EvoClassLoader - Seeing class for first time: org.springframework.core.convert.ConversionException
08:38:23.971 [main] INFO org.evosuite.runtime.instrumentation.EvoClassLoader - Instrumenting class 'org.springframework.core.convert.ConversionException'.
08:38:23.975 [main] INFO org.evosuite.runtime.instrumentation.MethodCallReplacementClassAdapter - Adding mock interface to class org/springframework/core/convert/ConversionException
08:38:23.975 [main] INFO org.evosuite.runtime.instrumentation.CreateClassResetClassAdapter - Creating brand-new static initializer in class org/springframework/core/convert/ConversionException
08:38:23.975 [main] INFO org.evosuite.runtime.instrumentation.EvoClassLoader - Keeping class: org.springframework.core.convert.ConversionException
08:38:23.975 [main] INFO org.evosuite.runtime.instrumentation.EvoClassLoader - Keeping class: org.springframework.core.convert.ConverterNotFoundException
08:38:23.975 [main] INFO org.evosuite.runtime.instrumentation.EvoClassLoader - Seeing class for first time: org.springframework.core.convert.ConversionFailedException
08:38:23.975 [main] INFO org.evosuite.runtime.instrumentation.EvoClassLoader - Instrumenting class 'org.springframework.core.convert.ConversionFailedException'.
08:38:23.975 [main] INFO org.evosuite.runtime.instrumentation.MethodCallReplacementClassAdapter - Adding mock interface to class org/springframework/core/convert/ConversionFailedException
08:38:23.975 [main] INFO org.evosuite.runtime.instrumentation.CreateClassResetClassAdapter - Creating brand-new static initializer in class org/springframework/core/convert/ConversionFailedException
08:38:23.975 [main] INFO org.evosuite.runtime.instrumentation.EvoClassLoader - Keeping class: org.springframework.core.convert.ConversionFailedException
08:38:23.975 [main] INFO org.evosuite.runtime.instrumentation.EvoClassLoader - Seeing class for first time: org.springframework.core.convert.support.GenericConversionService$NoOpConverter
08:38:23.975 [main] INFO org.evosuite.runtime.instrumentation.EvoClassLoader - Instrumenting class 'org.springframework.core.convert.support.GenericConversionService$NoOpConverter'.
08:38:23.979 [main] INFO org.evosuite.runtime.instrumentation.MethodCallReplacementClassAdapter - Adding mock interface to class org/springframework/core/convert/support/GenericConversionService$NoOpConverter
08:38:23.979 [main] INFO org.evosuite.runtime.instrumentation.CreateClassResetClassAdapter - Creating brand-new static initializer in class org/springframework/core/convert/support/GenericConversionService$NoOpConverter
08:38:23.979 [main] INFO org.evosuite.runtime.instrumentation.EvoClassLoader - Keeping class: org.springframework.core.convert.support.GenericConversionService$NoOpConverter
08:38:23.979 [main] INFO org.evosuite.runtime.instrumentation.EvoClassLoader - Seeing class for first time: com.saud_dev.technology_assessment.TechnologyAssessmentApplication
08:38:23.979 [main] INFO org.evosuite.runtime.instrumentation.EvoClassLoader - Instrumenting class 'com.saud_dev.technology_assessment.TechnologyAssessmentApplication'.
08:38:23.983 [main] INFO org.evosuite.runtime.instrumentation.MethodCallReplacementClassAdapter - Adding mock interface to class com/saud_dev/technology_assessment/TechnologyAssessmentApplication
08:38:23.983 [main] INFO org.evosuite.runtime.instrumentation.CreateClassResetClassAdapter - Creating brand-new static initializer in class com/saud_dev/technology_assessment/TechnologyAssessmentApplication
08:38:23.983 [main] INFO org.evosuite.runtime.instrumentation.EvoClassLoader - Keeping class: com.saud_dev.technology_assessment.TechnologyAssessmentApplication
08:38:23.983 [main] INFO org.evosuite.runtime.instrumentation.EvoClassLoader - Seeing class for first time: org.springframework.beans.factory.support.BeanDefinitionOverrideException
08:38:23.983 [main] INFO org.evosuite.runtime.instrumentation.EvoClassLoader - Instrumenting class 'org.springframework.beans.factory.support.BeanDefinitionOverrideException'.
08:38:23.987 [main] INFO org.evosuite.runtime.instrumentation.MethodCallReplacementClassAdapter - Adding mock interface to class org/springframework/beans/factory/support/BeanDefinitionOverrideException
08:38:23.987 [main] INFO org.evosuite.runtime.instrumentation.CreateClassResetClassAdapter - Creating brand-new static initializer in class org/springframework/beans/factory/support/BeanDefinitionOverrideException
08:38:23.987 [main] INFO org.evosuite.runtime.instrumentation.EvoClassLoader - Keeping class: org.springframework.beans.factory.support.BeanDefinitionOverrideException
08:38:23.987 [main] INFO org.evosuite.runtime.instrumentation.EvoClassLoader - Seeing class for first time: org.springframework.boot.ClearCachesApplicationListener
08:38:23.987 [main] INFO org.evosuite.runtime.instrumentation.EvoClassLoader - Instrumenting class 'org.springframework.boot.ClearCachesApplicationListener'.
08:38:23.991 [main] INFO org.evosuite.runtime.instrumentation.MethodCallReplacementClassAdapter - Adding mock interface to class org/springframework/boot/ClearCachesApplicationListener
08:38:23.991 [main] INFO org.evosuite.runtime.instrumentation.CreateClassResetClassAdapter - Creating brand-new static initializer in class org/springframework/boot/ClearCachesApplicationListener
08:38:23.991 [main] INFO org.evosuite.runtime.instrumentation.EvoClassLoader - Keeping class: org.springframework.boot.ClearCachesApplicationListener
08:38:23.991 [main] INFO org.evosuite.runtime.instrumentation.EvoClassLoader - Seeing class for first time: org.springframework.core.env.MutablePropertySources
08:38:23.991 [main] INFO org.evosuite.runtime.instrumentation.EvoClassLoader - Instrumenting class 'org.springframework.core.env.MutablePropertySources'.
08:38:23.995 [main] INFO org.evosuite.runtime.instrumentation.MethodCallReplacementClassAdapter - Adding mock interface to class org/springframework/core/env/MutablePropertySources
08:38:23.999 [main] INFO org.evosuite.runtime.instrumentation.CreateClassResetClassAdapter - Creating brand-new static initializer in class org/springframework/core/env/MutablePropertySources
08:38:23.999 [main] INFO org.evosuite.runtime.instrumentation.EvoClassLoader - Seeing class for first time: org.springframework.core.env.PropertySources
08:38:23.999 [main] INFO org.evosuite.runtime.instrumentation.EvoClassLoader - Instrumenting class 'org.springframework.core.env.PropertySources'.
08:38:24.003 [main] INFO org.evosuite.runtime.instrumentation.EvoClassLoader - Keeping class: org.springframework.core.env.PropertySources
08:38:24.003 [main] INFO org.evosuite.runtime.instrumentation.EvoClassLoader - Keeping class: org.springframework.core.env.MutablePropertySources
08:38:24.003 [main] INFO org.evosuite.runtime.instrumentation.EvoClassLoader - Seeing class for first time: org.springframework.boot.context.properties.source.ConfigurationPropertySourcesPropertySource
08:38:24.003 [main] INFO org.evosuite.runtime.instrumentation.EvoClassLoader - Instrumenting class 'org.springframework.boot.context.properties.source.ConfigurationPropertySourcesPropertySource'.
08:38:24.003 [main] INFO org.evosuite.runtime.instrumentation.MethodCallReplacementClassAdapter - Adding mock interface to class org/springframework/boot/context/properties/source/ConfigurationPropertySourcesPropertySource
08:38:24.007 [main] INFO org.evosuite.runtime.instrumentation.CreateClassResetClassAdapter - Creating brand-new static initializer in class org/springframework/boot/context/properties/source/ConfigurationPropertySourcesPropertySource
08:38:24.007 [main] INFO org.evosuite.runtime.instrumentation.EvoClassLoader - Defined package (3): package org.springframework.boot.context.properties.source, 825020930
08:38:24.007 [main] INFO org.evosuite.runtime.instrumentation.EvoClassLoader - Keeping class: org.springframework.boot.context.properties.source.ConfigurationPropertySourcesPropertySource
08:38:24.007 [main] INFO org.evosuite.runtime.instrumentation.EvoClassLoader - Seeing class for first time: org.springframework.util.ConcurrentReferenceHashMap$SoftEntryReference
08:38:24.007 [main] INFO org.evosuite.runtime.instrumentation.EvoClassLoader - Instrumenting class 'org.springframework.util.ConcurrentReferenceHashMap$SoftEntryReference'.
08:38:24.007 [main] INFO org.evosuite.runtime.instrumentation.MethodCallReplacementClassAdapter - Adding mock interface to class org/springframework/util/ConcurrentReferenceHashMap$SoftEntryReference
08:38:24.007 [main] INFO org.evosuite.runtime.instrumentation.CreateClassResetClassAdapter - Creating brand-new static initializer in class org/springframework/util/ConcurrentReferenceHashMap$SoftEntryReference
08:38:24.007 [main] INFO org.evosuite.runtime.instrumentation.EvoClassLoader - Keeping class: org.springframework.util.ConcurrentReferenceHashMap$SoftEntryReference
08:38:24.011 [main] INFO org.evosuite.runtime.instrumentation.EvoClassLoader - Seeing class for first time: org.springframework.context.annotation.DeferredImportSelector
08:38:24.011 [main] INFO org.evosuite.runtime.instrumentation.EvoClassLoader - Instrumenting class 'org.springframework.context.annotation.DeferredImportSelector'.
08:38:24.011 [main] INFO org.evosuite.runtime.instrumentation.EvoClassLoader - Keeping class: org.springframework.context.annotation.DeferredImportSelector
08:38:24.011 [main] INFO org.evosuite.runtime.instrumentation.EvoClassLoader - Seeing class for first time: org.springframework.boot.convert.CharArrayFormatter
08:38:24.011 [main] INFO org.evosuite.runtime.instrumentation.EvoClassLoader - Instrumenting class 'org.springframework.boot.convert.CharArrayFormatter'.
08:38:24.015 [main] INFO org.evosuite.runtime.instrumentation.MethodCallReplacementClassAdapter - Adding mock interface to class org/springframework/boot/convert/CharArrayFormatter
08:38:24.015 [main] INFO org.evosuite.runtime.instrumentation.CreateClassResetClassAdapter - Creating brand-new static initializer in class org/springframework/boot/convert/CharArrayFormatter
08:38:24.015 [main] INFO org.evosuite.runtime.instrumentation.EvoClassLoader - Keeping class: org.springframework.boot.convert.CharArrayFormatter
08:38:24.015 [main] INFO org.evosuite.runtime.instrumentation.EvoClassLoader - Seeing class for first time: org.springframework.boot.context.properties.source.SpringConfigurationPropertySource$DelegatingPropertyMapper
08:38:24.015 [main] INFO org.evosuite.runtime.instrumentation.EvoClassLoader - Instrumenting class 'org.springframework.boot.context.properties.source.SpringConfigurationPropertySource$DelegatingPropertyMapper'.
08:38:24.023 [main] INFO org.evosuite.runtime.instrumentation.MethodCallReplacementClassAdapter - Adding mock interface to class org/springframework/boot/context/properties/source/SpringConfigurationPropertySource$DelegatingPropertyMapper
08:38:24.023 [main] INFO org.evosuite.runtime.instrumentation.CreateClassResetClassAdapter - Found static initializer in class org/springframework/boot/context/properties/source/SpringConfigurationPropertySource$DelegatingPropertyMapper
08:38:24.023 [main] INFO org.evosuite.runtime.instrumentation.EvoClassLoader - Seeing class for first time: org.springframework.boot.context.properties.source.PropertyMapper
08:38:24.023 [main] INFO org.evosuite.runtime.instrumentation.EvoClassLoader - Instrumenting class 'org.springframework.boot.context.properties.source.PropertyMapper'.
08:38:24.027 [main] INFO org.evosuite.runtime.instrumentation.EvoClassLoader - Keeping class: org.springframework.boot.context.properties.source.PropertyMapper
08:38:24.027 [main] INFO org.evosuite.runtime.instrumentation.EvoClassLoader - Keeping class: org.springframework.boot.context.properties.source.SpringConfigurationPropertySource$DelegatingPropertyMapper
08:38:24.027 [main] INFO org.evosuite.runtime.instrumentation.EvoClassLoader - Seeing class for first time: org.springframework.boot.context.properties.source.PropertyMapping
08:38:24.027 [main] INFO org.evosuite.runtime.instrumentation.EvoClassLoader - Instrumenting class 'org.springframework.boot.context.properties.source.PropertyMapping'.
08:38:24.031 [main] INFO org.evosuite.runtime.instrumentation.MethodCallReplacementClassAdapter - Adding mock interface to class org/springframework/boot/context/properties/source/PropertyMapping
08:38:24.031 [main] INFO org.evosuite.runtime.instrumentation.CreateClassResetClassAdapter - Creating brand-new static initializer in class org/springframework/boot/context/properties/source/PropertyMapping
08:38:24.031 [main] INFO org.evosuite.runtime.instrumentation.EvoClassLoader - Keeping class: org.springframework.boot.context.properties.source.PropertyMapping
08:38:24.031 [main] INFO org.evosuite.runtime.instrumentation.EvoClassLoader - Seeing class for first time: org.springframework.boot.autoconfigure.SharedMetadataReaderFactoryContextInitializer
08:38:24.031 [main] INFO org.evosuite.runtime.instrumentation.EvoClassLoader - Instrumenting class 'org.springframework.boot.autoconfigure.SharedMetadataReaderFactoryContextInitializer'.
08:38:24.035 [main] INFO org.evosuite.runtime.instrumentation.MethodCallReplacementClassAdapter - Adding mock interface to class org/springframework/boot/autoconfigure/SharedMetadataReaderFactoryContextInitializer
08:38:24.035 [main] INFO org.evosuite.runtime.instrumentation.CreateClassResetClassAdapter - Creating brand-new static initializer in class org/springframework/boot/autoconfigure/SharedMetadataReaderFactoryContextInitializer
08:38:24.035 [main] INFO org.evosuite.runtime.instrumentation.CreateClassResetClassAdapter - Adding bytecode for initializing field BEAN_NAME
08:38:24.035 [main] INFO org.evosuite.runtime.instrumentation.EvoClassLoader - Keeping class: org.springframework.boot.autoconfigure.SharedMetadataReaderFactoryContextInitializer
08:38:24.035 [main] INFO org.evosuite.runtime.instrumentation.EvoClassLoader - Seeing class for first time: org.springframework.asm.ClassVisitor
08:38:24.035 [main] INFO org.evosuite.runtime.instrumentation.EvoClassLoader - Instrumenting class 'org.springframework.asm.ClassVisitor'.
08:38:24.039 [main] INFO org.evosuite.runtime.instrumentation.MethodCallReplacementClassAdapter - Adding mock interface to class org/springframework/asm/ClassVisitor
08:38:24.039 [main] INFO org.evosuite.runtime.instrumentation.CreateClassResetClassAdapter - Creating brand-new static initializer in class org/springframework/asm/ClassVisitor
08:38:24.039 [main] INFO org.evosuite.runtime.instrumentation.EvoClassLoader - Defined package (3): package org.springframework.asm, 2017885076
08:38:24.043 [main] INFO org.evosuite.runtime.instrumentation.EvoClassLoader - Keeping class: org.springframework.asm.ClassVisitor
08:38:24.043 [main] INFO org.evosuite.runtime.instrumentation.EvoClassLoader - Seeing class for first time: org.springframework.boot.env.YamlPropertySourceLoader
08:38:24.043 [main] INFO org.evosuite.runtime.instrumentation.EvoClassLoader - Instrumenting class 'org.springframework.boot.env.YamlPropertySourceLoader'.
08:38:24.043 [main] INFO org.evosuite.runtime.instrumentation.MethodCallReplacementClassAdapter - Adding mock interface to class org/springframework/boot/env/YamlPropertySourceLoader
08:38:24.047 [main] INFO org.evosuite.runtime.instrumentation.CreateClassResetClassAdapter - Creating brand-new static initializer in class org/springframework/boot/env/YamlPropertySourceLoader
08:38:24.047 [main] INFO org.evosuite.runtime.instrumentation.EvoClassLoader - Seeing class for first time: org.springframework.boot.env.PropertySourceLoader
08:38:24.047 [main] INFO org.evosuite.runtime.instrumentation.EvoClassLoader - Instrumenting class 'org.springframework.boot.env.PropertySourceLoader'.
08:38:24.051 [main] INFO org.evosuite.runtime.instrumentation.EvoClassLoader - Keeping class: org.springframework.boot.env.PropertySourceLoader
08:38:24.051 [main] INFO org.evosuite.runtime.instrumentation.EvoClassLoader - Keeping class: org.springframework.boot.env.YamlPropertySourceLoader
08:38:24.051 [main] INFO org.evosuite.runtime.instrumentation.EvoClassLoader - Seeing class for first time: org.springframework.boot.env.OriginTrackedPropertiesLoader
08:38:24.051 [main] INFO org.evosuite.runtime.instrumentation.EvoClassLoader - Instrumenting class 'org.springframework.boot.env.OriginTrackedPropertiesLoader'.
08:38:24.051 [main] INFO org.evosuite.runtime.instrumentation.MethodCallReplacementClassAdapter - Adding mock interface to class org/springframework/boot/env/OriginTrackedPropertiesLoader
08:38:24.051 [main] INFO org.evosuite.runtime.instrumentation.CreateClassResetClassAdapter - Creating brand-new static initializer in class org/springframework/boot/env/OriginTrackedPropertiesLoader
08:38:24.055 [main] INFO org.evosuite.runtime.instrumentation.EvoClassLoader - Keeping class: org.springframework.boot.env.OriginTrackedPropertiesLoader
08:38:24.055 [main] INFO org.evosuite.runtime.instrumentation.EvoClassLoader - Seeing class for first time: org.springframework.boot.origin.Origin
08:38:24.055 [main] INFO org.evosuite.runtime.instrumentation.EvoClassLoader - Instrumenting class 'org.springframework.boot.origin.Origin'.
08:38:24.055 [main] INFO org.evosuite.runtime.instrumentation.EvoClassLoader - Keeping class: org.springframework.boot.origin.Origin
08:38:24.055 [main] INFO org.evosuite.runtime.instrumentation.EvoClassLoader - Seeing class for first time: org.springframework.beans.factory.config.DependencyDescriptor
08:38:24.055 [main] INFO org.evosuite.runtime.instrumentation.EvoClassLoader - Instrumenting class 'org.springframework.beans.factory.config.DependencyDescriptor'.
08:38:24.059 [main] INFO org.evosuite.runtime.instrumentation.MethodCallReplacementClassAdapter - Adding mock interface to class org/springframework/beans/factory/config/DependencyDescriptor
08:38:24.059 [main] INFO org.evosuite.runtime.instrumentation.CreateClassResetClassAdapter - Creating brand-new static initializer in class org/springframework/beans/factory/config/DependencyDescriptor
08:38:24.059 [main] INFO org.evosuite.runtime.instrumentation.EvoClassLoader - Keeping class: org.springframework.beans.factory.config.DependencyDescriptor
08:38:24.059 [main] INFO org.evosuite.runtime.instrumentation.EvoClassLoader - Seeing class for first time: org.springframework.beans.factory.NoUniqueBeanDefinitionException
08:38:24.059 [main] INFO org.evosuite.runtime.instrumentation.EvoClassLoader - Instrumenting class 'org.springframework.beans.factory.NoUniqueBeanDefinitionException'.
08:38:24.063 [main] INFO org.evosuite.runtime.instrumentation.MethodCallReplacementClassAdapter - Adding mock interface to class org/springframework/beans/factory/NoUniqueBeanDefinitionException
08:38:24.063 [main] INFO org.evosuite.runtime.instrumentation.CreateClassResetClassAdapter - Creating brand-new static initializer in class org/springframework/beans/factory/NoUniqueBeanDefinitionException
08:38:24.063 [main] INFO org.evosuite.runtime.instrumentation.EvoClassLoader - Seeing class for first time: org.springframework.beans.factory.NoSuchBeanDefinitionException
08:38:24.063 [main] INFO org.evosuite.runtime.instrumentation.EvoClassLoader - Instrumenting class 'org.springframework.beans.factory.NoSuchBeanDefinitionException'.
08:38:24.067 [main] INFO org.evosuite.runtime.instrumentation.MethodCallReplacementClassAdapter - Adding mock interface to class org/springframework/beans/factory/NoSuchBeanDefinitionException
08:38:24.067 [main] INFO org.evosuite.runtime.instrumentation.CreateClassResetClassAdapter - Creating brand-new static initializer in class org/springframework/beans/factory/NoSuchBeanDefinitionException
08:38:24.067 [main] INFO org.evosuite.runtime.instrumentation.EvoClassLoader - Keeping class: org.springframework.beans.factory.NoSuchBeanDefinitionException
08:38:24.067 [main] INFO org.evosuite.runtime.instrumentation.EvoClassLoader - Keeping class: org.springframework.beans.factory.NoUniqueBeanDefinitionException
08:38:24.067 [main] INFO org.evosuite.runtime.instrumentation.EvoClassLoader - Seeing class for first time: org.springframework.beans.factory.config.DependencyDescriptor$1
08:38:24.067 [main] INFO org.evosuite.runtime.instrumentation.EvoClassLoader - Instrumenting class 'org.springframework.beans.factory.config.DependencyDescriptor$1'.
08:38:24.067 [main] INFO org.evosuite.runtime.instrumentation.MethodCallReplacementClassAdapter - Adding mock interface to class org/springframework/beans/factory/config/DependencyDescriptor$1
08:38:24.067 [main] INFO org.evosuite.runtime.instrumentation.EvoClassLoader - Keeping class: org.springframework.beans.factory.config.DependencyDescriptor$1
08:38:24.067 [main] INFO org.evosuite.runtime.instrumentation.EvoClassLoader - Seeing class for first time: org.springframework.context.annotation.PropertySources
08:38:24.067 [main] INFO org.evosuite.runtime.instrumentation.EvoClassLoader - Instrumenting class 'org.springframework.context.annotation.PropertySources'.
08:38:24.071 [main] INFO org.evosuite.runtime.instrumentation.EvoClassLoader - Keeping class: org.springframework.context.annotation.PropertySources
08:38:24.071 [main] INFO org.evosuite.runtime.instrumentation.EvoClassLoader - Seeing class for first time: org.springframework.core.annotation.AnnotationUtils$AnnotationCacheKey
08:38:24.071 [main] INFO org.evosuite.runtime.instrumentation.EvoClassLoader - Instrumenting class 'org.springframework.core.annotation.AnnotationUtils$AnnotationCacheKey'.
08:38:24.075 [main] INFO org.evosuite.runtime.instrumentation.MethodCallReplacementClassAdapter - Adding mock interface to class org/springframework/core/annotation/AnnotationUtils$AnnotationCacheKey
08:38:24.075 [main] INFO org.evosuite.runtime.instrumentation.CreateClassResetClassAdapter - Creating brand-new static initializer in class org/springframework/core/annotation/AnnotationUtils$AnnotationCacheKey
08:38:24.075 [main] INFO org.evosuite.runtime.instrumentation.EvoClassLoader - Keeping class: org.springframework.core.annotation.AnnotationUtils$AnnotationCacheKey
08:38:24.075 [main] INFO org.evosuite.runtime.instrumentation.EvoClassLoader - Seeing class for first time: org.springframework.beans.PropertyAccessor
08:38:24.075 [main] INFO org.evosuite.runtime.instrumentation.EvoClassLoader - Instrumenting class 'org.springframework.beans.PropertyAccessor'.
08:38:24.079 [main] INFO org.evosuite.runtime.instrumentation.EvoClassLoader - Keeping class: org.springframework.beans.PropertyAccessor
08:38:24.079 [main] INFO org.evosuite.runtime.instrumentation.EvoClassLoader - Seeing class for first time: org.springframework.boot.convert.DurationToStringConverter
08:38:24.079 [main] INFO org.evosuite.runtime.instrumentation.EvoClassLoader - Instrumenting class 'org.springframework.boot.convert.DurationToStringConverter'.
08:38:24.079 [main] INFO org.evosuite.runtime.instrumentation.MethodCallReplacementClassAdapter - Adding mock interface to class org/springframework/boot/convert/DurationToStringConverter
08:38:24.079 [main] INFO org.evosuite.runtime.instrumentation.CreateClassResetClassAdapter - Creating brand-new static initializer in class org/springframework/boot/convert/DurationToStringConverter
08:38:24.079 [main] INFO org.evosuite.runtime.instrumentation.EvoClassLoader - Keeping class: org.springframework.boot.convert.DurationToStringConverter
08:38:24.079 [main] INFO org.evosuite.runtime.instrumentation.EvoClassLoader - Seeing class for first time: org.springframework.format.datetime.standard.DateTimeConverters$LocalDateTimeToLocalDateConverter
08:38:24.079 [main] INFO org.evosuite.runtime.instrumentation.EvoClassLoader - Instrumenting class 'org.springframework.format.datetime.standard.DateTimeConverters$LocalDateTimeToLocalDateConverter'.
08:38:24.083 [main] INFO org.evosuite.runtime.instrumentation.MethodCallReplacementClassAdapter - Adding mock interface to class org/springframework/format/datetime/standard/DateTimeConverters$LocalDateTimeToLocalDateConverter
08:38:24.083 [main] INFO org.evosuite.runtime.instrumentation.CreateClassResetClassAdapter - Creating brand-new static initializer in class org/springframework/format/datetime/standard/DateTimeConverters$LocalDateTimeToLocalDateConverter
08:38:24.083 [main] INFO org.evosuite.runtime.instrumentation.EvoClassLoader - Keeping class: org.springframework.format.datetime.standard.DateTimeConverters$LocalDateTimeToLocalDateConverter
08:38:24.087 [main] INFO org.evosuite.runtime.instrumentation.EvoClassLoader - Seeing class for first time: org.springframework.aop.TargetClassAware
08:38:24.087 [main] INFO org.evosuite.runtime.instrumentation.EvoClassLoader - Instrumenting class 'org.springframework.aop.TargetClassAware'.
08:38:24.091 [main] INFO org.evosuite.runtime.instrumentation.EvoClassLoader - Defined package (3): package org.springframework.aop, 2017884955
08:38:24.091 [main] INFO org.evosuite.runtime.instrumentation.EvoClassLoader - Keeping class: org.springframework.aop.TargetClassAware
08:38:24.091 [main] INFO org.evosuite.runtime.instrumentation.EvoClassLoader - Seeing class for first time: org.springframework.context.annotation.ImportBeanDefinitionRegistrar
08:38:24.091 [main] INFO org.evosuite.runtime.instrumentation.EvoClassLoader - Instrumenting class 'org.springframework.context.annotation.ImportBeanDefinitionRegistrar'.
08:38:24.091 [main] INFO org.evosuite.runtime.instrumentation.EvoClassLoader - Keeping class: org.springframework.context.annotation.ImportBeanDefinitionRegistrar
08:38:24.091 [main] INFO org.evosuite.runtime.instrumentation.EvoClassLoader - Seeing class for first time: org.springframework.boot.context.properties.bind.IndexedElementsBinder$IndexedCollectionSupplier
08:38:24.091 [main] INFO org.evosuite.runtime.instrumentation.EvoClassLoader - Instrumenting class 'org.springframework.boot.context.properties.bind.IndexedElementsBinder$IndexedCollectionSupplier'.
08:38:24.095 [main] INFO org.evosuite.runtime.instrumentation.MethodCallReplacementClassAdapter - Adding mock interface to class org/springframework/boot/context/properties/bind/IndexedElementsBinder$IndexedCollectionSupplier
08:38:24.095 [main] INFO org.evosuite.runtime.instrumentation.CreateClassResetClassAdapter - Creating brand-new static initializer in class org/springframework/boot/context/properties/bind/IndexedElementsBinder$IndexedCollectionSupplier
08:38:24.095 [main] INFO org.evosuite.runtime.instrumentation.EvoClassLoader - Seeing class for first time: org.springframework.boot.context.properties.bind.AggregateBinder$AggregateSupplier
08:38:24.095 [main] INFO org.evosuite.runtime.instrumentation.EvoClassLoader - Instrumenting class 'org.springframework.boot.context.properties.bind.AggregateBinder$AggregateSupplier'.
08:38:24.095 [main] INFO org.evosuite.runtime.instrumentation.MethodCallReplacementClassAdapter - Adding mock interface to class org/springframework/boot/context/properties/bind/AggregateBinder$AggregateSupplier
08:38:24.095 [main] INFO org.evosuite.runtime.instrumentation.CreateClassResetClassAdapter - Creating brand-new static initializer in class org/springframework/boot/context/properties/bind/AggregateBinder$AggregateSupplier
08:38:24.095 [main] INFO org.evosuite.runtime.instrumentation.EvoClassLoader - Keeping class: org.springframework.boot.context.properties.bind.AggregateBinder$AggregateSupplier
08:38:24.095 [main] INFO org.evosuite.runtime.instrumentation.EvoClassLoader - Keeping class: org.springframework.boot.context.properties.bind.IndexedElementsBinder$IndexedCollectionSupplier
08:38:24.095 [main] INFO org.evosuite.runtime.instrumentation.EvoClassLoader - Seeing class for first time: org.springframework.boot.context.ContextIdApplicationContextInitializer$ContextId
08:38:24.095 [main] INFO org.evosuite.runtime.instrumentation.EvoClassLoader - Instrumenting class 'org.springframework.boot.context.ContextIdApplicationContextInitializer$ContextId'.
08:38:24.099 [main] INFO org.evosuite.runtime.instrumentation.MethodCallReplacementClassAdapter - Adding mock interface to class org/springframework/boot/context/ContextIdApplicationContextInitializer$ContextId
08:38:24.099 [main] INFO org.evosuite.runtime.instrumentation.CreateClassResetClassAdapter - Creating brand-new static initializer in class org/springframework/boot/context/ContextIdApplicationContextInitializer$ContextId
08:38:24.099 [main] INFO org.evosuite.runtime.instrumentation.EvoClassLoader - Keeping class: org.springframework.boot.context.ContextIdApplicationContextInitializer$ContextId
08:38:24.099 [main] INFO org.evosuite.runtime.instrumentation.EvoClassLoader - Seeing class for first time: org.springframework.boot.logging.LoggingInitializationContext
08:38:24.099 [main] INFO org.evosuite.runtime.instrumentation.EvoClassLoader - Instrumenting class 'org.springframework.boot.logging.LoggingInitializationContext'.
08:38:24.103 [main] INFO org.evosuite.runtime.instrumentation.MethodCallReplacementClassAdapter - Adding mock interface to class org/springframework/boot/logging/LoggingInitializationContext
08:38:24.103 [main] INFO org.evosuite.runtime.instrumentation.CreateClassResetClassAdapter - Creating brand-new static initializer in class org/springframework/boot/logging/LoggingInitializationContext
08:38:24.103 [main] INFO org.evosuite.runtime.instrumentation.EvoClassLoader - Defined package (3): package org.springframework.boot.logging, -2066075798
08:38:24.103 [main] INFO org.evosuite.runtime.instrumentation.EvoClassLoader - Keeping class: org.springframework.boot.logging.LoggingInitializationContext
08:38:24.103 [main] INFO org.evosuite.runtime.instrumentation.EvoClassLoader - Seeing class for first time: org.springframework.core.annotation.AliasFor
08:38:24.103 [main] INFO org.evosuite.runtime.instrumentation.EvoClassLoader - Instrumenting class 'org.springframework.core.annotation.AliasFor'.
08:38:24.107 [main] INFO org.evosuite.runtime.instrumentation.EvoClassLoader - Keeping class: org.springframework.core.annotation.AliasFor
08:38:24.107 [main] INFO org.evosuite.runtime.instrumentation.EvoClassLoader - Seeing class for first time: org.springframework.beans.factory.annotation.InjectionMetadata$InjectedElement
08:38:24.107 [main] INFO org.evosuite.runtime.instrumentation.EvoClassLoader - Instrumenting class 'org.springframework.beans.factory.annotation.InjectionMetadata$InjectedElement'.
08:38:24.107 [main] INFO org.evosuite.runtime.instrumentation.MethodCallReplacementClassAdapter - Adding mock interface to class org/springframework/beans/factory/annotation/InjectionMetadata$InjectedElement
08:38:24.111 [main] INFO org.evosuite.runtime.instrumentation.CreateClassResetClassAdapter - Creating brand-new static initializer in class org/springframework/beans/factory/annotation/InjectionMetadata$InjectedElement
08:38:24.111 [main] INFO org.evosuite.runtime.instrumentation.EvoClassLoader - Defined package (3): package org.springframework.beans.factory.annotation, -1564884955
08:38:24.111 [main] INFO org.evosuite.runtime.instrumentation.EvoClassLoader - Keeping class: org.springframework.beans.factory.annotation.InjectionMetadata$InjectedElement
08:38:24.111 [main] INFO org.evosuite.runtime.instrumentation.EvoClassLoader - Seeing class for first time: org.springframework.core.convert.support.GenericConversionService$ConverterCacheKey
08:38:24.111 [main] INFO org.evosuite.runtime.instrumentation.EvoClassLoader - Instrumenting class 'org.springframework.core.convert.support.GenericConversionService$ConverterCacheKey'.
08:38:24.111 [main] INFO org.evosuite.runtime.instrumentation.MethodCallReplacementClassAdapter - Adding mock interface to class org/springframework/core/convert/support/GenericConversionService$ConverterCacheKey
08:38:24.111 [main] INFO org.evosuite.runtime.instrumentation.CreateClassResetClassAdapter - Creating brand-new static initializer in class org/springframework/core/convert/support/GenericConversionService$ConverterCacheKey
08:38:24.115 [main] INFO org.evosuite.runtime.instrumentation.EvoClassLoader - Keeping class: org.springframework.core.convert.support.GenericConversionService$ConverterCacheKey
08:38:24.115 [main] INFO org.evosuite.runtime.instrumentation.EvoClassLoader - Seeing class for first time: org.springframework.expression.spel.SpelParserConfiguration
08:38:24.115 [main] INFO org.evosuite.runtime.instrumentation.EvoClassLoader - Instrumenting class 'org.springframework.expression.spel.SpelParserConfiguration'.
08:38:24.115 [main] INFO org.evosuite.runtime.instrumentation.MethodCallReplacementClassAdapter - Adding mock interface to class org/springframework/expression/spel/SpelParserConfiguration
08:38:24.115 [main] INFO org.evosuite.runtime.instrumentation.CreateClassResetClassAdapter - Found static initializer in class org/springframework/expression/spel/SpelParserConfiguration
08:38:24.115 [main] INFO org.evosuite.runtime.instrumentation.EvoClassLoader - Defined package (3): package org.springframework.expression.spel, -2145017613
08:38:24.115 [main] INFO org.evosuite.runtime.instrumentation.EvoClassLoader - Keeping class: org.springframework.expression.spel.SpelParserConfiguration
08:38:24.115 [main] INFO org.evosuite.runtime.instrumentation.EvoClassLoader - Seeing class for first time: org.springframework.expression.spel.SpelCompilerMode
08:38:24.115 [main] INFO org.evosuite.runtime.instrumentation.EvoClassLoader - Instrumenting class 'org.springframework.expression.spel.SpelCompilerMode'.
08:38:24.119 [main] INFO org.evosuite.runtime.instrumentation.MethodCallReplacementClassAdapter - Adding mock interface to class org/springframework/expression/spel/SpelCompilerMode
08:38:24.119 [main] INFO org.evosuite.runtime.instrumentation.CreateClassResetClassAdapter - Found static initializer in class org/springframework/expression/spel/SpelCompilerMode
08:38:24.119 [main] INFO org.evosuite.runtime.instrumentation.EvoClassLoader - Keeping class: org.springframework.expression.spel.SpelCompilerMode
08:38:24.119 [main] INFO org.evosuite.runtime.instrumentation.EvoClassLoader - Seeing class for first time: org.springframework.core.SerializableTypeWrapper$TypeProxyInvocationHandler
08:38:24.119 [main] INFO org.evosuite.runtime.instrumentation.EvoClassLoader - Instrumenting class 'org.springframework.core.SerializableTypeWrapper$TypeProxyInvocationHandler'.
08:38:24.123 [main] INFO org.evosuite.runtime.instrumentation.MethodCallReplacementClassAdapter - Adding mock interface to class org/springframework/core/SerializableTypeWrapper$TypeProxyInvocationHandler
08:38:24.123 [main] INFO org.evosuite.runtime.instrumentation.CreateClassResetClassAdapter - Creating brand-new static initializer in class org/springframework/core/SerializableTypeWrapper$TypeProxyInvocationHandler
08:38:24.123 [main] INFO org.evosuite.runtime.instrumentation.EvoClassLoader - Keeping class: org.springframework.core.SerializableTypeWrapper$TypeProxyInvocationHandler
08:38:24.123 [main] INFO org.evosuite.runtime.instrumentation.EvoClassLoader - Seeing class for first time: org.springframework.boot.autoconfigure.diagnostics.analyzer.NoSuchBeanDefinitionFailureAnalyzer
08:38:24.123 [main] INFO org.evosuite.runtime.instrumentation.EvoClassLoader - Instrumenting class 'org.springframework.boot.autoconfigure.diagnostics.analyzer.NoSuchBeanDefinitionFailureAnalyzer'.
08:38:24.123 [main] INFO org.evosuite.runtime.instrumentation.MethodCallReplacementClassAdapter - Adding mock interface to class org/springframework/boot/autoconfigure/diagnostics/analyzer/NoSuchBeanDefinitionFailureAnalyzer
08:38:24.127 [main] INFO org.evosuite.runtime.instrumentation.CreateClassResetClassAdapter - Creating brand-new static initializer in class org/springframework/boot/autoconfigure/diagnostics/analyzer/NoSuchBeanDefinitionFailureAnalyzer
08:38:24.127 [main] INFO org.evosuite.runtime.instrumentation.EvoClassLoader - Defined package (3): package org.springframework.boot.autoconfigure.diagnostics.analyzer, 1630460724
08:38:24.127 [main] INFO org.evosuite.runtime.instrumentation.EvoClassLoader - Seeing class for first time: org.springframework.boot.diagnostics.analyzer.AbstractInjectionFailureAnalyzer
08:38:24.127 [main] INFO org.evosuite.runtime.instrumentation.EvoClassLoader - Instrumenting class 'org.springframework.boot.diagnostics.analyzer.AbstractInjectionFailureAnalyzer'.
08:38:24.127 [main] INFO org.evosuite.runtime.instrumentation.MethodCallReplacementClassAdapter - Adding mock interface to class org/springframework/boot/diagnostics/analyzer/AbstractInjectionFailureAnalyzer
08:38:24.127 [main] INFO org.evosuite.runtime.instrumentation.CreateClassResetClassAdapter - Creating brand-new static initializer in class org/springframework/boot/diagnostics/analyzer/AbstractInjectionFailureAnalyzer
08:38:24.127 [main] INFO org.evosuite.runtime.instrumentation.EvoClassLoader - Defined package (3): package org.springframework.boot.diagnostics.analyzer, -1933013891
08:38:24.131 [main] INFO org.evosuite.runtime.instrumentation.EvoClassLoader - Seeing class for first time: org.springframework.boot.diagnostics.AbstractFailureAnalyzer
08:38:24.131 [main] INFO org.evosuite.runtime.instrumentation.EvoClassLoader - Instrumenting class 'org.springframework.boot.diagnostics.AbstractFailureAnalyzer'.
08:38:24.131 [main] INFO org.evosuite.runtime.instrumentation.MethodCallReplacementClassAdapter - Adding mock interface to class org/springframework/boot/diagnostics/AbstractFailureAnalyzer
08:38:24.131 [main] INFO org.evosuite.runtime.instrumentation.CreateClassResetClassAdapter - Creating brand-new static initializer in class org/springframework/boot/diagnostics/AbstractFailureAnalyzer
08:38:24.131 [main] INFO org.evosuite.runtime.instrumentation.EvoClassLoader - Keeping class: org.springframework.boot.diagnostics.AbstractFailureAnalyzer
08:38:24.131 [main] INFO org.evosuite.runtime.instrumentation.EvoClassLoader - Keeping class: org.springframework.boot.diagnostics.analyzer.AbstractInjectionFailureAnalyzer
08:38:24.131 [main] INFO org.evosuite.runtime.instrumentation.EvoClassLoader - Keeping class: org.springframework.boot.autoconfigure.diagnostics.analyzer.NoSuchBeanDefinitionFailureAnalyzer
08:38:24.131 [main] INFO org.evosuite.runtime.instrumentation.EvoClassLoader - Seeing class for first time: org.springframework.boot.context.properties.source.SystemEnvironmentPropertyMapper
08:38:24.131 [main] INFO org.evosuite.runtime.instrumentation.EvoClassLoader - Instrumenting class 'org.springframework.boot.context.properties.source.SystemEnvironmentPropertyMapper'.
08:38:24.135 [main] INFO org.evosuite.runtime.instrumentation.MethodCallReplacementClassAdapter - Adding mock interface to class org/springframework/boot/context/properties/source/SystemEnvironmentPropertyMapper
08:38:24.135 [main] INFO org.evosuite.runtime.instrumentation.CreateClassResetClassAdapter - Found static initializer in class org/springframework/boot/context/properties/source/SystemEnvironmentPropertyMapper
08:38:24.135 [main] INFO org.evosuite.runtime.instrumentation.EvoClassLoader - Keeping class: org.springframework.boot.context.properties.source.SystemEnvironmentPropertyMapper
08:38:24.135 [main] INFO org.evosuite.runtime.instrumentation.EvoClassLoader - Seeing class for first time: org.springframework.boot.context.properties.source.DefaultPropertyMapper$LastMapping
08:38:24.135 [main] INFO org.evosuite.runtime.instrumentation.EvoClassLoader - Instrumenting class 'org.springframework.boot.context.properties.source.DefaultPropertyMapper$LastMapping'.
08:38:24.139 [main] INFO org.evosuite.runtime.instrumentation.MethodCallReplacementClassAdapter - Adding mock interface to class org/springframework/boot/context/properties/source/DefaultPropertyMapper$LastMapping
08:38:24.139 [main] INFO org.evosuite.runtime.instrumentation.CreateClassResetClassAdapter - Creating brand-new static initializer in class org/springframework/boot/context/properties/source/DefaultPropertyMapper$LastMapping
08:38:24.139 [main] INFO org.evosuite.runtime.instrumentation.EvoClassLoader - Keeping class: org.springframework.boot.context.properties.source.DefaultPropertyMapper$LastMapping
08:38:24.139 [main] INFO org.evosuite.runtime.instrumentation.EvoClassLoader - Seeing class for first time: org.springframework.boot.autoconfigure.logging.ConditionEvaluationReportLoggingListener
08:38:24.139 [main] INFO org.evosuite.runtime.instrumentation.EvoClassLoader - Instrumenting class 'org.springframework.boot.autoconfigure.logging.ConditionEvaluationReportLoggingListener'.
08:38:24.143 [main] INFO org.evosuite.runtime.instrumentation.MethodCallReplacementClassAdapter - Adding mock interface to class org/springframework/boot/autoconfigure/logging/ConditionEvaluationReportLoggingListener
08:38:24.143 [main] INFO org.evosuite.runtime.instrumentation.CreateClassResetClassAdapter - Creating brand-new static initializer in class org/springframework/boot/autoconfigure/logging/ConditionEvaluationReportLoggingListener
08:38:24.143 [main] INFO org.evosuite.runtime.instrumentation.EvoClassLoader - Defined package (3): package org.springframework.boot.autoconfigure.logging, 1718043475
08:38:24.143 [main] INFO org.evosuite.runtime.instrumentation.EvoClassLoader - Keeping class: org.springframework.boot.autoconfigure.logging.ConditionEvaluationReportLoggingListener
08:38:24.143 [main] INFO org.evosuite.runtime.instrumentation.EvoClassLoader - Seeing class for first time: org.springframework.core.io.support.ResourceArrayPropertyEditor
08:38:24.143 [main] INFO org.evosuite.runtime.instrumentation.EvoClassLoader - Instrumenting class 'org.springframework.core.io.support.ResourceArrayPropertyEditor'.
08:38:24.143 [main] INFO org.evosuite.runtime.instrumentation.MethodCallReplacementClassAdapter - Adding mock interface to class org/springframework/core/io/support/ResourceArrayPropertyEditor
08:38:24.147 [main] INFO org.evosuite.runtime.instrumentation.CreateClassResetClassAdapter - Found static initializer in class org/springframework/core/io/support/ResourceArrayPropertyEditor
08:38:24.147 [main] INFO org.evosuite.runtime.instrumentation.EvoClassLoader - Keeping class: org.springframework.core.io.support.ResourceArrayPropertyEditor
08:38:24.151 [main] INFO org.evosuite.runtime.instrumentation.EvoClassLoader - Seeing class for first time: org.springframework.core.convert.support.StringToCharsetConverter
08:38:24.151 [main] INFO org.evosuite.runtime.instrumentation.EvoClassLoader - Instrumenting class 'org.springframework.core.convert.support.StringToCharsetConverter'.
08:38:24.151 [main] INFO org.evosuite.runtime.instrumentation.MethodCallReplacementClassAdapter - Adding mock interface to class org/springframework/core/convert/support/StringToCharsetConverter
08:38:24.151 [main] INFO org.evosuite.runtime.instrumentation.CreateClassResetClassAdapter - Creating brand-new static initializer in class org/springframework/core/convert/support/StringToCharsetConverter
08:38:24.151 [main] INFO org.evosuite.runtime.instrumentation.EvoClassLoader - Keeping class: org.springframework.core.convert.support.StringToCharsetConverter
08:38:24.151 [main] INFO org.evosuite.runtime.instrumentation.EvoClassLoader - Seeing class for first time: org.springframework.format.datetime.DateFormatterRegistrar$DateToLongConverter
08:38:24.151 [main] INFO org.evosuite.runtime.instrumentation.EvoClassLoader - Instrumenting class 'org.springframework.format.datetime.DateFormatterRegistrar$DateToLongConverter'.
08:38:24.155 [main] INFO org.evosuite.runtime.instrumentation.MethodCallReplacementClassAdapter - Adding mock interface to class org/springframework/format/datetime/DateFormatterRegistrar$DateToLongConverter
08:38:24.155 [main] INFO org.evosuite.runtime.instrumentation.CreateClassResetClassAdapter - Creating brand-new static initializer in class org/springframework/format/datetime/DateFormatterRegistrar$DateToLongConverter
08:38:24.155 [main] INFO org.evosuite.runtime.instrumentation.EvoClassLoader - Defined package (3): package org.springframework.format.datetime, 1800331051
08:38:24.155 [main] INFO org.evosuite.runtime.instrumentation.EvoClassLoader - Keeping class: org.springframework.format.datetime.DateFormatterRegistrar$DateToLongConverter
08:38:24.155 [main] INFO org.evosuite.runtime.instrumentation.EvoClassLoader - Seeing class for first time: org.springframework.util.NumberUtils
08:38:24.155 [main] INFO org.evosuite.runtime.instrumentation.EvoClassLoader - Instrumenting class 'org.springframework.util.NumberUtils'.
08:38:24.159 [main] INFO org.evosuite.runtime.instrumentation.MethodCallReplacementClassAdapter - Adding mock interface to class org/springframework/util/NumberUtils
08:38:24.159 [main] INFO org.evosuite.runtime.instrumentation.CreateClassResetClassAdapter - Found static initializer in class org/springframework/util/NumberUtils
08:38:24.163 [main] INFO org.evosuite.runtime.instrumentation.EvoClassLoader - Keeping class: org.springframework.util.NumberUtils
08:38:24.163 [main] INFO org.evosuite.runtime.instrumentation.EvoClassLoader - Seeing class for first time: org.springframework.util.ReflectionUtils$FieldCallback
08:38:24.163 [main] INFO org.evosuite.runtime.instrumentation.EvoClassLoader - Instrumenting class 'org.springframework.util.ReflectionUtils$FieldCallback'.
08:38:24.163 [main] INFO org.evosuite.runtime.instrumentation.EvoClassLoader - Keeping class: org.springframework.util.ReflectionUtils$FieldCallback
08:38:24.163 [main] INFO org.evosuite.runtime.instrumentation.EvoClassLoader - Seeing class for first time: org.springframework.boot.autoconfigure.condition.OnClassCondition$OutcomesResolver
08:38:24.167 [main] INFO org.evosuite.runtime.instrumentation.EvoClassLoader - Instrumenting class 'org.springframework.boot.autoconfigure.condition.OnClassCondition$OutcomesResolver'.
08:38:24.167 [main] INFO org.evosuite.runtime.instrumentation.EvoClassLoader - Keeping class: org.springframework.boot.autoconfigure.condition.OnClassCondition$OutcomesResolver
08:38:24.167 [main] INFO org.evosuite.runtime.instrumentation.EvoClassLoader - Seeing class for first time: org.springframework.core.convert.support.ConversionUtils
08:38:24.167 [main] INFO org.evosuite.runtime.instrumentation.EvoClassLoader - Instrumenting class 'org.springframework.core.convert.support.ConversionUtils'.
08:38:24.171 [main] INFO org.evosuite.runtime.instrumentation.MethodCallReplacementClassAdapter - Adding mock interface to class org/springframework/core/convert/support/ConversionUtils
08:38:24.171 [main] INFO org.evosuite.runtime.instrumentation.CreateClassResetClassAdapter - Creating brand-new static initializer in class org/springframework/core/convert/support/ConversionUtils
08:38:24.171 [main] INFO org.evosuite.runtime.instrumentation.EvoClassLoader - Keeping class: org.springframework.core.convert.support.ConversionUtils
08:38:24.171 [main] INFO org.evosuite.runtime.instrumentation.EvoClassLoader - Seeing class for first time: org.springframework.format.datetime.standard.DateTimeConverters$InstantToLongConverter
08:38:24.171 [main] INFO org.evosuite.runtime.instrumentation.EvoClassLoader - Instrumenting class 'org.springframework.format.datetime.standard.DateTimeConverters$InstantToLongConverter'.
08:38:24.171 [main] INFO org.evosuite.runtime.instrumentation.MethodCallReplacementClassAdapter - Adding mock interface to class org/springframework/format/datetime/standard/DateTimeConverters$InstantToLongConverter
08:38:24.171 [main] INFO org.evosuite.runtime.instrumentation.CreateClassResetClassAdapter - Creating brand-new static initializer in class org/springframework/format/datetime/standard/DateTimeConverters$InstantToLongConverter
08:38:24.171 [main] INFO org.evosuite.runtime.instrumentation.EvoClassLoader - Keeping class: org.springframework.format.datetime.standard.DateTimeConverters$InstantToLongConverter
08:38:24.171 [main] INFO org.evosuite.runtime.instrumentation.EvoClassLoader - Seeing class for first time: org.springframework.boot.context.properties.bind.BindConverter$TypeConverterConverter
08:38:24.171 [main] INFO org.evosuite.runtime.instrumentation.EvoClassLoader - Instrumenting class 'org.springframework.boot.context.properties.bind.BindConverter$TypeConverterConverter'.
08:38:24.175 [main] INFO org.evosuite.runtime.instrumentation.MethodCallReplacementClassAdapter - Adding mock interface to class org/springframework/boot/context/properties/bind/BindConverter$TypeConverterConverter
08:38:24.175 [main] INFO org.evosuite.runtime.instrumentation.CreateClassResetClassAdapter - Creating brand-new static initializer in class org/springframework/boot/context/properties/bind/BindConverter$TypeConverterConverter
08:38:24.175 [main] INFO org.evosuite.runtime.instrumentation.EvoClassLoader - Keeping class: org.springframework.boot.context.properties.bind.BindConverter$TypeConverterConverter
08:38:24.175 [main] INFO org.evosuite.runtime.instrumentation.EvoClassLoader - Seeing class for first time: org.springframework.beans.TypeConverter
08:38:24.175 [main] INFO org.evosuite.runtime.instrumentation.EvoClassLoader - Instrumenting class 'org.springframework.beans.TypeConverter'.
08:38:24.179 [main] INFO org.evosuite.runtime.instrumentation.EvoClassLoader - Keeping class: org.springframework.beans.TypeConverter
08:38:24.179 [main] INFO org.evosuite.runtime.instrumentation.EvoClassLoader - Seeing class for first time: org.springframework.boot.context.properties.source.ConfigurationPropertySources
08:38:24.179 [main] INFO org.evosuite.runtime.instrumentation.EvoClassLoader - Instrumenting class 'org.springframework.boot.context.properties.source.ConfigurationPropertySources'.
08:38:24.179 [main] INFO org.evosuite.runtime.instrumentation.MethodCallReplacementClassAdapter - Adding mock interface to class org/springframework/boot/context/properties/source/ConfigurationPropertySources
08:38:24.179 [main] INFO org.evosuite.runtime.instrumentation.CreateClassResetClassAdapter - Creating brand-new static initializer in class org/springframework/boot/context/properties/source/ConfigurationPropertySources
08:38:24.179 [main] INFO org.evosuite.runtime.instrumentation.CreateClassResetClassAdapter - Adding bytecode for initializing field ATTACHED_PROPERTY_SOURCE_NAME
08:38:24.183 [main] INFO org.evosuite.runtime.instrumentation.EvoClassLoader - Keeping class: org.springframework.boot.context.properties.source.ConfigurationPropertySources
08:38:24.183 [main] INFO org.evosuite.runtime.instrumentation.EvoClassLoader - Seeing class for first time: org.springframework.boot.context.properties.source.SpringIterableConfigurationPropertySource$Cache
08:38:24.183 [main] INFO org.evosuite.runtime.instrumentation.EvoClassLoader - Instrumenting class 'org.springframework.boot.context.properties.source.SpringIterableConfigurationPropertySource$Cache'.
08:38:24.183 [main] INFO org.evosuite.runtime.instrumentation.MethodCallReplacementClassAdapter - Adding mock interface to class org/springframework/boot/context/properties/source/SpringIterableConfigurationPropertySource$Cache
08:38:24.183 [main] INFO org.evosuite.runtime.instrumentation.CreateClassResetClassAdapter - Creating brand-new static initializer in class org/springframework/boot/context/properties/source/SpringIterableConfigurationPropertySource$Cache
08:38:24.183 [main] INFO org.evosuite.runtime.instrumentation.EvoClassLoader - Keeping class: org.springframework.boot.context.properties.source.SpringIterableConfigurationPropertySource$Cache
08:38:24.183 [main] INFO org.evosuite.runtime.instrumentation.EvoClassLoader - Seeing class for first time: org.springframework.boot.autoconfigure.logging.ConditionEvaluationReportLoggingListener$ConditionEvaluationReportListener
08:38:24.183 [main] INFO org.evosuite.runtime.instrumentation.EvoClassLoader - Instrumenting class 'org.springframework.boot.autoconfigure.logging.ConditionEvaluationReportLoggingListener$ConditionEvaluationReportListener'.
08:38:24.187 [main] INFO org.evosuite.runtime.instrumentation.MethodCallReplacementClassAdapter - Adding mock interface to class org/springframework/boot/autoconfigure/logging/ConditionEvaluationReportLoggingListener$ConditionEvaluationReportListener
08:38:24.187 [main] INFO org.evosuite.runtime.instrumentation.CreateClassResetClassAdapter - Creating brand-new static initializer in class org/springframework/boot/autoconfigure/logging/ConditionEvaluationReportLoggingListener$ConditionEvaluationReportListener
08:38:24.187 [main] INFO org.evosuite.runtime.instrumentation.EvoClassLoader - Seeing class for first time: org.springframework.context.event.GenericApplicationListener
08:38:24.187 [main] INFO org.evosuite.runtime.instrumentation.EvoClassLoader - Instrumenting class 'org.springframework.context.event.GenericApplicationListener'.
08:38:24.191 [main] INFO org.evosuite.runtime.instrumentation.EvoClassLoader - Keeping class: org.springframework.context.event.GenericApplicationListener
08:38:24.191 [main] INFO org.evosuite.runtime.instrumentation.EvoClassLoader - Keeping class: org.springframework.boot.autoconfigure.logging.ConditionEvaluationReportLoggingListener$ConditionEvaluationReportListener
08:38:24.191 [main] INFO org.evosuite.runtime.instrumentation.EvoClassLoader - Seeing class for first time: org.springframework.jmx.export.MBeanExporter
08:38:24.191 [main] INFO org.evosuite.runtime.instrumentation.EvoClassLoader - Instrumenting class 'org.springframework.jmx.export.MBeanExporter'.
08:38:24.191 [main] INFO org.evosuite.runtime.instrumentation.MethodCallReplacementClassAdapter - Adding mock interface to class org/springframework/jmx/export/MBeanExporter
08:38:24.199 [main] INFO org.evosuite.runtime.instrumentation.CreateClassResetClassAdapter - Found static initializer in class org/springframework/jmx/export/MBeanExporter
08:38:24.199 [main] INFO org.evosuite.runtime.instrumentation.EvoClassLoader - Defined package (3): package org.springframework.jmx.export, -739894028
08:38:24.199 [main] INFO org.evosuite.runtime.instrumentation.EvoClassLoader - Seeing class for first time: org.springframework.jmx.export.MBeanExportOperations
08:38:24.199 [main] INFO org.evosuite.runtime.instrumentation.EvoClassLoader - Instrumenting class 'org.springframework.jmx.export.MBeanExportOperations'.
08:38:24.203 [main] INFO org.evosuite.runtime.instrumentation.EvoClassLoader - Keeping class: org.springframework.jmx.export.MBeanExportOperations
08:38:24.203 [main] INFO org.evosuite.runtime.instrumentation.EvoClassLoader - Seeing class for first time: org.springframework.beans.factory.SmartInitializingSingleton
08:38:24.203 [main] INFO org.evosuite.runtime.instrumentation.EvoClassLoader - Instrumenting class 'org.springframework.beans.factory.SmartInitializingSingleton'.
08:38:24.203 [main] INFO org.evosuite.runtime.instrumentation.EvoClassLoader - Keeping class: org.springframework.beans.factory.SmartInitializingSingleton
08:38:24.203 [main] INFO org.evosuite.runtime.instrumentation.EvoClassLoader - Seeing class for first time: org.springframework.jmx.support.MBeanRegistrationSupport
08:38:24.203 [main] INFO org.evosuite.runtime.instrumentation.EvoClassLoader - Instrumenting class 'org.springframework.jmx.support.MBeanRegistrationSupport'.
08:38:24.207 [main] INFO org.evosuite.runtime.instrumentation.MethodCallReplacementClassAdapter - Adding mock interface to class org/springframework/jmx/support/MBeanRegistrationSupport
08:38:24.207 [main] INFO org.evosuite.runtime.instrumentation.CreateClassResetClassAdapter - Creating brand-new static initializer in class org/springframework/jmx/support/MBeanRegistrationSupport
08:38:24.207 [main] INFO org.evosuite.runtime.instrumentation.EvoClassLoader - Defined package (3): package org.springframework.jmx.support, -2007589233
08:38:24.207 [main] INFO org.evosuite.runtime.instrumentation.EvoClassLoader - Keeping class: org.springframework.jmx.support.MBeanRegistrationSupport
08:38:24.207 [main] INFO org.evosuite.runtime.instrumentation.EvoClassLoader - Keeping class: org.springframework.jmx.export.MBeanExporter
08:38:24.211 [main] INFO org.evosuite.runtime.instrumentation.EvoClassLoader - Seeing class for first time: org.springframework.jmx.export.assembler.MBeanInfoAssembler
08:38:24.211 [main] INFO org.evosuite.runtime.instrumentation.EvoClassLoader - Instrumenting class 'org.springframework.jmx.export.assembler.MBeanInfoAssembler'.
08:38:24.211 [main] INFO org.evosuite.runtime.instrumentation.EvoClassLoader - Defined package (3): package org.springframework.jmx.export.assembler, -852931482
08:38:24.211 [main] INFO org.evosuite.runtime.instrumentation.EvoClassLoader - Keeping class: org.springframework.jmx.export.assembler.MBeanInfoAssembler
08:38:24.211 [main] INFO org.evosuite.runtime.instrumentation.EvoClassLoader - Seeing class for first time: org.springframework.jmx.export.naming.ObjectNamingStrategy
08:38:24.211 [main] INFO org.evosuite.runtime.instrumentation.EvoClassLoader - Instrumenting class 'org.springframework.jmx.export.naming.ObjectNamingStrategy'.
08:38:24.211 [main] INFO org.evosuite.runtime.instrumentation.EvoClassLoader - Defined package (3): package org.springframework.jmx.export.naming, 58650306
08:38:24.211 [main] INFO org.evosuite.runtime.instrumentation.EvoClassLoader - Keeping class: org.springframework.jmx.export.naming.ObjectNamingStrategy
08:38:24.215 [main] INFO org.evosuite.runtime.instrumentation.EvoClassLoader - Seeing class for first time: org.springframework.jmx.export.notification.NotificationPublisher
08:38:24.215 [main] INFO org.evosuite.runtime.instrumentation.EvoClassLoader - Instrumenting class 'org.springframework.jmx.export.notification.NotificationPublisher'.
08:38:24.215 [main] INFO org.evosuite.runtime.instrumentation.EvoClassLoader - Defined package (3): package org.springframework.jmx.export.notification, -1169079387
08:38:24.215 [main] INFO org.evosuite.runtime.instrumentation.EvoClassLoader - Keeping class: org.springframework.jmx.export.notification.NotificationPublisher
08:38:24.215 [main] INFO org.evosuite.runtime.instrumentation.EvoClassLoader - Seeing class for first time: org.springframework.jmx.export.UnableToRegisterMBeanException
08:38:24.215 [main] INFO org.evosuite.runtime.instrumentation.EvoClassLoader - Instrumenting class 'org.springframework.jmx.export.UnableToRegisterMBeanException'.
08:38:24.215 [main] INFO org.evosuite.runtime.instrumentation.MethodCallReplacementClassAdapter - Adding mock interface to class org/springframework/jmx/export/UnableToRegisterMBeanException
08:38:24.219 [main] INFO org.evosuite.runtime.instrumentation.CreateClassResetClassAdapter - Creating brand-new static initializer in class org/springframework/jmx/export/UnableToRegisterMBeanException
08:38:24.219 [main] INFO org.evosuite.runtime.instrumentation.EvoClassLoader - Seeing class for first time: org.springframework.jmx.export.MBeanExportException
08:38:24.219 [main] INFO org.evosuite.runtime.instrumentation.EvoClassLoader - Instrumenting class 'org.springframework.jmx.export.MBeanExportException'.
08:38:24.219 [main] INFO org.evosuite.runtime.instrumentation.MethodCallReplacementClassAdapter - Adding mock interface to class org/springframework/jmx/export/MBeanExportException
08:38:24.219 [main] INFO org.evosuite.runtime.instrumentation.CreateClassResetClassAdapter - Creating brand-new static initializer in class org/springframework/jmx/export/MBeanExportException
08:38:24.219 [main] INFO org.evosuite.runtime.instrumentation.EvoClassLoader - Seeing class for first time: org.springframework.jmx.JmxException
08:38:24.219 [main] INFO org.evosuite.runtime.instrumentation.EvoClassLoader - Instrumenting class 'org.springframework.jmx.JmxException'.
08:38:24.223 [main] INFO org.evosuite.runtime.instrumentation.MethodCallReplacementClassAdapter - Adding mock interface to class org/springframework/jmx/JmxException
08:38:24.223 [main] INFO org.evosuite.runtime.instrumentation.CreateClassResetClassAdapter - Creating brand-new static initializer in class org/springframework/jmx/JmxException
08:38:24.223 [main] INFO org.evosuite.runtime.instrumentation.EvoClassLoader - Defined package (3): package org.springframework.jmx, 2017893550
08:38:24.223 [main] INFO org.evosuite.runtime.instrumentation.EvoClassLoader - Keeping class: org.springframework.jmx.JmxException
08:38:24.223 [main] INFO org.evosuite.runtime.instrumentation.EvoClassLoader - Keeping class: org.springframework.jmx.export.MBeanExportException
08:38:24.223 [main] INFO org.evosuite.runtime.instrumentation.EvoClassLoader - Keeping class: org.springframework.jmx.export.UnableToRegisterMBeanException
08:38:24.223 [main] INFO org.evosuite.runtime.instrumentation.EvoClassLoader - Seeing class for first time: org.springframework.jmx.export.SpringModelMBean
08:38:24.223 [main] INFO org.evosuite.runtime.instrumentation.EvoClassLoader - Instrumenting class 'org.springframework.jmx.export.SpringModelMBean'.
08:38:24.227 [main] INFO org.evosuite.runtime.instrumentation.MethodCallReplacementClassAdapter - Adding mock interface to class org/springframework/jmx/export/SpringModelMBean
08:38:24.227 [main] INFO org.evosuite.runtime.instrumentation.CreateClassResetClassAdapter - Creating brand-new static initializer in class org/springframework/jmx/export/SpringModelMBean
08:38:24.227 [main] INFO org.evosuite.runtime.instrumentation.EvoClassLoader - Keeping class: org.springframework.jmx.export.SpringModelMBean
08:38:24.227 [main] INFO org.evosuite.runtime.instrumentation.EvoClassLoader - Seeing class for first time: org.springframework.beans.factory.CannotLoadBeanClassException
08:38:24.227 [main] INFO org.evosuite.runtime.instrumentation.EvoClassLoader - Instrumenting class 'org.springframework.beans.factory.CannotLoadBeanClassException'.
08:38:24.227 [main] INFO org.evosuite.runtime.instrumentation.MethodCallReplacementClassAdapter - Adding mock interface to class org/springframework/beans/factory/CannotLoadBeanClassException
08:38:24.227 [main] INFO org.evosuite.runtime.instrumentation.CreateClassResetClassAdapter - Creating brand-new static initializer in class org/springframework/beans/factory/CannotLoadBeanClassException
08:38:24.227 [main] INFO org.evosuite.runtime.instrumentation.EvoClassLoader - Keeping class: org.springframework.beans.factory.CannotLoadBeanClassException
08:38:24.227 [main] INFO org.evosuite.runtime.instrumentation.EvoClassLoader - Seeing class for first time: org.springframework.aop.TargetSource
08:38:24.227 [main] INFO org.evosuite.runtime.instrumentation.EvoClassLoader - Instrumenting class 'org.springframework.aop.TargetSource'.
08:38:24.231 [main] INFO org.evosuite.runtime.instrumentation.EvoClassLoader - Keeping class: org.springframework.aop.TargetSource
08:38:24.231 [main] INFO org.evosuite.runtime.instrumentation.EvoClassLoader - Seeing class for first time: org.springframework.util.ReflectionUtils
08:38:24.231 [main] INFO org.evosuite.runtime.instrumentation.EvoClassLoader - Instrumenting class 'org.springframework.util.ReflectionUtils'.
08:38:24.235 [main] INFO org.evosuite.runtime.instrumentation.MethodCallReplacementClassAdapter - Adding mock interface to class org/springframework/util/ReflectionUtils
08:38:24.243 [main] INFO org.evosuite.runtime.instrumentation.CreateClassResetClassAdapter - Found static initializer in class org/springframework/util/ReflectionUtils
08:38:24.247 [main] INFO org.evosuite.runtime.instrumentation.EvoClassLoader - Keeping class: org.springframework.util.ReflectionUtils
08:38:24.247 [main] INFO org.evosuite.runtime.instrumentation.EvoClassLoader - Seeing class for first time: org.springframework.util.ReflectionUtils$MethodFilter
08:38:24.247 [main] INFO org.evosuite.runtime.instrumentation.EvoClassLoader - Instrumenting class 'org.springframework.util.ReflectionUtils$MethodFilter'.
08:38:24.247 [main] INFO org.evosuite.runtime.instrumentation.EvoClassLoader - Keeping class: org.springframework.util.ReflectionUtils$MethodFilter
08:38:24.251 [main] INFO org.evosuite.runtime.instrumentation.EvoClassLoader - Seeing class for first time: org.springframework.util.ReflectionUtils$FieldFilter
08:38:24.251 [main] INFO org.evosuite.runtime.instrumentation.EvoClassLoader - Instrumenting class 'org.springframework.util.ReflectionUtils$FieldFilter'.
08:38:24.251 [main] INFO org.evosuite.runtime.instrumentation.EvoClassLoader - Keeping class: org.springframework.util.ReflectionUtils$FieldFilter
08:38:24.255 [main] INFO org.evosuite.runtime.instrumentation.EvoClassLoader - Seeing class for first time: org.springframework.beans.factory.BeanExpressionException
08:38:24.255 [main] INFO org.evosuite.runtime.instrumentation.EvoClassLoader - Instrumenting class 'org.springframework.beans.factory.BeanExpressionException'.
08:38:24.259 [main] INFO org.evosuite.runtime.instrumentation.MethodCallReplacementClassAdapter - Adding mock interface to class org/springframework/beans/factory/BeanExpressionException
08:38:24.259 [main] INFO org.evosuite.runtime.instrumentation.CreateClassResetClassAdapter - Creating brand-new static initializer in class org/springframework/beans/factory/BeanExpressionException
08:38:24.259 [main] INFO org.evosuite.runtime.instrumentation.EvoClassLoader - Keeping class: org.springframework.beans.factory.BeanExpressionException
08:38:24.259 [main] INFO org.evosuite.runtime.instrumentation.EvoClassLoader - Seeing class for first time: org.springframework.jndi.JndiCallback
08:38:24.259 [main] INFO org.evosuite.runtime.instrumentation.EvoClassLoader - Instrumenting class 'org.springframework.jndi.JndiCallback'.
08:38:24.259 [main] INFO org.evosuite.runtime.instrumentation.EvoClassLoader - Defined package (3): package org.springframework.jndi, -1869808944
08:38:24.259 [main] INFO org.evosuite.runtime.instrumentation.EvoClassLoader - Keeping class: org.springframework.jndi.JndiCallback
08:38:24.259 [main] INFO org.evosuite.runtime.instrumentation.EvoClassLoader - Seeing class for first time: org.springframework.beans.factory.support.DefaultSingletonBeanRegistry
08:38:24.259 [main] INFO org.evosuite.runtime.instrumentation.EvoClassLoader - Instrumenting class 'org.springframework.beans.factory.support.DefaultSingletonBeanRegistry'.
08:38:24.263 [main] INFO org.evosuite.runtime.instrumentation.MethodCallReplacementClassAdapter - Adding mock interface to class org/springframework/beans/factory/support/DefaultSingletonBeanRegistry
08:38:24.267 [main] INFO org.evosuite.runtime.instrumentation.CreateClassResetClassAdapter - Creating brand-new static initializer in class org/springframework/beans/factory/support/DefaultSingletonBeanRegistry
08:38:24.271 [main] INFO org.evosuite.runtime.instrumentation.EvoClassLoader - Seeing class for first time: org.springframework.beans.factory.config.SingletonBeanRegistry
08:38:24.271 [main] INFO org.evosuite.runtime.instrumentation.EvoClassLoader - Instrumenting class 'org.springframework.beans.factory.config.SingletonBeanRegistry'.
08:38:24.271 [main] INFO org.evosuite.runtime.instrumentation.EvoClassLoader - Keeping class: org.springframework.beans.factory.config.SingletonBeanRegistry
08:38:24.271 [main] INFO org.evosuite.runtime.instrumentation.EvoClassLoader - Seeing class for first time: org.springframework.core.SimpleAliasRegistry
08:38:24.275 [main] INFO org.evosuite.runtime.instrumentation.EvoClassLoader - Instrumenting class 'org.springframework.core.SimpleAliasRegistry'.
08:38:24.275 [main] INFO org.evosuite.runtime.instrumentation.MethodCallReplacementClassAdapter - Adding mock interface to class org/springframework/core/SimpleAliasRegistry
08:38:24.279 [main] INFO org.evosuite.runtime.instrumentation.CreateClassResetClassAdapter - Creating brand-new static initializer in class org/springframework/core/SimpleAliasRegistry
08:38:24.279 [main] INFO org.evosuite.runtime.instrumentation.EvoClassLoader - Seeing class for first time: org.springframework.core.AliasRegistry
08:38:24.279 [main] INFO org.evosuite.runtime.instrumentation.EvoClassLoader - Instrumenting class 'org.springframework.core.AliasRegistry'.
08:38:24.279 [main] INFO org.evosuite.runtime.instrumentation.EvoClassLoader - Keeping class: org.springframework.core.AliasRegistry
08:38:24.279 [main] INFO org.evosuite.runtime.instrumentation.EvoClassLoader - Keeping class: org.springframework.core.SimpleAliasRegistry
08:38:24.283 [main] INFO org.evosuite.runtime.instrumentation.EvoClassLoader - Keeping class: org.springframework.beans.factory.support.DefaultSingletonBeanRegistry
08:38:24.283 [main] INFO org.evosuite.runtime.instrumentation.EvoClassLoader - Seeing class for first time: org.springframework.beans.factory.BeanCreationException
08:38:24.283 [main] INFO org.evosuite.runtime.instrumentation.EvoClassLoader - Instrumenting class 'org.springframework.beans.factory.BeanCreationException'.
08:38:24.283 [main] INFO org.evosuite.runtime.instrumentation.MethodCallReplacementClassAdapter - Adding mock interface to class org/springframework/beans/factory/BeanCreationException
08:38:24.287 [main] INFO org.evosuite.runtime.instrumentation.CreateClassResetClassAdapter - Creating brand-new static initializer in class org/springframework/beans/factory/BeanCreationException
08:38:24.287 [main] INFO org.evosuite.runtime.instrumentation.EvoClassLoader - Keeping class: org.springframework.beans.factory.BeanCreationException
08:38:24.287 [main] INFO org.evosuite.runtime.instrumentation.EvoClassLoader - Seeing class for first time: org.springframework.beans.factory.BeanCreationNotAllowedException
08:38:24.287 [main] INFO org.evosuite.runtime.instrumentation.EvoClassLoader - Instrumenting class 'org.springframework.beans.factory.BeanCreationNotAllowedException'.
08:38:24.287 [main] INFO org.evosuite.runtime.instrumentation.MethodCallReplacementClassAdapter - Adding mock interface to class org/springframework/beans/factory/BeanCreationNotAllowedException
08:38:24.287 [main] INFO org.evosuite.runtime.instrumentation.CreateClassResetClassAdapter - Creating brand-new static initializer in class org/springframework/beans/factory/BeanCreationNotAllowedException
08:38:24.291 [main] INFO org.evosuite.runtime.instrumentation.EvoClassLoader - Keeping class: org.springframework.beans.factory.BeanCreationNotAllowedException
08:38:24.291 [main] INFO org.evosuite.runtime.instrumentation.EvoClassLoader - Seeing class for first time: org.springframework.beans.factory.BeanCurrentlyInCreationException
08:38:24.291 [main] INFO org.evosuite.runtime.instrumentation.EvoClassLoader - Instrumenting class 'org.springframework.beans.factory.BeanCurrentlyInCreationException'.
08:38:24.291 [main] INFO org.evosuite.runtime.instrumentation.MethodCallReplacementClassAdapter - Adding mock interface to class org/springframework/beans/factory/BeanCurrentlyInCreationException
08:38:24.291 [main] INFO org.evosuite.runtime.instrumentation.CreateClassResetClassAdapter - Creating brand-new static initializer in class org/springframework/beans/factory/BeanCurrentlyInCreationException
08:38:24.291 [main] INFO org.evosuite.runtime.instrumentation.EvoClassLoader - Keeping class: org.springframework.beans.factory.BeanCurrentlyInCreationException
08:38:24.295 [main] INFO org.evosuite.runtime.instrumentation.EvoClassLoader - Seeing class for first time: org.springframework.core.convert.support.StringToEnumConverterFactory
08:38:24.295 [main] INFO org.evosuite.runtime.instrumentation.EvoClassLoader - Instrumenting class 'org.springframework.core.convert.support.StringToEnumConverterFactory'.
08:38:24.295 [main] INFO org.evosuite.runtime.instrumentation.MethodCallReplacementClassAdapter - Adding mock interface to class org/springframework/core/convert/support/StringToEnumConverterFactory
08:38:24.295 [main] INFO org.evosuite.runtime.instrumentation.CreateClassResetClassAdapter - Creating brand-new static initializer in class org/springframework/core/convert/support/StringToEnumConverterFactory
08:38:24.295 [main] INFO org.evosuite.runtime.instrumentation.EvoClassLoader - Keeping class: org.springframework.core.convert.support.StringToEnumConverterFactory
08:38:24.295 [main] INFO org.evosuite.runtime.instrumentation.EvoClassLoader - Seeing class for first time: org.springframework.format.datetime.DateFormatterRegistrar$LongToCalendarConverter
08:38:24.295 [main] INFO org.evosuite.runtime.instrumentation.EvoClassLoader - Instrumenting class 'org.springframework.format.datetime.DateFormatterRegistrar$LongToCalendarConverter'.
08:38:24.299 [main] INFO org.evosuite.runtime.instrumentation.MethodCallReplacementClassAdapter - Adding mock interface to class org/springframework/format/datetime/DateFormatterRegistrar$LongToCalendarConverter
08:38:24.299 [main] INFO org.evosuite.runtime.instrumentation.CreateClassResetClassAdapter - Creating brand-new static initializer in class org/springframework/format/datetime/DateFormatterRegistrar$LongToCalendarConverter
08:38:24.299 [main] INFO org.evosuite.runtime.instrumentation.EvoClassLoader - Keeping class: org.springframework.format.datetime.DateFormatterRegistrar$LongToCalendarConverter
08:38:24.299 [main] INFO org.evosuite.runtime.instrumentation.EvoClassLoader - Seeing class for first time: org.springframework.core.type.AnnotationMetadata
08:38:24.299 [main] INFO org.evosuite.runtime.instrumentation.EvoClassLoader - Instrumenting class 'org.springframework.core.type.AnnotationMetadata'.
08:38:24.303 [main] INFO org.evosuite.runtime.instrumentation.EvoClassLoader - Seeing class for first time: org.springframework.core.type.ClassMetadata
08:38:24.303 [main] INFO org.evosuite.runtime.instrumentation.EvoClassLoader - Instrumenting class 'org.springframework.core.type.ClassMetadata'.
08:38:24.303 [main] INFO org.evosuite.runtime.instrumentation.EvoClassLoader - Keeping class: org.springframework.core.type.ClassMetadata
08:38:24.303 [main] INFO org.evosuite.runtime.instrumentation.EvoClassLoader - Keeping class: org.springframework.core.type.AnnotationMetadata
08:38:24.303 [main] INFO org.evosuite.runtime.instrumentation.EvoClassLoader - Seeing class for first time: org.springframework.core.type.StandardClassMetadata
08:38:24.303 [main] INFO org.evosuite.runtime.instrumentation.EvoClassLoader - Instrumenting class 'org.springframework.core.type.StandardClassMetadata'.
08:38:24.307 [main] INFO org.evosuite.runtime.instrumentation.MethodCallReplacementClassAdapter - Adding mock interface to class org/springframework/core/type/StandardClassMetadata
08:38:24.307 [main] INFO org.evosuite.runtime.instrumentation.CreateClassResetClassAdapter - Creating brand-new static initializer in class org/springframework/core/type/StandardClassMetadata
08:38:24.307 [main] INFO org.evosuite.runtime.instrumentation.EvoClassLoader - Keeping class: org.springframework.core.type.StandardClassMetadata
08:38:24.307 [main] INFO org.evosuite.runtime.instrumentation.EvoClassLoader - Seeing class for first time: org.springframework.boot.context.event.ApplicationStartingEvent
08:38:24.307 [main] INFO org.evosuite.runtime.instrumentation.EvoClassLoader - Instrumenting class 'org.springframework.boot.context.event.ApplicationStartingEvent'.
08:38:24.311 [main] INFO org.evosuite.runtime.instrumentation.MethodCallReplacementClassAdapter - Adding mock interface to class org/springframework/boot/context/event/ApplicationStartingEvent
08:38:24.311 [main] INFO org.evosuite.runtime.instrumentation.CreateClassResetClassAdapter - Creating brand-new static initializer in class org/springframework/boot/context/event/ApplicationStartingEvent
08:38:24.311 [main] INFO org.evosuite.runtime.instrumentation.EvoClassLoader - Keeping class: org.springframework.boot.context.event.ApplicationStartingEvent
08:38:24.311 [main] INFO org.evosuite.runtime.instrumentation.EvoClassLoader - Seeing class for first time: org.springframework.boot.autoconfigure.condition.OnClassCondition
08:38:24.311 [main] INFO org.evosuite.runtime.instrumentation.EvoClassLoader - Instrumenting class 'org.springframework.boot.autoconfigure.condition.OnClassCondition'.
08:38:24.315 [main] INFO org.evosuite.runtime.instrumentation.MethodCallReplacementClassAdapter - Adding mock interface to class org/springframework/boot/autoconfigure/condition/OnClassCondition
08:38:24.315 [main] INFO org.evosuite.runtime.instrumentation.CreateClassResetClassAdapter - Creating brand-new static initializer in class org/springframework/boot/autoconfigure/condition/OnClassCondition
08:38:24.315 [main] INFO org.evosuite.runtime.instrumentation.EvoClassLoader - Keeping class: org.springframework.boot.autoconfigure.condition.OnClassCondition
08:38:24.319 [main] INFO org.evosuite.runtime.instrumentation.EvoClassLoader - Seeing class for first time: org.springframework.web.context.support.WebApplicationContextUtils$WebRequestObjectFactory
08:38:24.319 [main] INFO org.evosuite.runtime.instrumentation.EvoClassLoader - Instrumenting class 'org.springframework.web.context.support.WebApplicationContextUtils$WebRequestObjectFactory'.
08:38:24.323 [main] INFO org.evosuite.runtime.instrumentation.MethodCallReplacementClassAdapter - Adding mock interface to class org/springframework/web/context/support/WebApplicationContextUtils$WebRequestObjectFactory
08:38:24.323 [main] INFO org.evosuite.runtime.instrumentation.CreateClassResetClassAdapter - Creating brand-new static initializer in class org/springframework/web/context/support/WebApplicationContextUtils$WebRequestObjectFactory
08:38:24.327 [main] INFO org.evosuite.runtime.instrumentation.EvoClassLoader - Keeping class: org.springframework.web.context.support.WebApplicationContextUtils$WebRequestObjectFactory
08:38:24.327 [main] INFO org.evosuite.runtime.instrumentation.EvoClassLoader - Seeing class for first time: org.springframework.web.context.request.WebRequest
08:38:24.327 [main] INFO org.evosuite.runtime.instrumentation.EvoClassLoader - Instrumenting class 'org.springframework.web.context.request.WebRequest'.
08:38:24.331 [main] INFO org.evosuite.runtime.instrumentation.EvoClassLoader - Defined package (3): package org.springframework.web.context.request, 1828145615
08:38:24.331 [main] INFO org.evosuite.runtime.instrumentation.EvoClassLoader - Seeing class for first time: org.springframework.web.context.request.RequestAttributes
08:38:24.331 [main] INFO org.evosuite.runtime.instrumentation.EvoClassLoader - Instrumenting class 'org.springframework.web.context.request.RequestAttributes'.
08:38:24.339 [main] INFO org.evosuite.runtime.instrumentation.EvoClassLoader - Keeping class: org.springframework.web.context.request.RequestAttributes
08:38:24.339 [main] INFO org.evosuite.runtime.instrumentation.EvoClassLoader - Keeping class: org.springframework.web.context.request.WebRequest
08:38:24.339 [main] INFO org.evosuite.runtime.instrumentation.EvoClassLoader - Seeing class for first time: org.springframework.transaction.PlatformTransactionManager
08:38:24.339 [main] INFO org.evosuite.runtime.instrumentation.EvoClassLoader - Instrumenting class 'org.springframework.transaction.PlatformTransactionManager'.
08:38:24.343 [main] INFO org.evosuite.runtime.instrumentation.EvoClassLoader - Error while loading class: java.lang.ClassNotFoundException: Class 'org/springframework/transaction/PlatformTransactionManager.class' should be in target project, but could not be found!
08:38:24.343 [main] ERROR org.evosuite.runtime.classhandling.ClassStateSupport - Could not initialize org.springframework.transaction.PlatformTransactionManager: Class 'org/springframework/transaction/PlatformTransactionManager.class' should be in target project, but could not be found!
08:38:24.343 [main] INFO org.evosuite.runtime.instrumentation.EvoClassLoader - Seeing class for first time: org.springframework.format.datetime.DateFormatterRegistrar$CalendarToLongConverter
08:38:24.343 [main] INFO org.evosuite.runtime.instrumentation.EvoClassLoader - Instrumenting class 'org.springframework.format.datetime.DateFormatterRegistrar$CalendarToLongConverter'.
08:38:24.347 [main] INFO org.evosuite.runtime.instrumentation.MethodCallReplacementClassAdapter - Adding mock interface to class org/springframework/format/datetime/DateFormatterRegistrar$CalendarToLongConverter
08:38:24.347 [main] INFO org.evosuite.runtime.instrumentation.CreateClassResetClassAdapter - Creating brand-new static initializer in class org/springframework/format/datetime/DateFormatterRegistrar$CalendarToLongConverter
08:38:24.347 [main] INFO org.evosuite.runtime.instrumentation.EvoClassLoader - Keeping class: org.springframework.format.datetime.DateFormatterRegistrar$CalendarToLongConverter
08:38:24.347 [main] INFO org.evosuite.runtime.instrumentation.EvoClassLoader - Seeing class for first time: org.springframework.boot.diagnostics.analyzer.NoUniqueBeanDefinitionFailureAnalyzer
08:38:24.347 [main] INFO org.evosuite.runtime.instrumentation.EvoClassLoader - Instrumenting class 'org.springframework.boot.diagnostics.analyzer.NoUniqueBeanDefinitionFailureAnalyzer'.
08:38:24.351 [main] INFO org.evosuite.runtime.instrumentation.MethodCallReplacementClassAdapter - Adding mock interface to class org/springframework/boot/diagnostics/analyzer/NoUniqueBeanDefinitionFailureAnalyzer
08:38:24.359 [main] INFO org.evosuite.runtime.instrumentation.CreateClassResetClassAdapter - Creating brand-new static initializer in class org/springframework/boot/diagnostics/analyzer/NoUniqueBeanDefinitionFailureAnalyzer
08:38:24.359 [main] INFO org.evosuite.runtime.instrumentation.EvoClassLoader - Keeping class: org.springframework.boot.diagnostics.analyzer.NoUniqueBeanDefinitionFailureAnalyzer
08:38:24.359 [main] INFO org.evosuite.runtime.instrumentation.EvoClassLoader - Seeing class for first time: org.springframework.core.convert.support.EnumToStringConverter
08:38:24.359 [main] INFO org.evosuite.runtime.instrumentation.EvoClassLoader - Instrumenting class 'org.springframework.core.convert.support.EnumToStringConverter'.
08:38:24.359 [main] INFO org.evosuite.runtime.instrumentation.MethodCallReplacementClassAdapter - Adding mock interface to class org/springframework/core/convert/support/EnumToStringConverter
08:38:24.363 [main] INFO org.evosuite.runtime.instrumentation.CreateClassResetClassAdapter - Creating brand-new static initializer in class org/springframework/core/convert/support/EnumToStringConverter
08:38:24.363 [main] INFO org.evosuite.runtime.instrumentation.EvoClassLoader - Seeing class for first time: org.springframework.core.convert.support.AbstractConditionalEnumConverter
08:38:24.363 [main] INFO org.evosuite.runtime.instrumentation.EvoClassLoader - Instrumenting class 'org.springframework.core.convert.support.AbstractConditionalEnumConverter'.
08:38:24.363 [main] INFO org.evosuite.runtime.instrumentation.MethodCallReplacementClassAdapter - Adding mock interface to class org/springframework/core/convert/support/AbstractConditionalEnumConverter
08:38:24.363 [main] INFO org.evosuite.runtime.instrumentation.CreateClassResetClassAdapter - Creating brand-new static initializer in class org/springframework/core/convert/support/AbstractConditionalEnumConverter
08:38:24.363 [main] INFO org.evosuite.runtime.instrumentation.EvoClassLoader - Keeping class: org.springframework.core.convert.support.AbstractConditionalEnumConverter
08:38:24.363 [main] INFO org.evosuite.runtime.instrumentation.EvoClassLoader - Keeping class: org.springframework.core.convert.support.EnumToStringConverter
08:38:24.363 [main] INFO org.evosuite.runtime.instrumentation.EvoClassLoader - Seeing class for first time: org.springframework.expression.spel.SpelEvaluationException
08:38:24.363 [main] INFO org.evosuite.runtime.instrumentation.EvoClassLoader - Instrumenting class 'org.springframework.expression.spel.SpelEvaluationException'.
08:38:24.367 [main] INFO org.evosuite.runtime.instrumentation.MethodCallReplacementClassAdapter - Adding mock interface to class org/springframework/expression/spel/SpelEvaluationException
08:38:24.367 [main] INFO org.evosuite.runtime.instrumentation.CreateClassResetClassAdapter - Creating brand-new static initializer in class org/springframework/expression/spel/SpelEvaluationException
08:38:24.367 [main] INFO org.evosuite.runtime.instrumentation.EvoClassLoader - Seeing class for first time: org.springframework.expression.EvaluationException
08:38:24.367 [main] INFO org.evosuite.runtime.instrumentation.EvoClassLoader - Instrumenting class 'org.springframework.expression.EvaluationException'.
08:38:24.371 [main] INFO org.evosuite.runtime.instrumentation.MethodCallReplacementClassAdapter - Adding mock interface to class org/springframework/expression/EvaluationException
08:38:24.371 [main] INFO org.evosuite.runtime.instrumentation.CreateClassResetClassAdapter - Creating brand-new static initializer in class org/springframework/expression/EvaluationException
08:38:24.371 [main] INFO org.evosuite.runtime.instrumentation.EvoClassLoader - Seeing class for first time: org.springframework.expression.ExpressionException
08:38:24.371 [main] INFO org.evosuite.runtime.instrumentation.EvoClassLoader - Instrumenting class 'org.springframework.expression.ExpressionException'.
08:38:24.371 [main] INFO org.evosuite.runtime.instrumentation.MethodCallReplacementClassAdapter - Adding mock interface to class org/springframework/expression/ExpressionException
08:38:24.375 [main] INFO org.evosuite.runtime.instrumentation.CreateClassResetClassAdapter - Creating brand-new static initializer in class org/springframework/expression/ExpressionException
08:38:24.375 [main] INFO org.evosuite.runtime.instrumentation.EvoClassLoader - Keeping class: org.springframework.expression.ExpressionException
08:38:24.375 [main] INFO org.evosuite.runtime.instrumentation.EvoClassLoader - Keeping class: org.springframework.expression.EvaluationException
08:38:24.375 [main] INFO org.evosuite.runtime.instrumentation.EvoClassLoader - Keeping class: org.springframework.expression.spel.SpelEvaluationException
08:38:24.375 [main] INFO org.evosuite.runtime.instrumentation.EvoClassLoader - Seeing class for first time: org.springframework.boot.env.SpringApplicationJsonEnvironmentPostProcessor
08:38:24.375 [main] INFO org.evosuite.runtime.instrumentation.EvoClassLoader - Instrumenting class 'org.springframework.boot.env.SpringApplicationJsonEnvironmentPostProcessor'.
08:38:24.375 [main] INFO org.evosuite.runtime.instrumentation.MethodCallReplacementClassAdapter - Adding mock interface to class org/springframework/boot/env/SpringApplicationJsonEnvironmentPostProcessor
08:38:24.375 [main] INFO org.evosuite.runtime.instrumentation.CreateClassResetClassAdapter - Creating brand-new static initializer in class org/springframework/boot/env/SpringApplicationJsonEnvironmentPostProcessor
08:38:24.375 [main] INFO org.evosuite.runtime.instrumentation.CreateClassResetClassAdapter - Adding bytecode for initializing field SPRING_APPLICATION_JSON_PROPERTY
08:38:24.375 [main] INFO org.evosuite.runtime.instrumentation.CreateClassResetClassAdapter - Adding bytecode for initializing field SPRING_APPLICATION_JSON_ENVIRONMENT_VARIABLE
08:38:24.375 [main] INFO org.evosuite.runtime.instrumentation.CreateClassResetClassAdapter - Adding bytecode for initializing field SERVLET_ENVIRONMENT_CLASS
08:38:24.375 [main] INFO org.evosuite.runtime.instrumentation.CreateClassResetClassAdapter - Adding bytecode for initializing field DEFAULT_ORDER
08:38:24.375 [main] INFO org.evosuite.runtime.instrumentation.EvoClassLoader - Seeing class for first time: org.springframework.boot.env.EnvironmentPostProcessor
08:38:24.375 [main] INFO org.evosuite.runtime.instrumentation.EvoClassLoader - Instrumenting class 'org.springframework.boot.env.EnvironmentPostProcessor'.
08:38:24.379 [main] INFO org.evosuite.runtime.instrumentation.EvoClassLoader - Keeping class: org.springframework.boot.env.EnvironmentPostProcessor
08:38:24.379 [main] INFO org.evosuite.runtime.instrumentation.EvoClassLoader - Keeping class: org.springframework.boot.env.SpringApplicationJsonEnvironmentPostProcessor
08:38:24.379 [main] INFO org.evosuite.runtime.instrumentation.EvoClassLoader - Seeing class for first time: org.springframework.boot.web.server.WebServerException
08:38:24.379 [main] INFO org.evosuite.runtime.instrumentation.EvoClassLoader - Instrumenting class 'org.springframework.boot.web.server.WebServerException'.
08:38:24.383 [main] INFO org.evosuite.runtime.instrumentation.MethodCallReplacementClassAdapter - Adding mock interface to class org/springframework/boot/web/server/WebServerException
08:38:24.383 [main] INFO org.evosuite.runtime.instrumentation.CreateClassResetClassAdapter - Creating brand-new static initializer in class org/springframework/boot/web/server/WebServerException
08:38:24.383 [main] INFO org.evosuite.runtime.instrumentation.EvoClassLoader - Defined package (3): package org.springframework.boot.web.server, 551452466
08:38:24.383 [main] INFO org.evosuite.runtime.instrumentation.EvoClassLoader - Keeping class: org.springframework.boot.web.server.WebServerException
08:38:24.383 [main] INFO org.evosuite.runtime.instrumentation.EvoClassLoader - Seeing class for first time: org.springframework.expression.ParserContext
08:38:24.383 [main] INFO org.evosuite.runtime.instrumentation.EvoClassLoader - Instrumenting class 'org.springframework.expression.ParserContext'.
08:38:24.387 [main] INFO org.evosuite.runtime.instrumentation.EvoClassLoader - Keeping class: org.springframework.expression.ParserContext
08:38:24.387 [main] INFO org.evosuite.runtime.instrumentation.EvoClassLoader - Seeing class for first time: org.springframework.expression.ParserContext$1
08:38:24.387 [main] INFO org.evosuite.runtime.instrumentation.EvoClassLoader - Instrumenting class 'org.springframework.expression.ParserContext$1'.
08:38:24.387 [main] INFO org.evosuite.runtime.instrumentation.MethodCallReplacementClassAdapter - Adding mock interface to class org/springframework/expression/ParserContext$1
08:38:24.387 [main] INFO org.evosuite.runtime.instrumentation.EvoClassLoader - Keeping class: org.springframework.expression.ParserContext$1
08:38:24.387 [main] INFO org.evosuite.runtime.instrumentation.EvoClassLoader - Seeing class for first time: org.springframework.jndi.JndiAccessor
08:38:24.387 [main] INFO org.evosuite.runtime.instrumentation.EvoClassLoader - Instrumenting class 'org.springframework.jndi.JndiAccessor'.
08:38:24.391 [main] INFO org.evosuite.runtime.instrumentation.MethodCallReplacementClassAdapter - Adding mock interface to class org/springframework/jndi/JndiAccessor
08:38:24.391 [main] INFO org.evosuite.runtime.instrumentation.CreateClassResetClassAdapter - Creating brand-new static initializer in class org/springframework/jndi/JndiAccessor
08:38:24.391 [main] INFO org.evosuite.runtime.instrumentation.EvoClassLoader - Keeping class: org.springframework.jndi.JndiAccessor
08:38:24.391 [main] INFO org.evosuite.runtime.instrumentation.EvoClassLoader - Seeing class for first time: org.springframework.boot.context.ConfigurationWarningsApplicationContextInitializer
08:38:24.391 [main] INFO org.evosuite.runtime.instrumentation.EvoClassLoader - Instrumenting class 'org.springframework.boot.context.ConfigurationWarningsApplicationContextInitializer'.
08:38:24.391 [main] INFO org.evosuite.runtime.instrumentation.MethodCallReplacementClassAdapter - Adding mock interface to class org/springframework/boot/context/ConfigurationWarningsApplicationContextInitializer
08:38:24.395 [main] INFO org.evosuite.runtime.instrumentation.CreateClassResetClassAdapter - Found static initializer in class org/springframework/boot/context/ConfigurationWarningsApplicationContextInitializer
08:38:24.395 [main] INFO org.evosuite.runtime.instrumentation.EvoClassLoader - Keeping class: org.springframework.boot.context.ConfigurationWarningsApplicationContextInitializer
08:38:24.395 [main] INFO org.evosuite.runtime.instrumentation.EvoClassLoader - Seeing class for first time: org.springframework.boot.context.properties.bind.PlaceholdersResolver
08:38:24.395 [main] INFO org.evosuite.runtime.instrumentation.EvoClassLoader - Instrumenting class 'org.springframework.boot.context.properties.bind.PlaceholdersResolver'.
08:38:24.395 [main] INFO org.evosuite.runtime.instrumentation.EvoClassLoader - Keeping class: org.springframework.boot.context.properties.bind.PlaceholdersResolver
08:38:24.399 [main] INFO org.evosuite.runtime.instrumentation.EvoClassLoader - Seeing class for first time: org.springframework.beans.factory.parsing.NullSourceExtractor
08:38:24.399 [main] INFO org.evosuite.runtime.instrumentation.EvoClassLoader - Instrumenting class 'org.springframework.beans.factory.parsing.NullSourceExtractor'.
08:38:24.399 [main] INFO org.evosuite.runtime.instrumentation.MethodCallReplacementClassAdapter - Adding mock interface to class org/springframework/beans/factory/parsing/NullSourceExtractor
08:38:24.399 [main] INFO org.evosuite.runtime.instrumentation.CreateClassResetClassAdapter - Creating brand-new static initializer in class org/springframework/beans/factory/parsing/NullSourceExtractor
08:38:24.399 [main] INFO org.evosuite.runtime.instrumentation.EvoClassLoader - Seeing class for first time: org.springframework.beans.factory.parsing.SourceExtractor
08:38:24.399 [main] INFO org.evosuite.runtime.instrumentation.EvoClassLoader - Instrumenting class 'org.springframework.beans.factory.parsing.SourceExtractor'.
08:38:24.403 [main] INFO org.evosuite.runtime.instrumentation.EvoClassLoader - Keeping class: org.springframework.beans.factory.parsing.SourceExtractor
08:38:24.403 [main] INFO org.evosuite.runtime.instrumentation.EvoClassLoader - Keeping class: org.springframework.beans.factory.parsing.NullSourceExtractor
08:38:24.403 [main] INFO org.evosuite.runtime.instrumentation.EvoClassLoader - Seeing class for first time: org.springframework.boot.context.properties.source.ConfigurationPropertyName$Elements
08:38:24.403 [main] INFO org.evosuite.runtime.instrumentation.EvoClassLoader - Instrumenting class 'org.springframework.boot.context.properties.source.ConfigurationPropertyName$Elements'.
08:38:24.407 [main] INFO org.evosuite.runtime.instrumentation.MethodCallReplacementClassAdapter - Adding mock interface to class org/springframework/boot/context/properties/source/ConfigurationPropertyName$Elements
08:38:24.407 [main] INFO org.evosuite.runtime.instrumentation.CreateClassResetClassAdapter - Found static initializer in class org/springframework/boot/context/properties/source/ConfigurationPropertyName$Elements
08:38:24.407 [main] INFO org.evosuite.runtime.instrumentation.EvoClassLoader - Keeping class: org.springframework.boot.context.properties.source.ConfigurationPropertyName$Elements
08:38:24.407 [main] INFO org.evosuite.runtime.instrumentation.EvoClassLoader - Seeing class for first time: org.springframework.boot.context.properties.source.ConfigurationPropertyName$ElementType
08:38:24.407 [main] INFO org.evosuite.runtime.instrumentation.EvoClassLoader - Instrumenting class 'org.springframework.boot.context.properties.source.ConfigurationPropertyName$ElementType'.
08:38:24.411 [main] INFO org.evosuite.runtime.instrumentation.MethodCallReplacementClassAdapter - Adding mock interface to class org/springframework/boot/context/properties/source/ConfigurationPropertyName$ElementType
08:38:24.411 [main] INFO org.evosuite.runtime.instrumentation.CreateClassResetClassAdapter - Found static initializer in class org/springframework/boot/context/properties/source/ConfigurationPropertyName$ElementType
08:38:24.411 [main] INFO org.evosuite.runtime.instrumentation.EvoClassLoader - Keeping class: org.springframework.boot.context.properties.source.ConfigurationPropertyName$ElementType
08:38:24.411 [main] INFO org.evosuite.runtime.instrumentation.EvoClassLoader - Seeing class for first time: org.springframework.core.convert.support.FallbackObjectToStringConverter
08:38:24.411 [main] INFO org.evosuite.runtime.instrumentation.EvoClassLoader - Instrumenting class 'org.springframework.core.convert.support.FallbackObjectToStringConverter'.
08:38:24.411 [main] INFO org.evosuite.runtime.instrumentation.MethodCallReplacementClassAdapter - Adding mock interface to class org/springframework/core/convert/support/FallbackObjectToStringConverter
08:38:24.415 [main] INFO org.evosuite.runtime.instrumentation.CreateClassResetClassAdapter - Creating brand-new static initializer in class org/springframework/core/convert/support/FallbackObjectToStringConverter
08:38:24.415 [main] INFO org.evosuite.runtime.instrumentation.EvoClassLoader - Keeping class: org.springframework.core.convert.support.FallbackObjectToStringConverter
08:38:24.415 [main] INFO org.evosuite.runtime.instrumentation.EvoClassLoader - Seeing class for first time: org.springframework.boot.convert.StringToEnumIgnoringCaseConverterFactory
08:38:24.415 [main] INFO org.evosuite.runtime.instrumentation.EvoClassLoader - Instrumenting class 'org.springframework.boot.convert.StringToEnumIgnoringCaseConverterFactory'.
08:38:24.415 [main] INFO org.evosuite.runtime.instrumentation.MethodCallReplacementClassAdapter - Adding mock interface to class org/springframework/boot/convert/StringToEnumIgnoringCaseConverterFactory
08:38:24.415 [main] INFO org.evosuite.runtime.instrumentation.CreateClassResetClassAdapter - Creating brand-new static initializer in class org/springframework/boot/convert/StringToEnumIgnoringCaseConverterFactory
08:38:24.415 [main] INFO org.evosuite.runtime.instrumentation.EvoClassLoader - Keeping class: org.springframework.boot.convert.StringToEnumIgnoringCaseConverterFactory
08:38:24.419 [main] INFO org.evosuite.runtime.instrumentation.EvoClassLoader - Seeing class for first time: org.springframework.scheduling.concurrent.ThreadPoolTaskScheduler
08:38:24.419 [main] INFO org.evosuite.runtime.instrumentation.EvoClassLoader - Instrumenting class 'org.springframework.scheduling.concurrent.ThreadPoolTaskScheduler'.
08:38:24.419 [main] INFO org.evosuite.runtime.instrumentation.MethodCallReplacementClassAdapter - Adding mock interface to class org/springframework/scheduling/concurrent/ThreadPoolTaskScheduler
08:38:24.423 [main] INFO org.evosuite.runtime.instrumentation.CreateClassResetClassAdapter - Creating brand-new static initializer in class org/springframework/scheduling/concurrent/ThreadPoolTaskScheduler
08:38:24.423 [main] INFO org.evosuite.runtime.instrumentation.EvoClassLoader - Seeing class for first time: org.springframework.core.task.AsyncListenableTaskExecutor
08:38:24.423 [main] INFO org.evosuite.runtime.instrumentation.EvoClassLoader - Instrumenting class 'org.springframework.core.task.AsyncListenableTaskExecutor'.
08:38:24.423 [main] INFO org.evosuite.runtime.instrumentation.EvoClassLoader - Defined package (3): package org.springframework.core.task, 536065229
08:38:24.423 [main] INFO org.evosuite.runtime.instrumentation.EvoClassLoader - Seeing class for first time: org.springframework.core.task.AsyncTaskExecutor
08:38:24.423 [main] INFO org.evosuite.runtime.instrumentation.EvoClassLoader - Instrumenting class 'org.springframework.core.task.AsyncTaskExecutor'.
08:38:24.427 [main] INFO org.evosuite.runtime.instrumentation.EvoClassLoader - Seeing class for first time: org.springframework.core.task.TaskExecutor
08:38:24.427 [main] INFO org.evosuite.runtime.instrumentation.EvoClassLoader - Instrumenting class 'org.springframework.core.task.TaskExecutor'.
08:38:24.431 [main] INFO org.evosuite.runtime.instrumentation.EvoClassLoader - Keeping class: org.springframework.core.task.TaskExecutor
08:38:24.431 [main] INFO org.evosuite.runtime.instrumentation.EvoClassLoader - Keeping class: org.springframework.core.task.AsyncTaskExecutor
08:38:24.431 [main] INFO org.evosuite.runtime.instrumentation.EvoClassLoader - Keeping class: org.springframework.core.task.AsyncListenableTaskExecutor
08:38:24.431 [main] INFO org.evosuite.runtime.instrumentation.EvoClassLoader - Seeing class for first time: org.springframework.scheduling.SchedulingTaskExecutor
08:38:24.431 [main] INFO org.evosuite.runtime.instrumentation.EvoClassLoader - Instrumenting class 'org.springframework.scheduling.SchedulingTaskExecutor'.
08:38:24.431 [main] INFO org.evosuite.runtime.instrumentation.EvoClassLoader - Defined package (3): package org.springframework.scheduling, 2102503003
08:38:24.435 [main] INFO org.evosuite.runtime.instrumentation.EvoClassLoader - Keeping class: org.springframework.scheduling.SchedulingTaskExecutor
08:38:24.435 [main] INFO org.evosuite.runtime.instrumentation.EvoClassLoader - Seeing class for first time: org.springframework.scheduling.TaskScheduler
08:38:24.435 [main] INFO org.evosuite.runtime.instrumentation.EvoClassLoader - Instrumenting class 'org.springframework.scheduling.TaskScheduler'.
08:38:24.439 [main] INFO org.evosuite.runtime.instrumentation.EvoClassLoader - Keeping class: org.springframework.scheduling.TaskScheduler
08:38:24.439 [main] INFO org.evosuite.runtime.instrumentation.EvoClassLoader - Seeing class for first time: org.springframework.scheduling.concurrent.ExecutorConfigurationSupport
08:38:24.439 [main] INFO org.evosuite.runtime.instrumentation.EvoClassLoader - Instrumenting class 'org.springframework.scheduling.concurrent.ExecutorConfigurationSupport'.
08:38:24.439 [main] INFO org.evosuite.runtime.instrumentation.MethodCallReplacementClassAdapter - Adding mock interface to class org/springframework/scheduling/concurrent/ExecutorConfigurationSupport
08:38:24.447 [main] INFO org.evosuite.runtime.instrumentation.CreateClassResetClassAdapter - Creating brand-new static initializer in class org/springframework/scheduling/concurrent/ExecutorConfigurationSupport
08:38:24.447 [main] INFO org.evosuite.runtime.instrumentation.EvoClassLoader - Keeping class: org.springframework.scheduling.concurrent.ExecutorConfigurationSupport
08:38:24.447 [main] INFO org.evosuite.runtime.instrumentation.EvoClassLoader - Keeping class: org.springframework.scheduling.concurrent.ThreadPoolTaskScheduler
08:38:24.451 [main] INFO org.evosuite.runtime.instrumentation.EvoClassLoader - Seeing class for first time: org.springframework.core.task.TaskRejectedException
08:38:24.451 [main] INFO org.evosuite.runtime.instrumentation.EvoClassLoader - Instrumenting class 'org.springframework.core.task.TaskRejectedException'.
08:38:24.451 [main] INFO org.evosuite.runtime.instrumentation.MethodCallReplacementClassAdapter - Adding mock interface to class org/springframework/core/task/TaskRejectedException
08:38:24.451 [main] INFO org.evosuite.runtime.instrumentation.CreateClassResetClassAdapter - Creating brand-new static initializer in class org/springframework/core/task/TaskRejectedException
08:38:24.451 [main] INFO org.evosuite.runtime.instrumentation.EvoClassLoader - Keeping class: org.springframework.core.task.TaskRejectedException
08:38:24.451 [main] INFO org.evosuite.runtime.instrumentation.EvoClassLoader - Seeing class for first time: org.springframework.util.concurrent.ListenableFuture
08:38:24.451 [main] INFO org.evosuite.runtime.instrumentation.EvoClassLoader - Instrumenting class 'org.springframework.util.concurrent.ListenableFuture'.
08:38:24.455 [main] INFO org.evosuite.runtime.instrumentation.EvoClassLoader - Defined package (3): package org.springframework.util.concurrent, -333086020
08:38:24.455 [main] INFO org.evosuite.runtime.instrumentation.EvoClassLoader - Keeping class: org.springframework.util.concurrent.ListenableFuture
08:38:24.455 [main] INFO org.evosuite.runtime.instrumentation.EvoClassLoader - Seeing class for first time: org.springframework.util.ConcurrentReferenceHashMap$TaskOption
08:38:24.455 [main] INFO org.evosuite.runtime.instrumentation.EvoClassLoader - Instrumenting class 'org.springframework.util.ConcurrentReferenceHashMap$TaskOption'.
08:38:24.455 [main] INFO org.evosuite.runtime.instrumentation.MethodCallReplacementClassAdapter - Adding mock interface to class org/springframework/util/ConcurrentReferenceHashMap$TaskOption
08:38:24.459 [main] INFO org.evosuite.runtime.instrumentation.CreateClassResetClassAdapter - Found static initializer in class org/springframework/util/ConcurrentReferenceHashMap$TaskOption
08:38:24.459 [main] INFO org.evosuite.runtime.instrumentation.EvoClassLoader - Keeping class: org.springframework.util.ConcurrentReferenceHashMap$TaskOption
08:38:24.459 [main] INFO org.evosuite.runtime.instrumentation.EvoClassLoader - Seeing class for first time: org.springframework.context.annotation.ConfigurationClass$FinalConfigurationProblem
08:38:24.459 [main] INFO org.evosuite.runtime.instrumentation.EvoClassLoader - Instrumenting class 'org.springframework.context.annotation.ConfigurationClass$FinalConfigurationProblem'.
08:38:24.459 [main] INFO org.evosuite.runtime.instrumentation.MethodCallReplacementClassAdapter - Adding mock interface to class org/springframework/context/annotation/ConfigurationClass$FinalConfigurationProblem
08:38:24.459 [main] INFO org.evosuite.runtime.instrumentation.CreateClassResetClassAdapter - Creating brand-new static initializer in class org/springframework/context/annotation/ConfigurationClass$FinalConfigurationProblem
08:38:24.459 [main] INFO org.evosuite.runtime.instrumentation.EvoClassLoader - Seeing class for first time: org.springframework.beans.factory.parsing.Problem
08:38:24.459 [main] INFO org.evosuite.runtime.instrumentation.EvoClassLoader - Instrumenting class 'org.springframework.beans.factory.parsing.Problem'.
08:38:24.463 [main] INFO org.evosuite.runtime.instrumentation.MethodCallReplacementClassAdapter - Adding mock interface to class org/springframework/beans/factory/parsing/Problem
08:38:24.463 [main] INFO org.evosuite.runtime.instrumentation.CreateClassResetClassAdapter - Creating brand-new static initializer in class org/springframework/beans/factory/parsing/Problem
08:38:24.463 [main] INFO org.evosuite.runtime.instrumentation.EvoClassLoader - Keeping class: org.springframework.beans.factory.parsing.Problem
08:38:24.463 [main] INFO org.evosuite.runtime.instrumentation.EvoClassLoader - Keeping class: org.springframework.context.annotation.ConfigurationClass$FinalConfigurationProblem
08:38:24.463 [main] INFO org.evosuite.runtime.instrumentation.EvoClassLoader - Seeing class for first time: org.springframework.boot.convert.IsoOffsetFormatter
08:38:24.463 [main] INFO org.evosuite.runtime.instrumentation.EvoClassLoader - Instrumenting class 'org.springframework.boot.convert.IsoOffsetFormatter'.
08:38:24.463 [main] INFO org.evosuite.runtime.instrumentation.MethodCallReplacementClassAdapter - Adding mock interface to class org/springframework/boot/convert/IsoOffsetFormatter
08:38:24.463 [main] INFO org.evosuite.runtime.instrumentation.CreateClassResetClassAdapter - Creating brand-new static initializer in class org/springframework/boot/convert/IsoOffsetFormatter
08:38:24.463 [main] INFO org.evosuite.runtime.instrumentation.EvoClassLoader - Keeping class: org.springframework.boot.convert.IsoOffsetFormatter
08:38:24.463 [main] INFO org.evosuite.runtime.instrumentation.EvoClassLoader - Seeing class for first time: org.springframework.boot.context.properties.source.IterableConfigurationPropertySource
08:38:24.467 [main] INFO org.evosuite.runtime.instrumentation.EvoClassLoader - Instrumenting class 'org.springframework.boot.context.properties.source.IterableConfigurationPropertySource'.
08:38:24.467 [main] INFO org.evosuite.runtime.instrumentation.EvoClassLoader - Seeing class for first time: org.springframework.boot.context.properties.source.ConfigurationPropertySource
08:38:24.467 [main] INFO org.evosuite.runtime.instrumentation.EvoClassLoader - Instrumenting class 'org.springframework.boot.context.properties.source.ConfigurationPropertySource'.
08:38:24.471 [main] INFO org.evosuite.runtime.instrumentation.EvoClassLoader - Keeping class: org.springframework.boot.context.properties.source.ConfigurationPropertySource
08:38:24.471 [main] INFO org.evosuite.runtime.instrumentation.EvoClassLoader - Keeping class: org.springframework.boot.context.properties.source.IterableConfigurationPropertySource
08:38:24.471 [main] INFO org.evosuite.runtime.instrumentation.EvoClassLoader - Seeing class for first time: org.springframework.core.StandardReflectionParameterNameDiscoverer
08:38:24.471 [main] INFO org.evosuite.runtime.instrumentation.EvoClassLoader - Instrumenting class 'org.springframework.core.StandardReflectionParameterNameDiscoverer'.
08:38:24.471 [main] INFO org.evosuite.runtime.instrumentation.MethodCallReplacementClassAdapter - Adding mock interface to class org/springframework/core/StandardReflectionParameterNameDiscoverer
08:38:24.471 [main] INFO org.evosuite.runtime.instrumentation.CreateClassResetClassAdapter - Creating brand-new static initializer in class org/springframework/core/StandardReflectionParameterNameDiscoverer
08:38:24.471 [main] INFO org.evosuite.runtime.instrumentation.EvoClassLoader - Seeing class for first time: org.springframework.core.ParameterNameDiscoverer
08:38:24.471 [main] INFO org.evosuite.runtime.instrumentation.EvoClassLoader - Instrumenting class 'org.springframework.core.ParameterNameDiscoverer'.
08:38:24.475 [main] INFO org.evosuite.runtime.instrumentation.EvoClassLoader - Keeping class: org.springframework.core.ParameterNameDiscoverer
08:38:24.475 [main] INFO org.evosuite.runtime.instrumentation.EvoClassLoader - Keeping class: org.springframework.core.StandardReflectionParameterNameDiscoverer
08:38:24.475 [main] INFO org.evosuite.runtime.instrumentation.EvoClassLoader - Seeing class for first time: org.springframework.context.event.EventListenerMethodProcessor
08:38:24.475 [main] INFO org.evosuite.runtime.instrumentation.EvoClassLoader - Instrumenting class 'org.springframework.context.event.EventListenerMethodProcessor'.
08:38:24.475 [main] INFO org.evosuite.runtime.instrumentation.MethodCallReplacementClassAdapter - Adding mock interface to class org/springframework/context/event/EventListenerMethodProcessor
08:38:24.475 [main] INFO org.evosuite.runtime.instrumentation.CreateClassResetClassAdapter - Creating brand-new static initializer in class org/springframework/context/event/EventListenerMethodProcessor
08:38:24.475 [main] INFO org.evosuite.runtime.instrumentation.EvoClassLoader - Seeing class for first time: org.springframework.context.ApplicationContextAware
08:38:24.479 [main] INFO org.evosuite.runtime.instrumentation.EvoClassLoader - Instrumenting class 'org.springframework.context.ApplicationContextAware'.
08:38:24.479 [main] INFO org.evosuite.runtime.instrumentation.EvoClassLoader - Keeping class: org.springframework.context.ApplicationContextAware
08:38:24.479 [main] INFO org.evosuite.runtime.instrumentation.EvoClassLoader - Keeping class: org.springframework.context.event.EventListenerMethodProcessor
08:38:24.479 [main] INFO org.evosuite.runtime.instrumentation.EvoClassLoader - Seeing class for first time: org.springframework.beans.factory.BeanInitializationException
08:38:24.479 [main] INFO org.evosuite.runtime.instrumentation.EvoClassLoader - Instrumenting class 'org.springframework.beans.factory.BeanInitializationException'.
08:38:24.483 [main] INFO org.evosuite.runtime.instrumentation.MethodCallReplacementClassAdapter - Adding mock interface to class org/springframework/beans/factory/BeanInitializationException
08:38:24.483 [main] INFO org.evosuite.runtime.instrumentation.CreateClassResetClassAdapter - Creating brand-new static initializer in class org/springframework/beans/factory/BeanInitializationException
08:38:24.483 [main] INFO org.evosuite.runtime.instrumentation.EvoClassLoader - Keeping class: org.springframework.beans.factory.BeanInitializationException
08:38:24.483 [main] INFO org.evosuite.runtime.instrumentation.EvoClassLoader - Seeing class for first time: org.springframework.context.annotation.Import
08:38:24.483 [main] INFO org.evosuite.runtime.instrumentation.EvoClassLoader - Instrumenting class 'org.springframework.context.annotation.Import'.
08:38:24.487 [main] INFO org.evosuite.runtime.instrumentation.EvoClassLoader - Keeping class: org.springframework.context.annotation.Import
08:38:24.487 [main] INFO org.evosuite.runtime.instrumentation.EvoClassLoader - Seeing class for first time: org.springframework.boot.logging.LogLevel
08:38:24.487 [main] INFO org.evosuite.runtime.instrumentation.EvoClassLoader - Instrumenting class 'org.springframework.boot.logging.LogLevel'.
08:38:24.487 [main] INFO org.evosuite.runtime.instrumentation.MethodCallReplacementClassAdapter - Adding mock interface to class org/springframework/boot/logging/LogLevel
08:38:24.491 [main] INFO org.evosuite.runtime.instrumentation.CreateClassResetClassAdapter - Found static initializer in class org/springframework/boot/logging/LogLevel
08:38:24.491 [main] INFO org.evosuite.runtime.instrumentation.EvoClassLoader - Keeping class: org.springframework.boot.logging.LogLevel
08:38:24.491 [main] INFO org.evosuite.runtime.instrumentation.EvoClassLoader - Seeing class for first time: org.springframework.beans.factory.support.GenericBeanDefinition
08:38:24.491 [main] INFO org.evosuite.runtime.instrumentation.EvoClassLoader - Instrumenting class 'org.springframework.beans.factory.support.GenericBeanDefinition'.
08:38:24.491 [main] INFO org.evosuite.runtime.instrumentation.MethodCallReplacementClassAdapter - Adding mock interface to class org/springframework/beans/factory/support/GenericBeanDefinition
08:38:24.491 [main] INFO org.evosuite.runtime.instrumentation.CreateClassResetClassAdapter - Creating brand-new static initializer in class org/springframework/beans/factory/support/GenericBeanDefinition
08:38:24.491 [main] INFO org.evosuite.runtime.instrumentation.EvoClassLoader - Seeing class for first time: org.springframework.beans.factory.support.AbstractBeanDefinition
08:38:24.491 [main] INFO org.evosuite.runtime.instrumentation.EvoClassLoader - Instrumenting class 'org.springframework.beans.factory.support.AbstractBeanDefinition'.
08:38:24.495 [main] INFO org.evosuite.runtime.instrumentation.MethodCallReplacementClassAdapter - Adding mock interface to class org/springframework/beans/factory/support/AbstractBeanDefinition
08:38:24.499 [main] INFO org.evosuite.runtime.instrumentation.CreateClassResetClassAdapter - Creating brand-new static initializer in class org/springframework/beans/factory/support/AbstractBeanDefinition
08:38:24.499 [main] INFO org.evosuite.runtime.instrumentation.CreateClassResetClassAdapter - Adding bytecode for initializing field SCOPE_DEFAULT
08:38:24.499 [main] INFO org.evosuite.runtime.instrumentation.CreateClassResetClassAdapter - Adding bytecode for initializing field AUTOWIRE_NO
08:38:24.499 [main] INFO org.evosuite.runtime.instrumentation.CreateClassResetClassAdapter - Adding bytecode for initializing field AUTOWIRE_BY_NAME
08:38:24.499 [main] INFO org.evosuite.runtime.instrumentation.CreateClassResetClassAdapter - Adding bytecode for initializing field AUTOWIRE_BY_TYPE
08:38:24.499 [main] INFO org.evosuite.runtime.instrumentation.CreateClassResetClassAdapter - Adding bytecode for initializing field AUTOWIRE_CONSTRUCTOR
08:38:24.499 [main] INFO org.evosuite.runtime.instrumentation.CreateClassResetClassAdapter - Adding bytecode for initializing field AUTOWIRE_AUTODETECT
08:38:24.499 [main] INFO org.evosuite.runtime.instrumentation.CreateClassResetClassAdapter - Adding bytecode for initializing field DEPENDENCY_CHECK_NONE
08:38:24.499 [main] INFO org.evosuite.runtime.instrumentation.CreateClassResetClassAdapter - Adding bytecode for initializing field DEPENDENCY_CHECK_OBJECTS
08:38:24.499 [main] INFO org.evosuite.runtime.instrumentation.CreateClassResetClassAdapter - Adding bytecode for initializing field DEPENDENCY_CHECK_SIMPLE
08:38:24.499 [main] INFO org.evosuite.runtime.instrumentation.CreateClassResetClassAdapter - Adding bytecode for initializing field DEPENDENCY_CHECK_ALL
08:38:24.499 [main] INFO org.evosuite.runtime.instrumentation.CreateClassResetClassAdapter - Adding bytecode for initializing field INFER_METHOD
08:38:24.499 [main] INFO org.evosuite.runtime.instrumentation.EvoClassLoader - Seeing class for first time: org.springframework.beans.factory.config.BeanDefinition
08:38:24.499 [main] INFO org.evosuite.runtime.instrumentation.EvoClassLoader - Instrumenting class 'org.springframework.beans.factory.config.BeanDefinition'.
08:38:24.499 [main] INFO org.evosuite.runtime.instrumentation.EvoClassLoader - Seeing class for first time: org.springframework.core.AttributeAccessor
08:38:24.499 [main] INFO org.evosuite.runtime.instrumentation.EvoClassLoader - Instrumenting class 'org.springframework.core.AttributeAccessor'.
08:38:24.503 [main] INFO org.evosuite.runtime.instrumentation.EvoClassLoader - Keeping class: org.springframework.core.AttributeAccessor
08:38:24.503 [main] INFO org.evosuite.runtime.instrumentation.EvoClassLoader - Seeing class for first time: org.springframework.beans.BeanMetadataElement
08:38:24.503 [main] INFO org.evosuite.runtime.instrumentation.EvoClassLoader - Instrumenting class 'org.springframework.beans.BeanMetadataElement'.
08:38:24.503 [main] INFO org.evosuite.runtime.instrumentation.EvoClassLoader - Keeping class: org.springframework.beans.BeanMetadataElement
08:38:24.503 [main] INFO org.evosuite.runtime.instrumentation.EvoClassLoader - Keeping class: org.springframework.beans.factory.config.BeanDefinition
08:38:24.503 [main] INFO org.evosuite.runtime.instrumentation.EvoClassLoader - Seeing class for first time: org.springframework.beans.BeanMetadataAttributeAccessor
08:38:24.503 [main] INFO org.evosuite.runtime.instrumentation.EvoClassLoader - Instrumenting class 'org.springframework.beans.BeanMetadataAttributeAccessor'.
08:38:24.507 [main] INFO org.evosuite.runtime.instrumentation.MethodCallReplacementClassAdapter - Adding mock interface to class org/springframework/beans/BeanMetadataAttributeAccessor
08:38:24.507 [main] INFO org.evosuite.runtime.instrumentation.CreateClassResetClassAdapter - Creating brand-new static initializer in class org/springframework/beans/BeanMetadataAttributeAccessor
08:38:24.507 [main] INFO org.evosuite.runtime.instrumentation.EvoClassLoader - Seeing class for first time: org.springframework.core.AttributeAccessorSupport
08:38:24.507 [main] INFO org.evosuite.runtime.instrumentation.EvoClassLoader - Instrumenting class 'org.springframework.core.AttributeAccessorSupport'.
08:38:24.507 [main] INFO org.evosuite.runtime.instrumentation.MethodCallReplacementClassAdapter - Adding mock interface to class org/springframework/core/AttributeAccessorSupport
08:38:24.507 [main] INFO org.evosuite.runtime.instrumentation.CreateClassResetClassAdapter - Creating brand-new static initializer in class org/springframework/core/AttributeAccessorSupport
08:38:24.511 [main] INFO org.evosuite.runtime.instrumentation.EvoClassLoader - Keeping class: org.springframework.core.AttributeAccessorSupport
08:38:24.511 [main] INFO org.evosuite.runtime.instrumentation.EvoClassLoader - Keeping class: org.springframework.beans.BeanMetadataAttributeAccessor
08:38:24.511 [main] INFO org.evosuite.runtime.instrumentation.EvoClassLoader - Keeping class: org.springframework.beans.factory.support.AbstractBeanDefinition
08:38:24.511 [main] INFO org.evosuite.runtime.instrumentation.EvoClassLoader - Keeping class: org.springframework.beans.factory.support.GenericBeanDefinition
08:38:24.511 [main] INFO org.evosuite.runtime.instrumentation.EvoClassLoader - Seeing class for first time: org.springframework.beans.factory.support.BeanDefinitionValidationException
08:38:24.511 [main] INFO org.evosuite.runtime.instrumentation.EvoClassLoader - Instrumenting class 'org.springframework.beans.factory.support.BeanDefinitionValidationException'.
08:38:24.515 [main] INFO org.evosuite.runtime.instrumentation.MethodCallReplacementClassAdapter - Adding mock interface to class org/springframework/beans/factory/support/BeanDefinitionValidationException
08:38:24.515 [main] INFO org.evosuite.runtime.instrumentation.CreateClassResetClassAdapter - Creating brand-new static initializer in class org/springframework/beans/factory/support/BeanDefinitionValidationException
08:38:24.515 [main] INFO org.evosuite.runtime.instrumentation.EvoClassLoader - Keeping class: org.springframework.beans.factory.support.BeanDefinitionValidationException
08:38:24.515 [main] INFO org.evosuite.runtime.instrumentation.EvoClassLoader - Seeing class for first time: org.springframework.core.convert.support.IdToEntityConverter
08:38:24.515 [main] INFO org.evosuite.runtime.instrumentation.EvoClassLoader - Instrumenting class 'org.springframework.core.convert.support.IdToEntityConverter'.
08:38:24.519 [main] INFO org.evosuite.runtime.instrumentation.MethodCallReplacementClassAdapter - Adding mock interface to class org/springframework/core/convert/support/IdToEntityConverter
08:38:24.519 [main] INFO org.evosuite.runtime.instrumentation.CreateClassResetClassAdapter - Creating brand-new static initializer in class org/springframework/core/convert/support/IdToEntityConverter
08:38:24.519 [main] INFO org.evosuite.runtime.instrumentation.EvoClassLoader - Keeping class: org.springframework.core.convert.support.IdToEntityConverter
08:38:24.519 [main] INFO org.evosuite.runtime.instrumentation.EvoClassLoader - Seeing class for first time: org.springframework.boot.SpringBootConfiguration
08:38:24.519 [main] INFO org.evosuite.runtime.instrumentation.EvoClassLoader - Instrumenting class 'org.springframework.boot.SpringBootConfiguration'.
08:38:24.523 [main] INFO org.evosuite.runtime.instrumentation.EvoClassLoader - Keeping class: org.springframework.boot.SpringBootConfiguration
08:38:24.523 [main] INFO org.evosuite.runtime.instrumentation.EvoClassLoader - Seeing class for first time: org.springframework.format.support.DefaultFormattingConversionService
08:38:24.523 [main] INFO org.evosuite.runtime.instrumentation.EvoClassLoader - Instrumenting class 'org.springframework.format.support.DefaultFormattingConversionService'.
08:38:24.527 [main] INFO org.evosuite.runtime.instrumentation.MethodCallReplacementClassAdapter - Adding mock interface to class org/springframework/format/support/DefaultFormattingConversionService
08:38:24.527 [main] INFO org.evosuite.runtime.instrumentation.CreateClassResetClassAdapter - Found static initializer in class org/springframework/format/support/DefaultFormattingConversionService
08:38:24.527 [main] INFO org.evosuite.runtime.instrumentation.EvoClassLoader - Keeping class: org.springframework.format.support.DefaultFormattingConversionService
08:38:24.527 [main] INFO org.evosuite.runtime.instrumentation.EvoClassLoader - Seeing class for first time: org.springframework.format.AnnotationFormatterFactory
08:38:24.527 [main] INFO org.evosuite.runtime.instrumentation.EvoClassLoader - Instrumenting class 'org.springframework.format.AnnotationFormatterFactory'.
08:38:24.527 [main] INFO org.evosuite.runtime.instrumentation.EvoClassLoader - Keeping class: org.springframework.format.AnnotationFormatterFactory
08:38:24.535 [main] INFO org.evosuite.runtime.instrumentation.EvoClassLoader - Seeing class for first time: org.joda.time.LocalDate
08:38:24.535 [main] INFO org.evosuite.runtime.instrumentation.EvoClassLoader - Instrumenting class 'org.joda.time.LocalDate'.
08:38:24.535 [main] INFO org.evosuite.runtime.instrumentation.EvoClassLoader - Error while loading class: java.lang.ClassNotFoundException: Class 'org/joda/time/LocalDate.class' should be in target project, but could not be found!
08:38:24.535 [main] INFO org.evosuite.runtime.instrumentation.EvoClassLoader - Seeing class for first time: org.joda.time$LocalDate
08:38:24.535 [main] INFO org.evosuite.runtime.instrumentation.EvoClassLoader - Instrumenting class 'org.joda.time$LocalDate'.
08:38:24.539 [main] INFO org.evosuite.runtime.instrumentation.EvoClassLoader - Error while loading class: java.lang.ClassNotFoundException: Class 'org/joda/time$LocalDate.class' should be in target project, but could not be found!
08:38:24.539 [main] INFO org.evosuite.runtime.instrumentation.EvoClassLoader - Seeing class for first time: org.springframework.boot.context.properties.source.SpringConfigurationPropertySources
08:38:24.539 [main] INFO org.evosuite.runtime.instrumentation.EvoClassLoader - Instrumenting class 'org.springframework.boot.context.properties.source.SpringConfigurationPropertySources'.
08:38:24.539 [main] INFO org.evosuite.runtime.instrumentation.MethodCallReplacementClassAdapter - Adding mock interface to class org/springframework/boot/context/properties/source/SpringConfigurationPropertySources
08:38:24.539 [main] INFO org.evosuite.runtime.instrumentation.CreateClassResetClassAdapter - Creating brand-new static initializer in class org/springframework/boot/context/properties/source/SpringConfigurationPropertySources
08:38:24.539 [main] INFO org.evosuite.runtime.instrumentation.EvoClassLoader - Keeping class: org.springframework.boot.context.properties.source.SpringConfigurationPropertySources
08:38:24.539 [main] INFO org.evosuite.runtime.instrumentation.EvoClassLoader - Seeing class for first time: org.springframework.format.datetime.standard.DateTimeConverters$CalendarToOffsetDateTimeConverter
08:38:24.539 [main] INFO org.evosuite.runtime.instrumentation.EvoClassLoader - Instrumenting class 'org.springframework.format.datetime.standard.DateTimeConverters$CalendarToOffsetDateTimeConverter'.
08:38:24.543 [main] INFO org.evosuite.runtime.instrumentation.MethodCallReplacementClassAdapter - Adding mock interface to class org/springframework/format/datetime/standard/DateTimeConverters$CalendarToOffsetDateTimeConverter
08:38:24.543 [main] INFO org.evosuite.runtime.instrumentation.CreateClassResetClassAdapter - Creating brand-new static initializer in class org/springframework/format/datetime/standard/DateTimeConverters$CalendarToOffsetDateTimeConverter
08:38:24.543 [main] INFO org.evosuite.runtime.instrumentation.EvoClassLoader - Keeping class: org.springframework.format.datetime.standard.DateTimeConverters$CalendarToOffsetDateTimeConverter
08:38:24.543 [main] INFO org.evosuite.runtime.instrumentation.EvoClassLoader - Seeing class for first time: org.springframework.core.io.ResourceEditor
08:38:24.543 [main] INFO org.evosuite.runtime.instrumentation.EvoClassLoader - Instrumenting class 'org.springframework.core.io.ResourceEditor'.
08:38:24.543 [main] INFO org.evosuite.runtime.instrumentation.MethodCallReplacementClassAdapter - Adding mock interface to class org/springframework/core/io/ResourceEditor
08:38:24.547 [main] INFO org.evosuite.runtime.instrumentation.CreateClassResetClassAdapter - Creating brand-new static initializer in class org/springframework/core/io/ResourceEditor
08:38:24.547 [main] INFO org.evosuite.runtime.instrumentation.EvoClassLoader - Keeping class: org.springframework.core.io.ResourceEditor
08:38:24.547 [main] INFO org.evosuite.runtime.instrumentation.EvoClassLoader - Seeing class for first time: org.springframework.boot.logging.LoggingSystem$NoOpLoggingSystem
08:38:24.547 [main] INFO org.evosuite.runtime.instrumentation.EvoClassLoader - Instrumenting class 'org.springframework.boot.logging.LoggingSystem$NoOpLoggingSystem'.
08:38:24.547 [main] INFO org.evosuite.runtime.instrumentation.MethodCallReplacementClassAdapter - Adding mock interface to class org/springframework/boot/logging/LoggingSystem$NoOpLoggingSystem
08:38:24.547 [main] INFO org.evosuite.runtime.instrumentation.CreateClassResetClassAdapter - Creating brand-new static initializer in class org/springframework/boot/logging/LoggingSystem$NoOpLoggingSystem
08:38:24.547 [main] INFO org.evosuite.runtime.instrumentation.EvoClassLoader - Seeing class for first time: org.springframework.boot.logging.LoggingSystem
08:38:24.547 [main] INFO org.evosuite.runtime.instrumentation.EvoClassLoader - Instrumenting class 'org.springframework.boot.logging.LoggingSystem'.
08:38:24.551 [main] INFO org.evosuite.runtime.instrumentation.MethodCallReplacementClassAdapter - Adding mock interface to class org/springframework/boot/logging/LoggingSystem
08:38:24.555 [main] INFO org.evosuite.runtime.instrumentation.CreateClassResetClassAdapter - Found static initializer in class org/springframework/boot/logging/LoggingSystem
08:38:24.555 [main] INFO org.evosuite.runtime.instrumentation.EvoClassLoader - Keeping class: org.springframework.boot.logging.LoggingSystem
08:38:24.555 [main] INFO org.evosuite.runtime.instrumentation.EvoClassLoader - Keeping class: org.springframework.boot.logging.LoggingSystem$NoOpLoggingSystem
08:38:24.555 [main] INFO org.evosuite.runtime.instrumentation.EvoClassLoader - Seeing class for first time: org.springframework.context.annotation.ConflictingBeanDefinitionException
08:38:24.555 [main] INFO org.evosuite.runtime.instrumentation.EvoClassLoader - Instrumenting class 'org.springframework.context.annotation.ConflictingBeanDefinitionException'.
08:38:24.555 [main] INFO org.evosuite.runtime.instrumentation.MethodCallReplacementClassAdapter - Adding mock interface to class org/springframework/context/annotation/ConflictingBeanDefinitionException
08:38:24.555 [main] INFO org.evosuite.runtime.instrumentation.CreateClassResetClassAdapter - Creating brand-new static initializer in class org/springframework/context/annotation/ConflictingBeanDefinitionException
08:38:24.555 [main] INFO org.evosuite.runtime.instrumentation.EvoClassLoader - Keeping class: org.springframework.context.annotation.ConflictingBeanDefinitionException
08:38:24.555 [main] INFO org.evosuite.runtime.instrumentation.EvoClassLoader - Seeing class for first time: org.springframework.boot.context.config.DelegatingApplicationListener
08:38:24.555 [main] INFO org.evosuite.runtime.instrumentation.EvoClassLoader - Instrumenting class 'org.springframework.boot.context.config.DelegatingApplicationListener'.
08:38:24.559 [main] INFO org.evosuite.runtime.instrumentation.MethodCallReplacementClassAdapter - Adding mock interface to class org/springframework/boot/context/config/DelegatingApplicationListener
08:38:24.559 [main] INFO org.evosuite.runtime.instrumentation.CreateClassResetClassAdapter - Creating brand-new static initializer in class org/springframework/boot/context/config/DelegatingApplicationListener
08:38:24.559 [main] INFO org.evosuite.runtime.instrumentation.CreateClassResetClassAdapter - Adding bytecode for initializing field PROPERTY_NAME
08:38:24.559 [main] INFO org.evosuite.runtime.instrumentation.EvoClassLoader - Keeping class: org.springframework.boot.context.config.DelegatingApplicationListener
08:38:24.559 [main] INFO org.evosuite.runtime.instrumentation.EvoClassLoader - Seeing class for first time: org.springframework.format.datetime.standard.DateTimeFormatterRegistrar
08:38:24.559 [main] INFO org.evosuite.runtime.instrumentation.EvoClassLoader - Instrumenting class 'org.springframework.format.datetime.standard.DateTimeFormatterRegistrar'.
08:38:24.563 [main] INFO org.evosuite.runtime.instrumentation.MethodCallReplacementClassAdapter - Adding mock interface to class org/springframework/format/datetime/standard/DateTimeFormatterRegistrar
08:38:24.563 [main] INFO org.evosuite.runtime.instrumentation.CreateClassResetClassAdapter - Creating brand-new static initializer in class org/springframework/format/datetime/standard/DateTimeFormatterRegistrar
08:38:24.563 [main] INFO org.evosuite.runtime.instrumentation.EvoClassLoader - Seeing class for first time: org.springframework.format.FormatterRegistrar
08:38:24.563 [main] INFO org.evosuite.runtime.instrumentation.EvoClassLoader - Instrumenting class 'org.springframework.format.FormatterRegistrar'.
08:38:24.567 [main] INFO org.evosuite.runtime.instrumentation.EvoClassLoader - Keeping class: org.springframework.format.FormatterRegistrar
08:38:24.567 [main] INFO org.evosuite.runtime.instrumentation.EvoClassLoader - Keeping class: org.springframework.format.datetime.standard.DateTimeFormatterRegistrar
08:38:24.567 [main] INFO org.evosuite.runtime.instrumentation.EvoClassLoader - Seeing class for first time: org.springframework.boot.Banner$Mode
08:38:24.567 [main] INFO org.evosuite.runtime.instrumentation.EvoClassLoader - Instrumenting class 'org.springframework.boot.Banner$Mode'.
08:38:24.567 [main] INFO org.evosuite.runtime.instrumentation.MethodCallReplacementClassAdapter - Adding mock interface to class org/springframework/boot/Banner$Mode
08:38:24.567 [main] INFO org.evosuite.runtime.instrumentation.CreateClassResetClassAdapter - Found static initializer in class org/springframework/boot/Banner$Mode
08:38:24.567 [main] INFO org.evosuite.runtime.instrumentation.EvoClassLoader - Keeping class: org.springframework.boot.Banner$Mode
08:38:24.567 [main] INFO org.evosuite.runtime.instrumentation.EvoClassLoader - Seeing class for first time: org.springframework.beans.BeanWrapperImpl
08:38:24.567 [main] INFO org.evosuite.runtime.instrumentation.EvoClassLoader - Instrumenting class 'org.springframework.beans.BeanWrapperImpl'.
08:38:24.571 [main] INFO org.evosuite.runtime.instrumentation.MethodCallReplacementClassAdapter - Adding mock interface to class org/springframework/beans/BeanWrapperImpl
08:38:24.571 [main] INFO org.evosuite.runtime.instrumentation.CreateClassResetClassAdapter - Creating brand-new static initializer in class org/springframework/beans/BeanWrapperImpl
08:38:24.571 [main] INFO org.evosuite.runtime.instrumentation.EvoClassLoader - Seeing class for first time: org.springframework.beans.BeanWrapper
08:38:24.571 [main] INFO org.evosuite.runtime.instrumentation.EvoClassLoader - Instrumenting class 'org.springframework.beans.BeanWrapper'.
08:38:24.575 [main] INFO org.evosuite.runtime.instrumentation.EvoClassLoader - Seeing class for first time: org.springframework.beans.ConfigurablePropertyAccessor
08:38:24.575 [main] INFO org.evosuite.runtime.instrumentation.EvoClassLoader - Instrumenting class 'org.springframework.beans.ConfigurablePropertyAccessor'.
08:38:24.575 [main] INFO org.evosuite.runtime.instrumentation.EvoClassLoader - Seeing class for first time: org.springframework.beans.PropertyEditorRegistry
08:38:24.575 [main] INFO org.evosuite.runtime.instrumentation.EvoClassLoader - Instrumenting class 'org.springframework.beans.PropertyEditorRegistry'.
08:38:24.579 [main] INFO org.evosuite.runtime.instrumentation.EvoClassLoader - Keeping class: org.springframework.beans.PropertyEditorRegistry
08:38:24.579 [main] INFO org.evosuite.runtime.instrumentation.EvoClassLoader - Keeping class: org.springframework.beans.ConfigurablePropertyAccessor
08:38:24.579 [main] INFO org.evosuite.runtime.instrumentation.EvoClassLoader - Keeping class: org.springframework.beans.BeanWrapper
08:38:24.579 [main] INFO org.evosuite.runtime.instrumentation.EvoClassLoader - Seeing class for first time: org.springframework.beans.AbstractNestablePropertyAccessor
08:38:24.579 [main] INFO org.evosuite.runtime.instrumentation.EvoClassLoader - Instrumenting class 'org.springframework.beans.AbstractNestablePropertyAccessor'.
08:38:24.579 [main] INFO org.evosuite.runtime.instrumentation.MethodCallReplacementClassAdapter - Adding mock interface to class org/springframework/beans/AbstractNestablePropertyAccessor
08:38:24.619 [main] INFO org.evosuite.runtime.instrumentation.CreateClassResetClassAdapter - Found static initializer in class org/springframework/beans/AbstractNestablePropertyAccessor
08:38:24.619 [main] INFO org.evosuite.runtime.instrumentation.EvoClassLoader - Seeing class for first time: org.springframework.beans.AbstractPropertyAccessor
08:38:24.619 [main] INFO org.evosuite.runtime.instrumentation.EvoClassLoader - Instrumenting class 'org.springframework.beans.AbstractPropertyAccessor'.
08:38:24.619 [main] INFO org.evosuite.runtime.instrumentation.MethodCallReplacementClassAdapter - Adding mock interface to class org/springframework/beans/AbstractPropertyAccessor
08:38:24.619 [main] INFO org.evosuite.runtime.instrumentation.CreateClassResetClassAdapter - Creating brand-new static initializer in class org/springframework/beans/AbstractPropertyAccessor
08:38:24.623 [main] INFO org.evosuite.runtime.instrumentation.EvoClassLoader - Seeing class for first time: org.springframework.beans.TypeConverterSupport
08:38:24.623 [main] INFO org.evosuite.runtime.instrumentation.EvoClassLoader - Instrumenting class 'org.springframework.beans.TypeConverterSupport'.
08:38:24.623 [main] INFO org.evosuite.runtime.instrumentation.MethodCallReplacementClassAdapter - Adding mock interface to class org/springframework/beans/TypeConverterSupport
08:38:24.627 [main] INFO org.evosuite.runtime.instrumentation.CreateClassResetClassAdapter - Creating brand-new static initializer in class org/springframework/beans/TypeConverterSupport
08:38:24.627 [main] INFO org.evosuite.runtime.instrumentation.EvoClassLoader - Seeing class for first time: org.springframework.beans.PropertyEditorRegistrySupport
08:38:24.627 [main] INFO org.evosuite.runtime.instrumentation.EvoClassLoader - Instrumenting class 'org.springframework.beans.PropertyEditorRegistrySupport'.
08:38:24.627 [main] INFO org.evosuite.runtime.instrumentation.MethodCallReplacementClassAdapter - Adding mock interface to class org/springframework/beans/PropertyEditorRegistrySupport
08:38:24.631 [main] INFO org.evosuite.runtime.instrumentation.CreateClassResetClassAdapter - Creating brand-new static initializer in class org/springframework/beans/PropertyEditorRegistrySupport
08:38:24.631 [main] INFO org.evosuite.runtime.instrumentation.EvoClassLoader - Keeping class: org.springframework.beans.PropertyEditorRegistrySupport
08:38:24.631 [main] INFO org.evosuite.runtime.instrumentation.EvoClassLoader - Keeping class: org.springframework.beans.TypeConverterSupport
08:38:24.631 [main] INFO org.evosuite.runtime.instrumentation.EvoClassLoader - Keeping class: org.springframework.beans.AbstractPropertyAccessor
08:38:24.631 [main] INFO org.evosuite.runtime.instrumentation.EvoClassLoader - Keeping class: org.springframework.beans.AbstractNestablePropertyAccessor
08:38:24.631 [main] INFO org.evosuite.runtime.instrumentation.EvoClassLoader - Keeping class: org.springframework.beans.BeanWrapperImpl
08:38:24.635 [main] INFO org.evosuite.runtime.instrumentation.EvoClassLoader - Seeing class for first time: org.springframework.beans.ConversionNotSupportedException
08:38:24.635 [main] INFO org.evosuite.runtime.instrumentation.EvoClassLoader - Instrumenting class 'org.springframework.beans.ConversionNotSupportedException'.
08:38:24.635 [main] INFO org.evosuite.runtime.instrumentation.MethodCallReplacementClassAdapter - Adding mock interface to class org/springframework/beans/ConversionNotSupportedException
08:38:24.635 [main] INFO org.evosuite.runtime.instrumentation.CreateClassResetClassAdapter - Creating brand-new static initializer in class org/springframework/beans/ConversionNotSupportedException
08:38:24.635 [main] INFO org.evosuite.runtime.instrumentation.EvoClassLoader - Seeing class for first time: org.springframework.beans.TypeMismatchException
08:38:24.635 [main] INFO org.evosuite.runtime.instrumentation.EvoClassLoader - Instrumenting class 'org.springframework.beans.TypeMismatchException'.
08:38:24.639 [main] INFO org.evosuite.runtime.instrumentation.MethodCallReplacementClassAdapter - Adding mock interface to class org/springframework/beans/TypeMismatchException
08:38:24.639 [main] INFO org.evosuite.runtime.instrumentation.CreateClassResetClassAdapter - Creating brand-new static initializer in class org/springframework/beans/TypeMismatchException
08:38:24.639 [main] INFO org.evosuite.runtime.instrumentation.CreateClassResetClassAdapter - Adding bytecode for initializing field ERROR_CODE
08:38:24.639 [main] INFO org.evosuite.runtime.instrumentation.EvoClassLoader - Seeing class for first time: org.springframework.beans.PropertyAccessException
08:38:24.639 [main] INFO org.evosuite.runtime.instrumentation.EvoClassLoader - Instrumenting class 'org.springframework.beans.PropertyAccessException'.
08:38:24.639 [main] INFO org.evosuite.runtime.instrumentation.MethodCallReplacementClassAdapter - Adding mock interface to class org/springframework/beans/PropertyAccessException
08:38:24.639 [main] INFO org.evosuite.runtime.instrumentation.CreateClassResetClassAdapter - Creating brand-new static initializer in class org/springframework/beans/PropertyAccessException
08:38:24.639 [main] INFO org.evosuite.runtime.instrumentation.EvoClassLoader - Keeping class: org.springframework.beans.PropertyAccessException
08:38:24.639 [main] INFO org.evosuite.runtime.instrumentation.EvoClassLoader - Keeping class: org.springframework.beans.TypeMismatchException
08:38:24.639 [main] INFO org.evosuite.runtime.instrumentation.EvoClassLoader - Keeping class: org.springframework.beans.ConversionNotSupportedException
08:38:24.639 [main] INFO org.evosuite.runtime.instrumentation.EvoClassLoader - Seeing class for first time: org.springframework.beans.NotWritablePropertyException
08:38:24.639 [main] INFO org.evosuite.runtime.instrumentation.EvoClassLoader - Instrumenting class 'org.springframework.beans.NotWritablePropertyException'.
08:38:24.639 [main] INFO org.evosuite.runtime.instrumentation.MethodCallReplacementClassAdapter - Adding mock interface to class org/springframework/beans/NotWritablePropertyException
08:38:24.639 [main] INFO org.evosuite.runtime.instrumentation.CreateClassResetClassAdapter - Creating brand-new static initializer in class org/springframework/beans/NotWritablePropertyException
08:38:24.643 [main] INFO org.evosuite.runtime.instrumentation.EvoClassLoader - Seeing class for first time: org.springframework.beans.InvalidPropertyException
08:38:24.643 [main] INFO org.evosuite.runtime.instrumentation.EvoClassLoader - Instrumenting class 'org.springframework.beans.InvalidPropertyException'.
08:38:24.643 [main] INFO org.evosuite.runtime.instrumentation.MethodCallReplacementClassAdapter - Adding mock interface to class org/springframework/beans/InvalidPropertyException
08:38:24.643 [main] INFO org.evosuite.runtime.instrumentation.CreateClassResetClassAdapter - Creating brand-new static initializer in class org/springframework/beans/InvalidPropertyException
08:38:24.643 [main] INFO org.evosuite.runtime.instrumentation.EvoClassLoader - Keeping class: org.springframework.beans.InvalidPropertyException
08:38:24.643 [main] INFO org.evosuite.runtime.instrumentation.EvoClassLoader - Keeping class: org.springframework.beans.NotWritablePropertyException
08:38:24.643 [main] INFO org.evosuite.runtime.instrumentation.EvoClassLoader - Seeing class for first time: org.springframework.beans.NullValueInNestedPathException
08:38:24.643 [main] INFO org.evosuite.runtime.instrumentation.EvoClassLoader - Instrumenting class 'org.springframework.beans.NullValueInNestedPathException'.
08:38:24.647 [main] INFO org.evosuite.runtime.instrumentation.MethodCallReplacementClassAdapter - Adding mock interface to class org/springframework/beans/NullValueInNestedPathException
08:38:24.647 [main] INFO org.evosuite.runtime.instrumentation.CreateClassResetClassAdapter - Creating brand-new static initializer in class org/springframework/beans/NullValueInNestedPathException
08:38:24.647 [main] INFO org.evosuite.runtime.instrumentation.EvoClassLoader - Keeping class: org.springframework.beans.NullValueInNestedPathException
08:38:24.647 [main] INFO org.evosuite.runtime.instrumentation.EvoClassLoader - Seeing class for first time: org.springframework.beans.NotReadablePropertyException
08:38:24.647 [main] INFO org.evosuite.runtime.instrumentation.EvoClassLoader - Instrumenting class 'org.springframework.beans.NotReadablePropertyException'.
08:38:24.647 [main] INFO org.evosuite.runtime.instrumentation.MethodCallReplacementClassAdapter - Adding mock interface to class org/springframework/beans/NotReadablePropertyException
08:38:24.647 [main] INFO org.evosuite.runtime.instrumentation.CreateClassResetClassAdapter - Creating brand-new static initializer in class org/springframework/beans/NotReadablePropertyException
08:38:24.647 [main] INFO org.evosuite.runtime.instrumentation.EvoClassLoader - Keeping class: org.springframework.beans.NotReadablePropertyException
08:38:24.651 [main] INFO org.evosuite.runtime.instrumentation.EvoClassLoader - Seeing class for first time: org.springframework.beans.MethodInvocationException
08:38:24.651 [main] INFO org.evosuite.runtime.instrumentation.EvoClassLoader - Instrumenting class 'org.springframework.beans.MethodInvocationException'.
08:38:24.655 [main] INFO org.evosuite.runtime.instrumentation.MethodCallReplacementClassAdapter - Adding mock interface to class org/springframework/beans/MethodInvocationException
08:38:24.655 [main] INFO org.evosuite.runtime.instrumentation.CreateClassResetClassAdapter - Creating brand-new static initializer in class org/springframework/beans/MethodInvocationException
08:38:24.655 [main] INFO org.evosuite.runtime.instrumentation.CreateClassResetClassAdapter - Adding bytecode for initializing field ERROR_CODE
08:38:24.655 [main] INFO org.evosuite.runtime.instrumentation.EvoClassLoader - Keeping class: org.springframework.beans.MethodInvocationException
08:38:24.655 [main] INFO org.evosuite.runtime.instrumentation.EvoClassLoader - Seeing class for first time: org.springframework.beans.AbstractNestablePropertyAccessor$PropertyHandler
08:38:24.655 [main] INFO org.evosuite.runtime.instrumentation.EvoClassLoader - Instrumenting class 'org.springframework.beans.AbstractNestablePropertyAccessor$PropertyHandler'.
08:38:24.655 [main] INFO org.evosuite.runtime.instrumentation.MethodCallReplacementClassAdapter - Adding mock interface to class org/springframework/beans/AbstractNestablePropertyAccessor$PropertyHandler
08:38:24.655 [main] INFO org.evosuite.runtime.instrumentation.CreateClassResetClassAdapter - Creating brand-new static initializer in class org/springframework/beans/AbstractNestablePropertyAccessor$PropertyHandler
08:38:24.655 [main] INFO org.evosuite.runtime.instrumentation.EvoClassLoader - Keeping class: org.springframework.beans.AbstractNestablePropertyAccessor$PropertyHandler
08:38:24.655 [main] INFO org.evosuite.runtime.instrumentation.EvoClassLoader - Seeing class for first time: org.springframework.beans.BeanWrapperImpl$BeanPropertyHandler
08:38:24.655 [main] INFO org.evosuite.runtime.instrumentation.EvoClassLoader - Instrumenting class 'org.springframework.beans.BeanWrapperImpl$BeanPropertyHandler'.
08:38:24.659 [main] INFO org.evosuite.runtime.instrumentation.MethodCallReplacementClassAdapter - Adding mock interface to class org/springframework/beans/BeanWrapperImpl$BeanPropertyHandler
08:38:24.659 [main] INFO org.evosuite.runtime.instrumentation.CreateClassResetClassAdapter - Creating brand-new static initializer in class org/springframework/beans/BeanWrapperImpl$BeanPropertyHandler
08:38:24.663 [main] INFO org.evosuite.runtime.instrumentation.EvoClassLoader - Keeping class: org.springframework.beans.BeanWrapperImpl$BeanPropertyHandler
08:38:24.663 [main] INFO org.evosuite.runtime.instrumentation.EvoClassLoader - Seeing class for first time: org.springframework.beans.factory.support.AbstractBeanFactory
08:38:24.663 [main] INFO org.evosuite.runtime.instrumentation.EvoClassLoader - Instrumenting class 'org.springframework.beans.factory.support.AbstractBeanFactory'.
08:38:24.663 [main] INFO org.evosuite.runtime.instrumentation.MethodCallReplacementClassAdapter - Adding mock interface to class org/springframework/beans/factory/support/AbstractBeanFactory
08:38:24.675 [main] INFO org.evosuite.runtime.instrumentation.CreateClassResetClassAdapter - Creating brand-new static initializer in class org/springframework/beans/factory/support/AbstractBeanFactory
08:38:24.675 [main] INFO org.evosuite.runtime.instrumentation.EvoClassLoader - Seeing class for first time: org.springframework.beans.factory.config.ConfigurableBeanFactory
08:38:24.675 [main] INFO org.evosuite.runtime.instrumentation.EvoClassLoader - Instrumenting class 'org.springframework.beans.factory.config.ConfigurableBeanFactory'.
08:38:24.679 [main] INFO org.evosuite.runtime.instrumentation.EvoClassLoader - Keeping class: org.springframework.beans.factory.config.ConfigurableBeanFactory
08:38:24.679 [main] INFO org.evosuite.runtime.instrumentation.EvoClassLoader - Seeing class for first time: org.springframework.beans.factory.support.FactoryBeanRegistrySupport
08:38:24.679 [main] INFO org.evosuite.runtime.instrumentation.EvoClassLoader - Instrumenting class 'org.springframework.beans.factory.support.FactoryBeanRegistrySupport'.
08:38:24.679 [main] INFO org.evosuite.runtime.instrumentation.MethodCallReplacementClassAdapter - Adding mock interface to class org/springframework/beans/factory/support/FactoryBeanRegistrySupport
08:38:24.683 [main] INFO org.evosuite.runtime.instrumentation.CreateClassResetClassAdapter - Creating brand-new static initializer in class org/springframework/beans/factory/support/FactoryBeanRegistrySupport
08:38:24.683 [main] INFO org.evosuite.runtime.instrumentation.EvoClassLoader - Keeping class: org.springframework.beans.factory.support.FactoryBeanRegistrySupport
08:38:24.683 [main] INFO org.evosuite.runtime.instrumentation.EvoClassLoader - Keeping class: org.springframework.beans.factory.support.AbstractBeanFactory
08:38:24.683 [main] INFO org.evosuite.runtime.instrumentation.EvoClassLoader - Seeing class for first time: org.springframework.beans.factory.FactoryBeanNotInitializedException
08:38:24.683 [main] INFO org.evosuite.runtime.instrumentation.EvoClassLoader - Instrumenting class 'org.springframework.beans.factory.FactoryBeanNotInitializedException'.
08:38:24.687 [main] INFO org.evosuite.runtime.instrumentation.MethodCallReplacementClassAdapter - Adding mock interface to class org/springframework/beans/factory/FactoryBeanNotInitializedException
08:38:24.687 [main] INFO org.evosuite.runtime.instrumentation.CreateClassResetClassAdapter - Creating brand-new static initializer in class org/springframework/beans/factory/FactoryBeanNotInitializedException
08:38:24.687 [main] INFO org.evosuite.runtime.instrumentation.EvoClassLoader - Keeping class: org.springframework.beans.factory.FactoryBeanNotInitializedException
08:38:24.687 [main] INFO org.evosuite.runtime.instrumentation.EvoClassLoader - Seeing class for first time: org.springframework.core.NamedThreadLocal
08:38:24.687 [main] INFO org.evosuite.runtime.instrumentation.EvoClassLoader - Instrumenting class 'org.springframework.core.NamedThreadLocal'.
08:38:24.691 [main] INFO org.evosuite.runtime.instrumentation.MethodCallReplacementClassAdapter - Adding mock interface to class org/springframework/core/NamedThreadLocal
08:38:24.691 [main] INFO org.evosuite.runtime.instrumentation.CreateClassResetClassAdapter - Creating brand-new static initializer in class org/springframework/core/NamedThreadLocal
08:38:24.691 [main] INFO org.evosuite.runtime.instrumentation.EvoClassLoader - Keeping class: org.springframework.core.NamedThreadLocal
08:38:24.691 [main] INFO org.evosuite.runtime.instrumentation.EvoClassLoader - Seeing class for first time: org.springframework.beans.factory.BeanIsNotAFactoryException
08:38:24.691 [main] INFO org.evosuite.runtime.instrumentation.EvoClassLoader - Instrumenting class 'org.springframework.beans.factory.BeanIsNotAFactoryException'.
08:38:24.695 [main] INFO org.evosuite.runtime.instrumentation.MethodCallReplacementClassAdapter - Adding mock interface to class org/springframework/beans/factory/BeanIsNotAFactoryException
08:38:24.695 [main] INFO org.evosuite.runtime.instrumentation.CreateClassResetClassAdapter - Creating brand-new static initializer in class org/springframework/beans/factory/BeanIsNotAFactoryException
08:38:24.695 [main] INFO org.evosuite.runtime.instrumentation.EvoClassLoader - Seeing class for first time: org.springframework.beans.factory.BeanNotOfRequiredTypeException
08:38:24.695 [main] INFO org.evosuite.runtime.instrumentation.EvoClassLoader - Instrumenting class 'org.springframework.beans.factory.BeanNotOfRequiredTypeException'.
08:38:24.699 [main] INFO org.evosuite.runtime.instrumentation.MethodCallReplacementClassAdapter - Adding mock interface to class org/springframework/beans/factory/BeanNotOfRequiredTypeException
08:38:24.699 [main] INFO org.evosuite.runtime.instrumentation.CreateClassResetClassAdapter - Creating brand-new static initializer in class org/springframework/beans/factory/BeanNotOfRequiredTypeException
08:38:24.699 [main] INFO org.evosuite.runtime.instrumentation.EvoClassLoader - Keeping class: org.springframework.beans.factory.BeanNotOfRequiredTypeException
08:38:24.699 [main] INFO org.evosuite.runtime.instrumentation.EvoClassLoader - Keeping class: org.springframework.beans.factory.BeanIsNotAFactoryException
08:38:24.699 [main] INFO org.evosuite.runtime.instrumentation.EvoClassLoader - Seeing class for first time: org.springframework.beans.factory.BeanIsAbstractException
08:38:24.699 [main] INFO org.evosuite.runtime.instrumentation.EvoClassLoader - Instrumenting class 'org.springframework.beans.factory.BeanIsAbstractException'.
08:38:24.699 [main] INFO org.evosuite.runtime.instrumentation.MethodCallReplacementClassAdapter - Adding mock interface to class org/springframework/beans/factory/BeanIsAbstractException
08:38:24.703 [main] INFO org.evosuite.runtime.instrumentation.CreateClassResetClassAdapter - Creating brand-new static initializer in class org/springframework/beans/factory/BeanIsAbstractException
08:38:24.703 [main] INFO org.evosuite.runtime.instrumentation.EvoClassLoader - Keeping class: org.springframework.beans.factory.BeanIsAbstractException
08:38:24.703 [main] INFO org.evosuite.runtime.instrumentation.EvoClassLoader - Seeing class for first time: org.springframework.boot.logging.DeferredLog
08:38:24.703 [main] INFO org.evosuite.runtime.instrumentation.EvoClassLoader - Instrumenting class 'org.springframework.boot.logging.DeferredLog'.
08:38:24.707 [main] INFO org.evosuite.runtime.instrumentation.MethodCallReplacementClassAdapter - Adding mock interface to class org/springframework/boot/logging/DeferredLog
08:38:24.707 [main] INFO org.evosuite.runtime.instrumentation.CreateClassResetClassAdapter - Creating brand-new static initializer in class org/springframework/boot/logging/DeferredLog
08:38:24.707 [main] INFO org.evosuite.runtime.instrumentation.EvoClassLoader - Keeping class: org.springframework.boot.logging.DeferredLog
08:38:24.707 [main] INFO org.evosuite.runtime.instrumentation.EvoClassLoader - Seeing class for first time: org.springframework.core.convert.support.ZoneIdToTimeZoneConverter
08:38:24.707 [main] INFO org.evosuite.runtime.instrumentation.EvoClassLoader - Instrumenting class 'org.springframework.core.convert.support.ZoneIdToTimeZoneConverter'.
08:38:24.711 [main] INFO org.evosuite.runtime.instrumentation.MethodCallReplacementClassAdapter - Adding mock interface to class org/springframework/core/convert/support/ZoneIdToTimeZoneConverter
08:38:24.711 [main] INFO org.evosuite.runtime.instrumentation.CreateClassResetClassAdapter - Creating brand-new static initializer in class org/springframework/core/convert/support/ZoneIdToTimeZoneConverter
08:38:24.711 [main] INFO org.evosuite.runtime.instrumentation.EvoClassLoader - Keeping class: org.springframework.core.convert.support.ZoneIdToTimeZoneConverter
08:38:24.711 [main] INFO org.evosuite.runtime.instrumentation.EvoClassLoader - Seeing class for first time: org.springframework.format.support.FormattingConversionService$PrinterConverter
08:38:24.711 [main] INFO org.evosuite.runtime.instrumentation.EvoClassLoader - Instrumenting class 'org.springframework.format.support.FormattingConversionService$PrinterConverter'.
08:38:24.711 [main] INFO org.evosuite.runtime.instrumentation.MethodCallReplacementClassAdapter - Adding mock interface to class org/springframework/format/support/FormattingConversionService$PrinterConverter
08:38:24.711 [main] INFO org.evosuite.runtime.instrumentation.CreateClassResetClassAdapter - Creating brand-new static initializer in class org/springframework/format/support/FormattingConversionService$PrinterConverter
08:38:24.715 [main] INFO org.evosuite.runtime.instrumentation.EvoClassLoader - Keeping class: org.springframework.format.support.FormattingConversionService$PrinterConverter
08:38:24.715 [main] INFO org.evosuite.runtime.instrumentation.EvoClassLoader - Seeing class for first time: org.springframework.web.context.support.StandardServletEnvironment
08:38:24.715 [main] INFO org.evosuite.runtime.instrumentation.EvoClassLoader - Instrumenting class 'org.springframework.web.context.support.StandardServletEnvironment'.
08:38:24.719 [main] INFO org.evosuite.runtime.instrumentation.MethodCallReplacementClassAdapter - Adding mock interface to class org/springframework/web/context/support/StandardServletEnvironment
08:38:24.719 [main] INFO org.evosuite.runtime.instrumentation.CreateClassResetClassAdapter - Creating brand-new static initializer in class org/springframework/web/context/support/StandardServletEnvironment
08:38:24.719 [main] INFO org.evosuite.runtime.instrumentation.CreateClassResetClassAdapter - Adding bytecode for initializing field SERVLET_CONTEXT_PROPERTY_SOURCE_NAME
08:38:24.719 [main] INFO org.evosuite.runtime.instrumentation.CreateClassResetClassAdapter - Adding bytecode for initializing field SERVLET_CONFIG_PROPERTY_SOURCE_NAME
08:38:24.719 [main] INFO org.evosuite.runtime.instrumentation.CreateClassResetClassAdapter - Adding bytecode for initializing field JNDI_PROPERTY_SOURCE_NAME
08:38:24.719 [main] INFO org.evosuite.runtime.instrumentation.EvoClassLoader - Seeing class for first time: org.springframework.web.context.ConfigurableWebEnvironment
08:38:24.719 [main] INFO org.evosuite.runtime.instrumentation.EvoClassLoader - Instrumenting class 'org.springframework.web.context.ConfigurableWebEnvironment'.
08:38:24.719 [main] INFO org.evosuite.runtime.instrumentation.EvoClassLoader - Keeping class: org.springframework.web.context.ConfigurableWebEnvironment
08:38:24.719 [main] INFO org.evosuite.runtime.instrumentation.EvoClassLoader - Seeing class for first time: org.springframework.core.env.StandardEnvironment
08:38:24.719 [main] INFO org.evosuite.runtime.instrumentation.EvoClassLoader - Instrumenting class 'org.springframework.core.env.StandardEnvironment'.
08:38:24.723 [main] INFO org.evosuite.runtime.instrumentation.MethodCallReplacementClassAdapter - Adding mock interface to class org/springframework/core/env/StandardEnvironment
08:38:24.723 [main] INFO org.evosuite.runtime.instrumentation.CreateClassResetClassAdapter - Creating brand-new static initializer in class org/springframework/core/env/StandardEnvironment
08:38:24.723 [main] INFO org.evosuite.runtime.instrumentation.CreateClassResetClassAdapter - Adding bytecode for initializing field SYSTEM_ENVIRONMENT_PROPERTY_SOURCE_NAME
08:38:24.723 [main] INFO org.evosuite.runtime.instrumentation.CreateClassResetClassAdapter - Adding bytecode for initializing field SYSTEM_PROPERTIES_PROPERTY_SOURCE_NAME
08:38:24.723 [main] INFO org.evosuite.runtime.instrumentation.EvoClassLoader - Seeing class for first time: org.springframework.core.env.AbstractEnvironment
08:38:24.723 [main] INFO org.evosuite.runtime.instrumentation.EvoClassLoader - Instrumenting class 'org.springframework.core.env.AbstractEnvironment'.
08:38:24.727 [main] INFO org.evosuite.runtime.instrumentation.MethodCallReplacementClassAdapter - Adding mock interface to class org/springframework/core/env/AbstractEnvironment
08:38:24.727 [main] INFO org.evosuite.runtime.instrumentation.CreateClassResetClassAdapter - Creating brand-new static initializer in class org/springframework/core/env/AbstractEnvironment
08:38:24.727 [main] INFO org.evosuite.runtime.instrumentation.CreateClassResetClassAdapter - Adding bytecode for initializing field IGNORE_GETENV_PROPERTY_NAME
08:38:24.727 [main] INFO org.evosuite.runtime.instrumentation.CreateClassResetClassAdapter - Adding bytecode for initializing field ACTIVE_PROFILES_PROPERTY_NAME
08:38:24.727 [main] INFO org.evosuite.runtime.instrumentation.CreateClassResetClassAdapter - Adding bytecode for initializing field DEFAULT_PROFILES_PROPERTY_NAME
08:38:24.727 [main] INFO org.evosuite.runtime.instrumentation.CreateClassResetClassAdapter - Adding bytecode for initializing field RESERVED_DEFAULT_PROFILE_NAME
08:38:24.727 [main] INFO org.evosuite.runtime.instrumentation.EvoClassLoader - Keeping class: org.springframework.core.env.AbstractEnvironment
08:38:24.727 [main] INFO org.evosuite.runtime.instrumentation.EvoClassLoader - Keeping class: org.springframework.core.env.StandardEnvironment
08:38:24.727 [main] INFO org.evosuite.runtime.instrumentation.EvoClassLoader - Keeping class: org.springframework.web.context.support.StandardServletEnvironment
08:38:24.731 [main] INFO org.evosuite.runtime.instrumentation.EvoClassLoader - Seeing class for first time: org.springframework.core.env.SystemEnvironmentPropertySource
08:38:24.731 [main] INFO org.evosuite.runtime.instrumentation.EvoClassLoader - Instrumenting class 'org.springframework.core.env.SystemEnvironmentPropertySource'.
08:38:24.731 [main] INFO org.evosuite.runtime.instrumentation.MethodCallReplacementClassAdapter - Adding mock interface to class org/springframework/core/env/SystemEnvironmentPropertySource
08:38:24.731 [main] INFO org.evosuite.runtime.instrumentation.CreateClassResetClassAdapter - Creating brand-new static initializer in class org/springframework/core/env/SystemEnvironmentPropertySource
08:38:24.731 [main] INFO org.evosuite.runtime.instrumentation.EvoClassLoader - Keeping class: org.springframework.core.env.SystemEnvironmentPropertySource
08:38:24.731 [main] INFO org.evosuite.runtime.instrumentation.EvoClassLoader - Seeing class for first time: org.springframework.jndi.JndiPropertySource
08:38:24.731 [main] INFO org.evosuite.runtime.instrumentation.EvoClassLoader - Instrumenting class 'org.springframework.jndi.JndiPropertySource'.
08:38:24.735 [main] INFO org.evosuite.runtime.instrumentation.MethodCallReplacementClassAdapter - Adding mock interface to class org/springframework/jndi/JndiPropertySource
08:38:24.735 [main] INFO org.evosuite.runtime.instrumentation.CreateClassResetClassAdapter - Creating brand-new static initializer in class org/springframework/jndi/JndiPropertySource
08:38:24.735 [main] INFO org.evosuite.runtime.instrumentation.EvoClassLoader - Keeping class: org.springframework.jndi.JndiPropertySource
08:38:24.735 [main] INFO org.evosuite.runtime.instrumentation.EvoClassLoader - Seeing class for first time: org.springframework.core.convert.support.ArrayToCollectionConverter
08:38:24.735 [main] INFO org.evosuite.runtime.instrumentation.EvoClassLoader - Instrumenting class 'org.springframework.core.convert.support.ArrayToCollectionConverter'.
08:38:24.739 [main] INFO org.evosuite.runtime.instrumentation.MethodCallReplacementClassAdapter - Adding mock interface to class org/springframework/core/convert/support/ArrayToCollectionConverter
08:38:24.739 [main] INFO org.evosuite.runtime.instrumentation.CreateClassResetClassAdapter - Creating brand-new static initializer in class org/springframework/core/convert/support/ArrayToCollectionConverter
08:38:24.739 [main] INFO org.evosuite.runtime.instrumentation.EvoClassLoader - Keeping class: org.springframework.core.convert.support.ArrayToCollectionConverter
08:38:24.739 [main] INFO org.evosuite.runtime.instrumentation.EvoClassLoader - Seeing class for first time: org.springframework.format.datetime.standard.DateTimeConverters$CalendarToLocalDateConverter
08:38:24.739 [main] INFO org.evosuite.runtime.instrumentation.EvoClassLoader - Instrumenting class 'org.springframework.format.datetime.standard.DateTimeConverters$CalendarToLocalDateConverter'.
08:38:24.739 [main] INFO org.evosuite.runtime.instrumentation.MethodCallReplacementClassAdapter - Adding mock interface to class org/springframework/format/datetime/standard/DateTimeConverters$CalendarToLocalDateConverter
08:38:24.743 [main] INFO org.evosuite.runtime.instrumentation.CreateClassResetClassAdapter - Creating brand-new static initializer in class org/springframework/format/datetime/standard/DateTimeConverters$CalendarToLocalDateConverter
08:38:24.743 [main] INFO org.evosuite.runtime.instrumentation.EvoClassLoader - Keeping class: org.springframework.format.datetime.standard.DateTimeConverters$CalendarToLocalDateConverter
08:38:24.743 [main] INFO org.evosuite.runtime.instrumentation.EvoClassLoader - Seeing class for first time: org.springframework.boot.logging.LogFile
08:38:24.743 [main] INFO org.evosuite.runtime.instrumentation.EvoClassLoader - Instrumenting class 'org.springframework.boot.logging.LogFile'.
08:38:24.743 [main] INFO org.evosuite.runtime.instrumentation.MethodCallReplacementClassAdapter - Adding mock interface to class org/springframework/boot/logging/LogFile
08:38:24.743 [main] INFO org.evosuite.runtime.instrumentation.CreateClassResetClassAdapter - Creating brand-new static initializer in class org/springframework/boot/logging/LogFile
08:38:24.743 [main] INFO org.evosuite.runtime.instrumentation.CreateClassResetClassAdapter - Adding bytecode for initializing field FILE_PROPERTY
08:38:24.743 [main] INFO org.evosuite.runtime.instrumentation.CreateClassResetClassAdapter - Adding bytecode for initializing field PATH_PROPERTY
08:38:24.743 [main] INFO org.evosuite.runtime.instrumentation.EvoClassLoader - Keeping class: org.springframework.boot.logging.LogFile
08:38:24.743 [main] INFO org.evosuite.runtime.instrumentation.EvoClassLoader - Seeing class for first time: org.springframework.format.datetime.standard.DateTimeConverters$OffsetDateTimeToLocalDateConverter
08:38:24.743 [main] INFO org.evosuite.runtime.instrumentation.EvoClassLoader - Instrumenting class 'org.springframework.format.datetime.standard.DateTimeConverters$OffsetDateTimeToLocalDateConverter'.
08:38:24.747 [main] INFO org.evosuite.runtime.instrumentation.MethodCallReplacementClassAdapter - Adding mock interface to class org/springframework/format/datetime/standard/DateTimeConverters$OffsetDateTimeToLocalDateConverter
08:38:24.747 [main] INFO org.evosuite.runtime.instrumentation.CreateClassResetClassAdapter - Creating brand-new static initializer in class org/springframework/format/datetime/standard/DateTimeConverters$OffsetDateTimeToLocalDateConverter
08:38:24.747 [main] INFO org.evosuite.runtime.instrumentation.EvoClassLoader - Keeping class: org.springframework.format.datetime.standard.DateTimeConverters$OffsetDateTimeToLocalDateConverter
08:38:24.747 [main] INFO org.evosuite.runtime.instrumentation.EvoClassLoader - Seeing class for first time: org.springframework.orm.jpa.support.PersistenceAnnotationBeanPostProcessor
08:38:24.747 [main] INFO org.evosuite.runtime.instrumentation.EvoClassLoader - Instrumenting class 'org.springframework.orm.jpa.support.PersistenceAnnotationBeanPostProcessor'.
08:38:24.751 [main] INFO org.evosuite.runtime.instrumentation.EvoClassLoader - Error while loading class: java.lang.ClassNotFoundException: Class 'org/springframework/orm/jpa/support/PersistenceAnnotationBeanPostProcessor.class' should be in target project, but could not be found!
08:38:24.751 [main] ERROR org.evosuite.runtime.classhandling.ClassStateSupport - Could not initialize org.springframework.orm.jpa.support.PersistenceAnnotationBeanPostProcessor: Class 'org/springframework/orm/jpa/support/PersistenceAnnotationBeanPostProcessor.class' should be in target project, but could not be found!
08:38:24.751 [main] INFO org.evosuite.runtime.instrumentation.EvoClassLoader - Seeing class for first time: org.springframework.core.convert.support.StringToArrayConverter
08:38:24.751 [main] INFO org.evosuite.runtime.instrumentation.EvoClassLoader - Instrumenting class 'org.springframework.core.convert.support.StringToArrayConverter'.
08:38:24.751 [main] INFO org.evosuite.runtime.instrumentation.MethodCallReplacementClassAdapter - Adding mock interface to class org/springframework/core/convert/support/StringToArrayConverter
08:38:24.755 [main] INFO org.evosuite.runtime.instrumentation.CreateClassResetClassAdapter - Creating brand-new static initializer in class org/springframework/core/convert/support/StringToArrayConverter
08:38:24.755 [main] INFO org.evosuite.runtime.instrumentation.EvoClassLoader - Keeping class: org.springframework.core.convert.support.StringToArrayConverter
08:38:24.755 [main] INFO org.evosuite.runtime.instrumentation.EvoClassLoader - Seeing class for first time: org.springframework.core.annotation.AnnotationAttributeExtractor
08:38:24.755 [main] INFO org.evosuite.runtime.instrumentation.EvoClassLoader - Instrumenting class 'org.springframework.core.annotation.AnnotationAttributeExtractor'.
08:38:24.755 [main] INFO org.evosuite.runtime.instrumentation.EvoClassLoader - Keeping class: org.springframework.core.annotation.AnnotationAttributeExtractor
08:38:24.755 [main] INFO org.evosuite.runtime.instrumentation.EvoClassLoader - Seeing class for first time: org.springframework.format.datetime.standard.DateTimeConverters$ZonedDateTimeToOffsetDateTimeConverter
08:38:24.755 [main] INFO org.evosuite.runtime.instrumentation.EvoClassLoader - Instrumenting class 'org.springframework.format.datetime.standard.DateTimeConverters$ZonedDateTimeToOffsetDateTimeConverter'.
08:38:24.759 [main] INFO org.evosuite.runtime.instrumentation.MethodCallReplacementClassAdapter - Adding mock interface to class org/springframework/format/datetime/standard/DateTimeConverters$ZonedDateTimeToOffsetDateTimeConverter
08:38:24.759 [main] INFO org.evosuite.runtime.instrumentation.CreateClassResetClassAdapter - Creating brand-new static initializer in class org/springframework/format/datetime/standard/DateTimeConverters$ZonedDateTimeToOffsetDateTimeConverter
08:38:24.759 [main] INFO org.evosuite.runtime.instrumentation.EvoClassLoader - Keeping class: org.springframework.format.datetime.standard.DateTimeConverters$ZonedDateTimeToOffsetDateTimeConverter
08:38:24.759 [main] INFO org.evosuite.runtime.instrumentation.EvoClassLoader - Seeing class for first time: org.springframework.boot.context.properties.bind.ArrayBinder
08:38:24.759 [main] INFO org.evosuite.runtime.instrumentation.EvoClassLoader - Instrumenting class 'org.springframework.boot.context.properties.bind.ArrayBinder'.
08:38:24.763 [main] INFO org.evosuite.runtime.instrumentation.MethodCallReplacementClassAdapter - Adding mock interface to class org/springframework/boot/context/properties/bind/ArrayBinder
08:38:24.763 [main] INFO org.evosuite.runtime.instrumentation.CreateClassResetClassAdapter - Creating brand-new static initializer in class org/springframework/boot/context/properties/bind/ArrayBinder
08:38:24.763 [main] INFO org.evosuite.runtime.instrumentation.EvoClassLoader - Keeping class: org.springframework.boot.context.properties.bind.ArrayBinder
08:38:24.763 [main] INFO org.evosuite.runtime.instrumentation.EvoClassLoader - Seeing class for first time: org.springframework.context.annotation.AnnotationScopeMetadataResolver
08:38:24.763 [main] INFO org.evosuite.runtime.instrumentation.EvoClassLoader - Instrumenting class 'org.springframework.context.annotation.AnnotationScopeMetadataResolver'.
08:38:24.767 [main] INFO org.evosuite.runtime.instrumentation.MethodCallReplacementClassAdapter - Adding mock interface to class org/springframework/context/annotation/AnnotationScopeMetadataResolver
08:38:24.767 [main] INFO org.evosuite.runtime.instrumentation.CreateClassResetClassAdapter - Creating brand-new static initializer in class org/springframework/context/annotation/AnnotationScopeMetadataResolver
08:38:24.767 [main] INFO org.evosuite.runtime.instrumentation.EvoClassLoader - Seeing class for first time: org.springframework.context.annotation.ScopeMetadataResolver
08:38:24.767 [main] INFO org.evosuite.runtime.instrumentation.EvoClassLoader - Instrumenting class 'org.springframework.context.annotation.ScopeMetadataResolver'.
08:38:24.771 [main] INFO org.evosuite.runtime.instrumentation.EvoClassLoader - Keeping class: org.springframework.context.annotation.ScopeMetadataResolver
08:38:24.771 [main] INFO org.evosuite.runtime.instrumentation.EvoClassLoader - Keeping class: org.springframework.context.annotation.AnnotationScopeMetadataResolver
08:38:24.771 [main] INFO org.evosuite.runtime.instrumentation.EvoClassLoader - Seeing class for first time: org.springframework.boot.ansi.AnsiStyle
08:38:24.771 [main] INFO org.evosuite.runtime.instrumentation.EvoClassLoader - Instrumenting class 'org.springframework.boot.ansi.AnsiStyle'.
08:38:24.771 [main] INFO org.evosuite.runtime.instrumentation.MethodCallReplacementClassAdapter - Adding mock interface to class org/springframework/boot/ansi/AnsiStyle
08:38:24.771 [main] INFO org.evosuite.runtime.instrumentation.CreateClassResetClassAdapter - Found static initializer in class org/springframework/boot/ansi/AnsiStyle
08:38:24.775 [main] INFO org.evosuite.runtime.instrumentation.EvoClassLoader - Defined package (3): package org.springframework.boot.ansi, 109892376
08:38:24.775 [main] INFO org.evosuite.runtime.instrumentation.EvoClassLoader - Seeing class for first time: org.springframework.boot.ansi.AnsiElement
08:38:24.775 [main] INFO org.evosuite.runtime.instrumentation.EvoClassLoader - Instrumenting class 'org.springframework.boot.ansi.AnsiElement'.
08:38:24.775 [main] INFO org.evosuite.runtime.instrumentation.EvoClassLoader - Keeping class: org.springframework.boot.ansi.AnsiElement
08:38:24.775 [main] INFO org.evosuite.runtime.instrumentation.EvoClassLoader - Keeping class: org.springframework.boot.ansi.AnsiStyle
08:38:24.779 [main] INFO org.evosuite.runtime.instrumentation.EvoClassLoader - Seeing class for first time: org.springframework.dao.DataAccessException
08:38:24.779 [main] INFO org.evosuite.runtime.instrumentation.EvoClassLoader - Instrumenting class 'org.springframework.dao.DataAccessException'.
08:38:24.779 [main] INFO org.evosuite.runtime.instrumentation.EvoClassLoader - Error while loading class: java.lang.ClassNotFoundException: Class 'org/springframework/dao/DataAccessException.class' should be in target project, but could not be found!
08:38:24.779 [main] ERROR org.evosuite.runtime.classhandling.ClassStateSupport - Could not initialize org.springframework.dao.DataAccessException: Class 'org/springframework/dao/DataAccessException.class' should be in target project, but could not be found!
08:38:24.779 [main] INFO org.evosuite.runtime.instrumentation.EvoClassLoader - Seeing class for first time: org.springframework.core.SerializableTypeWrapper$MethodInvokeTypeProvider
08:38:24.779 [main] INFO org.evosuite.runtime.instrumentation.EvoClassLoader - Instrumenting class 'org.springframework.core.SerializableTypeWrapper$MethodInvokeTypeProvider'.
08:38:24.783 [main] INFO org.evosuite.runtime.instrumentation.MethodCallReplacementClassAdapter - Adding mock interface to class org/springframework/core/SerializableTypeWrapper$MethodInvokeTypeProvider
08:38:24.787 [main] INFO org.evosuite.runtime.instrumentation.CreateClassResetClassAdapter - Creating brand-new static initializer in class org/springframework/core/SerializableTypeWrapper$MethodInvokeTypeProvider
08:38:24.787 [main] INFO org.evosuite.runtime.instrumentation.EvoClassLoader - Keeping class: org.springframework.core.SerializableTypeWrapper$MethodInvokeTypeProvider
08:38:24.787 [main] INFO org.evosuite.runtime.instrumentation.EvoClassLoader - Seeing class for first time: org.springframework.core.convert.support.StringToCurrencyConverter
08:38:24.787 [main] INFO org.evosuite.runtime.instrumentation.EvoClassLoader - Instrumenting class 'org.springframework.core.convert.support.StringToCurrencyConverter'.
08:38:24.791 [main] INFO org.evosuite.runtime.instrumentation.MethodCallReplacementClassAdapter - Adding mock interface to class org/springframework/core/convert/support/StringToCurrencyConverter
08:38:24.791 [main] INFO org.evosuite.runtime.instrumentation.CreateClassResetClassAdapter - Creating brand-new static initializer in class org/springframework/core/convert/support/StringToCurrencyConverter
08:38:24.791 [main] INFO org.evosuite.runtime.instrumentation.EvoClassLoader - Keeping class: org.springframework.core.convert.support.StringToCurrencyConverter
08:38:24.791 [main] INFO org.evosuite.runtime.instrumentation.EvoClassLoader - Seeing class for first time: org.springframework.core.convert.TypeDescriptor
08:38:24.791 [main] INFO org.evosuite.runtime.instrumentation.EvoClassLoader - Instrumenting class 'org.springframework.core.convert.TypeDescriptor'.
08:38:24.791 [main] INFO org.evosuite.runtime.instrumentation.MethodCallReplacementClassAdapter - Adding mock interface to class org/springframework/core/convert/TypeDescriptor
08:38:24.795 [main] INFO org.evosuite.runtime.instrumentation.CreateClassResetClassAdapter - Found static initializer in class org/springframework/core/convert/TypeDescriptor
08:38:24.795 [main] INFO org.evosuite.runtime.instrumentation.EvoClassLoader - Keeping class: org.springframework.core.convert.TypeDescriptor
08:38:24.799 [main] INFO org.evosuite.runtime.instrumentation.EvoClassLoader - Seeing class for first time: org.springframework.core.convert.TypeDescriptor$AnnotatedElementAdapter
08:38:24.799 [main] INFO org.evosuite.runtime.instrumentation.EvoClassLoader - Instrumenting class 'org.springframework.core.convert.TypeDescriptor$AnnotatedElementAdapter'.
08:38:24.799 [main] INFO org.evosuite.runtime.instrumentation.MethodCallReplacementClassAdapter - Adding mock interface to class org/springframework/core/convert/TypeDescriptor$AnnotatedElementAdapter
08:38:24.799 [main] INFO org.evosuite.runtime.instrumentation.CreateClassResetClassAdapter - Creating brand-new static initializer in class org/springframework/core/convert/TypeDescriptor$AnnotatedElementAdapter
08:38:24.803 [main] INFO org.evosuite.runtime.instrumentation.EvoClassLoader - Keeping class: org.springframework.core.convert.TypeDescriptor$AnnotatedElementAdapter
08:38:24.803 [main] INFO org.evosuite.runtime.instrumentation.EvoClassLoader - Seeing class for first time: org.springframework.boot.autoconfigure.SharedMetadataReaderFactoryContextInitializer$SharedMetadataReaderFactoryBean
08:38:24.803 [main] INFO org.evosuite.runtime.instrumentation.EvoClassLoader - Instrumenting class 'org.springframework.boot.autoconfigure.SharedMetadataReaderFactoryContextInitializer$SharedMetadataReaderFactoryBean'.
08:38:24.803 [main] INFO org.evosuite.runtime.instrumentation.MethodCallReplacementClassAdapter - Adding mock interface to class org/springframework/boot/autoconfigure/SharedMetadataReaderFactoryContextInitializer$SharedMetadataReaderFactoryBean
08:38:24.803 [main] INFO org.evosuite.runtime.instrumentation.CreateClassResetClassAdapter - Creating brand-new static initializer in class org/springframework/boot/autoconfigure/SharedMetadataReaderFactoryContextInitializer$SharedMetadataReaderFactoryBean
08:38:24.803 [main] INFO org.evosuite.runtime.instrumentation.EvoClassLoader - Keeping class: org.springframework.boot.autoconfigure.SharedMetadataReaderFactoryContextInitializer$SharedMetadataReaderFactoryBean
08:38:24.803 [main] INFO org.evosuite.runtime.instrumentation.EvoClassLoader - Seeing class for first time: org.springframework.context.support.ApplicationListenerDetector
08:38:24.803 [main] INFO org.evosuite.runtime.instrumentation.EvoClassLoader - Instrumenting class 'org.springframework.context.support.ApplicationListenerDetector'.
08:38:24.807 [main] INFO org.evosuite.runtime.instrumentation.MethodCallReplacementClassAdapter - Adding mock interface to class org/springframework/context/support/ApplicationListenerDetector
08:38:24.807 [main] INFO org.evosuite.runtime.instrumentation.CreateClassResetClassAdapter - Found static initializer in class org/springframework/context/support/ApplicationListenerDetector
08:38:24.807 [main] INFO org.evosuite.runtime.instrumentation.EvoClassLoader - Seeing class for first time: org.springframework.beans.factory.config.DestructionAwareBeanPostProcessor
08:38:24.807 [main] INFO org.evosuite.runtime.instrumentation.EvoClassLoader - Instrumenting class 'org.springframework.beans.factory.config.DestructionAwareBeanPostProcessor'.
08:38:24.811 [main] INFO org.evosuite.runtime.instrumentation.EvoClassLoader - Keeping class: org.springframework.beans.factory.config.DestructionAwareBeanPostProcessor
08:38:24.811 [main] INFO org.evosuite.runtime.instrumentation.EvoClassLoader - Seeing class for first time: org.springframework.beans.factory.support.MergedBeanDefinitionPostProcessor
08:38:24.811 [main] INFO org.evosuite.runtime.instrumentation.EvoClassLoader - Instrumenting class 'org.springframework.beans.factory.support.MergedBeanDefinitionPostProcessor'.
08:38:24.815 [main] INFO org.evosuite.runtime.instrumentation.EvoClassLoader - Keeping class: org.springframework.beans.factory.support.MergedBeanDefinitionPostProcessor
08:38:24.815 [main] INFO org.evosuite.runtime.instrumentation.EvoClassLoader - Keeping class: org.springframework.context.support.ApplicationListenerDetector
08:38:24.815 [main] INFO org.evosuite.runtime.instrumentation.EvoClassLoader - Seeing class for first time: org.springframework.boot.context.properties.bind.MapBinder
08:38:24.815 [main] INFO org.evosuite.runtime.instrumentation.EvoClassLoader - Instrumenting class 'org.springframework.boot.context.properties.bind.MapBinder'.
08:38:24.819 [main] INFO org.evosuite.runtime.instrumentation.MethodCallReplacementClassAdapter - Adding mock interface to class org/springframework/boot/context/properties/bind/MapBinder
08:38:24.819 [main] INFO org.evosuite.runtime.instrumentation.CreateClassResetClassAdapter - Found static initializer in class org/springframework/boot/context/properties/bind/MapBinder
08:38:24.819 [main] INFO org.evosuite.runtime.instrumentation.EvoClassLoader - Keeping class: org.springframework.boot.context.properties.bind.MapBinder
08:38:24.824 [main] INFO org.evosuite.runtime.instrumentation.EvoClassLoader - Seeing class for first time: org.springframework.core.SerializableTypeWrapper
08:38:24.824 [main] INFO org.evosuite.runtime.instrumentation.EvoClassLoader - Instrumenting class 'org.springframework.core.SerializableTypeWrapper'.
08:38:24.827 [main] INFO org.evosuite.runtime.instrumentation.MethodCallReplacementClassAdapter - Adding mock interface to class org/springframework/core/SerializableTypeWrapper
08:38:24.831 [main] INFO org.evosuite.runtime.instrumentation.CreateClassResetClassAdapter - Found static initializer in class org/springframework/core/SerializableTypeWrapper
08:38:24.831 [main] INFO org.evosuite.runtime.instrumentation.EvoClassLoader - Keeping class: org.springframework.core.SerializableTypeWrapper
08:38:24.831 [main] INFO org.evosuite.runtime.instrumentation.EvoClassLoader - Seeing class for first time: org.springframework.core.SerializableTypeWrapper$SerializableTypeProxy
08:38:24.831 [main] INFO org.evosuite.runtime.instrumentation.EvoClassLoader - Instrumenting class 'org.springframework.core.SerializableTypeWrapper$SerializableTypeProxy'.
08:38:24.835 [main] INFO org.evosuite.runtime.instrumentation.EvoClassLoader - Keeping class: org.springframework.core.SerializableTypeWrapper$SerializableTypeProxy
08:38:24.835 [main] INFO org.evosuite.runtime.instrumentation.EvoClassLoader - Seeing class for first time: org.springframework.core.ResolvableType$SyntheticParameterizedType
08:38:24.835 [main] INFO org.evosuite.runtime.instrumentation.EvoClassLoader - Instrumenting class 'org.springframework.core.ResolvableType$SyntheticParameterizedType'.
08:38:24.835 [main] INFO org.evosuite.runtime.instrumentation.MethodCallReplacementClassAdapter - Adding mock interface to class org/springframework/core/ResolvableType$SyntheticParameterizedType
08:38:24.835 [main] INFO org.evosuite.runtime.instrumentation.CreateClassResetClassAdapter - Creating brand-new static initializer in class org/springframework/core/ResolvableType$SyntheticParameterizedType
08:38:24.835 [main] INFO org.evosuite.runtime.instrumentation.EvoClassLoader - Keeping class: org.springframework.core.ResolvableType$SyntheticParameterizedType
08:38:24.839 [main] INFO org.evosuite.runtime.instrumentation.EvoClassLoader - Seeing class for first time: org.springframework.core.ResolvableType$TypeVariablesVariableResolver
08:38:24.839 [main] INFO org.evosuite.runtime.instrumentation.EvoClassLoader - Instrumenting class 'org.springframework.core.ResolvableType$TypeVariablesVariableResolver'.
08:38:24.839 [main] INFO org.evosuite.runtime.instrumentation.MethodCallReplacementClassAdapter - Adding mock interface to class org/springframework/core/ResolvableType$TypeVariablesVariableResolver
08:38:24.839 [main] INFO org.evosuite.runtime.instrumentation.CreateClassResetClassAdapter - Creating brand-new static initializer in class org/springframework/core/ResolvableType$TypeVariablesVariableResolver
08:38:24.839 [main] INFO org.evosuite.runtime.instrumentation.EvoClassLoader - Keeping class: org.springframework.core.ResolvableType$TypeVariablesVariableResolver
08:38:24.839 [main] INFO org.evosuite.runtime.instrumentation.EvoClassLoader - Seeing class for first time: org.springframework.util.ObjectUtils
08:38:24.839 [main] INFO org.evosuite.runtime.instrumentation.EvoClassLoader - Instrumenting class 'org.springframework.util.ObjectUtils'.
08:38:24.843 [main] INFO org.evosuite.runtime.instrumentation.MethodCallReplacementClassAdapter - Adding mock interface to class org/springframework/util/ObjectUtils
08:38:24.851 [main] INFO org.evosuite.runtime.instrumentation.CreateClassResetClassAdapter - Creating brand-new static initializer in class org/springframework/util/ObjectUtils
08:38:24.851 [main] INFO org.evosuite.runtime.instrumentation.CreateClassResetClassAdapter - Adding bytecode for initializing field INITIAL_HASH
08:38:24.851 [main] INFO org.evosuite.runtime.instrumentation.CreateClassResetClassAdapter - Adding bytecode for initializing field MULTIPLIER
08:38:24.851 [main] INFO org.evosuite.runtime.instrumentation.CreateClassResetClassAdapter - Adding bytecode for initializing field EMPTY_STRING
08:38:24.851 [main] INFO org.evosuite.runtime.instrumentation.CreateClassResetClassAdapter - Adding bytecode for initializing field NULL_STRING
08:38:24.851 [main] INFO org.evosuite.runtime.instrumentation.CreateClassResetClassAdapter - Adding bytecode for initializing field ARRAY_START
08:38:24.851 [main] INFO org.evosuite.runtime.instrumentation.CreateClassResetClassAdapter - Adding bytecode for initializing field ARRAY_END
08:38:24.851 [main] INFO org.evosuite.runtime.instrumentation.CreateClassResetClassAdapter - Adding bytecode for initializing field EMPTY_ARRAY
08:38:24.851 [main] INFO org.evosuite.runtime.instrumentation.CreateClassResetClassAdapter - Adding bytecode for initializing field ARRAY_ELEMENT_SEPARATOR
08:38:24.851 [main] INFO org.evosuite.runtime.instrumentation.EvoClassLoader - Keeping class: org.springframework.util.ObjectUtils
08:38:24.851 [main] INFO org.evosuite.runtime.instrumentation.EvoClassLoader - Seeing class for first time: org.springframework.util.ConcurrentReferenceHashMap$Restructure
08:38:24.851 [main] INFO org.evosuite.runtime.instrumentation.EvoClassLoader - Instrumenting class 'org.springframework.util.ConcurrentReferenceHashMap$Restructure'.
08:38:24.855 [main] INFO org.evosuite.runtime.instrumentation.MethodCallReplacementClassAdapter - Adding mock interface to class org/springframework/util/ConcurrentReferenceHashMap$Restructure
08:38:24.855 [main] INFO org.evosuite.runtime.instrumentation.CreateClassResetClassAdapter - Found static initializer in class org/springframework/util/ConcurrentReferenceHashMap$Restructure
08:38:24.855 [main] INFO org.evosuite.runtime.instrumentation.EvoClassLoader - Keeping class: org.springframework.util.ConcurrentReferenceHashMap$Restructure
08:38:24.855 [main] INFO org.evosuite.runtime.instrumentation.EvoClassLoader - Seeing class for first time: org.springframework.jdbc.CannotGetJdbcConnectionException
08:38:24.855 [main] INFO org.evosuite.runtime.instrumentation.EvoClassLoader - Instrumenting class 'org.springframework.jdbc.CannotGetJdbcConnectionException'.
08:38:24.859 [main] INFO org.evosuite.runtime.instrumentation.EvoClassLoader - Error while loading class: java.lang.ClassNotFoundException: Class 'org/springframework/jdbc/CannotGetJdbcConnectionException.class' should be in target project, but could not be found!
08:38:24.859 [main] ERROR org.evosuite.runtime.classhandling.ClassStateSupport - Could not initialize org.springframework.jdbc.CannotGetJdbcConnectionException: Class 'org/springframework/jdbc/CannotGetJdbcConnectionException.class' should be in target project, but could not be found!
08:38:24.863 [main] INFO org.evosuite.runtime.instrumentation.EvoClassLoader - Seeing class for first time: org.springframework.jndi.JndiTemplate
08:38:24.863 [main] INFO org.evosuite.runtime.instrumentation.EvoClassLoader - Instrumenting class 'org.springframework.jndi.JndiTemplate'.
08:38:24.867 [main] INFO org.evosuite.runtime.instrumentation.MethodCallReplacementClassAdapter - Adding mock interface to class org/springframework/jndi/JndiTemplate
08:38:24.871 [main] INFO org.evosuite.runtime.instrumentation.CreateClassResetClassAdapter - Creating brand-new static initializer in class org/springframework/jndi/JndiTemplate
08:38:24.871 [main] INFO org.evosuite.runtime.instrumentation.EvoClassLoader - Keeping class: org.springframework.jndi.JndiTemplate
08:38:24.871 [main] INFO org.evosuite.runtime.instrumentation.EvoClassLoader - Seeing class for first time: org.springframework.jndi.TypeMismatchNamingException
08:38:24.871 [main] INFO org.evosuite.runtime.instrumentation.EvoClassLoader - Instrumenting class 'org.springframework.jndi.TypeMismatchNamingException'.
08:38:24.875 [main] INFO org.evosuite.runtime.instrumentation.MethodCallReplacementClassAdapter - Adding mock interface to class org/springframework/jndi/TypeMismatchNamingException
08:38:24.875 [main] INFO org.evosuite.runtime.instrumentation.CreateClassResetClassAdapter - Creating brand-new static initializer in class org/springframework/jndi/TypeMismatchNamingException
08:38:24.875 [main] INFO org.evosuite.runtime.instrumentation.EvoClassLoader - Keeping class: org.springframework.jndi.TypeMismatchNamingException
08:38:24.875 [main] INFO org.evosuite.runtime.instrumentation.EvoClassLoader - Seeing class for first time: org.springframework.util.xml.XmlValidationModeDetector
08:38:24.875 [main] INFO org.evosuite.runtime.instrumentation.EvoClassLoader - Instrumenting class 'org.springframework.util.xml.XmlValidationModeDetector'.
08:38:24.879 [main] INFO org.evosuite.runtime.instrumentation.MethodCallReplacementClassAdapter - Adding mock interface to class org/springframework/util/xml/XmlValidationModeDetector
08:38:24.879 [main] INFO org.evosuite.runtime.instrumentation.CreateClassResetClassAdapter - Creating brand-new static initializer in class org/springframework/util/xml/XmlValidationModeDetector
08:38:24.879 [main] INFO org.evosuite.runtime.instrumentation.CreateClassResetClassAdapter - Adding bytecode for initializing field VALIDATION_NONE
08:38:24.879 [main] INFO org.evosuite.runtime.instrumentation.CreateClassResetClassAdapter - Adding bytecode for initializing field VALIDATION_AUTO
08:38:24.879 [main] INFO org.evosuite.runtime.instrumentation.CreateClassResetClassAdapter - Adding bytecode for initializing field VALIDATION_DTD
08:38:24.879 [main] INFO org.evosuite.runtime.instrumentation.CreateClassResetClassAdapter - Adding bytecode for initializing field VALIDATION_XSD
08:38:24.879 [main] INFO org.evosuite.runtime.instrumentation.CreateClassResetClassAdapter - Adding bytecode for initializing field DOCTYPE
08:38:24.879 [main] INFO org.evosuite.runtime.instrumentation.CreateClassResetClassAdapter - Adding bytecode for initializing field START_COMMENT
08:38:24.879 [main] INFO org.evosuite.runtime.instrumentation.CreateClassResetClassAdapter - Adding bytecode for initializing field END_COMMENT
08:38:24.879 [main] INFO org.evosuite.runtime.instrumentation.EvoClassLoader - Defined package (3): package org.springframework.util.xml, -171008334
08:38:24.879 [main] INFO org.evosuite.runtime.instrumentation.EvoClassLoader - Keeping class: org.springframework.util.xml.XmlValidationModeDetector
08:38:24.879 [main] INFO org.evosuite.runtime.instrumentation.EvoClassLoader - Seeing class for first time: org.springframework.web.context.ConfigurableWebApplicationContext
08:38:24.879 [main] INFO org.evosuite.runtime.instrumentation.EvoClassLoader - Instrumenting class 'org.springframework.web.context.ConfigurableWebApplicationContext'.
08:38:24.883 [main] INFO org.evosuite.runtime.instrumentation.EvoClassLoader - Seeing class for first time: org.springframework.web.context.WebApplicationContext
08:38:24.883 [main] INFO org.evosuite.runtime.instrumentation.EvoClassLoader - Instrumenting class 'org.springframework.web.context.WebApplicationContext'.
08:38:24.887 [main] INFO org.evosuite.runtime.instrumentation.EvoClassLoader - Keeping class: org.springframework.web.context.WebApplicationContext
08:38:24.891 [main] INFO org.evosuite.runtime.instrumentation.EvoClassLoader - Keeping class: org.springframework.web.context.ConfigurableWebApplicationContext
08:38:24.891 [main] INFO org.evosuite.runtime.instrumentation.EvoClassLoader - Seeing class for first time: org.springframework.boot.test.web.SpringBootTestRandomPortEnvironmentPostProcessor
08:38:24.891 [main] INFO org.evosuite.runtime.instrumentation.EvoClassLoader - Instrumenting class 'org.springframework.boot.test.web.SpringBootTestRandomPortEnvironmentPostProcessor'.
08:38:24.895 [main] INFO org.evosuite.runtime.instrumentation.MethodCallReplacementClassAdapter - Adding mock interface to class org/springframework/boot/test/web/SpringBootTestRandomPortEnvironmentPostProcessor
08:38:24.895 [main] INFO org.evosuite.runtime.instrumentation.CreateClassResetClassAdapter - Creating brand-new static initializer in class org/springframework/boot/test/web/SpringBootTestRandomPortEnvironmentPostProcessor
08:38:24.895 [main] INFO org.evosuite.runtime.instrumentation.CreateClassResetClassAdapter - Adding bytecode for initializing field MANAGEMENT_PORT_PROPERTY
08:38:24.895 [main] INFO org.evosuite.runtime.instrumentation.CreateClassResetClassAdapter - Adding bytecode for initializing field SERVER_PORT_PROPERTY
08:38:24.895 [main] INFO org.evosuite.runtime.instrumentation.EvoClassLoader - Defined package (3): package org.springframework.boot.test.web, 1502444877
08:38:24.895 [main] INFO org.evosuite.runtime.instrumentation.EvoClassLoader - Keeping class: org.springframework.boot.test.web.SpringBootTestRandomPortEnvironmentPostProcessor
08:38:24.899 [main] INFO org.evosuite.runtime.instrumentation.EvoClassLoader - Seeing class for first time: org.springframework.beans.factory.support.AbstractAutowireCapableBeanFactory
08:38:24.899 [main] INFO org.evosuite.runtime.instrumentation.EvoClassLoader - Instrumenting class 'org.springframework.beans.factory.support.AbstractAutowireCapableBeanFactory'.
08:38:24.903 [main] INFO org.evosuite.runtime.instrumentation.MethodCallReplacementClassAdapter - Adding mock interface to class org/springframework/beans/factory/support/AbstractAutowireCapableBeanFactory
08:38:24.935 [main] INFO org.evosuite.runtime.instrumentation.CreateClassResetClassAdapter - Creating brand-new static initializer in class org/springframework/beans/factory/support/AbstractAutowireCapableBeanFactory
08:38:24.935 [main] INFO org.evosuite.runtime.instrumentation.EvoClassLoader - Keeping class: org.springframework.beans.factory.support.AbstractAutowireCapableBeanFactory
08:38:24.935 [main] INFO org.evosuite.runtime.instrumentation.EvoClassLoader - Seeing class for first time: org.springframework.beans.factory.support.InstantiationStrategy
08:38:24.935 [main] INFO org.evosuite.runtime.instrumentation.EvoClassLoader - Instrumenting class 'org.springframework.beans.factory.support.InstantiationStrategy'.
08:38:24.939 [main] INFO org.evosuite.runtime.instrumentation.EvoClassLoader - Keeping class: org.springframework.beans.factory.support.InstantiationStrategy
08:38:24.939 [main] INFO org.evosuite.runtime.instrumentation.EvoClassLoader - Seeing class for first time: org.springframework.beans.factory.UnsatisfiedDependencyException
08:38:24.939 [main] INFO org.evosuite.runtime.instrumentation.EvoClassLoader - Instrumenting class 'org.springframework.beans.factory.UnsatisfiedDependencyException'.
08:38:24.943 [main] INFO org.evosuite.runtime.instrumentation.MethodCallReplacementClassAdapter - Adding mock interface to class org/springframework/beans/factory/UnsatisfiedDependencyException
08:38:24.943 [main] INFO org.evosuite.runtime.instrumentation.CreateClassResetClassAdapter - Creating brand-new static initializer in class org/springframework/beans/factory/UnsatisfiedDependencyException
08:38:24.943 [main] INFO org.evosuite.runtime.instrumentation.EvoClassLoader - Keeping class: org.springframework.beans.factory.UnsatisfiedDependencyException
08:38:24.943 [main] INFO org.evosuite.runtime.instrumentation.EvoClassLoader - Seeing class for first time: org.springframework.beans.factory.support.RootBeanDefinition
08:38:24.943 [main] INFO org.evosuite.runtime.instrumentation.EvoClassLoader - Instrumenting class 'org.springframework.beans.factory.support.RootBeanDefinition'.
08:38:24.947 [main] INFO org.evosuite.runtime.instrumentation.MethodCallReplacementClassAdapter - Adding mock interface to class org/springframework/beans/factory/support/RootBeanDefinition
08:38:24.951 [main] INFO org.evosuite.runtime.instrumentation.CreateClassResetClassAdapter - Creating brand-new static initializer in class org/springframework/beans/factory/support/RootBeanDefinition
08:38:24.951 [main] INFO org.evosuite.runtime.instrumentation.EvoClassLoader - Keeping class: org.springframework.beans.factory.support.RootBeanDefinition
08:38:24.951 [main] INFO org.evosuite.runtime.instrumentation.EvoClassLoader - Seeing class for first time: org.springframework.beans.factory.support.AbstractAutowireCapableBeanFactory$AutowireByTypeDependencyDescriptor
08:38:24.951 [main] INFO org.evosuite.runtime.instrumentation.EvoClassLoader - Instrumenting class 'org.springframework.beans.factory.support.AbstractAutowireCapableBeanFactory$AutowireByTypeDependencyDescriptor'.
08:38:24.955 [main] INFO org.evosuite.runtime.instrumentation.MethodCallReplacementClassAdapter - Adding mock interface to class org/springframework/beans/factory/support/AbstractAutowireCapableBeanFactory$AutowireByTypeDependencyDescriptor
08:38:24.955 [main] INFO org.evosuite.runtime.instrumentation.CreateClassResetClassAdapter - Creating brand-new static initializer in class org/springframework/beans/factory/support/AbstractAutowireCapableBeanFactory$AutowireByTypeDependencyDescriptor
08:38:24.955 [main] INFO org.evosuite.runtime.instrumentation.EvoClassLoader - Keeping class: org.springframework.beans.factory.support.AbstractAutowireCapableBeanFactory$AutowireByTypeDependencyDescriptor
08:38:24.955 [main] INFO org.evosuite.runtime.instrumentation.EvoClassLoader - Seeing class for first time: org.springframework.beans.propertyeditors.InputStreamEditor
08:38:24.955 [main] INFO org.evosuite.runtime.instrumentation.EvoClassLoader - Instrumenting class 'org.springframework.beans.propertyeditors.InputStreamEditor'.
08:38:24.959 [main] INFO org.evosuite.runtime.instrumentation.MethodCallReplacementClassAdapter - Adding mock interface to class org/springframework/beans/propertyeditors/InputStreamEditor
08:38:24.959 [main] INFO org.evosuite.runtime.instrumentation.CreateClassResetClassAdapter - Creating brand-new static initializer in class org/springframework/beans/propertyeditors/InputStreamEditor
08:38:24.959 [main] INFO org.evosuite.runtime.instrumentation.EvoClassLoader - Keeping class: org.springframework.beans.propertyeditors.InputStreamEditor
08:38:24.959 [main] INFO org.evosuite.runtime.instrumentation.EvoClassLoader - Seeing class for first time: org.springframework.boot.web.embedded.tomcat.ConnectorStartFailedException
08:38:24.959 [main] INFO org.evosuite.runtime.instrumentation.EvoClassLoader - Instrumenting class 'org.springframework.boot.web.embedded.tomcat.ConnectorStartFailedException'.
08:38:24.963 [main] INFO org.evosuite.runtime.instrumentation.MethodCallReplacementClassAdapter - Adding mock interface to class org/springframework/boot/web/embedded/tomcat/ConnectorStartFailedException
08:38:24.963 [main] INFO org.evosuite.runtime.instrumentation.CreateClassResetClassAdapter - Creating brand-new static initializer in class org/springframework/boot/web/embedded/tomcat/ConnectorStartFailedException
08:38:24.963 [main] INFO org.evosuite.runtime.instrumentation.EvoClassLoader - Defined package (3): package org.springframework.boot.web.embedded.tomcat, 1207373337
08:38:24.963 [main] INFO org.evosuite.runtime.instrumentation.EvoClassLoader - Keeping class: org.springframework.boot.web.embedded.tomcat.ConnectorStartFailedException
08:38:24.963 [main] INFO org.evosuite.runtime.instrumentation.EvoClassLoader - Seeing class for first time: org.springframework.core.convert.support.CollectionToStringConverter
08:38:24.963 [main] INFO org.evosuite.runtime.instrumentation.EvoClassLoader - Instrumenting class 'org.springframework.core.convert.support.CollectionToStringConverter'.
08:38:24.967 [main] INFO org.evosuite.runtime.instrumentation.MethodCallReplacementClassAdapter - Adding mock interface to class org/springframework/core/convert/support/CollectionToStringConverter
08:38:24.967 [main] INFO org.evosuite.runtime.instrumentation.CreateClassResetClassAdapter - Creating brand-new static initializer in class org/springframework/core/convert/support/CollectionToStringConverter
08:38:24.967 [main] INFO org.evosuite.runtime.instrumentation.CreateClassResetClassAdapter - Adding bytecode for initializing field DELIMITER
08:38:24.967 [main] INFO org.evosuite.runtime.instrumentation.EvoClassLoader - Keeping class: org.springframework.core.convert.support.CollectionToStringConverter
08:38:24.967 [main] INFO org.evosuite.runtime.instrumentation.EvoClassLoader - Seeing class for first time: org.springframework.aop.support.AopUtils
08:38:24.967 [main] INFO org.evosuite.runtime.instrumentation.EvoClassLoader - Instrumenting class 'org.springframework.aop.support.AopUtils'.
08:38:24.971 [main] INFO org.evosuite.runtime.instrumentation.MethodCallReplacementClassAdapter - Adding mock interface to class org/springframework/aop/support/AopUtils
08:38:24.971 [main] INFO org.evosuite.runtime.instrumentation.CreateClassResetClassAdapter - Creating brand-new static initializer in class org/springframework/aop/support/AopUtils
08:38:24.971 [main] INFO org.evosuite.runtime.instrumentation.EvoClassLoader - Defined package (3): package org.springframework.aop.support, -1833189380
08:38:24.971 [main] INFO org.evosuite.runtime.instrumentation.EvoClassLoader - Keeping class: org.springframework.aop.support.AopUtils
08:38:24.971 [main] INFO org.evosuite.runtime.instrumentation.EvoClassLoader - Seeing class for first time: org.springframework.aop.AopInvocationException
08:38:24.971 [main] INFO org.evosuite.runtime.instrumentation.EvoClassLoader - Instrumenting class 'org.springframework.aop.AopInvocationException'.
08:38:24.975 [main] INFO org.evosuite.runtime.instrumentation.MethodCallReplacementClassAdapter - Adding mock interface to class org/springframework/aop/AopInvocationException
08:38:24.975 [main] INFO org.evosuite.runtime.instrumentation.CreateClassResetClassAdapter - Creating brand-new static initializer in class org/springframework/aop/AopInvocationException
08:38:24.975 [main] INFO org.evosuite.runtime.instrumentation.EvoClassLoader - Keeping class: org.springframework.aop.AopInvocationException
08:38:24.975 [main] INFO org.evosuite.runtime.instrumentation.EvoClassLoader - Seeing class for first time: org.springframework.context.expression.MapAccessor$MapAccessException
08:38:24.975 [main] INFO org.evosuite.runtime.instrumentation.EvoClassLoader - Instrumenting class 'org.springframework.context.expression.MapAccessor$MapAccessException'.
08:38:24.975 [main] INFO org.evosuite.runtime.instrumentation.MethodCallReplacementClassAdapter - Adding mock interface to class org/springframework/context/expression/MapAccessor$MapAccessException
08:38:24.979 [main] INFO org.evosuite.runtime.instrumentation.CreateClassResetClassAdapter - Creating brand-new static initializer in class org/springframework/context/expression/MapAccessor$MapAccessException
08:38:24.979 [main] INFO org.evosuite.runtime.instrumentation.EvoClassLoader - Defined package (3): package org.springframework.context.expression, 1289810430
08:38:24.979 [main] INFO org.evosuite.runtime.instrumentation.EvoClassLoader - Seeing class for first time: org.springframework.expression.AccessException
08:38:24.979 [main] INFO org.evosuite.runtime.instrumentation.EvoClassLoader - Instrumenting class 'org.springframework.expression.AccessException'.
08:38:24.979 [main] INFO org.evosuite.runtime.instrumentation.MethodCallReplacementClassAdapter - Adding mock interface to class org/springframework/expression/AccessException
08:38:24.979 [main] INFO org.evosuite.runtime.instrumentation.CreateClassResetClassAdapter - Creating brand-new static initializer in class org/springframework/expression/AccessException
08:38:24.979 [main] INFO org.evosuite.runtime.instrumentation.EvoClassLoader - Keeping class: org.springframework.expression.AccessException
08:38:24.979 [main] INFO org.evosuite.runtime.instrumentation.EvoClassLoader - Keeping class: org.springframework.context.expression.MapAccessor$MapAccessException
08:38:24.979 [main] INFO org.evosuite.runtime.instrumentation.EvoClassLoader - Seeing class for first time: org.springframework.boot.context.event.ApplicationReadyEvent
08:38:24.979 [main] INFO org.evosuite.runtime.instrumentation.EvoClassLoader - Instrumenting class 'org.springframework.boot.context.event.ApplicationReadyEvent'.
08:38:24.983 [main] INFO org.evosuite.runtime.instrumentation.MethodCallReplacementClassAdapter - Adding mock interface to class org/springframework/boot/context/event/ApplicationReadyEvent
08:38:24.983 [main] INFO org.evosuite.runtime.instrumentation.CreateClassResetClassAdapter - Creating brand-new static initializer in class org/springframework/boot/context/event/ApplicationReadyEvent
08:38:24.983 [main] INFO org.evosuite.runtime.instrumentation.EvoClassLoader - Keeping class: org.springframework.boot.context.event.ApplicationReadyEvent
08:38:24.983 [main] INFO org.evosuite.runtime.instrumentation.EvoClassLoader - Seeing class for first time: org.springframework.boot.autoconfigure.condition.ConditionMessage$ItemsBuilder
08:38:24.983 [main] INFO org.evosuite.runtime.instrumentation.EvoClassLoader - Instrumenting class 'org.springframework.boot.autoconfigure.condition.ConditionMessage$ItemsBuilder'.
08:38:24.987 [main] INFO org.evosuite.runtime.instrumentation.MethodCallReplacementClassAdapter - Adding mock interface to class org/springframework/boot/autoconfigure/condition/ConditionMessage$ItemsBuilder
08:38:24.987 [main] INFO org.evosuite.runtime.instrumentation.CreateClassResetClassAdapter - Creating brand-new static initializer in class org/springframework/boot/autoconfigure/condition/ConditionMessage$ItemsBuilder
08:38:24.987 [main] INFO org.evosuite.runtime.instrumentation.EvoClassLoader - Keeping class: org.springframework.boot.autoconfigure.condition.ConditionMessage$ItemsBuilder
08:38:24.987 [main] INFO org.evosuite.runtime.instrumentation.EvoClassLoader - Seeing class for first time: org.springframework.boot.env.OriginTrackedPropertiesLoader$CharacterReader
08:38:24.987 [main] INFO org.evosuite.runtime.instrumentation.EvoClassLoader - Instrumenting class 'org.springframework.boot.env.OriginTrackedPropertiesLoader$CharacterReader'.
08:38:24.991 [main] INFO org.evosuite.runtime.instrumentation.MethodCallReplacementClassAdapter - Adding mock interface to class org/springframework/boot/env/OriginTrackedPropertiesLoader$CharacterReader
08:38:24.991 [main] INFO org.evosuite.runtime.instrumentation.CreateClassResetClassAdapter - Found static initializer in class org/springframework/boot/env/OriginTrackedPropertiesLoader$CharacterReader
08:38:24.991 [main] INFO org.evosuite.runtime.instrumentation.EvoClassLoader - Keeping class: org.springframework.boot.env.OriginTrackedPropertiesLoader$CharacterReader
08:38:24.991 [main] INFO org.evosuite.runtime.instrumentation.EvoClassLoader - Seeing class for first time: org.springframework.format.datetime.standard.DateTimeConverters$ZonedDateTimeToLocalDateConverter
08:38:24.991 [main] INFO org.evosuite.runtime.instrumentation.EvoClassLoader - Instrumenting class 'org.springframework.format.datetime.standard.DateTimeConverters$ZonedDateTimeToLocalDateConverter'.
08:38:24.995 [main] INFO org.evosuite.runtime.instrumentation.MethodCallReplacementClassAdapter - Adding mock interface to class org/springframework/format/datetime/standard/DateTimeConverters$ZonedDateTimeToLocalDateConverter
08:38:24.995 [main] INFO org.evosuite.runtime.instrumentation.CreateClassResetClassAdapter - Creating brand-new static initializer in class org/springframework/format/datetime/standard/DateTimeConverters$ZonedDateTimeToLocalDateConverter
08:38:24.995 [main] INFO org.evosuite.runtime.instrumentation.EvoClassLoader - Keeping class: org.springframework.format.datetime.standard.DateTimeConverters$ZonedDateTimeToLocalDateConverter
08:38:24.995 [main] INFO org.evosuite.runtime.instrumentation.EvoClassLoader - Seeing class for first time: org.springframework.boot.autoconfigure.AutoConfigurationMetadataLoader$PropertiesAutoConfigurationMetadata
08:38:24.995 [main] INFO org.evosuite.runtime.instrumentation.EvoClassLoader - Instrumenting class 'org.springframework.boot.autoconfigure.AutoConfigurationMetadataLoader$PropertiesAutoConfigurationMetadata'.
08:38:24.999 [main] INFO org.evosuite.runtime.instrumentation.MethodCallReplacementClassAdapter - Adding mock interface to class org/springframework/boot/autoconfigure/AutoConfigurationMetadataLoader$PropertiesAutoConfigurationMetadata
08:38:24.999 [main] INFO org.evosuite.runtime.instrumentation.CreateClassResetClassAdapter - Creating brand-new static initializer in class org/springframework/boot/autoconfigure/AutoConfigurationMetadataLoader$PropertiesAutoConfigurationMetadata
08:38:24.999 [main] INFO org.evosuite.runtime.instrumentation.EvoClassLoader - Seeing class for first time: org.springframework.boot.autoconfigure.AutoConfigurationMetadata
08:38:24.999 [main] INFO org.evosuite.runtime.instrumentation.EvoClassLoader - Instrumenting class 'org.springframework.boot.autoconfigure.AutoConfigurationMetadata'.
08:38:25.003 [main] INFO org.evosuite.runtime.instrumentation.EvoClassLoader - Keeping class: org.springframework.boot.autoconfigure.AutoConfigurationMetadata
08:38:25.003 [main] INFO org.evosuite.runtime.instrumentation.EvoClassLoader - Keeping class: org.springframework.boot.autoconfigure.AutoConfigurationMetadataLoader$PropertiesAutoConfigurationMetadata
08:38:25.003 [main] INFO org.evosuite.runtime.instrumentation.EvoClassLoader - Seeing class for first time: org.springframework.beans.factory.support.MethodOverride
08:38:25.003 [main] INFO org.evosuite.runtime.instrumentation.EvoClassLoader - Instrumenting class 'org.springframework.beans.factory.support.MethodOverride'.
08:38:25.003 [main] INFO org.evosuite.runtime.instrumentation.MethodCallReplacementClassAdapter - Adding mock interface to class org/springframework/beans/factory/support/MethodOverride
08:38:25.003 [main] INFO org.evosuite.runtime.instrumentation.CreateClassResetClassAdapter - Creating brand-new static initializer in class org/springframework/beans/factory/support/MethodOverride
08:38:25.003 [main] INFO org.evosuite.runtime.instrumentation.EvoClassLoader - Keeping class: org.springframework.beans.factory.support.MethodOverride
08:38:25.003 [main] INFO org.evosuite.runtime.instrumentation.EvoClassLoader - Seeing class for first time: org.springframework.core.io.support.ResourcePropertySource
08:38:25.003 [main] INFO org.evosuite.runtime.instrumentation.EvoClassLoader - Instrumenting class 'org.springframework.core.io.support.ResourcePropertySource'.
08:38:25.007 [main] INFO org.evosuite.runtime.instrumentation.MethodCallReplacementClassAdapter - Adding mock interface to class org/springframework/core/io/support/ResourcePropertySource
08:38:25.007 [main] INFO org.evosuite.runtime.instrumentation.CreateClassResetClassAdapter - Creating brand-new static initializer in class org/springframework/core/io/support/ResourcePropertySource
08:38:25.007 [main] INFO org.evosuite.runtime.instrumentation.EvoClassLoader - Seeing class for first time: org.springframework.core.env.PropertiesPropertySource
08:38:25.007 [main] INFO org.evosuite.runtime.instrumentation.EvoClassLoader - Instrumenting class 'org.springframework.core.env.PropertiesPropertySource'.
08:38:25.011 [main] INFO org.evosuite.runtime.instrumentation.MethodCallReplacementClassAdapter - Adding mock interface to class org/springframework/core/env/PropertiesPropertySource
08:38:25.011 [main] INFO org.evosuite.runtime.instrumentation.CreateClassResetClassAdapter - Creating brand-new static initializer in class org/springframework/core/env/PropertiesPropertySource
08:38:25.011 [main] INFO org.evosuite.runtime.instrumentation.EvoClassLoader - Keeping class: org.springframework.core.env.PropertiesPropertySource
08:38:25.011 [main] INFO org.evosuite.runtime.instrumentation.EvoClassLoader - Keeping class: org.springframework.core.io.support.ResourcePropertySource
08:38:25.011 [main] INFO org.evosuite.runtime.instrumentation.EvoClassLoader - Seeing class for first time: org.springframework.format.annotation.NumberFormat
08:38:25.011 [main] INFO org.evosuite.runtime.instrumentation.EvoClassLoader - Instrumenting class 'org.springframework.format.annotation.NumberFormat'.
08:38:25.011 [main] INFO org.evosuite.runtime.instrumentation.EvoClassLoader - Defined package (3): package org.springframework.format.annotation, 519758559
08:38:25.011 [main] INFO org.evosuite.runtime.instrumentation.EvoClassLoader - Keeping class: org.springframework.format.annotation.NumberFormat
08:38:25.015 [main] INFO org.evosuite.runtime.instrumentation.EvoClassLoader - Seeing class for first time: org.springframework.boot.context.properties.bind.Binder$Context
08:38:25.015 [main] INFO org.evosuite.runtime.instrumentation.EvoClassLoader - Instrumenting class 'org.springframework.boot.context.properties.bind.Binder$Context'.
08:38:25.015 [main] INFO org.evosuite.runtime.instrumentation.MethodCallReplacementClassAdapter - Adding mock interface to class org/springframework/boot/context/properties/bind/Binder$Context
08:38:25.015 [main] INFO org.evosuite.runtime.instrumentation.CreateClassResetClassAdapter - Creating brand-new static initializer in class org/springframework/boot/context/properties/bind/Binder$Context
08:38:25.019 [main] INFO org.evosuite.runtime.instrumentation.EvoClassLoader - Seeing class for first time: org.springframework.boot.context.properties.bind.BindContext
08:38:25.019 [main] INFO org.evosuite.runtime.instrumentation.EvoClassLoader - Instrumenting class 'org.springframework.boot.context.properties.bind.BindContext'.
08:38:25.019 [main] INFO org.evosuite.runtime.instrumentation.EvoClassLoader - Keeping class: org.springframework.boot.context.properties.bind.BindContext
08:38:25.019 [main] INFO org.evosuite.runtime.instrumentation.EvoClassLoader - Keeping class: org.springframework.boot.context.properties.bind.Binder$Context
08:38:25.019 [main] INFO org.evosuite.runtime.instrumentation.EvoClassLoader - Seeing class for first time: org.springframework.beans.factory.support.BeanDefinitionReaderUtils
08:38:25.019 [main] INFO org.evosuite.runtime.instrumentation.EvoClassLoader - Instrumenting class 'org.springframework.beans.factory.support.BeanDefinitionReaderUtils'.
08:38:25.023 [main] INFO org.evosuite.runtime.instrumentation.MethodCallReplacementClassAdapter - Adding mock interface to class org/springframework/beans/factory/support/BeanDefinitionReaderUtils
08:38:25.023 [main] INFO org.evosuite.runtime.instrumentation.CreateClassResetClassAdapter - Creating brand-new static initializer in class org/springframework/beans/factory/support/BeanDefinitionReaderUtils
08:38:25.023 [main] INFO org.evosuite.runtime.instrumentation.CreateClassResetClassAdapter - Adding bytecode for initializing field GENERATED_BEAN_NAME_SEPARATOR
08:38:25.027 [main] INFO org.evosuite.runtime.instrumentation.EvoClassLoader - Keeping class: org.springframework.beans.factory.support.BeanDefinitionReaderUtils
08:38:25.027 [main] INFO org.evosuite.runtime.instrumentation.EvoClassLoader - Seeing class for first time: org.springframework.boot.SpringApplicationRunListeners
08:38:25.027 [main] INFO org.evosuite.runtime.instrumentation.EvoClassLoader - Instrumenting class 'org.springframework.boot.SpringApplicationRunListeners'.
08:38:25.031 [main] INFO org.evosuite.runtime.instrumentation.MethodCallReplacementClassAdapter - Adding mock interface to class org/springframework/boot/SpringApplicationRunListeners
08:38:25.031 [main] INFO org.evosuite.runtime.instrumentation.CreateClassResetClassAdapter - Creating brand-new static initializer in class org/springframework/boot/SpringApplicationRunListeners
08:38:25.031 [main] INFO org.evosuite.runtime.instrumentation.EvoClassLoader - Keeping class: org.springframework.boot.SpringApplicationRunListeners
08:38:25.031 [main] INFO org.evosuite.runtime.instrumentation.EvoClassLoader - Seeing class for first time: org.springframework.core.env.CommandLineArgs
08:38:25.035 [main] INFO org.evosuite.runtime.instrumentation.EvoClassLoader - Instrumenting class 'org.springframework.core.env.CommandLineArgs'.
08:38:25.035 [main] INFO org.evosuite.runtime.instrumentation.MethodCallReplacementClassAdapter - Adding mock interface to class org/springframework/core/env/CommandLineArgs
08:38:25.035 [main] INFO org.evosuite.runtime.instrumentation.CreateClassResetClassAdapter - Creating brand-new static initializer in class org/springframework/core/env/CommandLineArgs
08:38:25.039 [main] INFO org.evosuite.runtime.instrumentation.EvoClassLoader - Keeping class: org.springframework.core.env.CommandLineArgs
08:38:25.039 [main] INFO org.evosuite.runtime.instrumentation.EvoClassLoader - Seeing class for first time: org.springframework.boot.context.properties.source.InvalidConfigurationPropertyValueException
08:38:25.039 [main] INFO org.evosuite.runtime.instrumentation.EvoClassLoader - Instrumenting class 'org.springframework.boot.context.properties.source.InvalidConfigurationPropertyValueException'.
08:38:25.039 [main] INFO org.evosuite.runtime.instrumentation.MethodCallReplacementClassAdapter - Adding mock interface to class org/springframework/boot/context/properties/source/InvalidConfigurationPropertyValueException
08:38:25.039 [main] INFO org.evosuite.runtime.instrumentation.CreateClassResetClassAdapter - Creating brand-new static initializer in class org/springframework/boot/context/properties/source/InvalidConfigurationPropertyValueException
08:38:25.039 [main] INFO org.evosuite.runtime.instrumentation.EvoClassLoader - Keeping class: org.springframework.boot.context.properties.source.InvalidConfigurationPropertyValueException
08:38:25.039 [main] INFO org.evosuite.runtime.instrumentation.EvoClassLoader - Seeing class for first time: org.springframework.boot.context.properties.bind.validation.BindValidationException
08:38:25.039 [main] INFO org.evosuite.runtime.instrumentation.EvoClassLoader - Instrumenting class 'org.springframework.boot.context.properties.bind.validation.BindValidationException'.
08:38:25.043 [main] INFO org.evosuite.runtime.instrumentation.MethodCallReplacementClassAdapter - Adding mock interface to class org/springframework/boot/context/properties/bind/validation/BindValidationException
08:38:25.043 [main] INFO org.evosuite.runtime.instrumentation.CreateClassResetClassAdapter - Creating brand-new static initializer in class org/springframework/boot/context/properties/bind/validation/BindValidationException
08:38:25.043 [main] INFO org.evosuite.runtime.instrumentation.EvoClassLoader - Defined package (3): package org.springframework.boot.context.properties.bind.validation, 481686723
08:38:25.043 [main] INFO org.evosuite.runtime.instrumentation.EvoClassLoader - Keeping class: org.springframework.boot.context.properties.bind.validation.BindValidationException
08:38:25.043 [main] INFO org.evosuite.runtime.instrumentation.EvoClassLoader - Seeing class for first time: org.springframework.context.annotation.ConfigurationClassParser$CircularImportProblem
08:38:25.043 [main] INFO org.evosuite.runtime.instrumentation.EvoClassLoader - Instrumenting class 'org.springframework.context.annotation.ConfigurationClassParser$CircularImportProblem'.
08:38:25.043 [main] INFO org.evosuite.runtime.instrumentation.MethodCallReplacementClassAdapter - Adding mock interface to class org/springframework/context/annotation/ConfigurationClassParser$CircularImportProblem
08:38:25.047 [main] INFO org.evosuite.runtime.instrumentation.CreateClassResetClassAdapter - Creating brand-new static initializer in class org/springframework/context/annotation/ConfigurationClassParser$CircularImportProblem
08:38:25.047 [main] INFO org.evosuite.runtime.instrumentation.EvoClassLoader - Keeping class: org.springframework.context.annotation.ConfigurationClassParser$CircularImportProblem
08:38:25.047 [main] INFO org.evosuite.runtime.instrumentation.EvoClassLoader - Seeing class for first time: org.springframework.boot.autoconfigure.BackgroundPreinitializer$1
08:38:25.047 [main] INFO org.evosuite.runtime.instrumentation.EvoClassLoader - Instrumenting class 'org.springframework.boot.autoconfigure.BackgroundPreinitializer$1'.
08:38:25.047 [main] INFO org.evosuite.runtime.instrumentation.MethodCallReplacementClassAdapter - Adding mock interface to class org/springframework/boot/autoconfigure/BackgroundPreinitializer$1
08:38:25.047 [main] INFO org.evosuite.runtime.instrumentation.EvoClassLoader - Keeping class: org.springframework.boot.autoconfigure.BackgroundPreinitializer$1
08:38:25.047 [main] INFO org.evosuite.runtime.instrumentation.EvoClassLoader - Seeing class for first time: org.springframework.boot.ExitCodeGenerator
08:38:25.047 [main] INFO org.evosuite.runtime.instrumentation.EvoClassLoader - Instrumenting class 'org.springframework.boot.ExitCodeGenerator'.
08:38:25.051 [main] INFO org.evosuite.runtime.instrumentation.EvoClassLoader - Keeping class: org.springframework.boot.ExitCodeGenerator
08:38:25.051 [main] INFO org.evosuite.runtime.instrumentation.EvoClassLoader - Seeing class for first time: org.springframework.core.convert.support.StringToUUIDConverter
08:38:25.051 [main] INFO org.evosuite.runtime.instrumentation.EvoClassLoader - Instrumenting class 'org.springframework.core.convert.support.StringToUUIDConverter'.
08:38:25.051 [main] INFO org.evosuite.runtime.instrumentation.MethodCallReplacementClassAdapter - Adding mock interface to class org/springframework/core/convert/support/StringToUUIDConverter
08:38:25.051 [main] INFO org.evosuite.runtime.instrumentation.CreateClassResetClassAdapter - Creating brand-new static initializer in class org/springframework/core/convert/support/StringToUUIDConverter
08:38:25.051 [main] INFO org.evosuite.runtime.instrumentation.EvoClassLoader - Keeping class: org.springframework.core.convert.support.StringToUUIDConverter
08:38:25.055 [main] INFO org.evosuite.runtime.instrumentation.EvoClassLoader - Seeing class for first time: org.springframework.util.ConcurrentReferenceHashMap$EntrySet
08:38:25.055 [main] INFO org.evosuite.runtime.instrumentation.EvoClassLoader - Instrumenting class 'org.springframework.util.ConcurrentReferenceHashMap$EntrySet'.
08:38:25.055 [main] INFO org.evosuite.runtime.instrumentation.MethodCallReplacementClassAdapter - Adding mock interface to class org/springframework/util/ConcurrentReferenceHashMap$EntrySet
08:38:25.055 [main] INFO org.evosuite.runtime.instrumentation.CreateClassResetClassAdapter - Creating brand-new static initializer in class org/springframework/util/ConcurrentReferenceHashMap$EntrySet
08:38:25.055 [main] INFO org.evosuite.runtime.instrumentation.EvoClassLoader - Keeping class: org.springframework.util.ConcurrentReferenceHashMap$EntrySet
08:38:25.055 [main] INFO org.evosuite.runtime.instrumentation.EvoClassLoader - Seeing class for first time: org.springframework.beans.factory.support.BeanDefinitionBuilder
08:38:25.055 [main] INFO org.evosuite.runtime.instrumentation.EvoClassLoader - Instrumenting class 'org.springframework.beans.factory.support.BeanDefinitionBuilder'.
08:38:25.059 [main] INFO org.evosuite.runtime.instrumentation.MethodCallReplacementClassAdapter - Adding mock interface to class org/springframework/beans/factory/support/BeanDefinitionBuilder
08:38:25.059 [main] INFO org.evosuite.runtime.instrumentation.CreateClassResetClassAdapter - Creating brand-new static initializer in class org/springframework/beans/factory/support/BeanDefinitionBuilder
08:38:25.059 [main] INFO org.evosuite.runtime.instrumentation.EvoClassLoader - Keeping class: org.springframework.beans.factory.support.BeanDefinitionBuilder
08:38:25.059 [main] INFO org.evosuite.runtime.instrumentation.EvoClassLoader - Seeing class for first time: org.springframework.beans.factory.support.ChildBeanDefinition
08:38:25.059 [main] INFO org.evosuite.runtime.instrumentation.EvoClassLoader - Instrumenting class 'org.springframework.beans.factory.support.ChildBeanDefinition'.
08:38:25.063 [main] INFO org.evosuite.runtime.instrumentation.MethodCallReplacementClassAdapter - Adding mock interface to class org/springframework/beans/factory/support/ChildBeanDefinition
08:38:25.063 [main] INFO org.evosuite.runtime.instrumentation.CreateClassResetClassAdapter - Creating brand-new static initializer in class org/springframework/beans/factory/support/ChildBeanDefinition
08:38:25.063 [main] INFO org.evosuite.runtime.instrumentation.EvoClassLoader - Keeping class: org.springframework.beans.factory.support.ChildBeanDefinition
08:38:25.063 [main] INFO org.evosuite.runtime.instrumentation.EvoClassLoader - Seeing class for first time: org.springframework.context.expression.StandardBeanExpressionResolver
08:38:25.063 [main] INFO org.evosuite.runtime.instrumentation.EvoClassLoader - Instrumenting class 'org.springframework.context.expression.StandardBeanExpressionResolver'.
08:38:25.067 [main] INFO org.evosuite.runtime.instrumentation.MethodCallReplacementClassAdapter - Adding mock interface to class org/springframework/context/expression/StandardBeanExpressionResolver
08:38:25.067 [main] INFO org.evosuite.runtime.instrumentation.CreateClassResetClassAdapter - Creating brand-new static initializer in class org/springframework/context/expression/StandardBeanExpressionResolver
08:38:25.067 [main] INFO org.evosuite.runtime.instrumentation.CreateClassResetClassAdapter - Adding bytecode for initializing field DEFAULT_EXPRESSION_PREFIX
08:38:25.067 [main] INFO org.evosuite.runtime.instrumentation.CreateClassResetClassAdapter - Adding bytecode for initializing field DEFAULT_EXPRESSION_SUFFIX
08:38:25.067 [main] INFO org.evosuite.runtime.instrumentation.EvoClassLoader - Keeping class: org.springframework.context.expression.StandardBeanExpressionResolver
08:38:25.067 [main] INFO org.evosuite.runtime.instrumentation.EvoClassLoader - Seeing class for first time: org.springframework.expression.ExpressionParser
08:38:25.067 [main] INFO org.evosuite.runtime.instrumentation.EvoClassLoader - Instrumenting class 'org.springframework.expression.ExpressionParser'.
08:38:25.067 [main] INFO org.evosuite.runtime.instrumentation.EvoClassLoader - Keeping class: org.springframework.expression.ExpressionParser
08:38:25.067 [main] INFO org.evosuite.runtime.instrumentation.EvoClassLoader - Seeing class for first time: org.springframework.expression.PropertyAccessor
08:38:25.067 [main] INFO org.evosuite.runtime.instrumentation.EvoClassLoader - Instrumenting class 'org.springframework.expression.PropertyAccessor'.
08:38:25.071 [main] INFO org.evosuite.runtime.instrumentation.EvoClassLoader - Keeping class: org.springframework.expression.PropertyAccessor
08:38:25.071 [main] INFO org.evosuite.runtime.instrumentation.EvoClassLoader - Seeing class for first time: org.springframework.expression.BeanResolver
08:38:25.071 [main] INFO org.evosuite.runtime.instrumentation.EvoClassLoader - Instrumenting class 'org.springframework.expression.BeanResolver'.
08:38:25.075 [main] INFO org.evosuite.runtime.instrumentation.EvoClassLoader - Keeping class: org.springframework.expression.BeanResolver
08:38:25.075 [main] INFO org.evosuite.runtime.instrumentation.EvoClassLoader - Seeing class for first time: org.springframework.expression.TypeLocator
08:38:25.075 [main] INFO org.evosuite.runtime.instrumentation.EvoClassLoader - Instrumenting class 'org.springframework.expression.TypeLocator'.
08:38:25.075 [main] INFO org.evosuite.runtime.instrumentation.EvoClassLoader - Keeping class: org.springframework.expression.TypeLocator
08:38:25.075 [main] INFO org.evosuite.runtime.instrumentation.EvoClassLoader - Seeing class for first time: org.springframework.expression.EvaluationContext
08:38:25.075 [main] INFO org.evosuite.runtime.instrumentation.EvoClassLoader - Instrumenting class 'org.springframework.expression.EvaluationContext'.
08:38:25.079 [main] INFO org.evosuite.runtime.instrumentation.EvoClassLoader - Keeping class: org.springframework.expression.EvaluationContext
08:38:25.079 [main] INFO org.evosuite.runtime.instrumentation.EvoClassLoader - Seeing class for first time: org.springframework.boot.ansi.AnsiColor
08:38:25.079 [main] INFO org.evosuite.runtime.instrumentation.EvoClassLoader - Instrumenting class 'org.springframework.boot.ansi.AnsiColor'.
08:38:25.083 [main] INFO org.evosuite.runtime.instrumentation.MethodCallReplacementClassAdapter - Adding mock interface to class org/springframework/boot/ansi/AnsiColor
08:38:25.083 [main] INFO org.evosuite.runtime.instrumentation.CreateClassResetClassAdapter - Found static initializer in class org/springframework/boot/ansi/AnsiColor
08:38:25.083 [main] INFO org.evosuite.runtime.instrumentation.EvoClassLoader - Keeping class: org.springframework.boot.ansi.AnsiColor
08:38:25.083 [main] INFO org.evosuite.runtime.instrumentation.EvoClassLoader - Seeing class for first time: org.springframework.beans.PropertyAccessorUtils
08:38:25.083 [main] INFO org.evosuite.runtime.instrumentation.EvoClassLoader - Instrumenting class 'org.springframework.beans.PropertyAccessorUtils'.
08:38:25.087 [main] INFO org.evosuite.runtime.instrumentation.MethodCallReplacementClassAdapter - Adding mock interface to class org/springframework/beans/PropertyAccessorUtils
08:38:25.087 [main] INFO org.evosuite.runtime.instrumentation.CreateClassResetClassAdapter - Creating brand-new static initializer in class org/springframework/beans/PropertyAccessorUtils
08:38:25.087 [main] INFO org.evosuite.runtime.instrumentation.EvoClassLoader - Keeping class: org.springframework.beans.PropertyAccessorUtils
08:38:25.087 [main] INFO org.evosuite.runtime.instrumentation.EvoClassLoader - Seeing class for first time: org.springframework.boot.context.properties.bind.BindConverter
08:38:25.087 [main] INFO org.evosuite.runtime.instrumentation.EvoClassLoader - Instrumenting class 'org.springframework.boot.context.properties.bind.BindConverter'.
08:38:25.091 [main] INFO org.evosuite.runtime.instrumentation.MethodCallReplacementClassAdapter - Adding mock interface to class org/springframework/boot/context/properties/bind/BindConverter
08:38:25.091 [main] INFO org.evosuite.runtime.instrumentation.CreateClassResetClassAdapter - Found static initializer in class org/springframework/boot/context/properties/bind/BindConverter
08:38:25.091 [main] INFO org.evosuite.runtime.instrumentation.EvoClassLoader - Keeping class: org.springframework.boot.context.properties.bind.BindConverter
08:38:25.091 [main] INFO org.evosuite.runtime.instrumentation.EvoClassLoader - Seeing class for first time: org.springframework.boot.context.properties.bind.BindConverter$ResolvableTypeDescriptor
08:38:25.091 [main] INFO org.evosuite.runtime.instrumentation.EvoClassLoader - Instrumenting class 'org.springframework.boot.context.properties.bind.BindConverter$ResolvableTypeDescriptor'.
08:38:25.095 [main] INFO org.evosuite.runtime.instrumentation.MethodCallReplacementClassAdapter - Adding mock interface to class org/springframework/boot/context/properties/bind/BindConverter$ResolvableTypeDescriptor
08:38:25.095 [main] INFO org.evosuite.runtime.instrumentation.CreateClassResetClassAdapter - Creating brand-new static initializer in class org/springframework/boot/context/properties/bind/BindConverter$ResolvableTypeDescriptor
08:38:25.095 [main] INFO org.evosuite.runtime.instrumentation.EvoClassLoader - Keeping class: org.springframework.boot.context.properties.bind.BindConverter$ResolvableTypeDescriptor
08:38:25.095 [main] INFO org.evosuite.runtime.instrumentation.EvoClassLoader - Seeing class for first time: org.springframework.beans.propertyeditors.FileEditor
08:38:25.095 [main] INFO org.evosuite.runtime.instrumentation.EvoClassLoader - Instrumenting class 'org.springframework.beans.propertyeditors.FileEditor'.
08:38:25.099 [main] INFO org.evosuite.runtime.instrumentation.MethodCallReplacementClassAdapter - Adding mock interface to class org/springframework/beans/propertyeditors/FileEditor
08:38:25.103 [main] INFO org.evosuite.runtime.instrumentation.CreateClassResetClassAdapter - Creating brand-new static initializer in class org/springframework/beans/propertyeditors/FileEditor
08:38:25.103 [main] INFO org.evosuite.runtime.instrumentation.EvoClassLoader - Keeping class: org.springframework.beans.propertyeditors.FileEditor
08:38:25.103 [main] INFO org.evosuite.runtime.instrumentation.EvoClassLoader - Seeing class for first time: org.springframework.web.multipart.support.StandardServletMultipartResolver
08:38:25.103 [main] INFO org.evosuite.runtime.instrumentation.EvoClassLoader - Instrumenting class 'org.springframework.web.multipart.support.StandardServletMultipartResolver'.
08:38:25.107 [main] INFO org.evosuite.runtime.instrumentation.MethodCallReplacementClassAdapter - Adding mock interface to class org/springframework/web/multipart/support/StandardServletMultipartResolver
08:38:25.107 [main] INFO org.evosuite.runtime.instrumentation.CreateClassResetClassAdapter - Creating brand-new static initializer in class org/springframework/web/multipart/support/StandardServletMultipartResolver
08:38:25.107 [main] INFO org.evosuite.runtime.instrumentation.EvoClassLoader - Defined package (3): package org.springframework.web.multipart.support, 1564026188
08:38:25.107 [main] INFO org.evosuite.runtime.instrumentation.EvoClassLoader - Seeing class for first time: org.springframework.web.multipart.MultipartResolver
08:38:25.107 [main] INFO org.evosuite.runtime.instrumentation.EvoClassLoader - Instrumenting class 'org.springframework.web.multipart.MultipartResolver'.
08:38:25.111 [main] INFO org.evosuite.runtime.instrumentation.EvoClassLoader - Defined package (3): package org.springframework.web.multipart, -1712967573
08:38:25.111 [main] INFO org.evosuite.runtime.instrumentation.EvoClassLoader - Keeping class: org.springframework.web.multipart.MultipartResolver
08:38:25.111 [main] INFO org.evosuite.runtime.instrumentation.EvoClassLoader - Keeping class: org.springframework.web.multipart.support.StandardServletMultipartResolver
08:38:25.111 [main] INFO org.evosuite.runtime.instrumentation.EvoClassLoader - Seeing class for first time: org.springframework.web.multipart.MultipartHttpServletRequest
08:38:25.111 [main] INFO org.evosuite.runtime.instrumentation.EvoClassLoader - Instrumenting class 'org.springframework.web.multipart.MultipartHttpServletRequest'.
08:38:25.115 [main] INFO org.evosuite.runtime.instrumentation.EvoClassLoader - Seeing class for first time: org.springframework.web.multipart.MultipartRequest
08:38:25.115 [main] INFO org.evosuite.runtime.instrumentation.EvoClassLoader - Instrumenting class 'org.springframework.web.multipart.MultipartRequest'.
08:38:25.119 [main] INFO org.evosuite.runtime.instrumentation.EvoClassLoader - Keeping class: org.springframework.web.multipart.MultipartRequest
08:38:25.119 [main] INFO org.evosuite.runtime.instrumentation.EvoClassLoader - Keeping class: org.springframework.web.multipart.MultipartHttpServletRequest
08:38:25.119 [main] INFO org.evosuite.runtime.instrumentation.EvoClassLoader - Seeing class for first time: org.springframework.core.convert.support.MapToMapConverter
08:38:25.119 [main] INFO org.evosuite.runtime.instrumentation.EvoClassLoader - Instrumenting class 'org.springframework.core.convert.support.MapToMapConverter'.
08:38:25.123 [main] INFO org.evosuite.runtime.instrumentation.MethodCallReplacementClassAdapter - Adding mock interface to class org/springframework/core/convert/support/MapToMapConverter
08:38:25.123 [main] INFO org.evosuite.runtime.instrumentation.CreateClassResetClassAdapter - Creating brand-new static initializer in class org/springframework/core/convert/support/MapToMapConverter
08:38:25.123 [main] INFO org.evosuite.runtime.instrumentation.EvoClassLoader - Keeping class: org.springframework.core.convert.support.MapToMapConverter
08:38:25.123 [main] INFO org.evosuite.runtime.instrumentation.EvoClassLoader - Seeing class for first time: org.springframework.web.context.support.WebApplicationContextUtils$FacesDependencyRegistrar$1
08:38:25.123 [main] INFO org.evosuite.runtime.instrumentation.EvoClassLoader - Instrumenting class 'org.springframework.web.context.support.WebApplicationContextUtils$FacesDependencyRegistrar$1'.
08:38:25.123 [main] INFO org.evosuite.runtime.instrumentation.MethodCallReplacementClassAdapter - Adding mock interface to class org/springframework/web/context/support/WebApplicationContextUtils$FacesDependencyRegistrar$1
08:38:25.123 [main] INFO org.evosuite.runtime.instrumentation.EvoClassLoader - Keeping class: org.springframework.web.context.support.WebApplicationContextUtils$FacesDependencyRegistrar$1
08:38:25.127 [main] INFO org.evosuite.runtime.instrumentation.EvoClassLoader - Seeing class for first time: org.springframework.web.context.support.WebApplicationContextUtils$FacesDependencyRegistrar$2
08:38:25.127 [main] INFO org.evosuite.runtime.instrumentation.EvoClassLoader - Instrumenting class 'org.springframework.web.context.support.WebApplicationContextUtils$FacesDependencyRegistrar$2'.
08:38:25.127 [main] INFO org.evosuite.runtime.instrumentation.MethodCallReplacementClassAdapter - Adding mock interface to class org/springframework/web/context/support/WebApplicationContextUtils$FacesDependencyRegistrar$2
08:38:25.127 [main] INFO org.evosuite.runtime.instrumentation.EvoClassLoader - Keeping class: org.springframework.web.context.support.WebApplicationContextUtils$FacesDependencyRegistrar$2
08:38:25.127 [main] INFO org.evosuite.runtime.instrumentation.EvoClassLoader - Seeing class for first time: org.springframework.context.annotation.Description
08:38:25.127 [main] INFO org.evosuite.runtime.instrumentation.EvoClassLoader - Instrumenting class 'org.springframework.context.annotation.Description'.
08:38:25.131 [main] INFO org.evosuite.runtime.instrumentation.EvoClassLoader - Keeping class: org.springframework.context.annotation.Description
08:38:25.131 [main] INFO org.evosuite.runtime.instrumentation.EvoClassLoader - Seeing class for first time: org.springframework.boot.autoconfigure.EnableAutoConfiguration
08:38:25.131 [main] INFO org.evosuite.runtime.instrumentation.EvoClassLoader - Instrumenting class 'org.springframework.boot.autoconfigure.EnableAutoConfiguration'.
08:38:25.135 [main] INFO org.evosuite.runtime.instrumentation.EvoClassLoader - Keeping class: org.springframework.boot.autoconfigure.EnableAutoConfiguration
08:38:25.135 [main] INFO org.evosuite.runtime.instrumentation.EvoClassLoader - Seeing class for first time: org.springframework.boot.autoconfigure.jdbc.DataSourceBeanCreationFailureAnalyzer
08:38:25.135 [main] INFO org.evosuite.runtime.instrumentation.EvoClassLoader - Instrumenting class 'org.springframework.boot.autoconfigure.jdbc.DataSourceBeanCreationFailureAnalyzer'.
08:38:25.135 [main] INFO org.evosuite.runtime.instrumentation.MethodCallReplacementClassAdapter - Adding mock interface to class org/springframework/boot/autoconfigure/jdbc/DataSourceBeanCreationFailureAnalyzer
08:38:25.135 [main] INFO org.evosuite.runtime.instrumentation.CreateClassResetClassAdapter - Creating brand-new static initializer in class org/springframework/boot/autoconfigure/jdbc/DataSourceBeanCreationFailureAnalyzer
08:38:25.135 [main] INFO org.evosuite.runtime.instrumentation.EvoClassLoader - Defined package (3): package org.springframework.boot.autoconfigure.jdbc, 239165319
08:38:25.135 [main] INFO org.evosuite.runtime.instrumentation.EvoClassLoader - Keeping class: org.springframework.boot.autoconfigure.jdbc.DataSourceBeanCreationFailureAnalyzer
08:38:25.135 [main] INFO org.evosuite.runtime.instrumentation.EvoClassLoader - Seeing class for first time: org.springframework.boot.autoconfigure.jdbc.DataSourceProperties$DataSourceBeanCreationException
08:38:25.135 [main] INFO org.evosuite.runtime.instrumentation.EvoClassLoader - Instrumenting class 'org.springframework.boot.autoconfigure.jdbc.DataSourceProperties$DataSourceBeanCreationException'.
08:38:25.139 [main] INFO org.evosuite.runtime.instrumentation.MethodCallReplacementClassAdapter - Adding mock interface to class org/springframework/boot/autoconfigure/jdbc/DataSourceProperties$DataSourceBeanCreationException
08:38:25.139 [main] INFO org.evosuite.runtime.instrumentation.CreateClassResetClassAdapter - Creating brand-new static initializer in class org/springframework/boot/autoconfigure/jdbc/DataSourceProperties$DataSourceBeanCreationException
08:38:25.139 [main] INFO org.evosuite.runtime.instrumentation.EvoClassLoader - Keeping class: org.springframework.boot.autoconfigure.jdbc.DataSourceProperties$DataSourceBeanCreationException
08:38:25.139 [main] INFO org.evosuite.runtime.instrumentation.EvoClassLoader - Seeing class for first time: org.springframework.context.annotation.ComponentScan
08:38:25.139 [main] INFO org.evosuite.runtime.instrumentation.EvoClassLoader - Instrumenting class 'org.springframework.context.annotation.ComponentScan'.
08:38:25.139 [main] INFO org.evosuite.runtime.instrumentation.EvoClassLoader - Keeping class: org.springframework.context.annotation.ComponentScan
08:38:25.143 [main] INFO org.evosuite.runtime.instrumentation.EvoClassLoader - Seeing class for first time: org.springframework.core.env.SimpleCommandLineArgsParser
08:38:25.143 [main] INFO org.evosuite.runtime.instrumentation.EvoClassLoader - Instrumenting class 'org.springframework.core.env.SimpleCommandLineArgsParser'.
08:38:25.143 [main] INFO org.evosuite.runtime.instrumentation.MethodCallReplacementClassAdapter - Adding mock interface to class org/springframework/core/env/SimpleCommandLineArgsParser
08:38:25.143 [main] INFO org.evosuite.runtime.instrumentation.CreateClassResetClassAdapter - Creating brand-new static initializer in class org/springframework/core/env/SimpleCommandLineArgsParser
08:38:25.143 [main] INFO org.evosuite.runtime.instrumentation.EvoClassLoader - Keeping class: org.springframework.core.env.SimpleCommandLineArgsParser
08:38:25.147 [main] INFO org.evosuite.runtime.instrumentation.EvoClassLoader - Seeing class for first time: org.springframework.boot.autoconfigure.condition.ConditionOutcome
08:38:25.147 [main] INFO org.evosuite.runtime.instrumentation.EvoClassLoader - Instrumenting class 'org.springframework.boot.autoconfigure.condition.ConditionOutcome'.
08:38:25.147 [main] INFO org.evosuite.runtime.instrumentation.MethodCallReplacementClassAdapter - Adding mock interface to class org/springframework/boot/autoconfigure/condition/ConditionOutcome
08:38:25.147 [main] INFO org.evosuite.runtime.instrumentation.CreateClassResetClassAdapter - Creating brand-new static initializer in class org/springframework/boot/autoconfigure/condition/ConditionOutcome
08:38:25.147 [main] INFO org.evosuite.runtime.instrumentation.EvoClassLoader - Keeping class: org.springframework.boot.autoconfigure.condition.ConditionOutcome
08:38:25.147 [main] INFO org.evosuite.runtime.instrumentation.EvoClassLoader - Seeing class for first time: org.springframework.boot.WebApplicationType
08:38:25.147 [main] INFO org.evosuite.runtime.instrumentation.EvoClassLoader - Instrumenting class 'org.springframework.boot.WebApplicationType'.
08:38:25.151 [main] INFO org.evosuite.runtime.instrumentation.MethodCallReplacementClassAdapter - Adding mock interface to class org/springframework/boot/WebApplicationType
08:38:25.151 [main] INFO org.evosuite.runtime.instrumentation.CreateClassResetClassAdapter - Found static initializer in class org/springframework/boot/WebApplicationType
08:38:25.151 [main] INFO org.evosuite.runtime.instrumentation.EvoClassLoader - Keeping class: org.springframework.boot.WebApplicationType
08:38:25.151 [main] INFO org.evosuite.runtime.instrumentation.EvoClassLoader - Seeing class for first time: org.springframework.format.datetime.standard.DateTimeConverters$ZonedDateTimeToLocalDateTimeConverter
08:38:25.151 [main] INFO org.evosuite.runtime.instrumentation.EvoClassLoader - Instrumenting class 'org.springframework.format.datetime.standard.DateTimeConverters$ZonedDateTimeToLocalDateTimeConverter'.
08:38:25.155 [main] INFO org.evosuite.runtime.instrumentation.MethodCallReplacementClassAdapter - Adding mock interface to class org/springframework/format/datetime/standard/DateTimeConverters$ZonedDateTimeToLocalDateTimeConverter
08:38:25.155 [main] INFO org.evosuite.runtime.instrumentation.CreateClassResetClassAdapter - Creating brand-new static initializer in class org/springframework/format/datetime/standard/DateTimeConverters$ZonedDateTimeToLocalDateTimeConverter
08:38:25.155 [main] INFO org.evosuite.runtime.instrumentation.EvoClassLoader - Keeping class: org.springframework.format.datetime.standard.DateTimeConverters$ZonedDateTimeToLocalDateTimeConverter
08:38:25.155 [main] INFO org.evosuite.runtime.instrumentation.EvoClassLoader - Seeing class for first time: org.springframework.core.convert.support.StringToCharacterConverter
08:38:25.155 [main] INFO org.evosuite.runtime.instrumentation.EvoClassLoader - Instrumenting class 'org.springframework.core.convert.support.StringToCharacterConverter'.
08:38:25.155 [main] INFO org.evosuite.runtime.instrumentation.MethodCallReplacementClassAdapter - Adding mock interface to class org/springframework/core/convert/support/StringToCharacterConverter
08:38:25.155 [main] INFO org.evosuite.runtime.instrumentation.CreateClassResetClassAdapter - Creating brand-new static initializer in class org/springframework/core/convert/support/StringToCharacterConverter
08:38:25.155 [main] INFO org.evosuite.runtime.instrumentation.EvoClassLoader - Keeping class: org.springframework.core.convert.support.StringToCharacterConverter
08:38:25.155 [main] INFO org.evosuite.runtime.instrumentation.EvoClassLoader - Seeing class for first time: org.springframework.boot.autoconfigure.session.NonUniqueSessionRepositoryFailureAnalyzer
08:38:25.155 [main] INFO org.evosuite.runtime.instrumentation.EvoClassLoader - Instrumenting class 'org.springframework.boot.autoconfigure.session.NonUniqueSessionRepositoryFailureAnalyzer'.
08:38:25.159 [main] INFO org.evosuite.runtime.instrumentation.MethodCallReplacementClassAdapter - Adding mock interface to class org/springframework/boot/autoconfigure/session/NonUniqueSessionRepositoryFailureAnalyzer
08:38:25.159 [main] INFO org.evosuite.runtime.instrumentation.CreateClassResetClassAdapter - Creating brand-new static initializer in class org/springframework/boot/autoconfigure/session/NonUniqueSessionRepositoryFailureAnalyzer
08:38:25.159 [main] INFO org.evosuite.runtime.instrumentation.EvoClassLoader - Keeping class: org.springframework.boot.autoconfigure.session.NonUniqueSessionRepositoryFailureAnalyzer
08:38:25.159 [main] INFO org.evosuite.runtime.instrumentation.EvoClassLoader - Seeing class for first time: org.springframework.format.annotation.DateTimeFormat
08:38:25.159 [main] INFO org.evosuite.runtime.instrumentation.EvoClassLoader - Instrumenting class 'org.springframework.format.annotation.DateTimeFormat'.
08:38:25.163 [main] INFO org.evosuite.runtime.instrumentation.EvoClassLoader - Keeping class: org.springframework.format.annotation.DateTimeFormat
08:38:25.163 [main] INFO org.evosuite.runtime.instrumentation.EvoClassLoader - Seeing class for first time: org.springframework.boot.cloud.CloudPlatform$1
08:38:25.163 [main] INFO org.evosuite.runtime.instrumentation.EvoClassLoader - Instrumenting class 'org.springframework.boot.cloud.CloudPlatform$1'.
08:38:25.163 [main] INFO org.evosuite.runtime.instrumentation.MethodCallReplacementClassAdapter - Adding mock interface to class org/springframework/boot/cloud/CloudPlatform$1
08:38:25.163 [main] INFO org.evosuite.runtime.instrumentation.EvoClassLoader - Defined package (3): package org.springframework.boot.cloud, -886519552
08:38:25.163 [main] INFO org.evosuite.runtime.instrumentation.EvoClassLoader - Seeing class for first time: org.springframework.boot.cloud.CloudPlatform
08:38:25.163 [main] INFO org.evosuite.runtime.instrumentation.EvoClassLoader - Instrumenting class 'org.springframework.boot.cloud.CloudPlatform'.
08:38:25.167 [main] INFO org.evosuite.runtime.instrumentation.MethodCallReplacementClassAdapter - Adding mock interface to class org/springframework/boot/cloud/CloudPlatform
08:38:25.167 [main] INFO org.evosuite.runtime.instrumentation.CreateClassResetClassAdapter - Found static initializer in class org/springframework/boot/cloud/CloudPlatform
08:38:25.167 [main] INFO org.evosuite.runtime.instrumentation.EvoClassLoader - Keeping class: org.springframework.boot.cloud.CloudPlatform
08:38:25.167 [main] INFO org.evosuite.runtime.instrumentation.EvoClassLoader - Keeping class: org.springframework.boot.cloud.CloudPlatform$1
08:38:25.167 [main] INFO org.evosuite.runtime.instrumentation.EvoClassLoader - Seeing class for first time: org.springframework.boot.cloud.CloudPlatform$2
08:38:25.167 [main] INFO org.evosuite.runtime.instrumentation.EvoClassLoader - Instrumenting class 'org.springframework.boot.cloud.CloudPlatform$2'.
08:38:25.167 [main] INFO org.evosuite.runtime.instrumentation.MethodCallReplacementClassAdapter - Adding mock interface to class org/springframework/boot/cloud/CloudPlatform$2
08:38:25.171 [main] INFO org.evosuite.runtime.instrumentation.EvoClassLoader - Keeping class: org.springframework.boot.cloud.CloudPlatform$2
08:38:25.171 [main] INFO org.evosuite.runtime.instrumentation.EvoClassLoader - Seeing class for first time: org.springframework.boot.cloud.CloudPlatform$3
08:38:25.171 [main] INFO org.evosuite.runtime.instrumentation.EvoClassLoader - Instrumenting class 'org.springframework.boot.cloud.CloudPlatform$3'.
08:38:25.171 [main] INFO org.evosuite.runtime.instrumentation.MethodCallReplacementClassAdapter - Adding mock interface to class org/springframework/boot/cloud/CloudPlatform$3
08:38:25.171 [main] INFO org.evosuite.runtime.instrumentation.EvoClassLoader - Keeping class: org.springframework.boot.cloud.CloudPlatform$3
08:38:25.171 [main] INFO org.evosuite.runtime.instrumentation.EvoClassLoader - Seeing class for first time: org.springframework.core.io.support.PropertiesLoaderUtils
08:38:25.171 [main] INFO org.evosuite.runtime.instrumentation.EvoClassLoader - Instrumenting class 'org.springframework.core.io.support.PropertiesLoaderUtils'.
08:38:25.175 [main] INFO org.evosuite.runtime.instrumentation.MethodCallReplacementClassAdapter - Adding mock interface to class org/springframework/core/io/support/PropertiesLoaderUtils
08:38:25.175 [main] INFO org.evosuite.runtime.instrumentation.CreateClassResetClassAdapter - Creating brand-new static initializer in class org/springframework/core/io/support/PropertiesLoaderUtils
08:38:25.175 [main] INFO org.evosuite.runtime.instrumentation.CreateClassResetClassAdapter - Adding bytecode for initializing field XML_FILE_EXTENSION
08:38:25.175 [main] INFO org.evosuite.runtime.instrumentation.EvoClassLoader - Keeping class: org.springframework.core.io.support.PropertiesLoaderUtils
08:38:25.175 [main] INFO org.evosuite.runtime.instrumentation.EvoClassLoader - Seeing class for first time: org.springframework.util.PropertiesPersister
08:38:25.175 [main] INFO org.evosuite.runtime.instrumentation.EvoClassLoader - Instrumenting class 'org.springframework.util.PropertiesPersister'.
08:38:25.179 [main] INFO org.evosuite.runtime.instrumentation.EvoClassLoader - Keeping class: org.springframework.util.PropertiesPersister
08:38:25.179 [main] INFO org.evosuite.runtime.instrumentation.EvoClassLoader - Seeing class for first time: org.springframework.dao.support.PersistenceExceptionTranslator
08:38:25.179 [main] INFO org.evosuite.runtime.instrumentation.EvoClassLoader - Instrumenting class 'org.springframework.dao.support.PersistenceExceptionTranslator'.
08:38:25.179 [main] INFO org.evosuite.runtime.instrumentation.EvoClassLoader - Error while loading class: java.lang.ClassNotFoundException: Class 'org/springframework/dao/support/PersistenceExceptionTranslator.class' should be in target project, but could not be found!
08:38:25.179 [main] ERROR org.evosuite.runtime.classhandling.ClassStateSupport - Could not initialize org.springframework.dao.support.PersistenceExceptionTranslator: Class 'org/springframework/dao/support/PersistenceExceptionTranslator.class' should be in target project, but could not be found!
08:38:25.179 [main] INFO org.evosuite.runtime.instrumentation.EvoClassLoader - Seeing class for first time: org.springframework.core.io.ContextResource
08:38:25.179 [main] INFO org.evosuite.runtime.instrumentation.EvoClassLoader - Instrumenting class 'org.springframework.core.io.ContextResource'.
08:38:25.183 [main] INFO org.evosuite.runtime.instrumentation.EvoClassLoader - Keeping class: org.springframework.core.io.ContextResource
08:38:25.183 [main] INFO org.evosuite.runtime.instrumentation.EvoClassLoader - Seeing class for first time: org.springframework.web.servlet.DispatcherServlet
08:38:25.183 [main] INFO org.evosuite.runtime.instrumentation.EvoClassLoader - Instrumenting class 'org.springframework.web.servlet.DispatcherServlet'.
08:38:25.187 [main] INFO org.evosuite.runtime.instrumentation.MethodCallReplacementClassAdapter - Adding mock interface to class org/springframework/web/servlet/DispatcherServlet
08:38:25.219 [main] INFO org.evosuite.runtime.instrumentation.CreateClassResetClassAdapter - Found static initializer in class org/springframework/web/servlet/DispatcherServlet
08:38:25.223 [main] INFO org.evosuite.runtime.instrumentation.EvoClassLoader - Defined package (3): package org.springframework.web.servlet, -1667763772
08:38:25.223 [main] INFO org.evosuite.runtime.instrumentation.EvoClassLoader - Seeing class for first time: org.springframework.web.servlet.FrameworkServlet
08:38:25.223 [main] INFO org.evosuite.runtime.instrumentation.EvoClassLoader - Instrumenting class 'org.springframework.web.servlet.FrameworkServlet'.
08:38:25.227 [main] INFO org.evosuite.runtime.instrumentation.MethodCallReplacementClassAdapter - Adding mock interface to class org/springframework/web/servlet/FrameworkServlet
08:38:25.235 [main] INFO org.evosuite.runtime.instrumentation.CreateClassResetClassAdapter - Found static initializer in class org/springframework/web/servlet/FrameworkServlet
08:38:25.235 [main] INFO org.evosuite.runtime.instrumentation.EvoClassLoader - Seeing class for first time: org.springframework.web.servlet.HttpServletBean
08:38:25.235 [main] INFO org.evosuite.runtime.instrumentation.EvoClassLoader - Instrumenting class 'org.springframework.web.servlet.HttpServletBean'.
08:38:25.239 [main] INFO org.evosuite.runtime.instrumentation.MethodCallReplacementClassAdapter - Adding mock interface to class org/springframework/web/servlet/HttpServletBean
08:38:25.239 [main] INFO org.evosuite.runtime.instrumentation.CreateClassResetClassAdapter - Creating brand-new static initializer in class org/springframework/web/servlet/HttpServletBean
08:38:25.243 [main] INFO org.evosuite.runtime.instrumentation.EvoClassLoader - Keeping class: org.springframework.web.servlet.HttpServletBean
08:38:25.243 [main] INFO org.evosuite.runtime.instrumentation.EvoClassLoader - Keeping class: org.springframework.web.servlet.FrameworkServlet
08:38:25.243 [main] INFO org.evosuite.runtime.instrumentation.EvoClassLoader - Keeping class: org.springframework.web.servlet.DispatcherServlet
08:38:25.243 [main] INFO org.evosuite.runtime.instrumentation.EvoClassLoader - Seeing class for first time: org.springframework.context.i18n.LocaleContext
08:38:25.243 [main] INFO org.evosuite.runtime.instrumentation.EvoClassLoader - Instrumenting class 'org.springframework.context.i18n.LocaleContext'.
08:38:25.247 [main] INFO org.evosuite.runtime.instrumentation.EvoClassLoader - Defined package (3): package org.springframework.context.i18n, 1775427076
08:38:25.247 [main] INFO org.evosuite.runtime.instrumentation.EvoClassLoader - Keeping class: org.springframework.context.i18n.LocaleContext
08:38:25.247 [main] INFO org.evosuite.runtime.instrumentation.EvoClassLoader - Seeing class for first time: org.springframework.web.context.support.ServletRequestHandledEvent
08:38:25.247 [main] INFO org.evosuite.runtime.instrumentation.EvoClassLoader - Instrumenting class 'org.springframework.web.context.support.ServletRequestHandledEvent'.
08:38:25.247 [main] INFO org.evosuite.runtime.instrumentation.MethodCallReplacementClassAdapter - Adding mock interface to class org/springframework/web/context/support/ServletRequestHandledEvent
08:38:25.247 [main] INFO org.evosuite.runtime.instrumentation.CreateClassResetClassAdapter - Creating brand-new static initializer in class org/springframework/web/context/support/ServletRequestHandledEvent
08:38:25.247 [main] INFO org.evosuite.runtime.instrumentation.EvoClassLoader - Seeing class for first time: org.springframework.web.context.support.RequestHandledEvent
08:38:25.247 [main] INFO org.evosuite.runtime.instrumentation.EvoClassLoader - Instrumenting class 'org.springframework.web.context.support.RequestHandledEvent'.
08:38:25.251 [main] INFO org.evosuite.runtime.instrumentation.MethodCallReplacementClassAdapter - Adding mock interface to class org/springframework/web/context/support/RequestHandledEvent
08:38:25.251 [main] INFO org.evosuite.runtime.instrumentation.CreateClassResetClassAdapter - Creating brand-new static initializer in class org/springframework/web/context/support/RequestHandledEvent
08:38:25.251 [main] INFO org.evosuite.runtime.instrumentation.EvoClassLoader - Keeping class: org.springframework.web.context.support.RequestHandledEvent
08:38:25.251 [main] INFO org.evosuite.runtime.instrumentation.EvoClassLoader - Keeping class: org.springframework.web.context.support.ServletRequestHandledEvent
08:38:25.251 [main] INFO org.evosuite.runtime.instrumentation.EvoClassLoader - Seeing class for first time: org.springframework.web.context.request.async.CallableProcessingInterceptor
08:38:25.251 [main] INFO org.evosuite.runtime.instrumentation.EvoClassLoader - Instrumenting class 'org.springframework.web.context.request.async.CallableProcessingInterceptor'.
08:38:25.255 [main] INFO org.evosuite.runtime.instrumentation.EvoClassLoader - Defined package (3): package org.springframework.web.context.request.async, 1490182557
08:38:25.255 [main] INFO org.evosuite.runtime.instrumentation.EvoClassLoader - Keeping class: org.springframework.web.context.request.async.CallableProcessingInterceptor
08:38:25.255 [main] INFO org.evosuite.runtime.instrumentation.EvoClassLoader - Seeing class for first time: org.springframework.web.servlet.NoHandlerFoundException
08:38:25.255 [main] INFO org.evosuite.runtime.instrumentation.EvoClassLoader - Instrumenting class 'org.springframework.web.servlet.NoHandlerFoundException'.
08:38:25.255 [main] INFO org.evosuite.runtime.instrumentation.MethodCallReplacementClassAdapter - Adding mock interface to class org/springframework/web/servlet/NoHandlerFoundException
08:38:25.255 [main] INFO org.evosuite.runtime.instrumentation.CreateClassResetClassAdapter - Creating brand-new static initializer in class org/springframework/web/servlet/NoHandlerFoundException
08:38:25.255 [main] INFO org.evosuite.runtime.instrumentation.EvoClassLoader - Keeping class: org.springframework.web.servlet.NoHandlerFoundException
08:38:25.259 [main] INFO org.evosuite.runtime.instrumentation.EvoClassLoader - Seeing class for first time: org.springframework.web.multipart.MultipartException
08:38:25.259 [main] INFO org.evosuite.runtime.instrumentation.EvoClassLoader - Instrumenting class 'org.springframework.web.multipart.MultipartException'.
08:38:25.259 [main] INFO org.evosuite.runtime.instrumentation.MethodCallReplacementClassAdapter - Adding mock interface to class org/springframework/web/multipart/MultipartException
08:38:25.259 [main] INFO org.evosuite.runtime.instrumentation.CreateClassResetClassAdapter - Creating brand-new static initializer in class org/springframework/web/multipart/MultipartException
08:38:25.259 [main] INFO org.evosuite.runtime.instrumentation.EvoClassLoader - Keeping class: org.springframework.web.multipart.MultipartException
08:38:25.267 [main] INFO org.evosuite.runtime.instrumentation.EvoClassLoader - Seeing class for first time: org.springframework.web.context.support.XmlWebApplicationContext
08:38:25.267 [main] INFO org.evosuite.runtime.instrumentation.EvoClassLoader - Instrumenting class 'org.springframework.web.context.support.XmlWebApplicationContext'.
08:38:25.271 [main] INFO org.evosuite.runtime.instrumentation.MethodCallReplacementClassAdapter - Adding mock interface to class org/springframework/web/context/support/XmlWebApplicationContext
08:38:25.271 [main] INFO org.evosuite.runtime.instrumentation.CreateClassResetClassAdapter - Creating brand-new static initializer in class org/springframework/web/context/support/XmlWebApplicationContext
08:38:25.271 [main] INFO org.evosuite.runtime.instrumentation.CreateClassResetClassAdapter - Adding bytecode for initializing field DEFAULT_CONFIG_LOCATION
08:38:25.271 [main] INFO org.evosuite.runtime.instrumentation.CreateClassResetClassAdapter - Adding bytecode for initializing field DEFAULT_CONFIG_LOCATION_PREFIX
08:38:25.271 [main] INFO org.evosuite.runtime.instrumentation.CreateClassResetClassAdapter - Adding bytecode for initializing field DEFAULT_CONFIG_LOCATION_SUFFIX
08:38:25.271 [main] INFO org.evosuite.runtime.instrumentation.EvoClassLoader - Seeing class for first time: org.springframework.web.context.support.AbstractRefreshableWebApplicationContext
08:38:25.271 [main] INFO org.evosuite.runtime.instrumentation.EvoClassLoader - Instrumenting class 'org.springframework.web.context.support.AbstractRefreshableWebApplicationContext'.
08:38:25.271 [main] INFO org.evosuite.runtime.instrumentation.MethodCallReplacementClassAdapter - Adding mock interface to class org/springframework/web/context/support/AbstractRefreshableWebApplicationContext
08:38:25.271 [main] INFO org.evosuite.runtime.instrumentation.CreateClassResetClassAdapter - Creating brand-new static initializer in class org/springframework/web/context/support/AbstractRefreshableWebApplicationContext
08:38:25.271 [main] INFO org.evosuite.runtime.instrumentation.EvoClassLoader - Seeing class for first time: org.springframework.ui.context.ThemeSource
08:38:25.271 [main] INFO org.evosuite.runtime.instrumentation.EvoClassLoader - Instrumenting class 'org.springframework.ui.context.ThemeSource'.
08:38:25.275 [main] INFO org.evosuite.runtime.instrumentation.EvoClassLoader - Defined package (3): package org.springframework.ui.context, -15417060
08:38:25.275 [main] INFO org.evosuite.runtime.instrumentation.EvoClassLoader - Keeping class: org.springframework.ui.context.ThemeSource
08:38:25.275 [main] INFO org.evosuite.runtime.instrumentation.EvoClassLoader - Seeing class for first time: org.springframework.context.support.AbstractRefreshableConfigApplicationContext
08:38:25.275 [main] INFO org.evosuite.runtime.instrumentation.EvoClassLoader - Instrumenting class 'org.springframework.context.support.AbstractRefreshableConfigApplicationContext'.
08:38:25.275 [main] INFO org.evosuite.runtime.instrumentation.MethodCallReplacementClassAdapter - Adding mock interface to class org/springframework/context/support/AbstractRefreshableConfigApplicationContext
08:38:25.279 [main] INFO org.evosuite.runtime.instrumentation.CreateClassResetClassAdapter - Creating brand-new static initializer in class org/springframework/context/support/AbstractRefreshableConfigApplicationContext
08:38:25.279 [main] INFO org.evosuite.runtime.instrumentation.EvoClassLoader - Seeing class for first time: org.springframework.context.support.AbstractRefreshableApplicationContext
08:38:25.279 [main] INFO org.evosuite.runtime.instrumentation.EvoClassLoader - Instrumenting class 'org.springframework.context.support.AbstractRefreshableApplicationContext'.
08:38:25.279 [main] INFO org.evosuite.runtime.instrumentation.MethodCallReplacementClassAdapter - Adding mock interface to class org/springframework/context/support/AbstractRefreshableApplicationContext
08:38:25.279 [main] INFO org.evosuite.runtime.instrumentation.CreateClassResetClassAdapter - Creating brand-new static initializer in class org/springframework/context/support/AbstractRefreshableApplicationContext
08:38:25.283 [main] INFO org.evosuite.runtime.instrumentation.EvoClassLoader - Keeping class: org.springframework.context.support.AbstractRefreshableApplicationContext
08:38:25.283 [main] INFO org.evosuite.runtime.instrumentation.EvoClassLoader - Keeping class: org.springframework.context.support.AbstractRefreshableConfigApplicationContext
08:38:25.283 [main] INFO org.evosuite.runtime.instrumentation.EvoClassLoader - Keeping class: org.springframework.web.context.support.AbstractRefreshableWebApplicationContext
08:38:25.283 [main] INFO org.evosuite.runtime.instrumentation.EvoClassLoader - Keeping class: org.springframework.web.context.support.XmlWebApplicationContext
08:38:25.283 [main] INFO org.evosuite.runtime.instrumentation.EvoClassLoader - Seeing class for first time: org.springframework.core.io.ClassPathResource
08:38:25.283 [main] INFO org.evosuite.runtime.instrumentation.EvoClassLoader - Instrumenting class 'org.springframework.core.io.ClassPathResource'.
08:38:25.283 [main] INFO org.evosuite.runtime.instrumentation.MethodCallReplacementClassAdapter - Adding mock interface to class org/springframework/core/io/ClassPathResource
08:38:25.287 [main] INFO org.evosuite.runtime.instrumentation.CreateClassResetClassAdapter - Creating brand-new static initializer in class org/springframework/core/io/ClassPathResource
08:38:25.287 [main] INFO org.evosuite.runtime.instrumentation.EvoClassLoader - Keeping class: org.springframework.core.io.ClassPathResource
08:38:25.287 [main] INFO org.evosuite.runtime.instrumentation.EvoClassLoader - Seeing class for first time: org.springframework.util.StringUtils
08:38:25.287 [main] INFO org.evosuite.runtime.instrumentation.EvoClassLoader - Instrumenting class 'org.springframework.util.StringUtils'.
08:38:25.287 [main] INFO org.evosuite.runtime.instrumentation.MethodCallReplacementClassAdapter - Adding mock interface to class org/springframework/util/StringUtils
08:38:25.291 [main] INFO org.evosuite.runtime.instrumentation.CreateClassResetClassAdapter - Creating brand-new static initializer in class org/springframework/util/StringUtils
08:38:25.291 [main] INFO org.evosuite.runtime.instrumentation.CreateClassResetClassAdapter - Adding bytecode for initializing field FOLDER_SEPARATOR
08:38:25.291 [main] INFO org.evosuite.runtime.instrumentation.CreateClassResetClassAdapter - Adding bytecode for initializing field WINDOWS_FOLDER_SEPARATOR
08:38:25.291 [main] INFO org.evosuite.runtime.instrumentation.CreateClassResetClassAdapter - Adding bytecode for initializing field TOP_PATH
08:38:25.291 [main] INFO org.evosuite.runtime.instrumentation.CreateClassResetClassAdapter - Adding bytecode for initializing field CURRENT_PATH
08:38:25.291 [main] INFO org.evosuite.runtime.instrumentation.CreateClassResetClassAdapter - Adding bytecode for initializing field EXTENSION_SEPARATOR
08:38:25.291 [main] INFO org.evosuite.runtime.instrumentation.EvoClassLoader - Keeping class: org.springframework.util.StringUtils
08:38:25.295 [main] INFO org.evosuite.runtime.instrumentation.EvoClassLoader - Seeing class for first time: org.springframework.util.CollectionUtils
08:38:25.295 [main] INFO org.evosuite.runtime.instrumentation.EvoClassLoader - Instrumenting class 'org.springframework.util.CollectionUtils'.
08:38:25.295 [main] INFO org.evosuite.runtime.instrumentation.MethodCallReplacementClassAdapter - Adding mock interface to class org/springframework/util/CollectionUtils
08:38:25.295 [main] INFO org.evosuite.runtime.instrumentation.CreateClassResetClassAdapter - Creating brand-new static initializer in class org/springframework/util/CollectionUtils
08:38:25.295 [main] INFO org.evosuite.runtime.instrumentation.EvoClassLoader - Keeping class: org.springframework.util.CollectionUtils
08:38:25.299 [main] INFO org.evosuite.runtime.instrumentation.EvoClassLoader - Seeing class for first time: org.springframework.beans.factory.annotation.InitDestroyAnnotationBeanPostProcessor
08:38:25.299 [main] INFO org.evosuite.runtime.instrumentation.EvoClassLoader - Instrumenting class 'org.springframework.beans.factory.annotation.InitDestroyAnnotationBeanPostProcessor'.
08:38:25.303 [main] INFO org.evosuite.runtime.instrumentation.MethodCallReplacementClassAdapter - Adding mock interface to class org/springframework/beans/factory/annotation/InitDestroyAnnotationBeanPostProcessor
08:38:25.303 [main] INFO org.evosuite.runtime.instrumentation.CreateClassResetClassAdapter - Creating brand-new static initializer in class org/springframework/beans/factory/annotation/InitDestroyAnnotationBeanPostProcessor
08:38:25.307 [main] INFO org.evosuite.runtime.instrumentation.EvoClassLoader - Keeping class: org.springframework.beans.factory.annotation.InitDestroyAnnotationBeanPostProcessor
08:38:25.307 [main] INFO org.evosuite.runtime.instrumentation.EvoClassLoader - Seeing class for first time: org.springframework.core.MethodParameter
08:38:25.307 [main] INFO org.evosuite.runtime.instrumentation.EvoClassLoader - Instrumenting class 'org.springframework.core.MethodParameter'.
08:38:25.307 [main] INFO org.evosuite.runtime.instrumentation.MethodCallReplacementClassAdapter - Adding mock interface to class org/springframework/core/MethodParameter
08:38:25.311 [main] INFO org.evosuite.runtime.instrumentation.CreateClassResetClassAdapter - Found static initializer in class org/springframework/core/MethodParameter
08:38:25.315 [main] INFO org.evosuite.runtime.instrumentation.EvoClassLoader - Keeping class: org.springframework.core.MethodParameter
08:38:25.315 [main] INFO org.evosuite.runtime.instrumentation.EvoClassLoader - Seeing class for first time: org.springframework.boot.cloud.CloudFoundryVcapEnvironmentPostProcessor
08:38:25.315 [main] INFO org.evosuite.runtime.instrumentation.EvoClassLoader - Instrumenting class 'org.springframework.boot.cloud.CloudFoundryVcapEnvironmentPostProcessor'.
08:38:25.319 [main] INFO org.evosuite.runtime.instrumentation.MethodCallReplacementClassAdapter - Adding mock interface to class org/springframework/boot/cloud/CloudFoundryVcapEnvironmentPostProcessor
08:38:25.323 [main] INFO org.evosuite.runtime.instrumentation.CreateClassResetClassAdapter - Found static initializer in class org/springframework/boot/cloud/CloudFoundryVcapEnvironmentPostProcessor
08:38:25.323 [main] INFO org.evosuite.runtime.instrumentation.EvoClassLoader - Keeping class: org.springframework.boot.cloud.CloudFoundryVcapEnvironmentPostProcessor
08:38:25.323 [main] INFO org.evosuite.runtime.instrumentation.EvoClassLoader - Seeing class for first time: org.springframework.beans.factory.config.RuntimeBeanReference
08:38:25.323 [main] INFO org.evosuite.runtime.instrumentation.EvoClassLoader - Instrumenting class 'org.springframework.beans.factory.config.RuntimeBeanReference'.
08:38:25.327 [main] INFO org.evosuite.runtime.instrumentation.MethodCallReplacementClassAdapter - Adding mock interface to class org/springframework/beans/factory/config/RuntimeBeanReference
08:38:25.327 [main] INFO org.evosuite.runtime.instrumentation.CreateClassResetClassAdapter - Creating brand-new static initializer in class org/springframework/beans/factory/config/RuntimeBeanReference
08:38:25.327 [main] INFO org.evosuite.runtime.instrumentation.EvoClassLoader - Seeing class for first time: org.springframework.beans.factory.config.BeanReference
08:38:25.327 [main] INFO org.evosuite.runtime.instrumentation.EvoClassLoader - Instrumenting class 'org.springframework.beans.factory.config.BeanReference'.
08:38:25.331 [main] INFO org.evosuite.runtime.instrumentation.EvoClassLoader - Keeping class: org.springframework.beans.factory.config.BeanReference
08:38:25.331 [main] INFO org.evosuite.runtime.instrumentation.EvoClassLoader - Keeping class: org.springframework.beans.factory.config.RuntimeBeanReference
08:38:25.331 [main] INFO org.evosuite.runtime.instrumentation.EvoClassLoader - Seeing class for first time: org.springframework.core.convert.support.PropertiesToStringConverter
08:38:25.331 [main] INFO org.evosuite.runtime.instrumentation.EvoClassLoader - Instrumenting class 'org.springframework.core.convert.support.PropertiesToStringConverter'.
08:38:25.335 [main] INFO org.evosuite.runtime.instrumentation.MethodCallReplacementClassAdapter - Adding mock interface to class org/springframework/core/convert/support/PropertiesToStringConverter
08:38:25.339 [main] INFO org.evosuite.runtime.instrumentation.CreateClassResetClassAdapter - Creating brand-new static initializer in class org/springframework/core/convert/support/PropertiesToStringConverter
08:38:25.339 [main] INFO org.evosuite.runtime.instrumentation.EvoClassLoader - Keeping class: org.springframework.core.convert.support.PropertiesToStringConverter
08:38:25.339 [main] INFO org.evosuite.runtime.instrumentation.EvoClassLoader - Seeing class for first time: org.springframework.format.datetime.DateFormatterRegistrar
08:38:25.339 [main] INFO org.evosuite.runtime.instrumentation.EvoClassLoader - Instrumenting class 'org.springframework.format.datetime.DateFormatterRegistrar'.
08:38:25.339 [main] INFO org.evosuite.runtime.instrumentation.MethodCallReplacementClassAdapter - Adding mock interface to class org/springframework/format/datetime/DateFormatterRegistrar
08:38:25.339 [main] INFO org.evosuite.runtime.instrumentation.CreateClassResetClassAdapter - Creating brand-new static initializer in class org/springframework/format/datetime/DateFormatterRegistrar
08:38:25.343 [main] INFO org.evosuite.runtime.instrumentation.EvoClassLoader - Keeping class: org.springframework.format.datetime.DateFormatterRegistrar
08:38:25.343 [main] INFO org.evosuite.runtime.instrumentation.EvoClassLoader - Seeing class for first time: org.springframework.core.convert.support.CollectionToArrayConverter
08:38:25.343 [main] INFO org.evosuite.runtime.instrumentation.EvoClassLoader - Instrumenting class 'org.springframework.core.convert.support.CollectionToArrayConverter'.
08:38:25.343 [main] INFO org.evosuite.runtime.instrumentation.MethodCallReplacementClassAdapter - Adding mock interface to class org/springframework/core/convert/support/CollectionToArrayConverter
08:38:25.343 [main] INFO org.evosuite.runtime.instrumentation.CreateClassResetClassAdapter - Creating brand-new static initializer in class org/springframework/core/convert/support/CollectionToArrayConverter
08:38:25.347 [main] INFO org.evosuite.runtime.instrumentation.EvoClassLoader - Keeping class: org.springframework.core.convert.support.CollectionToArrayConverter
08:38:25.347 [main] INFO org.evosuite.runtime.instrumentation.EvoClassLoader - Seeing class for first time: org.springframework.beans.ExtendedBeanInfo$SimpleIndexedPropertyDescriptor
08:38:25.347 [main] INFO org.evosuite.runtime.instrumentation.EvoClassLoader - Instrumenting class 'org.springframework.beans.ExtendedBeanInfo$SimpleIndexedPropertyDescriptor'.
08:38:25.347 [main] INFO org.evosuite.runtime.instrumentation.MethodCallReplacementClassAdapter - Adding mock interface to class org/springframework/beans/ExtendedBeanInfo$SimpleIndexedPropertyDescriptor
08:38:25.351 [main] INFO org.evosuite.runtime.instrumentation.CreateClassResetClassAdapter - Creating brand-new static initializer in class org/springframework/beans/ExtendedBeanInfo$SimpleIndexedPropertyDescriptor
08:38:25.351 [main] INFO org.evosuite.runtime.instrumentation.EvoClassLoader - Keeping class: org.springframework.beans.ExtendedBeanInfo$SimpleIndexedPropertyDescriptor
08:38:25.351 [main] INFO org.evosuite.runtime.instrumentation.EvoClassLoader - Seeing class for first time: org.springframework.boot.autoconfigure.AutoConfigurationImportSelector$AutoConfigurationEntry
08:38:25.351 [main] INFO org.evosuite.runtime.instrumentation.EvoClassLoader - Instrumenting class 'org.springframework.boot.autoconfigure.AutoConfigurationImportSelector$AutoConfigurationEntry'.
08:38:25.355 [main] INFO org.evosuite.runtime.instrumentation.MethodCallReplacementClassAdapter - Adding mock interface to class org/springframework/boot/autoconfigure/AutoConfigurationImportSelector$AutoConfigurationEntry
08:38:25.355 [main] INFO org.evosuite.runtime.instrumentation.CreateClassResetClassAdapter - Creating brand-new static initializer in class org/springframework/boot/autoconfigure/AutoConfigurationImportSelector$AutoConfigurationEntry
08:38:25.355 [main] INFO org.evosuite.runtime.instrumentation.EvoClassLoader - Keeping class: org.springframework.boot.autoconfigure.AutoConfigurationImportSelector$AutoConfigurationEntry
08:38:25.355 [main] INFO org.evosuite.runtime.instrumentation.EvoClassLoader - Seeing class for first time: org.springframework.boot.autoconfigure.condition.OnClassCondition$ThreadedOutcomesResolver
08:38:25.355 [main] INFO org.evosuite.runtime.instrumentation.EvoClassLoader - Instrumenting class 'org.springframework.boot.autoconfigure.condition.OnClassCondition$ThreadedOutcomesResolver'.
08:38:25.359 [main] INFO org.evosuite.runtime.instrumentation.MethodCallReplacementClassAdapter - Adding mock interface to class org/springframework/boot/autoconfigure/condition/OnClassCondition$ThreadedOutcomesResolver
08:38:25.363 [main] INFO org.evosuite.runtime.instrumentation.CreateClassResetClassAdapter - Creating brand-new static initializer in class org/springframework/boot/autoconfigure/condition/OnClassCondition$ThreadedOutcomesResolver
08:38:25.363 [main] INFO org.evosuite.runtime.instrumentation.EvoClassLoader - Keeping class: org.springframework.boot.autoconfigure.condition.OnClassCondition$ThreadedOutcomesResolver
08:38:25.363 [main] INFO org.evosuite.runtime.instrumentation.EvoClassLoader - Seeing class for first time: org.springframework.core.convert.support.NumberToCharacterConverter
08:38:25.363 [main] INFO org.evosuite.runtime.instrumentation.EvoClassLoader - Instrumenting class 'org.springframework.core.convert.support.NumberToCharacterConverter'.
08:38:25.363 [main] INFO org.evosuite.runtime.instrumentation.MethodCallReplacementClassAdapter - Adding mock interface to class org/springframework/core/convert/support/NumberToCharacterConverter
08:38:25.363 [main] INFO org.evosuite.runtime.instrumentation.CreateClassResetClassAdapter - Creating brand-new static initializer in class org/springframework/core/convert/support/NumberToCharacterConverter
08:38:25.363 [main] INFO org.evosuite.runtime.instrumentation.EvoClassLoader - Keeping class: org.springframework.core.convert.support.NumberToCharacterConverter
08:38:25.367 [main] INFO org.evosuite.runtime.instrumentation.EvoClassLoader - Seeing class for first time: org.springframework.boot.diagnostics.analyzer.BindValidationFailureAnalyzer
08:38:25.367 [main] INFO org.evosuite.runtime.instrumentation.EvoClassLoader - Instrumenting class 'org.springframework.boot.diagnostics.analyzer.BindValidationFailureAnalyzer'.
08:38:25.367 [main] INFO org.evosuite.runtime.instrumentation.MethodCallReplacementClassAdapter - Adding mock interface to class org/springframework/boot/diagnostics/analyzer/BindValidationFailureAnalyzer
08:38:25.367 [main] INFO org.evosuite.runtime.instrumentation.CreateClassResetClassAdapter - Creating brand-new static initializer in class org/springframework/boot/diagnostics/analyzer/BindValidationFailureAnalyzer
08:38:25.367 [main] INFO org.evosuite.runtime.instrumentation.EvoClassLoader - Keeping class: org.springframework.boot.diagnostics.analyzer.BindValidationFailureAnalyzer
08:38:25.367 [main] INFO org.evosuite.runtime.instrumentation.EvoClassLoader - Seeing class for first time: org.springframework.validation.BindException
08:38:25.367 [main] INFO org.evosuite.runtime.instrumentation.EvoClassLoader - Instrumenting class 'org.springframework.validation.BindException'.
08:38:25.371 [main] INFO org.evosuite.runtime.instrumentation.MethodCallReplacementClassAdapter - Adding mock interface to class org/springframework/validation/BindException
08:38:25.371 [main] INFO org.evosuite.runtime.instrumentation.CreateClassResetClassAdapter - Creating brand-new static initializer in class org/springframework/validation/BindException
08:38:25.371 [main] INFO org.evosuite.runtime.instrumentation.EvoClassLoader - Defined package (3): package org.springframework.validation, -1548973760
08:38:25.371 [main] INFO org.evosuite.runtime.instrumentation.EvoClassLoader - Seeing class for first time: org.springframework.validation.BindingResult
08:38:25.371 [main] INFO org.evosuite.runtime.instrumentation.EvoClassLoader - Instrumenting class 'org.springframework.validation.BindingResult'.
08:38:25.371 [main] INFO org.evosuite.runtime.instrumentation.EvoClassLoader - Seeing class for first time: org.springframework.validation.Errors
08:38:25.371 [main] INFO org.evosuite.runtime.instrumentation.EvoClassLoader - Instrumenting class 'org.springframework.validation.Errors'.
08:38:25.375 [main] INFO org.evosuite.runtime.instrumentation.EvoClassLoader - Keeping class: org.springframework.validation.Errors
08:38:25.375 [main] INFO org.evosuite.runtime.instrumentation.EvoClassLoader - Keeping class: org.springframework.validation.BindingResult
08:38:25.375 [main] INFO org.evosuite.runtime.instrumentation.EvoClassLoader - Keeping class: org.springframework.validation.BindException
08:38:25.375 [main] INFO org.evosuite.runtime.instrumentation.EvoClassLoader - Seeing class for first time: org.springframework.format.datetime.DateTimeFormatAnnotationFormatterFactory
08:38:25.375 [main] INFO org.evosuite.runtime.instrumentation.EvoClassLoader - Instrumenting class 'org.springframework.format.datetime.DateTimeFormatAnnotationFormatterFactory'.
08:38:25.379 [main] INFO org.evosuite.runtime.instrumentation.MethodCallReplacementClassAdapter - Adding mock interface to class org/springframework/format/datetime/DateTimeFormatAnnotationFormatterFactory
08:38:25.379 [main] INFO org.evosuite.runtime.instrumentation.CreateClassResetClassAdapter - Found static initializer in class org/springframework/format/datetime/DateTimeFormatAnnotationFormatterFactory
08:38:25.379 [main] INFO org.evosuite.runtime.instrumentation.EvoClassLoader - Seeing class for first time: org.springframework.context.support.EmbeddedValueResolutionSupport
08:38:25.379 [main] INFO org.evosuite.runtime.instrumentation.EvoClassLoader - Instrumenting class 'org.springframework.context.support.EmbeddedValueResolutionSupport'.
08:38:25.379 [main] INFO org.evosuite.runtime.instrumentation.MethodCallReplacementClassAdapter - Adding mock interface to class org/springframework/context/support/EmbeddedValueResolutionSupport
08:38:25.383 [main] INFO org.evosuite.runtime.instrumentation.CreateClassResetClassAdapter - Creating brand-new static initializer in class org/springframework/context/support/EmbeddedValueResolutionSupport
08:38:25.383 [main] INFO org.evosuite.runtime.instrumentation.EvoClassLoader - Keeping class: org.springframework.context.support.EmbeddedValueResolutionSupport
08:38:25.383 [main] INFO org.evosuite.runtime.instrumentation.EvoClassLoader - Keeping class: org.springframework.format.datetime.DateTimeFormatAnnotationFormatterFactory
08:38:25.383 [main] INFO org.evosuite.runtime.instrumentation.EvoClassLoader - Seeing class for first time: org.springframework.boot.autoconfigure.AutoConfigurationExcludeFilter
08:38:25.383 [main] INFO org.evosuite.runtime.instrumentation.EvoClassLoader - Instrumenting class 'org.springframework.boot.autoconfigure.AutoConfigurationExcludeFilter'.
08:38:25.387 [main] INFO org.evosuite.runtime.instrumentation.MethodCallReplacementClassAdapter - Adding mock interface to class org/springframework/boot/autoconfigure/AutoConfigurationExcludeFilter
08:38:25.387 [main] INFO org.evosuite.runtime.instrumentation.CreateClassResetClassAdapter - Creating brand-new static initializer in class org/springframework/boot/autoconfigure/AutoConfigurationExcludeFilter
08:38:25.387 [main] INFO org.evosuite.runtime.instrumentation.EvoClassLoader - Keeping class: org.springframework.boot.autoconfigure.AutoConfigurationExcludeFilter
08:38:25.387 [main] INFO org.evosuite.runtime.instrumentation.EvoClassLoader - Seeing class for first time: org.springframework.util.PropertyPlaceholderHelper$PlaceholderResolver
08:38:25.387 [main] INFO org.evosuite.runtime.instrumentation.EvoClassLoader - Instrumenting class 'org.springframework.util.PropertyPlaceholderHelper$PlaceholderResolver'.
08:38:25.391 [main] INFO org.evosuite.runtime.instrumentation.EvoClassLoader - Keeping class: org.springframework.util.PropertyPlaceholderHelper$PlaceholderResolver
08:38:25.391 [main] INFO org.evosuite.runtime.instrumentation.EvoClassLoader - Seeing class for first time: org.springframework.core.env.AbstractPropertyResolver
08:38:25.391 [main] INFO org.evosuite.runtime.instrumentation.EvoClassLoader - Instrumenting class 'org.springframework.core.env.AbstractPropertyResolver'.
08:38:25.391 [main] INFO org.evosuite.runtime.instrumentation.MethodCallReplacementClassAdapter - Adding mock interface to class org/springframework/core/env/AbstractPropertyResolver
08:38:25.407 [main] INFO org.evosuite.runtime.instrumentation.CreateClassResetClassAdapter - Creating brand-new static initializer in class org/springframework/core/env/AbstractPropertyResolver
08:38:25.407 [main] INFO org.evosuite.runtime.instrumentation.EvoClassLoader - Keeping class: org.springframework.core.env.AbstractPropertyResolver
08:38:25.407 [main] INFO org.evosuite.runtime.instrumentation.EvoClassLoader - Seeing class for first time: org.springframework.core.env.MissingRequiredPropertiesException
08:38:25.407 [main] INFO org.evosuite.runtime.instrumentation.EvoClassLoader - Instrumenting class 'org.springframework.core.env.MissingRequiredPropertiesException'.
08:38:25.407 [main] INFO org.evosuite.runtime.instrumentation.MethodCallReplacementClassAdapter - Adding mock interface to class org/springframework/core/env/MissingRequiredPropertiesException
08:38:25.411 [main] INFO org.evosuite.runtime.instrumentation.CreateClassResetClassAdapter - Creating brand-new static initializer in class org/springframework/core/env/MissingRequiredPropertiesException
08:38:25.411 [main] INFO org.evosuite.runtime.instrumentation.EvoClassLoader - Keeping class: org.springframework.core.env.MissingRequiredPropertiesException
08:38:25.411 [main] INFO org.evosuite.runtime.instrumentation.EvoClassLoader - Seeing class for first time: org.springframework.context.annotation.ScopeMetadata
08:38:25.411 [main] INFO org.evosuite.runtime.instrumentation.EvoClassLoader - Instrumenting class 'org.springframework.context.annotation.ScopeMetadata'.
08:38:25.411 [main] INFO org.evosuite.runtime.instrumentation.MethodCallReplacementClassAdapter - Adding mock interface to class org/springframework/context/annotation/ScopeMetadata
08:38:25.411 [main] INFO org.evosuite.runtime.instrumentation.CreateClassResetClassAdapter - Creating brand-new static initializer in class org/springframework/context/annotation/ScopeMetadata
08:38:25.411 [main] INFO org.evosuite.runtime.instrumentation.EvoClassLoader - Keeping class: org.springframework.context.annotation.ScopeMetadata
08:38:25.415 [main] INFO org.evosuite.runtime.instrumentation.EvoClassLoader - Seeing class for first time: org.springframework.boot.diagnostics.analyzer.PortInUseFailureAnalyzer
08:38:25.415 [main] INFO org.evosuite.runtime.instrumentation.EvoClassLoader - Instrumenting class 'org.springframework.boot.diagnostics.analyzer.PortInUseFailureAnalyzer'.
08:38:25.415 [main] INFO org.evosuite.runtime.instrumentation.MethodCallReplacementClassAdapter - Adding mock interface to class org/springframework/boot/diagnostics/analyzer/PortInUseFailureAnalyzer
08:38:25.415 [main] INFO org.evosuite.runtime.instrumentation.CreateClassResetClassAdapter - Creating brand-new static initializer in class org/springframework/boot/diagnostics/analyzer/PortInUseFailureAnalyzer
08:38:25.415 [main] INFO org.evosuite.runtime.instrumentation.EvoClassLoader - Keeping class: org.springframework.boot.diagnostics.analyzer.PortInUseFailureAnalyzer
08:38:25.415 [main] INFO org.evosuite.runtime.instrumentation.EvoClassLoader - Seeing class for first time: org.springframework.boot.web.server.PortInUseException
08:38:25.415 [main] INFO org.evosuite.runtime.instrumentation.EvoClassLoader - Instrumenting class 'org.springframework.boot.web.server.PortInUseException'.
08:38:25.419 [main] INFO org.evosuite.runtime.instrumentation.MethodCallReplacementClassAdapter - Adding mock interface to class org/springframework/boot/web/server/PortInUseException
08:38:25.419 [main] INFO org.evosuite.runtime.instrumentation.CreateClassResetClassAdapter - Creating brand-new static initializer in class org/springframework/boot/web/server/PortInUseException
08:38:25.419 [main] INFO org.evosuite.runtime.instrumentation.EvoClassLoader - Keeping class: org.springframework.boot.web.server.PortInUseException
08:38:25.419 [main] INFO org.evosuite.runtime.instrumentation.EvoClassLoader - Seeing class for first time: org.springframework.boot.context.properties.source.FilteredConfigurationPropertiesSource
08:38:25.419 [main] INFO org.evosuite.runtime.instrumentation.EvoClassLoader - Instrumenting class 'org.springframework.boot.context.properties.source.FilteredConfigurationPropertiesSource'.
08:38:25.423 [main] INFO org.evosuite.runtime.instrumentation.MethodCallReplacementClassAdapter - Adding mock interface to class org/springframework/boot/context/properties/source/FilteredConfigurationPropertiesSource
08:38:25.423 [main] INFO org.evosuite.runtime.instrumentation.CreateClassResetClassAdapter - Creating brand-new static initializer in class org/springframework/boot/context/properties/source/FilteredConfigurationPropertiesSource
08:38:25.423 [main] INFO org.evosuite.runtime.instrumentation.EvoClassLoader - Keeping class: org.springframework.boot.context.properties.source.FilteredConfigurationPropertiesSource
08:38:25.423 [main] INFO org.evosuite.runtime.instrumentation.EvoClassLoader - Seeing class for first time: org.springframework.context.annotation.FilterType
08:38:25.423 [main] INFO org.evosuite.runtime.instrumentation.EvoClassLoader - Instrumenting class 'org.springframework.context.annotation.FilterType'.
08:38:25.427 [main] INFO org.evosuite.runtime.instrumentation.MethodCallReplacementClassAdapter - Adding mock interface to class org/springframework/context/annotation/FilterType
08:38:25.427 [main] INFO org.evosuite.runtime.instrumentation.CreateClassResetClassAdapter - Found static initializer in class org/springframework/context/annotation/FilterType
08:38:25.427 [main] INFO org.evosuite.runtime.instrumentation.EvoClassLoader - Keeping class: org.springframework.context.annotation.FilterType
08:38:25.427 [main] INFO org.evosuite.runtime.instrumentation.EvoClassLoader - Seeing class for first time: org.springframework.context.support.ApplicationContextAwareProcessor
08:38:25.427 [main] INFO org.evosuite.runtime.instrumentation.EvoClassLoader - Instrumenting class 'org.springframework.context.support.ApplicationContextAwareProcessor'.
08:38:25.431 [main] INFO org.evosuite.runtime.instrumentation.MethodCallReplacementClassAdapter - Adding mock interface to class org/springframework/context/support/ApplicationContextAwareProcessor
08:38:25.431 [main] INFO org.evosuite.runtime.instrumentation.CreateClassResetClassAdapter - Creating brand-new static initializer in class org/springframework/context/support/ApplicationContextAwareProcessor
08:38:25.431 [main] INFO org.evosuite.runtime.instrumentation.EvoClassLoader - Keeping class: org.springframework.context.support.ApplicationContextAwareProcessor
08:38:25.431 [main] INFO org.evosuite.runtime.instrumentation.EvoClassLoader - Seeing class for first time: org.springframework.util.StringValueResolver
08:38:25.431 [main] INFO org.evosuite.runtime.instrumentation.EvoClassLoader - Instrumenting class 'org.springframework.util.StringValueResolver'.
08:38:25.435 [main] INFO org.evosuite.runtime.instrumentation.EvoClassLoader - Keeping class: org.springframework.util.StringValueResolver
08:38:25.435 [main] INFO org.evosuite.runtime.instrumentation.EvoClassLoader - Seeing class for first time: org.springframework.context.annotation.ConfigurationClassUtils
08:38:25.435 [main] INFO org.evosuite.runtime.instrumentation.EvoClassLoader - Instrumenting class 'org.springframework.context.annotation.ConfigurationClassUtils'.
08:38:25.435 [main] INFO org.evosuite.runtime.instrumentation.MethodCallReplacementClassAdapter - Adding mock interface to class org/springframework/context/annotation/ConfigurationClassUtils
08:38:25.443 [main] INFO org.evosuite.runtime.instrumentation.CreateClassResetClassAdapter - Found static initializer in class org/springframework/context/annotation/ConfigurationClassUtils
08:38:25.447 [main] INFO org.evosuite.runtime.instrumentation.EvoClassLoader - Keeping class: org.springframework.context.annotation.ConfigurationClassUtils
08:38:25.447 [main] INFO org.evosuite.runtime.instrumentation.EvoClassLoader - Seeing class for first time: org.springframework.context.annotation.ConfigurationClassPostProcessor
08:38:25.447 [main] INFO org.evosuite.runtime.instrumentation.EvoClassLoader - Instrumenting class 'org.springframework.context.annotation.ConfigurationClassPostProcessor'.
08:38:25.447 [main] INFO org.evosuite.runtime.instrumentation.MethodCallReplacementClassAdapter - Adding mock interface to class org/springframework/context/annotation/ConfigurationClassPostProcessor
08:38:25.463 [main] INFO org.evosuite.runtime.instrumentation.CreateClassResetClassAdapter - Found static initializer in class org/springframework/context/annotation/ConfigurationClassPostProcessor
08:38:25.463 [main] INFO org.evosuite.runtime.instrumentation.EvoClassLoader - Seeing class for first time: org.springframework.context.ResourceLoaderAware
08:38:25.463 [main] INFO org.evosuite.runtime.instrumentation.EvoClassLoader - Instrumenting class 'org.springframework.context.ResourceLoaderAware'.
08:38:25.467 [main] INFO org.evosuite.runtime.instrumentation.EvoClassLoader - Keeping class: org.springframework.context.ResourceLoaderAware
08:38:25.467 [main] INFO org.evosuite.runtime.instrumentation.EvoClassLoader - Keeping class: org.springframework.context.annotation.ConfigurationClassPostProcessor
08:38:25.467 [main] INFO org.evosuite.runtime.instrumentation.EvoClassLoader - Seeing class for first time: org.springframework.stereotype.Component
08:38:25.467 [main] INFO org.evosuite.runtime.instrumentation.EvoClassLoader - Instrumenting class 'org.springframework.stereotype.Component'.
08:38:25.471 [main] INFO org.evosuite.runtime.instrumentation.EvoClassLoader - Defined package (3): package org.springframework.stereotype, -816927751
08:38:25.471 [main] INFO org.evosuite.runtime.instrumentation.EvoClassLoader - Keeping class: org.springframework.stereotype.Component
08:38:25.471 [main] INFO org.evosuite.runtime.instrumentation.EvoClassLoader - Seeing class for first time: org.springframework.context.annotation.ImportResource
08:38:25.471 [main] INFO org.evosuite.runtime.instrumentation.EvoClassLoader - Instrumenting class 'org.springframework.context.annotation.ImportResource'.
08:38:25.475 [main] INFO org.evosuite.runtime.instrumentation.EvoClassLoader - Keeping class: org.springframework.context.annotation.ImportResource
08:38:25.475 [main] INFO org.evosuite.runtime.instrumentation.EvoClassLoader - Seeing class for first time: org.springframework.core.ResolvableType$DefaultVariableResolver
08:38:25.475 [main] INFO org.evosuite.runtime.instrumentation.EvoClassLoader - Instrumenting class 'org.springframework.core.ResolvableType$DefaultVariableResolver'.
08:38:25.475 [main] INFO org.evosuite.runtime.instrumentation.MethodCallReplacementClassAdapter - Adding mock interface to class org/springframework/core/ResolvableType$DefaultVariableResolver
08:38:25.475 [main] INFO org.evosuite.runtime.instrumentation.CreateClassResetClassAdapter - Creating brand-new static initializer in class org/springframework/core/ResolvableType$DefaultVariableResolver
08:38:25.475 [main] INFO org.evosuite.runtime.instrumentation.EvoClassLoader - Keeping class: org.springframework.core.ResolvableType$DefaultVariableResolver
08:38:25.475 [main] INFO org.evosuite.runtime.instrumentation.EvoClassLoader - Seeing class for first time: org.springframework.context.annotation.ScopedProxyMode
08:38:25.475 [main] INFO org.evosuite.runtime.instrumentation.EvoClassLoader - Instrumenting class 'org.springframework.context.annotation.ScopedProxyMode'.
08:38:25.479 [main] INFO org.evosuite.runtime.instrumentation.MethodCallReplacementClassAdapter - Adding mock interface to class org/springframework/context/annotation/ScopedProxyMode
08:38:25.479 [main] INFO org.evosuite.runtime.instrumentation.CreateClassResetClassAdapter - Found static initializer in class org/springframework/context/annotation/ScopedProxyMode
08:38:25.479 [main] INFO org.evosuite.runtime.instrumentation.EvoClassLoader - Keeping class: org.springframework.context.annotation.ScopedProxyMode
08:38:25.479 [main] INFO org.evosuite.runtime.instrumentation.EvoClassLoader - Seeing class for first time: org.springframework.boot.autoconfigure.condition.OnBeanCondition
08:38:25.479 [main] INFO org.evosuite.runtime.instrumentation.EvoClassLoader - Instrumenting class 'org.springframework.boot.autoconfigure.condition.OnBeanCondition'.
08:38:25.483 [main] INFO org.evosuite.runtime.instrumentation.MethodCallReplacementClassAdapter - Adding mock interface to class org/springframework/boot/autoconfigure/condition/OnBeanCondition
08:38:25.487 [main] INFO org.evosuite.runtime.instrumentation.CreateClassResetClassAdapter - Creating brand-new static initializer in class org/springframework/boot/autoconfigure/condition/OnBeanCondition
08:38:25.487 [main] INFO org.evosuite.runtime.instrumentation.CreateClassResetClassAdapter - Adding bytecode for initializing field FACTORY_BEAN_OBJECT_TYPE
08:38:25.487 [main] INFO org.evosuite.runtime.instrumentation.EvoClassLoader - Seeing class for first time: org.springframework.context.annotation.ConfigurationCondition
08:38:25.487 [main] INFO org.evosuite.runtime.instrumentation.EvoClassLoader - Instrumenting class 'org.springframework.context.annotation.ConfigurationCondition'.
08:38:25.487 [main] INFO org.evosuite.runtime.instrumentation.EvoClassLoader - Keeping class: org.springframework.context.annotation.ConfigurationCondition
08:38:25.487 [main] INFO org.evosuite.runtime.instrumentation.EvoClassLoader - Keeping class: org.springframework.boot.autoconfigure.condition.OnBeanCondition
08:38:25.491 [main] INFO org.evosuite.runtime.instrumentation.EvoClassLoader - Seeing class for first time: org.springframework.dao.NonTransientDataAccessResourceException
08:38:25.491 [main] INFO org.evosuite.runtime.instrumentation.EvoClassLoader - Instrumenting class 'org.springframework.dao.NonTransientDataAccessResourceException'.
08:38:25.495 [main] INFO org.evosuite.runtime.instrumentation.EvoClassLoader - Error while loading class: java.lang.ClassNotFoundException: Class 'org/springframework/dao/NonTransientDataAccessResourceException.class' should be in target project, but could not be found!
08:38:25.495 [main] ERROR org.evosuite.runtime.classhandling.ClassStateSupport - Could not initialize org.springframework.dao.NonTransientDataAccessResourceException: Class 'org/springframework/dao/NonTransientDataAccessResourceException.class' should be in target project, but could not be found!
08:38:25.495 [main] INFO org.evosuite.runtime.instrumentation.EvoClassLoader - Seeing class for first time: org.springframework.boot.env.PropertiesPropertySourceLoader
08:38:25.495 [main] INFO org.evosuite.runtime.instrumentation.EvoClassLoader - Instrumenting class 'org.springframework.boot.env.PropertiesPropertySourceLoader'.
08:38:25.495 [main] INFO org.evosuite.runtime.instrumentation.MethodCallReplacementClassAdapter - Adding mock interface to class org/springframework/boot/env/PropertiesPropertySourceLoader
08:38:25.495 [main] INFO org.evosuite.runtime.instrumentation.CreateClassResetClassAdapter - Creating brand-new static initializer in class org/springframework/boot/env/PropertiesPropertySourceLoader
08:38:25.495 [main] INFO org.evosuite.runtime.instrumentation.CreateClassResetClassAdapter - Adding bytecode for initializing field XML_FILE_EXTENSION
08:38:25.495 [main] INFO org.evosuite.runtime.instrumentation.EvoClassLoader - Keeping class: org.springframework.boot.env.PropertiesPropertySourceLoader
08:38:25.495 [main] INFO org.evosuite.runtime.instrumentation.EvoClassLoader - Seeing class for first time: org.springframework.format.datetime.standard.MonthDayFormatter
08:38:25.495 [main] INFO org.evosuite.runtime.instrumentation.EvoClassLoader - Instrumenting class 'org.springframework.format.datetime.standard.MonthDayFormatter'.
08:38:25.499 [main] INFO org.evosuite.runtime.instrumentation.MethodCallReplacementClassAdapter - Adding mock interface to class org/springframework/format/datetime/standard/MonthDayFormatter
08:38:25.499 [main] INFO org.evosuite.runtime.instrumentation.CreateClassResetClassAdapter - Creating brand-new static initializer in class org/springframework/format/datetime/standard/MonthDayFormatter
08:38:25.499 [main] INFO org.evosuite.runtime.instrumentation.EvoClassLoader - Keeping class: org.springframework.format.datetime.standard.MonthDayFormatter
08:38:25.499 [main] INFO org.evosuite.runtime.instrumentation.EvoClassLoader - Seeing class for first time: org.springframework.util.ErrorHandler
08:38:25.499 [main] INFO org.evosuite.runtime.instrumentation.EvoClassLoader - Instrumenting class 'org.springframework.util.ErrorHandler'.
08:38:25.503 [main] INFO org.evosuite.runtime.instrumentation.EvoClassLoader - Keeping class: org.springframework.util.ErrorHandler
08:38:25.503 [main] INFO org.evosuite.runtime.instrumentation.EvoClassLoader - Seeing class for first time: org.springframework.aop.framework.AopProxyUtils
08:38:25.503 [main] INFO org.evosuite.runtime.instrumentation.EvoClassLoader - Instrumenting class 'org.springframework.aop.framework.AopProxyUtils'.
08:38:25.503 [main] INFO org.evosuite.runtime.instrumentation.MethodCallReplacementClassAdapter - Adding mock interface to class org/springframework/aop/framework/AopProxyUtils
08:38:25.507 [main] INFO org.evosuite.runtime.instrumentation.CreateClassResetClassAdapter - Creating brand-new static initializer in class org/springframework/aop/framework/AopProxyUtils
08:38:25.507 [main] INFO org.evosuite.runtime.instrumentation.EvoClassLoader - Defined package (3): package org.springframework.aop.framework, -192423189
08:38:25.507 [main] INFO org.evosuite.runtime.instrumentation.EvoClassLoader - Keeping class: org.springframework.aop.framework.AopProxyUtils
08:38:25.507 [main] INFO org.evosuite.runtime.instrumentation.EvoClassLoader - Seeing class for first time: org.springframework.asm.Opcodes
08:38:25.507 [main] INFO org.evosuite.runtime.instrumentation.EvoClassLoader - Instrumenting class 'org.springframework.asm.Opcodes'.
08:38:25.511 [main] INFO org.evosuite.runtime.instrumentation.EvoClassLoader - Keeping class: org.springframework.asm.Opcodes
08:38:25.511 [main] INFO org.evosuite.runtime.instrumentation.EvoClassLoader - Seeing class for first time: org.springframework.core.io.support.SpringFactoriesLoader
08:38:25.511 [main] INFO org.evosuite.runtime.instrumentation.EvoClassLoader - Instrumenting class 'org.springframework.core.io.support.SpringFactoriesLoader'.
08:38:25.511 [main] INFO org.evosuite.runtime.instrumentation.MethodCallReplacementClassAdapter - Adding mock interface to class org/springframework/core/io/support/SpringFactoriesLoader
08:38:25.519 [main] INFO org.evosuite.runtime.instrumentation.CreateClassResetClassAdapter - Found static initializer in class org/springframework/core/io/support/SpringFactoriesLoader
08:38:25.519 [main] INFO org.evosuite.runtime.instrumentation.EvoClassLoader - Keeping class: org.springframework.core.io.support.SpringFactoriesLoader
08:38:25.523 [main] INFO org.evosuite.runtime.instrumentation.EvoClassLoader - Seeing class for first time: org.springframework.format.datetime.standard.MonthFormatter
08:38:25.523 [main] INFO org.evosuite.runtime.instrumentation.EvoClassLoader - Instrumenting class 'org.springframework.format.datetime.standard.MonthFormatter'.
08:38:25.523 [main] INFO org.evosuite.runtime.instrumentation.MethodCallReplacementClassAdapter - Adding mock interface to class org/springframework/format/datetime/standard/MonthFormatter
08:38:25.523 [main] INFO org.evosuite.runtime.instrumentation.CreateClassResetClassAdapter - Creating brand-new static initializer in class org/springframework/format/datetime/standard/MonthFormatter
08:38:25.523 [main] INFO org.evosuite.runtime.instrumentation.EvoClassLoader - Keeping class: org.springframework.format.datetime.standard.MonthFormatter
08:38:25.523 [main] INFO org.evosuite.runtime.instrumentation.EvoClassLoader - Seeing class for first time: org.springframework.boot.web.context.WebServerInitializedEvent
08:38:25.523 [main] INFO org.evosuite.runtime.instrumentation.EvoClassLoader - Instrumenting class 'org.springframework.boot.web.context.WebServerInitializedEvent'.
08:38:25.527 [main] INFO org.evosuite.runtime.instrumentation.MethodCallReplacementClassAdapter - Adding mock interface to class org/springframework/boot/web/context/WebServerInitializedEvent
08:38:25.527 [main] INFO org.evosuite.runtime.instrumentation.CreateClassResetClassAdapter - Creating brand-new static initializer in class org/springframework/boot/web/context/WebServerInitializedEvent
08:38:25.527 [main] INFO org.evosuite.runtime.instrumentation.EvoClassLoader - Keeping class: org.springframework.boot.web.context.WebServerInitializedEvent
08:38:25.527 [main] INFO org.evosuite.runtime.instrumentation.EvoClassLoader - Seeing class for first time: org.springframework.boot.context.event.ApplicationContextInitializedEvent
08:38:25.527 [main] INFO org.evosuite.runtime.instrumentation.EvoClassLoader - Instrumenting class 'org.springframework.boot.context.event.ApplicationContextInitializedEvent'.
08:38:25.527 [main] INFO org.evosuite.runtime.instrumentation.MethodCallReplacementClassAdapter - Adding mock interface to class org/springframework/boot/context/event/ApplicationContextInitializedEvent
08:38:25.531 [main] INFO org.evosuite.runtime.instrumentation.CreateClassResetClassAdapter - Creating brand-new static initializer in class org/springframework/boot/context/event/ApplicationContextInitializedEvent
08:38:25.531 [main] INFO org.evosuite.runtime.instrumentation.EvoClassLoader - Keeping class: org.springframework.boot.context.event.ApplicationContextInitializedEvent
08:38:25.531 [main] INFO org.evosuite.runtime.instrumentation.EvoClassLoader - Seeing class for first time: org.springframework.boot.context.properties.bind.AggregateElementBinder
08:38:25.531 [main] INFO org.evosuite.runtime.instrumentation.EvoClassLoader - Instrumenting class 'org.springframework.boot.context.properties.bind.AggregateElementBinder'.
08:38:25.531 [main] INFO org.evosuite.runtime.instrumentation.EvoClassLoader - Keeping class: org.springframework.boot.context.properties.bind.AggregateElementBinder
08:38:25.531 [main] INFO org.evosuite.runtime.instrumentation.EvoClassLoader - Seeing class for first time: org.springframework.boot.autoconfigure.AutoConfigurationImportSelector
08:38:25.531 [main] INFO org.evosuite.runtime.instrumentation.EvoClassLoader - Instrumenting class 'org.springframework.boot.autoconfigure.AutoConfigurationImportSelector'.
08:38:25.535 [main] INFO org.evosuite.runtime.instrumentation.MethodCallReplacementClassAdapter - Adding mock interface to class org/springframework/boot/autoconfigure/AutoConfigurationImportSelector
08:38:25.539 [main] INFO org.evosuite.runtime.instrumentation.CreateClassResetClassAdapter - Found static initializer in class org/springframework/boot/autoconfigure/AutoConfigurationImportSelector
08:38:25.539 [main] INFO org.evosuite.runtime.instrumentation.EvoClassLoader - Keeping class: org.springframework.boot.autoconfigure.AutoConfigurationImportSelector
08:38:25.539 [main] INFO org.evosuite.runtime.instrumentation.EvoClassLoader - Seeing class for first time: org.springframework.boot.context.properties.source.SpringConfigurationPropertySource
08:38:25.539 [main] INFO org.evosuite.runtime.instrumentation.EvoClassLoader - Instrumenting class 'org.springframework.boot.context.properties.source.SpringConfigurationPropertySource'.
08:38:25.543 [main] INFO org.evosuite.runtime.instrumentation.MethodCallReplacementClassAdapter - Adding mock interface to class org/springframework/boot/context/properties/source/SpringConfigurationPropertySource
08:38:25.547 [main] INFO org.evosuite.runtime.instrumentation.CreateClassResetClassAdapter - Found static initializer in class org/springframework/boot/context/properties/source/SpringConfigurationPropertySource
08:38:25.551 [main] INFO org.evosuite.runtime.instrumentation.EvoClassLoader - Keeping class: org.springframework.boot.context.properties.source.SpringConfigurationPropertySource
08:38:25.551 [main] INFO org.evosuite.runtime.instrumentation.EvoClassLoader - Seeing class for first time: org.springframework.boot.context.properties.source.SpringIterableConfigurationPropertySource
08:38:25.551 [main] INFO org.evosuite.runtime.instrumentation.EvoClassLoader - Instrumenting class 'org.springframework.boot.context.properties.source.SpringIterableConfigurationPropertySource'.
08:38:25.551 [main] INFO org.evosuite.runtime.instrumentation.MethodCallReplacementClassAdapter - Adding mock interface to class org/springframework/boot/context/properties/source/SpringIterableConfigurationPropertySource
08:38:25.555 [main] INFO org.evosuite.runtime.instrumentation.CreateClassResetClassAdapter - Creating brand-new static initializer in class org/springframework/boot/context/properties/source/SpringIterableConfigurationPropertySource
08:38:25.555 [main] INFO org.evosuite.runtime.instrumentation.EvoClassLoader - Keeping class: org.springframework.boot.context.properties.source.SpringIterableConfigurationPropertySource
08:38:25.555 [main] INFO org.evosuite.runtime.instrumentation.EvoClassLoader - Seeing class for first time: org.springframework.boot.context.properties.source.ConfigurationPropertyName
08:38:25.555 [main] INFO org.evosuite.runtime.instrumentation.EvoClassLoader - Instrumenting class 'org.springframework.boot.context.properties.source.ConfigurationPropertyName'.
08:38:25.555 [main] INFO org.evosuite.runtime.instrumentation.MethodCallReplacementClassAdapter - Adding mock interface to class org/springframework/boot/context/properties/source/ConfigurationPropertyName
08:38:25.559 [main] INFO org.evosuite.runtime.instrumentation.CreateClassResetClassAdapter - Found static initializer in class org/springframework/boot/context/properties/source/ConfigurationPropertyName
08:38:25.559 [main] INFO org.evosuite.runtime.instrumentation.EvoClassLoader - Keeping class: org.springframework.boot.context.properties.source.ConfigurationPropertyName
08:38:25.559 [main] INFO org.evosuite.runtime.instrumentation.EvoClassLoader - Seeing class for first time: org.springframework.boot.context.properties.source.InvalidConfigurationPropertyNameException
08:38:25.563 [main] INFO org.evosuite.runtime.instrumentation.EvoClassLoader - Instrumenting class 'org.springframework.boot.context.properties.source.InvalidConfigurationPropertyNameException'.
08:38:25.563 [main] INFO org.evosuite.runtime.instrumentation.MethodCallReplacementClassAdapter - Adding mock interface to class org/springframework/boot/context/properties/source/InvalidConfigurationPropertyNameException
08:38:25.563 [main] INFO org.evosuite.runtime.instrumentation.CreateClassResetClassAdapter - Creating brand-new static initializer in class org/springframework/boot/context/properties/source/InvalidConfigurationPropertyNameException
08:38:25.563 [main] INFO org.evosuite.runtime.instrumentation.EvoClassLoader - Keeping class: org.springframework.boot.context.properties.source.InvalidConfigurationPropertyNameException
08:38:25.563 [main] INFO org.evosuite.runtime.instrumentation.EvoClassLoader - Seeing class for first time: org.springframework.boot.context.properties.source.ConfigurationPropertyName$ElementsParser
08:38:25.563 [main] INFO org.evosuite.runtime.instrumentation.EvoClassLoader - Instrumenting class 'org.springframework.boot.context.properties.source.ConfigurationPropertyName$ElementsParser'.
08:38:25.567 [main] INFO org.evosuite.runtime.instrumentation.MethodCallReplacementClassAdapter - Adding mock interface to class org/springframework/boot/context/properties/source/ConfigurationPropertyName$ElementsParser
08:38:25.567 [main] INFO org.evosuite.runtime.instrumentation.CreateClassResetClassAdapter - Creating brand-new static initializer in class org/springframework/boot/context/properties/source/ConfigurationPropertyName$ElementsParser
08:38:25.567 [main] INFO org.evosuite.runtime.instrumentation.CreateClassResetClassAdapter - Adding bytecode for initializing field DEFAULT_CAPACITY
08:38:25.567 [main] INFO org.evosuite.runtime.instrumentation.EvoClassLoader - Keeping class: org.springframework.boot.context.properties.source.ConfigurationPropertyName$ElementsParser
08:38:25.567 [main] INFO org.evosuite.runtime.instrumentation.EvoClassLoader - Seeing class for first time: org.springframework.core.PrioritizedParameterNameDiscoverer
08:38:25.567 [main] INFO org.evosuite.runtime.instrumentation.EvoClassLoader - Instrumenting class 'org.springframework.core.PrioritizedParameterNameDiscoverer'.
08:38:25.571 [main] INFO org.evosuite.runtime.instrumentation.MethodCallReplacementClassAdapter - Adding mock interface to class org/springframework/core/PrioritizedParameterNameDiscoverer
08:38:25.571 [main] INFO org.evosuite.runtime.instrumentation.CreateClassResetClassAdapter - Creating brand-new static initializer in class org/springframework/core/PrioritizedParameterNameDiscoverer
08:38:25.571 [main] INFO org.evosuite.runtime.instrumentation.EvoClassLoader - Keeping class: org.springframework.core.PrioritizedParameterNameDiscoverer
08:38:25.571 [main] INFO org.evosuite.runtime.instrumentation.EvoClassLoader - Seeing class for first time: org.springframework.beans.CachedIntrospectionResults
08:38:25.571 [main] INFO org.evosuite.runtime.instrumentation.EvoClassLoader - Instrumenting class 'org.springframework.beans.CachedIntrospectionResults'.
08:38:25.571 [main] INFO org.evosuite.runtime.instrumentation.MethodCallReplacementClassAdapter - Adding mock interface to class org/springframework/beans/CachedIntrospectionResults
08:38:25.571 [main] INFO org.evosuite.runtime.instrumentation.CreateClassResetClassAdapter - Found static initializer in class org/springframework/beans/CachedIntrospectionResults
08:38:25.575 [main] INFO org.evosuite.runtime.instrumentation.EvoClassLoader - Keeping class: org.springframework.beans.CachedIntrospectionResults
08:38:25.575 [main] INFO org.evosuite.runtime.instrumentation.EvoClassLoader - Seeing class for first time: org.springframework.beans.GenericTypeAwarePropertyDescriptor
08:38:25.575 [main] INFO org.evosuite.runtime.instrumentation.EvoClassLoader - Instrumenting class 'org.springframework.beans.GenericTypeAwarePropertyDescriptor'.
08:38:25.575 [main] INFO org.evosuite.runtime.instrumentation.MethodCallReplacementClassAdapter - Adding mock interface to class org/springframework/beans/GenericTypeAwarePropertyDescriptor
08:38:25.575 [main] INFO org.evosuite.runtime.instrumentation.CreateClassResetClassAdapter - Creating brand-new static initializer in class org/springframework/beans/GenericTypeAwarePropertyDescriptor
08:38:25.575 [main] INFO org.evosuite.runtime.instrumentation.EvoClassLoader - Keeping class: org.springframework.beans.GenericTypeAwarePropertyDescriptor
08:38:25.575 [main] INFO org.evosuite.runtime.instrumentation.EvoClassLoader - Seeing class for first time: org.springframework.beans.BeanInfoFactory
08:38:25.575 [main] INFO org.evosuite.runtime.instrumentation.EvoClassLoader - Instrumenting class 'org.springframework.beans.BeanInfoFactory'.
08:38:25.579 [main] INFO org.evosuite.runtime.instrumentation.EvoClassLoader - Keeping class: org.springframework.beans.BeanInfoFactory
08:38:25.579 [main] INFO org.evosuite.runtime.instrumentation.EvoClassLoader - Seeing class for first time: org.springframework.util.LinkedMultiValueMap
08:38:25.579 [main] INFO org.evosuite.runtime.instrumentation.EvoClassLoader - Instrumenting class 'org.springframework.util.LinkedMultiValueMap'.
08:38:25.579 [main] INFO org.evosuite.runtime.instrumentation.MethodCallReplacementClassAdapter - Adding mock interface to class org/springframework/util/LinkedMultiValueMap
08:38:25.579 [main] INFO org.evosuite.runtime.instrumentation.CreateClassResetClassAdapter - Creating brand-new static initializer in class org/springframework/util/LinkedMultiValueMap
08:38:25.579 [main] INFO org.evosuite.runtime.instrumentation.EvoClassLoader - Keeping class: org.springframework.util.LinkedMultiValueMap
08:38:25.583 [main] INFO org.evosuite.runtime.instrumentation.EvoClassLoader - Seeing class for first time: org.springframework.util.ResourceUtils
08:38:25.583 [main] INFO org.evosuite.runtime.instrumentation.EvoClassLoader - Instrumenting class 'org.springframework.util.ResourceUtils'.
08:38:25.587 [main] INFO org.evosuite.runtime.instrumentation.MethodCallReplacementClassAdapter - Adding mock interface to class org/springframework/util/ResourceUtils
08:38:25.587 [main] INFO org.evosuite.runtime.instrumentation.CreateClassResetClassAdapter - Creating brand-new static initializer in class org/springframework/util/ResourceUtils
08:38:25.587 [main] INFO org.evosuite.runtime.instrumentation.CreateClassResetClassAdapter - Adding bytecode for initializing field CLASSPATH_URL_PREFIX
08:38:25.587 [main] INFO org.evosuite.runtime.instrumentation.CreateClassResetClassAdapter - Adding bytecode for initializing field FILE_URL_PREFIX
08:38:25.587 [main] INFO org.evosuite.runtime.instrumentation.CreateClassResetClassAdapter - Adding bytecode for initializing field JAR_URL_PREFIX
08:38:25.587 [main] INFO org.evosuite.runtime.instrumentation.CreateClassResetClassAdapter - Adding bytecode for initializing field WAR_URL_PREFIX
08:38:25.587 [main] INFO org.evosuite.runtime.instrumentation.CreateClassResetClassAdapter - Adding bytecode for initializing field URL_PROTOCOL_FILE
08:38:25.587 [main] INFO org.evosuite.runtime.instrumentation.CreateClassResetClassAdapter - Adding bytecode for initializing field URL_PROTOCOL_JAR
08:38:25.587 [main] INFO org.evosuite.runtime.instrumentation.CreateClassResetClassAdapter - Adding bytecode for initializing field URL_PROTOCOL_WAR
08:38:25.587 [main] INFO org.evosuite.runtime.instrumentation.CreateClassResetClassAdapter - Adding bytecode for initializing field URL_PROTOCOL_ZIP
08:38:25.587 [main] INFO org.evosuite.runtime.instrumentation.CreateClassResetClassAdapter - Adding bytecode for initializing field URL_PROTOCOL_WSJAR
08:38:25.587 [main] INFO org.evosuite.runtime.instrumentation.CreateClassResetClassAdapter - Adding bytecode for initializing field URL_PROTOCOL_VFSZIP
08:38:25.587 [main] INFO org.evosuite.runtime.instrumentation.CreateClassResetClassAdapter - Adding bytecode for initializing field URL_PROTOCOL_VFSFILE
08:38:25.587 [main] INFO org.evosuite.runtime.instrumentation.CreateClassResetClassAdapter - Adding bytecode for initializing field URL_PROTOCOL_VFS
08:38:25.587 [main] INFO org.evosuite.runtime.instrumentation.CreateClassResetClassAdapter - Adding bytecode for initializing field JAR_FILE_EXTENSION
08:38:25.587 [main] INFO org.evosuite.runtime.instrumentation.CreateClassResetClassAdapter - Adding bytecode for initializing field JAR_URL_SEPARATOR
08:38:25.587 [main] INFO org.evosuite.runtime.instrumentation.CreateClassResetClassAdapter - Adding bytecode for initializing field WAR_URL_SEPARATOR
08:38:25.587 [main] INFO org.evosuite.runtime.instrumentation.EvoClassLoader - Keeping class: org.springframework.util.ResourceUtils
08:38:25.603 [main] INFO org.evosuite.runtime.instrumentation.EvoClassLoader - Seeing class for first time: org.springframework.beans.ExtendedBeanInfoFactory
08:38:25.603 [main] INFO org.evosuite.runtime.instrumentation.EvoClassLoader - Instrumenting class 'org.springframework.beans.ExtendedBeanInfoFactory'.
08:38:25.607 [main] INFO org.evosuite.runtime.instrumentation.MethodCallReplacementClassAdapter - Adding mock interface to class org/springframework/beans/ExtendedBeanInfoFactory
08:38:25.607 [main] INFO org.evosuite.runtime.instrumentation.CreateClassResetClassAdapter - Creating brand-new static initializer in class org/springframework/beans/ExtendedBeanInfoFactory
08:38:25.607 [main] INFO org.evosuite.runtime.instrumentation.EvoClassLoader - Keeping class: org.springframework.beans.ExtendedBeanInfoFactory
08:38:25.607 [main] INFO org.evosuite.runtime.instrumentation.EvoClassLoader - Seeing class for first time: org.springframework.core.annotation.AnnotationAwareOrderComparator
08:38:25.607 [main] INFO org.evosuite.runtime.instrumentation.EvoClassLoader - Instrumenting class 'org.springframework.core.annotation.AnnotationAwareOrderComparator'.
08:38:25.611 [main] INFO org.evosuite.runtime.instrumentation.MethodCallReplacementClassAdapter - Adding mock interface to class org/springframework/core/annotation/AnnotationAwareOrderComparator
08:38:25.611 [main] INFO org.evosuite.runtime.instrumentation.CreateClassResetClassAdapter - Found static initializer in class org/springframework/core/annotation/AnnotationAwareOrderComparator
08:38:25.611 [main] INFO org.evosuite.runtime.instrumentation.EvoClassLoader - Seeing class for first time: org.springframework.core.OrderComparator
08:38:25.611 [main] INFO org.evosuite.runtime.instrumentation.EvoClassLoader - Instrumenting class 'org.springframework.core.OrderComparator'.
08:38:25.615 [main] INFO org.evosuite.runtime.instrumentation.MethodCallReplacementClassAdapter - Adding mock interface to class org/springframework/core/OrderComparator
08:38:25.615 [main] INFO org.evosuite.runtime.instrumentation.CreateClassResetClassAdapter - Found static initializer in class org/springframework/core/OrderComparator
08:38:25.615 [main] INFO org.evosuite.runtime.instrumentation.EvoClassLoader - Keeping class: org.springframework.core.OrderComparator
08:38:25.615 [main] INFO org.evosuite.runtime.instrumentation.EvoClassLoader - Keeping class: org.springframework.core.annotation.AnnotationAwareOrderComparator
08:38:25.619 [main] INFO org.evosuite.runtime.instrumentation.EvoClassLoader - Seeing class for first time: org.springframework.beans.propertyeditors.ClassArrayEditor
08:38:25.619 [main] INFO org.evosuite.runtime.instrumentation.EvoClassLoader - Instrumenting class 'org.springframework.beans.propertyeditors.ClassArrayEditor'.
08:38:25.619 [main] INFO org.evosuite.runtime.instrumentation.MethodCallReplacementClassAdapter - Adding mock interface to class org/springframework/beans/propertyeditors/ClassArrayEditor
08:38:25.619 [main] INFO org.evosuite.runtime.instrumentation.CreateClassResetClassAdapter - Creating brand-new static initializer in class org/springframework/beans/propertyeditors/ClassArrayEditor
08:38:25.623 [main] INFO org.evosuite.runtime.instrumentation.EvoClassLoader - Keeping class: org.springframework.beans.propertyeditors.ClassArrayEditor
08:38:25.623 [main] INFO org.evosuite.runtime.instrumentation.EvoClassLoader - Seeing class for first time: org.springframework.core.convert.support.ObjectToArrayConverter
08:38:25.623 [main] INFO org.evosuite.runtime.instrumentation.EvoClassLoader - Instrumenting class 'org.springframework.core.convert.support.ObjectToArrayConverter'.
08:38:25.623 [main] INFO org.evosuite.runtime.instrumentation.MethodCallReplacementClassAdapter - Adding mock interface to class org/springframework/core/convert/support/ObjectToArrayConverter
08:38:25.623 [main] INFO org.evosuite.runtime.instrumentation.CreateClassResetClassAdapter - Creating brand-new static initializer in class org/springframework/core/convert/support/ObjectToArrayConverter
08:38:25.623 [main] INFO org.evosuite.runtime.instrumentation.EvoClassLoader - Keeping class: org.springframework.core.convert.support.ObjectToArrayConverter
08:38:25.623 [main] INFO org.evosuite.runtime.instrumentation.EvoClassLoader - Seeing class for first time: org.springframework.boot.context.properties.source.ConfigurationPropertyState
08:38:25.623 [main] INFO org.evosuite.runtime.instrumentation.EvoClassLoader - Instrumenting class 'org.springframework.boot.context.properties.source.ConfigurationPropertyState'.
08:38:25.627 [main] INFO org.evosuite.runtime.instrumentation.MethodCallReplacementClassAdapter - Adding mock interface to class org/springframework/boot/context/properties/source/ConfigurationPropertyState
08:38:25.627 [main] INFO org.evosuite.runtime.instrumentation.CreateClassResetClassAdapter - Found static initializer in class org/springframework/boot/context/properties/source/ConfigurationPropertyState
08:38:25.627 [main] INFO org.evosuite.runtime.instrumentation.EvoClassLoader - Keeping class: org.springframework.boot.context.properties.source.ConfigurationPropertyState
08:38:25.627 [main] INFO org.evosuite.runtime.instrumentation.EvoClassLoader - Seeing class for first time: org.springframework.boot.ansi.AnsiOutput$Enabled
08:38:25.627 [main] INFO org.evosuite.runtime.instrumentation.EvoClassLoader - Instrumenting class 'org.springframework.boot.ansi.AnsiOutput$Enabled'.
08:38:25.631 [main] INFO org.evosuite.runtime.instrumentation.MethodCallReplacementClassAdapter - Adding mock interface to class org/springframework/boot/ansi/AnsiOutput$Enabled
08:38:25.631 [main] INFO org.evosuite.runtime.instrumentation.CreateClassResetClassAdapter - Found static initializer in class org/springframework/boot/ansi/AnsiOutput$Enabled
08:38:25.631 [main] INFO org.evosuite.runtime.instrumentation.EvoClassLoader - Keeping class: org.springframework.boot.ansi.AnsiOutput$Enabled
08:38:25.631 [main] INFO org.evosuite.runtime.instrumentation.EvoClassLoader - Seeing class for first time: org.springframework.context.expression.BeanExpressionContextAccessor
08:38:25.631 [main] INFO org.evosuite.runtime.instrumentation.EvoClassLoader - Instrumenting class 'org.springframework.context.expression.BeanExpressionContextAccessor'.
08:38:25.635 [main] INFO org.evosuite.runtime.instrumentation.MethodCallReplacementClassAdapter - Adding mock interface to class org/springframework/context/expression/BeanExpressionContextAccessor
08:38:25.635 [main] INFO org.evosuite.runtime.instrumentation.CreateClassResetClassAdapter - Creating brand-new static initializer in class org/springframework/context/expression/BeanExpressionContextAccessor
08:38:25.635 [main] INFO org.evosuite.runtime.instrumentation.EvoClassLoader - Keeping class: org.springframework.context.expression.BeanExpressionContextAccessor
08:38:25.635 [main] INFO org.evosuite.runtime.instrumentation.EvoClassLoader - Seeing class for first time: org.springframework.boot.logging.LoggingSystemProperties
08:38:25.635 [main] INFO org.evosuite.runtime.instrumentation.EvoClassLoader - Instrumenting class 'org.springframework.boot.logging.LoggingSystemProperties'.
08:38:25.639 [main] INFO org.evosuite.runtime.instrumentation.MethodCallReplacementClassAdapter - Adding mock interface to class org/springframework/boot/logging/LoggingSystemProperties
08:38:25.639 [main] INFO org.evosuite.runtime.instrumentation.CreateClassResetClassAdapter - Creating brand-new static initializer in class org/springframework/boot/logging/LoggingSystemProperties
08:38:25.639 [main] INFO org.evosuite.runtime.instrumentation.CreateClassResetClassAdapter - Adding bytecode for initializing field PID_KEY
08:38:25.639 [main] INFO org.evosuite.runtime.instrumentation.CreateClassResetClassAdapter - Adding bytecode for initializing field EXCEPTION_CONVERSION_WORD
08:38:25.639 [main] INFO org.evosuite.runtime.instrumentation.CreateClassResetClassAdapter - Adding bytecode for initializing field LOG_FILE
08:38:25.639 [main] INFO org.evosuite.runtime.instrumentation.CreateClassResetClassAdapter - Adding bytecode for initializing field LOG_PATH
08:38:25.639 [main] INFO org.evosuite.runtime.instrumentation.CreateClassResetClassAdapter - Adding bytecode for initializing field CONSOLE_LOG_PATTERN
08:38:25.639 [main] INFO org.evosuite.runtime.instrumentation.CreateClassResetClassAdapter - Adding bytecode for initializing field FILE_LOG_PATTERN
08:38:25.639 [main] INFO org.evosuite.runtime.instrumentation.CreateClassResetClassAdapter - Adding bytecode for initializing field FILE_MAX_HISTORY
08:38:25.639 [main] INFO org.evosuite.runtime.instrumentation.CreateClassResetClassAdapter - Adding bytecode for initializing field FILE_MAX_SIZE
08:38:25.639 [main] INFO org.evosuite.runtime.instrumentation.CreateClassResetClassAdapter - Adding bytecode for initializing field LOG_LEVEL_PATTERN
08:38:25.639 [main] INFO org.evosuite.runtime.instrumentation.CreateClassResetClassAdapter - Adding bytecode for initializing field LOG_DATEFORMAT_PATTERN
08:38:25.639 [main] INFO org.evosuite.runtime.instrumentation.EvoClassLoader - Keeping class: org.springframework.boot.logging.LoggingSystemProperties
08:38:25.639 [main] INFO org.evosuite.runtime.instrumentation.EvoClassLoader - Seeing class for first time: org.springframework.expression.spel.support.StandardTypeComparator
08:38:25.639 [main] INFO org.evosuite.runtime.instrumentation.EvoClassLoader - Instrumenting class 'org.springframework.expression.spel.support.StandardTypeComparator'.
08:38:25.643 [main] INFO org.evosuite.runtime.instrumentation.MethodCallReplacementClassAdapter - Adding mock interface to class org/springframework/expression/spel/support/StandardTypeComparator
08:38:25.643 [main] INFO org.evosuite.runtime.instrumentation.CreateClassResetClassAdapter - Creating brand-new static initializer in class org/springframework/expression/spel/support/StandardTypeComparator
08:38:25.643 [main] INFO org.evosuite.runtime.instrumentation.EvoClassLoader - Defined package (3): package org.springframework.expression.spel.support, 1231261140
08:38:25.643 [main] INFO org.evosuite.runtime.instrumentation.EvoClassLoader - Seeing class for first time: org.springframework.expression.TypeComparator
08:38:25.643 [main] INFO org.evosuite.runtime.instrumentation.EvoClassLoader - Instrumenting class 'org.springframework.expression.TypeComparator'.
08:38:25.647 [main] INFO org.evosuite.runtime.instrumentation.EvoClassLoader - Keeping class: org.springframework.expression.TypeComparator
08:38:25.647 [main] INFO org.evosuite.runtime.instrumentation.EvoClassLoader - Keeping class: org.springframework.expression.spel.support.StandardTypeComparator
08:38:25.647 [main] INFO org.evosuite.runtime.instrumentation.EvoClassLoader - Seeing class for first time: org.springframework.context.annotation.ConfigurationClassParser$ImportStack
08:38:25.647 [main] INFO org.evosuite.runtime.instrumentation.EvoClassLoader - Instrumenting class 'org.springframework.context.annotation.ConfigurationClassParser$ImportStack'.
08:38:25.651 [main] INFO org.evosuite.runtime.instrumentation.MethodCallReplacementClassAdapter - Adding mock interface to class org/springframework/context/annotation/ConfigurationClassParser$ImportStack
08:38:25.651 [main] INFO org.evosuite.runtime.instrumentation.CreateClassResetClassAdapter - Creating brand-new static initializer in class org/springframework/context/annotation/ConfigurationClassParser$ImportStack
08:38:25.651 [main] INFO org.evosuite.runtime.instrumentation.EvoClassLoader - Seeing class for first time: org.springframework.context.annotation.ImportRegistry
08:38:25.651 [main] INFO org.evosuite.runtime.instrumentation.EvoClassLoader - Instrumenting class 'org.springframework.context.annotation.ImportRegistry'.
08:38:25.651 [main] INFO org.evosuite.runtime.instrumentation.EvoClassLoader - Keeping class: org.springframework.context.annotation.ImportRegistry
08:38:25.651 [main] INFO org.evosuite.runtime.instrumentation.EvoClassLoader - Keeping class: org.springframework.context.annotation.ConfigurationClassParser$ImportStack
08:38:25.651 [main] INFO org.evosuite.runtime.instrumentation.EvoClassLoader - Seeing class for first time: org.springframework.context.event.GenericApplicationListenerAdapter
08:38:25.651 [main] INFO org.evosuite.runtime.instrumentation.EvoClassLoader - Instrumenting class 'org.springframework.context.event.GenericApplicationListenerAdapter'.
08:38:25.655 [main] INFO org.evosuite.runtime.instrumentation.MethodCallReplacementClassAdapter - Adding mock interface to class org/springframework/context/event/GenericApplicationListenerAdapter
08:38:25.655 [main] INFO org.evosuite.runtime.instrumentation.CreateClassResetClassAdapter - Found static initializer in class org/springframework/context/event/GenericApplicationListenerAdapter
08:38:25.655 [main] INFO org.evosuite.runtime.instrumentation.EvoClassLoader - Seeing class for first time: org.springframework.context.event.SmartApplicationListener
08:38:25.655 [main] INFO org.evosuite.runtime.instrumentation.EvoClassLoader - Instrumenting class 'org.springframework.context.event.SmartApplicationListener'.
08:38:25.659 [main] INFO org.evosuite.runtime.instrumentation.EvoClassLoader - Keeping class: org.springframework.context.event.SmartApplicationListener
08:38:25.659 [main] INFO org.evosuite.runtime.instrumentation.EvoClassLoader - Keeping class: org.springframework.context.event.GenericApplicationListenerAdapter
08:38:25.659 [main] INFO org.evosuite.runtime.instrumentation.EvoClassLoader - Seeing class for first time: org.springframework.jndi.JndiLocatorDelegate
08:38:25.659 [main] INFO org.evosuite.runtime.instrumentation.EvoClassLoader - Instrumenting class 'org.springframework.jndi.JndiLocatorDelegate'.
08:38:25.659 [main] INFO org.evosuite.runtime.instrumentation.MethodCallReplacementClassAdapter - Adding mock interface to class org/springframework/jndi/JndiLocatorDelegate
08:38:25.663 [main] INFO org.evosuite.runtime.instrumentation.CreateClassResetClassAdapter - Found static initializer in class org/springframework/jndi/JndiLocatorDelegate
08:38:25.663 [main] INFO org.evosuite.runtime.instrumentation.EvoClassLoader - Seeing class for first time: org.springframework.jndi.JndiLocatorSupport
08:38:25.663 [main] INFO org.evosuite.runtime.instrumentation.EvoClassLoader - Instrumenting class 'org.springframework.jndi.JndiLocatorSupport'.
08:38:25.663 [main] INFO org.evosuite.runtime.instrumentation.MethodCallReplacementClassAdapter - Adding mock interface to class org/springframework/jndi/JndiLocatorSupport
08:38:25.663 [main] INFO org.evosuite.runtime.instrumentation.CreateClassResetClassAdapter - Creating brand-new static initializer in class org/springframework/jndi/JndiLocatorSupport
08:38:25.663 [main] INFO org.evosuite.runtime.instrumentation.CreateClassResetClassAdapter - Adding bytecode for initializing field CONTAINER_PREFIX
08:38:25.663 [main] INFO org.evosuite.runtime.instrumentation.EvoClassLoader - Keeping class: org.springframework.jndi.JndiLocatorSupport
08:38:25.663 [main] INFO org.evosuite.runtime.instrumentation.EvoClassLoader - Keeping class: org.springframework.jndi.JndiLocatorDelegate
08:38:25.667 [main] INFO org.evosuite.runtime.instrumentation.EvoClassLoader - Seeing class for first time: org.springframework.boot.autoconfigure.condition.ConditionEvaluationReport
08:38:25.667 [main] INFO org.evosuite.runtime.instrumentation.EvoClassLoader - Instrumenting class 'org.springframework.boot.autoconfigure.condition.ConditionEvaluationReport'.
08:38:25.667 [main] INFO org.evosuite.runtime.instrumentation.MethodCallReplacementClassAdapter - Adding mock interface to class org/springframework/boot/autoconfigure/condition/ConditionEvaluationReport
08:38:25.667 [main] INFO org.evosuite.runtime.instrumentation.CreateClassResetClassAdapter - Found static initializer in class org/springframework/boot/autoconfigure/condition/ConditionEvaluationReport
08:38:25.671 [main] INFO org.evosuite.runtime.instrumentation.EvoClassLoader - Keeping class: org.springframework.boot.autoconfigure.condition.ConditionEvaluationReport
08:38:25.671 [main] INFO org.evosuite.runtime.instrumentation.EvoClassLoader - Seeing class for first time: org.springframework.core.convert.support.CollectionToCollectionConverter
08:38:25.671 [main] INFO org.evosuite.runtime.instrumentation.EvoClassLoader - Instrumenting class 'org.springframework.core.convert.support.CollectionToCollectionConverter'.
08:38:25.671 [main] INFO org.evosuite.runtime.instrumentation.MethodCallReplacementClassAdapter - Adding mock interface to class org/springframework/core/convert/support/CollectionToCollectionConverter
08:38:25.675 [main] INFO org.evosuite.runtime.instrumentation.CreateClassResetClassAdapter - Creating brand-new static initializer in class org/springframework/core/convert/support/CollectionToCollectionConverter
08:38:25.675 [main] INFO org.evosuite.runtime.instrumentation.EvoClassLoader - Keeping class: org.springframework.core.convert.support.CollectionToCollectionConverter
08:38:25.675 [main] INFO org.evosuite.runtime.instrumentation.EvoClassLoader - Seeing class for first time: org.springframework.context.support.LiveBeansView
08:38:25.675 [main] INFO org.evosuite.runtime.instrumentation.EvoClassLoader - Instrumenting class 'org.springframework.context.support.LiveBeansView'.
08:38:25.675 [main] INFO org.evosuite.runtime.instrumentation.MethodCallReplacementClassAdapter - Adding mock interface to class org/springframework/context/support/LiveBeansView
08:38:25.679 [main] INFO org.evosuite.runtime.instrumentation.CreateClassResetClassAdapter - Found static initializer in class org/springframework/context/support/LiveBeansView
08:38:25.679 [main] INFO org.evosuite.runtime.instrumentation.EvoClassLoader - Keeping class: org.springframework.context.support.LiveBeansView
08:38:25.679 [main] INFO org.evosuite.runtime.instrumentation.EvoClassLoader - Seeing class for first time: org.springframework.context.annotation.PropertySource
08:38:25.679 [main] INFO org.evosuite.runtime.instrumentation.EvoClassLoader - Instrumenting class 'org.springframework.context.annotation.PropertySource'.
08:38:25.683 [main] INFO org.evosuite.runtime.instrumentation.EvoClassLoader - Keeping class: org.springframework.context.annotation.PropertySource
08:38:25.683 [main] INFO org.evosuite.runtime.instrumentation.EvoClassLoader - Seeing class for first time: org.springframework.expression.spel.support.StandardOperatorOverloader
08:38:25.683 [main] INFO org.evosuite.runtime.instrumentation.EvoClassLoader - Instrumenting class 'org.springframework.expression.spel.support.StandardOperatorOverloader'.
08:38:25.687 [main] INFO org.evosuite.runtime.instrumentation.MethodCallReplacementClassAdapter - Adding mock interface to class org/springframework/expression/spel/support/StandardOperatorOverloader
08:38:25.687 [main] INFO org.evosuite.runtime.instrumentation.CreateClassResetClassAdapter - Creating brand-new static initializer in class org/springframework/expression/spel/support/StandardOperatorOverloader
08:38:25.687 [main] INFO org.evosuite.runtime.instrumentation.EvoClassLoader - Seeing class for first time: org.springframework.expression.OperatorOverloader
08:38:25.687 [main] INFO org.evosuite.runtime.instrumentation.EvoClassLoader - Instrumenting class 'org.springframework.expression.OperatorOverloader'.
08:38:25.691 [main] INFO org.evosuite.runtime.instrumentation.EvoClassLoader - Keeping class: org.springframework.expression.OperatorOverloader
08:38:25.691 [main] INFO org.evosuite.runtime.instrumentation.EvoClassLoader - Keeping class: org.springframework.expression.spel.support.StandardOperatorOverloader
08:38:25.691 [main] INFO org.evosuite.runtime.instrumentation.EvoClassLoader - Seeing class for first time: org.springframework.core.convert.support.StringToLocaleConverter
08:38:25.691 [main] INFO org.evosuite.runtime.instrumentation.EvoClassLoader - Instrumenting class 'org.springframework.core.convert.support.StringToLocaleConverter'.
08:38:25.691 [main] INFO org.evosuite.runtime.instrumentation.MethodCallReplacementClassAdapter - Adding mock interface to class org/springframework/core/convert/support/StringToLocaleConverter
08:38:25.691 [main] INFO org.evosuite.runtime.instrumentation.CreateClassResetClassAdapter - Creating brand-new static initializer in class org/springframework/core/convert/support/StringToLocaleConverter
08:38:25.691 [main] INFO org.evosuite.runtime.instrumentation.EvoClassLoader - Keeping class: org.springframework.core.convert.support.StringToLocaleConverter
08:38:25.691 [main] INFO org.evosuite.runtime.instrumentation.EvoClassLoader - Seeing class for first time: org.springframework.context.annotation.ConfigurationClassBeanDefinitionReader
08:38:25.691 [main] INFO org.evosuite.runtime.instrumentation.EvoClassLoader - Instrumenting class 'org.springframework.context.annotation.ConfigurationClassBeanDefinitionReader'.
08:38:25.695 [main] INFO org.evosuite.runtime.instrumentation.MethodCallReplacementClassAdapter - Adding mock interface to class org/springframework/context/annotation/ConfigurationClassBeanDefinitionReader
08:38:25.703 [main] INFO org.evosuite.runtime.instrumentation.CreateClassResetClassAdapter - Found static initializer in class org/springframework/context/annotation/ConfigurationClassBeanDefinitionReader
08:38:25.703 [main] INFO org.evosuite.runtime.instrumentation.EvoClassLoader - Keeping class: org.springframework.context.annotation.ConfigurationClassBeanDefinitionReader
08:38:25.703 [main] INFO org.evosuite.runtime.instrumentation.EvoClassLoader - Seeing class for first time: org.springframework.beans.factory.annotation.AnnotatedBeanDefinition
08:38:25.703 [main] INFO org.evosuite.runtime.instrumentation.EvoClassLoader - Instrumenting class 'org.springframework.beans.factory.annotation.AnnotatedBeanDefinition'.
08:38:25.707 [main] INFO org.evosuite.runtime.instrumentation.EvoClassLoader - Keeping class: org.springframework.beans.factory.annotation.AnnotatedBeanDefinition
08:38:25.707 [main] INFO org.evosuite.runtime.instrumentation.EvoClassLoader - Seeing class for first time: org.springframework.core.type.filter.AbstractTypeHierarchyTraversingFilter
08:38:25.707 [main] INFO org.evosuite.runtime.instrumentation.EvoClassLoader - Instrumenting class 'org.springframework.core.type.filter.AbstractTypeHierarchyTraversingFilter'.
08:38:25.711 [main] INFO org.evosuite.runtime.instrumentation.MethodCallReplacementClassAdapter - Adding mock interface to class org/springframework/core/type/filter/AbstractTypeHierarchyTraversingFilter
08:38:25.711 [main] INFO org.evosuite.runtime.instrumentation.CreateClassResetClassAdapter - Creating brand-new static initializer in class org/springframework/core/type/filter/AbstractTypeHierarchyTraversingFilter
08:38:25.711 [main] INFO org.evosuite.runtime.instrumentation.EvoClassLoader - Keeping class: org.springframework.core.type.filter.AbstractTypeHierarchyTraversingFilter
08:38:25.711 [main] INFO org.evosuite.runtime.instrumentation.EvoClassLoader - Seeing class for first time: org.springframework.format.datetime.DateFormatterRegistrar$DateToCalendarConverter
08:38:25.711 [main] INFO org.evosuite.runtime.instrumentation.EvoClassLoader - Instrumenting class 'org.springframework.format.datetime.DateFormatterRegistrar$DateToCalendarConverter'.
08:38:25.715 [main] INFO org.evosuite.runtime.instrumentation.MethodCallReplacementClassAdapter - Adding mock interface to class org/springframework/format/datetime/DateFormatterRegistrar$DateToCalendarConverter
08:38:25.715 [main] INFO org.evosuite.runtime.instrumentation.CreateClassResetClassAdapter - Creating brand-new static initializer in class org/springframework/format/datetime/DateFormatterRegistrar$DateToCalendarConverter
08:38:25.715 [main] INFO org.evosuite.runtime.instrumentation.EvoClassLoader - Keeping class: org.springframework.format.datetime.DateFormatterRegistrar$DateToCalendarConverter
08:38:25.715 [main] INFO org.evosuite.runtime.instrumentation.EvoClassLoader - Seeing class for first time: org.springframework.boot.ExitCodeGenerators
08:38:25.715 [main] INFO org.evosuite.runtime.instrumentation.EvoClassLoader - Instrumenting class 'org.springframework.boot.ExitCodeGenerators'.
08:38:25.719 [main] INFO org.evosuite.runtime.instrumentation.MethodCallReplacementClassAdapter - Adding mock interface to class org/springframework/boot/ExitCodeGenerators
08:38:25.719 [main] INFO org.evosuite.runtime.instrumentation.CreateClassResetClassAdapter - Creating brand-new static initializer in class org/springframework/boot/ExitCodeGenerators
08:38:25.723 [main] INFO org.evosuite.runtime.instrumentation.EvoClassLoader - Keeping class: org.springframework.boot.ExitCodeGenerators
08:38:25.723 [main] INFO org.evosuite.runtime.instrumentation.EvoClassLoader - Seeing class for first time: org.springframework.core.convert.support.EnumToIntegerConverter
08:38:25.723 [main] INFO org.evosuite.runtime.instrumentation.EvoClassLoader - Instrumenting class 'org.springframework.core.convert.support.EnumToIntegerConverter'.
08:38:25.727 [main] INFO org.evosuite.runtime.instrumentation.MethodCallReplacementClassAdapter - Adding mock interface to class org/springframework/core/convert/support/EnumToIntegerConverter
08:38:25.727 [main] INFO org.evosuite.runtime.instrumentation.CreateClassResetClassAdapter - Creating brand-new static initializer in class org/springframework/core/convert/support/EnumToIntegerConverter
08:38:25.727 [main] INFO org.evosuite.runtime.instrumentation.EvoClassLoader - Keeping class: org.springframework.core.convert.support.EnumToIntegerConverter
08:38:25.727 [main] INFO org.evosuite.runtime.instrumentation.EvoClassLoader - Seeing class for first time: org.springframework.web.context.support.WebApplicationContextUtils
08:38:25.727 [main] INFO org.evosuite.runtime.instrumentation.EvoClassLoader - Instrumenting class 'org.springframework.web.context.support.WebApplicationContextUtils'.
08:38:25.731 [main] INFO org.evosuite.runtime.instrumentation.MethodCallReplacementClassAdapter - Adding mock interface to class org/springframework/web/context/support/WebApplicationContextUtils
08:38:25.731 [main] INFO org.evosuite.runtime.instrumentation.CreateClassResetClassAdapter - Found static initializer in class org/springframework/web/context/support/WebApplicationContextUtils
08:38:25.731 [main] INFO org.evosuite.runtime.instrumentation.EvoClassLoader - Keeping class: org.springframework.web.context.support.WebApplicationContextUtils
08:38:25.731 [main] INFO org.evosuite.runtime.instrumentation.EvoClassLoader - Seeing class for first time: org.springframework.beans.factory.config.Scope
08:38:25.731 [main] INFO org.evosuite.runtime.instrumentation.EvoClassLoader - Instrumenting class 'org.springframework.beans.factory.config.Scope'.
08:38:25.735 [main] INFO org.evosuite.runtime.instrumentation.EvoClassLoader - Keeping class: org.springframework.beans.factory.config.Scope
08:38:25.735 [main] INFO org.evosuite.runtime.instrumentation.EvoClassLoader - Seeing class for first time: org.springframework.web.context.support.ServletConfigPropertySource
08:38:25.735 [main] INFO org.evosuite.runtime.instrumentation.EvoClassLoader - Instrumenting class 'org.springframework.web.context.support.ServletConfigPropertySource'.
08:38:25.739 [main] INFO org.evosuite.runtime.instrumentation.MethodCallReplacementClassAdapter - Adding mock interface to class org/springframework/web/context/support/ServletConfigPropertySource
08:38:25.739 [main] INFO org.evosuite.runtime.instrumentation.CreateClassResetClassAdapter - Creating brand-new static initializer in class org/springframework/web/context/support/ServletConfigPropertySource
08:38:25.739 [main] INFO org.evosuite.runtime.instrumentation.EvoClassLoader - Keeping class: org.springframework.web.context.support.ServletConfigPropertySource
08:38:25.739 [main] INFO org.evosuite.runtime.instrumentation.EvoClassLoader - Seeing class for first time: org.springframework.web.context.request.RequestContextHolder
08:38:25.739 [main] INFO org.evosuite.runtime.instrumentation.EvoClassLoader - Instrumenting class 'org.springframework.web.context.request.RequestContextHolder'.
08:38:25.739 [main] INFO org.evosuite.runtime.instrumentation.MethodCallReplacementClassAdapter - Adding mock interface to class org/springframework/web/context/request/RequestContextHolder
08:38:25.743 [main] INFO org.evosuite.runtime.instrumentation.CreateClassResetClassAdapter - Found static initializer in class org/springframework/web/context/request/RequestContextHolder
08:38:25.743 [main] INFO org.evosuite.runtime.instrumentation.EvoClassLoader - Keeping class: org.springframework.web.context.request.RequestContextHolder
08:38:25.743 [main] INFO org.evosuite.runtime.instrumentation.EvoClassLoader - Seeing class for first time: org.springframework.web.context.support.ServletContextResourcePatternResolver
08:38:25.743 [main] INFO org.evosuite.runtime.instrumentation.EvoClassLoader - Instrumenting class 'org.springframework.web.context.support.ServletContextResourcePatternResolver'.
08:38:25.747 [main] INFO org.evosuite.runtime.instrumentation.MethodCallReplacementClassAdapter - Adding mock interface to class org/springframework/web/context/support/ServletContextResourcePatternResolver
08:38:25.747 [main] INFO org.evosuite.runtime.instrumentation.CreateClassResetClassAdapter - Found static initializer in class org/springframework/web/context/support/ServletContextResourcePatternResolver
08:38:25.747 [main] INFO org.evosuite.runtime.instrumentation.EvoClassLoader - Keeping class: org.springframework.web.context.support.ServletContextResourcePatternResolver
08:38:25.751 [main] INFO org.evosuite.runtime.instrumentation.EvoClassLoader - Seeing class for first time: org.springframework.beans.factory.support.NullBean
08:38:25.751 [main] INFO org.evosuite.runtime.instrumentation.EvoClassLoader - Instrumenting class 'org.springframework.beans.factory.support.NullBean'.
08:38:25.751 [main] INFO org.evosuite.runtime.instrumentation.MethodCallReplacementClassAdapter - Adding mock interface to class org/springframework/beans/factory/support/NullBean
08:38:25.755 [main] INFO org.evosuite.runtime.instrumentation.CreateClassResetClassAdapter - Creating brand-new static initializer in class org/springframework/beans/factory/support/NullBean
08:38:25.755 [main] INFO org.evosuite.runtime.instrumentation.EvoClassLoader - Keeping class: org.springframework.beans.factory.support.NullBean
08:38:25.755 [main] INFO org.evosuite.runtime.instrumentation.EvoClassLoader - Seeing class for first time: org.springframework.boot.convert.InetAddressFormatter
08:38:25.755 [main] INFO org.evosuite.runtime.instrumentation.EvoClassLoader - Instrumenting class 'org.springframework.boot.convert.InetAddressFormatter'.
08:38:25.755 [main] INFO org.evosuite.runtime.instrumentation.MethodCallReplacementClassAdapter - Adding mock interface to class org/springframework/boot/convert/InetAddressFormatter
08:38:25.759 [main] INFO org.evosuite.runtime.instrumentation.CreateClassResetClassAdapter - Creating brand-new static initializer in class org/springframework/boot/convert/InetAddressFormatter
08:38:25.759 [main] INFO org.evosuite.runtime.instrumentation.EvoClassLoader - Keeping class: org.springframework.boot.convert.InetAddressFormatter
08:38:25.759 [main] INFO org.evosuite.runtime.instrumentation.EvoClassLoader - Seeing class for first time: org.springframework.core.CollectionFactory
08:38:25.759 [main] INFO org.evosuite.runtime.instrumentation.EvoClassLoader - Instrumenting class 'org.springframework.core.CollectionFactory'.
08:38:25.763 [main] INFO org.evosuite.runtime.instrumentation.MethodCallReplacementClassAdapter - Adding mock interface to class org/springframework/core/CollectionFactory
08:38:25.767 [main] INFO org.evosuite.runtime.instrumentation.CreateClassResetClassAdapter - Found static initializer in class org/springframework/core/CollectionFactory
08:38:25.767 [main] INFO org.evosuite.runtime.instrumentation.EvoClassLoader - Keeping class: org.springframework.core.CollectionFactory
08:38:25.767 [main] INFO org.evosuite.runtime.instrumentation.EvoClassLoader - Seeing class for first time: org.springframework.core.CollectionFactory$1
08:38:25.767 [main] INFO org.evosuite.runtime.instrumentation.EvoClassLoader - Instrumenting class 'org.springframework.core.CollectionFactory$1'.
08:38:25.771 [main] INFO org.evosuite.runtime.instrumentation.MethodCallReplacementClassAdapter - Adding mock interface to class org/springframework/core/CollectionFactory$1
08:38:25.771 [main] INFO org.evosuite.runtime.instrumentation.EvoClassLoader - Keeping class: org.springframework.core.CollectionFactory$1
08:38:25.771 [main] INFO org.evosuite.runtime.instrumentation.EvoClassLoader - Seeing class for first time: org.springframework.context.expression.EnvironmentAccessor
08:38:25.771 [main] INFO org.evosuite.runtime.instrumentation.EvoClassLoader - Instrumenting class 'org.springframework.context.expression.EnvironmentAccessor'.
08:38:25.775 [main] INFO org.evosuite.runtime.instrumentation.MethodCallReplacementClassAdapter - Adding mock interface to class org/springframework/context/expression/EnvironmentAccessor
08:38:25.775 [main] INFO org.evosuite.runtime.instrumentation.CreateClassResetClassAdapter - Creating brand-new static initializer in class org/springframework/context/expression/EnvironmentAccessor
08:38:25.775 [main] INFO org.evosuite.runtime.instrumentation.EvoClassLoader - Keeping class: org.springframework.context.expression.EnvironmentAccessor
08:38:25.775 [main] INFO org.evosuite.runtime.instrumentation.EvoClassLoader - Seeing class for first time: org.springframework.core.DefaultParameterNameDiscoverer
08:38:25.775 [main] INFO org.evosuite.runtime.instrumentation.EvoClassLoader - Instrumenting class 'org.springframework.core.DefaultParameterNameDiscoverer'.
08:38:25.779 [main] INFO org.evosuite.runtime.instrumentation.MethodCallReplacementClassAdapter - Adding mock interface to class org/springframework/core/DefaultParameterNameDiscoverer
08:38:25.779 [main] INFO org.evosuite.runtime.instrumentation.CreateClassResetClassAdapter - Creating brand-new static initializer in class org/springframework/core/DefaultParameterNameDiscoverer
08:38:25.779 [main] INFO org.evosuite.runtime.instrumentation.EvoClassLoader - Keeping class: org.springframework.core.DefaultParameterNameDiscoverer
08:38:25.779 [main] INFO org.evosuite.runtime.instrumentation.EvoClassLoader - Seeing class for first time: org.springframework.expression.spel.standard.SpelExpressionParser
08:38:25.779 [main] INFO org.evosuite.runtime.instrumentation.EvoClassLoader - Instrumenting class 'org.springframework.expression.spel.standard.SpelExpressionParser'.
08:38:25.779 [main] INFO org.evosuite.runtime.instrumentation.MethodCallReplacementClassAdapter - Adding mock interface to class org/springframework/expression/spel/standard/SpelExpressionParser
08:38:25.779 [main] INFO org.evosuite.runtime.instrumentation.CreateClassResetClassAdapter - Creating brand-new static initializer in class org/springframework/expression/spel/standard/SpelExpressionParser
08:38:25.779 [main] INFO org.evosuite.runtime.instrumentation.EvoClassLoader - Defined package (3): package org.springframework.expression.spel.standard, -1804742312
08:38:25.783 [main] INFO org.evosuite.runtime.instrumentation.EvoClassLoader - Seeing class for first time: org.springframework.expression.common.TemplateAwareExpressionParser
08:38:25.783 [main] INFO org.evosuite.runtime.instrumentation.EvoClassLoader - Instrumenting class 'org.springframework.expression.common.TemplateAwareExpressionParser'.
08:38:25.783 [main] INFO org.evosuite.runtime.instrumentation.MethodCallReplacementClassAdapter - Adding mock interface to class org/springframework/expression/common/TemplateAwareExpressionParser
08:38:25.783 [main] INFO org.evosuite.runtime.instrumentation.CreateClassResetClassAdapter - Creating brand-new static initializer in class org/springframework/expression/common/TemplateAwareExpressionParser
08:38:25.783 [main] INFO org.evosuite.runtime.instrumentation.EvoClassLoader - Defined package (3): package org.springframework.expression.common, -236371110
08:38:25.787 [main] INFO org.evosuite.runtime.instrumentation.EvoClassLoader - Keeping class: org.springframework.expression.common.TemplateAwareExpressionParser
08:38:25.787 [main] INFO org.evosuite.runtime.instrumentation.EvoClassLoader - Keeping class: org.springframework.expression.spel.standard.SpelExpressionParser
08:38:25.787 [main] INFO org.evosuite.runtime.instrumentation.EvoClassLoader - Seeing class for first time: org.springframework.expression.ParseException
08:38:25.787 [main] INFO org.evosuite.runtime.instrumentation.EvoClassLoader - Instrumenting class 'org.springframework.expression.ParseException'.
08:38:25.787 [main] INFO org.evosuite.runtime.instrumentation.MethodCallReplacementClassAdapter - Adding mock interface to class org/springframework/expression/ParseException
08:38:25.787 [main] INFO org.evosuite.runtime.instrumentation.CreateClassResetClassAdapter - Creating brand-new static initializer in class org/springframework/expression/ParseException
08:38:25.787 [main] INFO org.evosuite.runtime.instrumentation.EvoClassLoader - Keeping class: org.springframework.expression.ParseException
08:38:25.787 [main] INFO org.evosuite.runtime.instrumentation.EvoClassLoader - Seeing class for first time: org.springframework.expression.Expression
08:38:25.787 [main] INFO org.evosuite.runtime.instrumentation.EvoClassLoader - Instrumenting class 'org.springframework.expression.Expression'.
08:38:25.791 [main] INFO org.evosuite.runtime.instrumentation.EvoClassLoader - Keeping class: org.springframework.expression.Expression
08:38:25.791 [main] INFO org.evosuite.runtime.instrumentation.EvoClassLoader - Seeing class for first time: org.springframework.context.event.EventListenerFactory
08:38:25.791 [main] INFO org.evosuite.runtime.instrumentation.EvoClassLoader - Instrumenting class 'org.springframework.context.event.EventListenerFactory'.
08:38:25.791 [main] INFO org.evosuite.runtime.instrumentation.EvoClassLoader - Keeping class: org.springframework.context.event.EventListenerFactory
08:38:25.795 [main] INFO org.evosuite.runtime.instrumentation.EvoClassLoader - Seeing class for first time: org.springframework.beans.SimpleTypeConverter
08:38:25.795 [main] INFO org.evosuite.runtime.instrumentation.EvoClassLoader - Instrumenting class 'org.springframework.beans.SimpleTypeConverter'.
08:38:25.795 [main] INFO org.evosuite.runtime.instrumentation.MethodCallReplacementClassAdapter - Adding mock interface to class org/springframework/beans/SimpleTypeConverter
08:38:25.795 [main] INFO org.evosuite.runtime.instrumentation.CreateClassResetClassAdapter - Creating brand-new static initializer in class org/springframework/beans/SimpleTypeConverter
08:38:25.795 [main] INFO org.evosuite.runtime.instrumentation.EvoClassLoader - Keeping class: org.springframework.beans.SimpleTypeConverter
08:38:25.795 [main] INFO org.evosuite.runtime.instrumentation.EvoClassLoader - Seeing class for first time: org.springframework.boot.web.servlet.context.AnnotationConfigServletWebServerApplicationContext
08:38:25.795 [main] INFO org.evosuite.runtime.instrumentation.EvoClassLoader - Instrumenting class 'org.springframework.boot.web.servlet.context.AnnotationConfigServletWebServerApplicationContext'.
08:38:25.799 [main] INFO org.evosuite.runtime.instrumentation.MethodCallReplacementClassAdapter - Adding mock interface to class org/springframework/boot/web/servlet/context/AnnotationConfigServletWebServerApplicationContext
08:38:25.799 [main] INFO org.evosuite.runtime.instrumentation.CreateClassResetClassAdapter - Creating brand-new static initializer in class org/springframework/boot/web/servlet/context/AnnotationConfigServletWebServerApplicationContext
08:38:25.799 [main] INFO org.evosuite.runtime.instrumentation.EvoClassLoader - Defined package (3): package org.springframework.boot.web.servlet.context, -619827209
08:38:25.803 [main] INFO org.evosuite.runtime.instrumentation.EvoClassLoader - Seeing class for first time: org.springframework.context.annotation.AnnotationConfigRegistry
08:38:25.803 [main] INFO org.evosuite.runtime.instrumentation.EvoClassLoader - Instrumenting class 'org.springframework.context.annotation.AnnotationConfigRegistry'.
08:38:25.803 [main] INFO org.evosuite.runtime.instrumentation.EvoClassLoader - Keeping class: org.springframework.context.annotation.AnnotationConfigRegistry
08:38:25.803 [main] INFO org.evosuite.runtime.instrumentation.EvoClassLoader - Seeing class for first time: org.springframework.boot.web.servlet.context.ServletWebServerApplicationContext
08:38:25.803 [main] INFO org.evosuite.runtime.instrumentation.EvoClassLoader - Instrumenting class 'org.springframework.boot.web.servlet.context.ServletWebServerApplicationContext'.
08:38:25.807 [main] INFO org.evosuite.runtime.instrumentation.MethodCallReplacementClassAdapter - Adding mock interface to class org/springframework/boot/web/servlet/context/ServletWebServerApplicationContext
08:38:25.811 [main] INFO org.evosuite.runtime.instrumentation.CreateClassResetClassAdapter - Found static initializer in class org/springframework/boot/web/servlet/context/ServletWebServerApplicationContext
08:38:25.811 [main] INFO org.evosuite.runtime.instrumentation.EvoClassLoader - Seeing class for first time: org.springframework.boot.web.context.ConfigurableWebServerApplicationContext
08:38:25.811 [main] INFO org.evosuite.runtime.instrumentation.EvoClassLoader - Instrumenting class 'org.springframework.boot.web.context.ConfigurableWebServerApplicationContext'.
08:38:25.815 [main] INFO org.evosuite.runtime.instrumentation.EvoClassLoader - Seeing class for first time: org.springframework.boot.web.context.WebServerApplicationContext
08:38:25.815 [main] INFO org.evosuite.runtime.instrumentation.EvoClassLoader - Instrumenting class 'org.springframework.boot.web.context.WebServerApplicationContext'.
08:38:25.815 [main] INFO org.evosuite.runtime.instrumentation.EvoClassLoader - Keeping class: org.springframework.boot.web.context.WebServerApplicationContext
08:38:25.815 [main] INFO org.evosuite.runtime.instrumentation.EvoClassLoader - Keeping class: org.springframework.boot.web.context.ConfigurableWebServerApplicationContext
08:38:25.815 [main] INFO org.evosuite.runtime.instrumentation.EvoClassLoader - Seeing class for first time: org.springframework.web.context.support.GenericWebApplicationContext
08:38:25.815 [main] INFO org.evosuite.runtime.instrumentation.EvoClassLoader - Instrumenting class 'org.springframework.web.context.support.GenericWebApplicationContext'.
08:38:25.828 [main] INFO org.evosuite.runtime.instrumentation.MethodCallReplacementClassAdapter - Adding mock interface to class org/springframework/web/context/support/GenericWebApplicationContext
08:38:25.828 [main] INFO org.evosuite.runtime.instrumentation.CreateClassResetClassAdapter - Creating brand-new static initializer in class org/springframework/web/context/support/GenericWebApplicationContext
08:38:25.828 [main] INFO org.evosuite.runtime.instrumentation.EvoClassLoader - Seeing class for first time: org.springframework.context.support.GenericApplicationContext
08:38:25.828 [main] INFO org.evosuite.runtime.instrumentation.EvoClassLoader - Instrumenting class 'org.springframework.context.support.GenericApplicationContext'.
08:38:25.828 [main] INFO org.evosuite.runtime.instrumentation.MethodCallReplacementClassAdapter - Adding mock interface to class org/springframework/context/support/GenericApplicationContext
08:38:25.831 [main] INFO org.evosuite.runtime.instrumentation.CreateClassResetClassAdapter - Creating brand-new static initializer in class org/springframework/context/support/GenericApplicationContext
08:38:25.831 [main] INFO org.evosuite.runtime.instrumentation.EvoClassLoader - Seeing class for first time: org.springframework.beans.factory.support.BeanDefinitionRegistry
08:38:25.831 [main] INFO org.evosuite.runtime.instrumentation.EvoClassLoader - Instrumenting class 'org.springframework.beans.factory.support.BeanDefinitionRegistry'.
08:38:25.835 [main] INFO org.evosuite.runtime.instrumentation.EvoClassLoader - Keeping class: org.springframework.beans.factory.support.BeanDefinitionRegistry
08:38:25.835 [main] INFO org.evosuite.runtime.instrumentation.EvoClassLoader - Keeping class: org.springframework.context.support.GenericApplicationContext
08:38:25.835 [main] INFO org.evosuite.runtime.instrumentation.EvoClassLoader - Keeping class: org.springframework.web.context.support.GenericWebApplicationContext
08:38:25.835 [main] INFO org.evosuite.runtime.instrumentation.EvoClassLoader - Keeping class: org.springframework.boot.web.servlet.context.ServletWebServerApplicationContext
08:38:25.835 [main] INFO org.evosuite.runtime.instrumentation.EvoClassLoader - Keeping class: org.springframework.boot.web.servlet.context.AnnotationConfigServletWebServerApplicationContext
08:38:25.839 [main] INFO org.evosuite.runtime.instrumentation.EvoClassLoader - Seeing class for first time: org.springframework.beans.factory.config.ConfigurableListableBeanFactory
08:38:25.839 [main] INFO org.evosuite.runtime.instrumentation.EvoClassLoader - Instrumenting class 'org.springframework.beans.factory.config.ConfigurableListableBeanFactory'.
08:38:25.839 [main] INFO org.evosuite.runtime.instrumentation.EvoClassLoader - Keeping class: org.springframework.beans.factory.config.ConfigurableListableBeanFactory
08:38:25.843 [main] INFO org.evosuite.runtime.instrumentation.EvoClassLoader - Seeing class for first time: org.springframework.boot.web.servlet.context.ServletWebServerInitializedEvent
08:38:25.843 [main] INFO org.evosuite.runtime.instrumentation.EvoClassLoader - Instrumenting class 'org.springframework.boot.web.servlet.context.ServletWebServerInitializedEvent'.
08:38:25.843 [main] INFO org.evosuite.runtime.instrumentation.MethodCallReplacementClassAdapter - Adding mock interface to class org/springframework/boot/web/servlet/context/ServletWebServerInitializedEvent
08:38:25.843 [main] INFO org.evosuite.runtime.instrumentation.CreateClassResetClassAdapter - Creating brand-new static initializer in class org/springframework/boot/web/servlet/context/ServletWebServerInitializedEvent
08:38:25.843 [main] INFO org.evosuite.runtime.instrumentation.EvoClassLoader - Keeping class: org.springframework.boot.web.servlet.context.ServletWebServerInitializedEvent
08:38:25.843 [main] INFO org.evosuite.runtime.instrumentation.EvoClassLoader - Seeing class for first time: org.springframework.boot.diagnostics.analyzer.NoSuchMethodFailureAnalyzer
08:38:25.843 [main] INFO org.evosuite.runtime.instrumentation.EvoClassLoader - Instrumenting class 'org.springframework.boot.diagnostics.analyzer.NoSuchMethodFailureAnalyzer'.
08:38:25.847 [main] INFO org.evosuite.runtime.instrumentation.MethodCallReplacementClassAdapter - Adding mock interface to class org/springframework/boot/diagnostics/analyzer/NoSuchMethodFailureAnalyzer
08:38:25.851 [main] INFO org.evosuite.runtime.instrumentation.CreateClassResetClassAdapter - Creating brand-new static initializer in class org/springframework/boot/diagnostics/analyzer/NoSuchMethodFailureAnalyzer
08:38:25.855 [main] INFO org.evosuite.runtime.instrumentation.EvoClassLoader - Keeping class: org.springframework.boot.diagnostics.analyzer.NoSuchMethodFailureAnalyzer
08:38:25.855 [main] INFO org.evosuite.runtime.instrumentation.EvoClassLoader - Seeing class for first time: org.springframework.expression.common.LiteralExpression
08:38:25.855 [main] INFO org.evosuite.runtime.instrumentation.EvoClassLoader - Instrumenting class 'org.springframework.expression.common.LiteralExpression'.
08:38:25.855 [main] INFO org.evosuite.runtime.instrumentation.MethodCallReplacementClassAdapter - Adding mock interface to class org/springframework/expression/common/LiteralExpression
08:38:25.859 [main] INFO org.evosuite.runtime.instrumentation.CreateClassResetClassAdapter - Creating brand-new static initializer in class org/springframework/expression/common/LiteralExpression
08:38:25.859 [main] INFO org.evosuite.runtime.instrumentation.EvoClassLoader - Keeping class: org.springframework.expression.common.LiteralExpression
08:38:25.859 [main] INFO org.evosuite.runtime.instrumentation.EvoClassLoader - Seeing class for first time: org.springframework.boot.diagnostics.analyzer.BeanNotOfRequiredTypeFailureAnalyzer
08:38:25.859 [main] INFO org.evosuite.runtime.instrumentation.EvoClassLoader - Instrumenting class 'org.springframework.boot.diagnostics.analyzer.BeanNotOfRequiredTypeFailureAnalyzer'.
08:38:25.863 [main] INFO org.evosuite.runtime.instrumentation.MethodCallReplacementClassAdapter - Adding mock interface to class org/springframework/boot/diagnostics/analyzer/BeanNotOfRequiredTypeFailureAnalyzer
08:38:25.867 [main] INFO org.evosuite.runtime.instrumentation.CreateClassResetClassAdapter - Creating brand-new static initializer in class org/springframework/boot/diagnostics/analyzer/BeanNotOfRequiredTypeFailureAnalyzer
08:38:25.867 [main] INFO org.evosuite.runtime.instrumentation.CreateClassResetClassAdapter - Adding bytecode for initializing field ACTION
08:38:25.867 [main] INFO org.evosuite.runtime.instrumentation.EvoClassLoader - Keeping class: org.springframework.boot.diagnostics.analyzer.BeanNotOfRequiredTypeFailureAnalyzer
08:38:25.867 [main] INFO org.evosuite.runtime.instrumentation.EvoClassLoader - Seeing class for first time: org.springframework.beans.support.ResourceEditorRegistrar
08:38:25.867 [main] INFO org.evosuite.runtime.instrumentation.EvoClassLoader - Instrumenting class 'org.springframework.beans.support.ResourceEditorRegistrar'.
08:38:25.871 [main] INFO org.evosuite.runtime.instrumentation.MethodCallReplacementClassAdapter - Adding mock interface to class org/springframework/beans/support/ResourceEditorRegistrar
08:38:25.871 [main] INFO org.evosuite.runtime.instrumentation.CreateClassResetClassAdapter - Creating brand-new static initializer in class org/springframework/beans/support/ResourceEditorRegistrar
08:38:25.871 [main] INFO org.evosuite.runtime.instrumentation.EvoClassLoader - Defined package (3): package org.springframework.beans.support, -1524058755
08:38:25.871 [main] INFO org.evosuite.runtime.instrumentation.EvoClassLoader - Keeping class: org.springframework.beans.support.ResourceEditorRegistrar
08:38:25.871 [main] INFO org.evosuite.runtime.instrumentation.EvoClassLoader - Seeing class for first time: org.springframework.boot.web.servlet.context.WebApplicationContextServletContextAwareProcessor
08:38:25.871 [main] INFO org.evosuite.runtime.instrumentation.EvoClassLoader - Instrumenting class 'org.springframework.boot.web.servlet.context.WebApplicationContextServletContextAwareProcessor'.
08:38:25.875 [main] INFO org.evosuite.runtime.instrumentation.MethodCallReplacementClassAdapter - Adding mock interface to class org/springframework/boot/web/servlet/context/WebApplicationContextServletContextAwareProcessor
08:38:25.875 [main] INFO org.evosuite.runtime.instrumentation.CreateClassResetClassAdapter - Creating brand-new static initializer in class org/springframework/boot/web/servlet/context/WebApplicationContextServletContextAwareProcessor
08:38:25.875 [main] INFO org.evosuite.runtime.instrumentation.EvoClassLoader - Seeing class for first time: org.springframework.web.context.support.ServletContextAwareProcessor
08:38:25.875 [main] INFO org.evosuite.runtime.instrumentation.EvoClassLoader - Instrumenting class 'org.springframework.web.context.support.ServletContextAwareProcessor'.
08:38:25.879 [main] INFO org.evosuite.runtime.instrumentation.MethodCallReplacementClassAdapter - Adding mock interface to class org/springframework/web/context/support/ServletContextAwareProcessor
08:38:25.879 [main] INFO org.evosuite.runtime.instrumentation.CreateClassResetClassAdapter - Creating brand-new static initializer in class org/springframework/web/context/support/ServletContextAwareProcessor
08:38:25.879 [main] INFO org.evosuite.runtime.instrumentation.EvoClassLoader - Keeping class: org.springframework.web.context.support.ServletContextAwareProcessor
08:38:25.879 [main] INFO org.evosuite.runtime.instrumentation.EvoClassLoader - Keeping class: org.springframework.boot.web.servlet.context.WebApplicationContextServletContextAwareProcessor
08:38:25.879 [main] INFO org.evosuite.runtime.instrumentation.EvoClassLoader - Seeing class for first time: org.springframework.boot.autoconfigure.AutoConfigurationPackages$Registrar
08:38:25.879 [main] INFO org.evosuite.runtime.instrumentation.EvoClassLoader - Instrumenting class 'org.springframework.boot.autoconfigure.AutoConfigurationPackages$Registrar'.
08:38:25.883 [main] INFO org.evosuite.runtime.instrumentation.MethodCallReplacementClassAdapter - Adding mock interface to class org/springframework/boot/autoconfigure/AutoConfigurationPackages$Registrar
08:38:25.883 [main] INFO org.evosuite.runtime.instrumentation.CreateClassResetClassAdapter - Creating brand-new static initializer in class org/springframework/boot/autoconfigure/AutoConfigurationPackages$Registrar
08:38:25.883 [main] INFO org.evosuite.runtime.instrumentation.EvoClassLoader - Seeing class for first time: org.springframework.boot.context.annotation.DeterminableImports
08:38:25.883 [main] INFO org.evosuite.runtime.instrumentation.EvoClassLoader - Instrumenting class 'org.springframework.boot.context.annotation.DeterminableImports'.
08:38:25.883 [main] INFO org.evosuite.runtime.instrumentation.EvoClassLoader - Defined package (3): package org.springframework.boot.context.annotation, -1706013
08:38:25.887 [main] INFO org.evosuite.runtime.instrumentation.EvoClassLoader - Keeping class: org.springframework.boot.context.annotation.DeterminableImports
08:38:25.887 [main] INFO org.evosuite.runtime.instrumentation.EvoClassLoader - Keeping class: org.springframework.boot.autoconfigure.AutoConfigurationPackages$Registrar
08:38:25.887 [main] INFO org.evosuite.runtime.instrumentation.EvoClassLoader - Seeing class for first time: org.springframework.core.convert.support.GenericConversionService$Converters
08:38:25.887 [main] INFO org.evosuite.runtime.instrumentation.EvoClassLoader - Instrumenting class 'org.springframework.core.convert.support.GenericConversionService$Converters'.
08:38:25.887 [main] INFO org.evosuite.runtime.instrumentation.MethodCallReplacementClassAdapter - Adding mock interface to class org/springframework/core/convert/support/GenericConversionService$Converters
08:38:25.891 [main] INFO org.evosuite.runtime.instrumentation.CreateClassResetClassAdapter - Creating brand-new static initializer in class org/springframework/core/convert/support/GenericConversionService$Converters
08:38:25.891 [main] INFO org.evosuite.runtime.instrumentation.EvoClassLoader - Keeping class: org.springframework.core.convert.support.GenericConversionService$Converters
08:38:25.891 [main] INFO org.evosuite.runtime.instrumentation.EvoClassLoader - Seeing class for first time: org.springframework.boot.convert.NumberToDataSizeConverter
08:38:25.891 [main] INFO org.evosuite.runtime.instrumentation.EvoClassLoader - Instrumenting class 'org.springframework.boot.convert.NumberToDataSizeConverter'.
08:38:25.895 [main] INFO org.evosuite.runtime.instrumentation.MethodCallReplacementClassAdapter - Adding mock interface to class org/springframework/boot/convert/NumberToDataSizeConverter
08:38:25.895 [main] INFO org.evosuite.runtime.instrumentation.CreateClassResetClassAdapter - Creating brand-new static initializer in class org/springframework/boot/convert/NumberToDataSizeConverter
08:38:25.895 [main] INFO org.evosuite.runtime.instrumentation.EvoClassLoader - Keeping class: org.springframework.boot.convert.NumberToDataSizeConverter
08:38:25.895 [main] INFO org.evosuite.runtime.instrumentation.EvoClassLoader - Seeing class for first time: org.springframework.boot.logging.DeferredLog$1
08:38:25.895 [main] INFO org.evosuite.runtime.instrumentation.EvoClassLoader - Instrumenting class 'org.springframework.boot.logging.DeferredLog$1'.
08:38:25.895 [main] INFO org.evosuite.runtime.instrumentation.MethodCallReplacementClassAdapter - Adding mock interface to class org/springframework/boot/logging/DeferredLog$1
08:38:25.899 [main] INFO org.evosuite.runtime.instrumentation.EvoClassLoader - Keeping class: org.springframework.boot.logging.DeferredLog$1
08:38:25.899 [main] INFO org.evosuite.runtime.instrumentation.EvoClassLoader - Seeing class for first time: org.springframework.boot.context.properties.source.SpringConfigurationPropertySources$SourcesIterator
08:38:25.899 [main] INFO org.evosuite.runtime.instrumentation.EvoClassLoader - Instrumenting class 'org.springframework.boot.context.properties.source.SpringConfigurationPropertySources$SourcesIterator'.
08:38:25.899 [main] INFO org.evosuite.runtime.instrumentation.MethodCallReplacementClassAdapter - Adding mock interface to class org/springframework/boot/context/properties/source/SpringConfigurationPropertySources$SourcesIterator
08:38:25.903 [main] INFO org.evosuite.runtime.instrumentation.CreateClassResetClassAdapter - Creating brand-new static initializer in class org/springframework/boot/context/properties/source/SpringConfigurationPropertySources$SourcesIterator
08:38:25.903 [main] INFO org.evosuite.runtime.instrumentation.EvoClassLoader - Keeping class: org.springframework.boot.context.properties.source.SpringConfigurationPropertySources$SourcesIterator
08:38:25.903 [main] INFO org.evosuite.runtime.instrumentation.EvoClassLoader - Seeing class for first time: org.springframework.boot.context.event.ApplicationFailedEvent
08:38:25.903 [main] INFO org.evosuite.runtime.instrumentation.EvoClassLoader - Instrumenting class 'org.springframework.boot.context.event.ApplicationFailedEvent'.
08:38:25.903 [main] INFO org.evosuite.runtime.instrumentation.MethodCallReplacementClassAdapter - Adding mock interface to class org/springframework/boot/context/event/ApplicationFailedEvent
08:38:25.903 [main] INFO org.evosuite.runtime.instrumentation.CreateClassResetClassAdapter - Creating brand-new static initializer in class org/springframework/boot/context/event/ApplicationFailedEvent
08:38:25.903 [main] INFO org.evosuite.runtime.instrumentation.EvoClassLoader - Keeping class: org.springframework.boot.context.event.ApplicationFailedEvent
08:38:25.903 [main] INFO org.evosuite.runtime.instrumentation.EvoClassLoader - Seeing class for first time: org.springframework.core.convert.support.ObjectToOptionalConverter
08:38:25.903 [main] INFO org.evosuite.runtime.instrumentation.EvoClassLoader - Instrumenting class 'org.springframework.core.convert.support.ObjectToOptionalConverter'.
08:38:25.907 [main] INFO org.evosuite.runtime.instrumentation.MethodCallReplacementClassAdapter - Adding mock interface to class org/springframework/core/convert/support/ObjectToOptionalConverter
08:38:25.907 [main] INFO org.evosuite.runtime.instrumentation.CreateClassResetClassAdapter - Creating brand-new static initializer in class org/springframework/core/convert/support/ObjectToOptionalConverter
08:38:25.907 [main] INFO org.evosuite.runtime.instrumentation.EvoClassLoader - Keeping class: org.springframework.core.convert.support.ObjectToOptionalConverter
08:38:25.907 [main] INFO org.evosuite.runtime.instrumentation.EvoClassLoader - Seeing class for first time: org.springframework.core.convert.support.ObjectToOptionalConverter$GenericTypeDescriptor
08:38:25.907 [main] INFO org.evosuite.runtime.instrumentation.EvoClassLoader - Instrumenting class 'org.springframework.core.convert.support.ObjectToOptionalConverter$GenericTypeDescriptor'.
08:38:25.911 [main] INFO org.evosuite.runtime.instrumentation.MethodCallReplacementClassAdapter - Adding mock interface to class org/springframework/core/convert/support/ObjectToOptionalConverter$GenericTypeDescriptor
08:38:25.911 [main] INFO org.evosuite.runtime.instrumentation.CreateClassResetClassAdapter - Creating brand-new static initializer in class org/springframework/core/convert/support/ObjectToOptionalConverter$GenericTypeDescriptor
08:38:25.911 [main] INFO org.evosuite.runtime.instrumentation.EvoClassLoader - Keeping class: org.springframework.core.convert.support.ObjectToOptionalConverter$GenericTypeDescriptor
08:38:25.911 [main] INFO org.evosuite.runtime.instrumentation.EvoClassLoader - Seeing class for first time: org.springframework.web.context.support.WebApplicationContextUtils$FacesDependencyRegistrar
08:38:25.911 [main] INFO org.evosuite.runtime.instrumentation.EvoClassLoader - Instrumenting class 'org.springframework.web.context.support.WebApplicationContextUtils$FacesDependencyRegistrar'.
08:38:25.911 [main] INFO org.evosuite.runtime.instrumentation.MethodCallReplacementClassAdapter - Adding mock interface to class org/springframework/web/context/support/WebApplicationContextUtils$FacesDependencyRegistrar
08:38:25.911 [main] INFO org.evosuite.runtime.instrumentation.CreateClassResetClassAdapter - Creating brand-new static initializer in class org/springframework/web/context/support/WebApplicationContextUtils$FacesDependencyRegistrar
08:38:25.915 [main] INFO org.evosuite.runtime.instrumentation.EvoClassLoader - Keeping class: org.springframework.web.context.support.WebApplicationContextUtils$FacesDependencyRegistrar
08:38:25.915 [main] INFO org.evosuite.runtime.instrumentation.EvoClassLoader - Seeing class for first time: org.springframework.boot.SpringBootExceptionReporter
08:38:25.915 [main] INFO org.evosuite.runtime.instrumentation.EvoClassLoader - Instrumenting class 'org.springframework.boot.SpringBootExceptionReporter'.
08:38:25.919 [main] INFO org.evosuite.runtime.instrumentation.EvoClassLoader - Keeping class: org.springframework.boot.SpringBootExceptionReporter
08:38:25.919 [main] INFO org.evosuite.runtime.instrumentation.EvoClassLoader - Seeing class for first time: org.springframework.beans.factory.support.DefaultListableBeanFactory$NestedDependencyDescriptor
08:38:25.919 [main] INFO org.evosuite.runtime.instrumentation.EvoClassLoader - Instrumenting class 'org.springframework.beans.factory.support.DefaultListableBeanFactory$NestedDependencyDescriptor'.
08:38:25.919 [main] INFO org.evosuite.runtime.instrumentation.MethodCallReplacementClassAdapter - Adding mock interface to class org/springframework/beans/factory/support/DefaultListableBeanFactory$NestedDependencyDescriptor
08:38:25.923 [main] INFO org.evosuite.runtime.instrumentation.CreateClassResetClassAdapter - Creating brand-new static initializer in class org/springframework/beans/factory/support/DefaultListableBeanFactory$NestedDependencyDescriptor
08:38:25.923 [main] INFO org.evosuite.runtime.instrumentation.EvoClassLoader - Keeping class: org.springframework.beans.factory.support.DefaultListableBeanFactory$NestedDependencyDescriptor
08:38:25.923 [main] INFO org.evosuite.runtime.instrumentation.EvoClassLoader - Seeing class for first time: org.springframework.context.annotation.Conditional
08:38:25.923 [main] INFO org.evosuite.runtime.instrumentation.EvoClassLoader - Instrumenting class 'org.springframework.context.annotation.Conditional'.
08:38:25.923 [main] INFO org.evosuite.runtime.instrumentation.EvoClassLoader - Keeping class: org.springframework.context.annotation.Conditional
08:38:25.923 [main] INFO org.evosuite.runtime.instrumentation.EvoClassLoader - Seeing class for first time: org.springframework.format.datetime.standard.TemporalAccessorPrinter
08:38:25.923 [main] INFO org.evosuite.runtime.instrumentation.EvoClassLoader - Instrumenting class 'org.springframework.format.datetime.standard.TemporalAccessorPrinter'.
08:38:25.927 [main] INFO org.evosuite.runtime.instrumentation.MethodCallReplacementClassAdapter - Adding mock interface to class org/springframework/format/datetime/standard/TemporalAccessorPrinter
08:38:25.927 [main] INFO org.evosuite.runtime.instrumentation.CreateClassResetClassAdapter - Creating brand-new static initializer in class org/springframework/format/datetime/standard/TemporalAccessorPrinter
08:38:25.927 [main] INFO org.evosuite.runtime.instrumentation.EvoClassLoader - Keeping class: org.springframework.format.datetime.standard.TemporalAccessorPrinter
08:38:25.927 [main] INFO org.evosuite.runtime.instrumentation.EvoClassLoader - Seeing class for first time: org.springframework.context.event.AbstractApplicationEventMulticaster
08:38:25.927 [main] INFO org.evosuite.runtime.instrumentation.EvoClassLoader - Instrumenting class 'org.springframework.context.event.AbstractApplicationEventMulticaster'.
08:38:25.931 [main] INFO org.evosuite.runtime.instrumentation.MethodCallReplacementClassAdapter - Adding mock interface to class org/springframework/context/event/AbstractApplicationEventMulticaster
08:38:25.951 [main] INFO org.evosuite.runtime.instrumentation.CreateClassResetClassAdapter - Creating brand-new static initializer in class org/springframework/context/event/AbstractApplicationEventMulticaster
08:38:25.951 [main] INFO org.evosuite.runtime.instrumentation.EvoClassLoader - Keeping class: org.springframework.context.event.AbstractApplicationEventMulticaster
08:38:25.951 [main] INFO org.evosuite.runtime.instrumentation.EvoClassLoader - Seeing class for first time: org.springframework.boot.diagnostics.analyzer.ConnectorStartFailureAnalyzer
08:38:25.951 [main] INFO org.evosuite.runtime.instrumentation.EvoClassLoader - Instrumenting class 'org.springframework.boot.diagnostics.analyzer.ConnectorStartFailureAnalyzer'.
08:38:25.955 [main] INFO org.evosuite.runtime.instrumentation.MethodCallReplacementClassAdapter - Adding mock interface to class org/springframework/boot/diagnostics/analyzer/ConnectorStartFailureAnalyzer
08:38:25.955 [main] INFO org.evosuite.runtime.instrumentation.CreateClassResetClassAdapter - Creating brand-new static initializer in class org/springframework/boot/diagnostics/analyzer/ConnectorStartFailureAnalyzer
08:38:25.955 [main] INFO org.evosuite.runtime.instrumentation.EvoClassLoader - Keeping class: org.springframework.boot.diagnostics.analyzer.ConnectorStartFailureAnalyzer
08:38:25.955 [main] INFO org.evosuite.runtime.instrumentation.EvoClassLoader - Seeing class for first time: org.springframework.beans.factory.xml.DocumentLoader
08:38:25.955 [main] INFO org.evosuite.runtime.instrumentation.EvoClassLoader - Instrumenting class 'org.springframework.beans.factory.xml.DocumentLoader'.
08:38:25.955 [main] INFO org.evosuite.runtime.instrumentation.EvoClassLoader - Defined package (3): package org.springframework.beans.factory.xml, 1102447585
08:38:25.955 [main] INFO org.evosuite.runtime.instrumentation.EvoClassLoader - Keeping class: org.springframework.beans.factory.xml.DocumentLoader
08:38:25.955 [main] INFO org.evosuite.runtime.instrumentation.EvoClassLoader - Seeing class for first time: org.springframework.context.expression.MapAccessor
08:38:25.955 [main] INFO org.evosuite.runtime.instrumentation.EvoClassLoader - Instrumenting class 'org.springframework.context.expression.MapAccessor'.
08:38:25.959 [main] INFO org.evosuite.runtime.instrumentation.MethodCallReplacementClassAdapter - Adding mock interface to class org/springframework/context/expression/MapAccessor
08:38:25.959 [main] INFO org.evosuite.runtime.instrumentation.CreateClassResetClassAdapter - Creating brand-new static initializer in class org/springframework/context/expression/MapAccessor
08:38:25.959 [main] INFO org.evosuite.runtime.instrumentation.EvoClassLoader - Seeing class for first time: org.springframework.expression.spel.CompilablePropertyAccessor
08:38:25.959 [main] INFO org.evosuite.runtime.instrumentation.EvoClassLoader - Instrumenting class 'org.springframework.expression.spel.CompilablePropertyAccessor'.
08:38:25.963 [main] INFO org.evosuite.runtime.instrumentation.EvoClassLoader - Keeping class: org.springframework.expression.spel.CompilablePropertyAccessor
08:38:25.963 [main] INFO org.evosuite.runtime.instrumentation.EvoClassLoader - Keeping class: org.springframework.context.expression.MapAccessor
08:38:25.963 [main] INFO org.evosuite.runtime.instrumentation.EvoClassLoader - Seeing class for first time: org.springframework.util.unit.DataSize
08:38:25.963 [main] INFO org.evosuite.runtime.instrumentation.EvoClassLoader - Instrumenting class 'org.springframework.util.unit.DataSize'.
08:38:25.967 [main] INFO org.evosuite.runtime.instrumentation.MethodCallReplacementClassAdapter - Adding mock interface to class org/springframework/util/unit/DataSize
08:38:25.967 [main] INFO org.evosuite.runtime.instrumentation.CreateClassResetClassAdapter - Found static initializer in class org/springframework/util/unit/DataSize
08:38:25.971 [main] INFO org.evosuite.runtime.instrumentation.EvoClassLoader - Defined package (3): package org.springframework.util.unit, -1006379447
08:38:25.971 [main] INFO org.evosuite.runtime.instrumentation.EvoClassLoader - Keeping class: org.springframework.util.unit.DataSize
08:38:25.971 [main] INFO org.evosuite.runtime.instrumentation.EvoClassLoader - Seeing class for first time: org.springframework.boot.diagnostics.analyzer.InvalidConfigurationPropertyNameFailureAnalyzer
08:38:25.971 [main] INFO org.evosuite.runtime.instrumentation.EvoClassLoader - Instrumenting class 'org.springframework.boot.diagnostics.analyzer.InvalidConfigurationPropertyNameFailureAnalyzer'.
08:38:25.971 [main] INFO org.evosuite.runtime.instrumentation.MethodCallReplacementClassAdapter - Adding mock interface to class org/springframework/boot/diagnostics/analyzer/InvalidConfigurationPropertyNameFailureAnalyzer
08:38:25.971 [main] INFO org.evosuite.runtime.instrumentation.CreateClassResetClassAdapter - Creating brand-new static initializer in class org/springframework/boot/diagnostics/analyzer/InvalidConfigurationPropertyNameFailureAnalyzer
08:38:25.971 [main] INFO org.evosuite.runtime.instrumentation.EvoClassLoader - Keeping class: org.springframework.boot.diagnostics.analyzer.InvalidConfigurationPropertyNameFailureAnalyzer
08:38:25.971 [main] INFO org.evosuite.runtime.instrumentation.EvoClassLoader - Seeing class for first time: org.springframework.boot.builder.ParentContextApplicationContextInitializer$ParentContextAvailableEvent
08:38:25.971 [main] INFO org.evosuite.runtime.instrumentation.EvoClassLoader - Instrumenting class 'org.springframework.boot.builder.ParentContextApplicationContextInitializer$ParentContextAvailableEvent'.
08:38:25.975 [main] INFO org.evosuite.runtime.instrumentation.MethodCallReplacementClassAdapter - Adding mock interface to class org/springframework/boot/builder/ParentContextApplicationContextInitializer$ParentContextAvailableEvent
08:38:25.975 [main] INFO org.evosuite.runtime.instrumentation.CreateClassResetClassAdapter - Creating brand-new static initializer in class org/springframework/boot/builder/ParentContextApplicationContextInitializer$ParentContextAvailableEvent
08:38:25.975 [main] INFO org.evosuite.runtime.instrumentation.EvoClassLoader - Defined package (3): package org.springframework.boot.builder, 2117555110
08:38:25.975 [main] INFO org.evosuite.runtime.instrumentation.EvoClassLoader - Keeping class: org.springframework.boot.builder.ParentContextApplicationContextInitializer$ParentContextAvailableEvent
08:38:25.975 [main] INFO org.evosuite.runtime.instrumentation.EvoClassLoader - Seeing class for first time: org.springframework.core.convert.support.StreamConverter
08:38:25.975 [main] INFO org.evosuite.runtime.instrumentation.EvoClassLoader - Instrumenting class 'org.springframework.core.convert.support.StreamConverter'.
08:38:25.979 [main] INFO org.evosuite.runtime.instrumentation.MethodCallReplacementClassAdapter - Adding mock interface to class org/springframework/core/convert/support/StreamConverter
08:38:25.979 [main] INFO org.evosuite.runtime.instrumentation.CreateClassResetClassAdapter - Found static initializer in class org/springframework/core/convert/support/StreamConverter
08:38:25.979 [main] INFO org.evosuite.runtime.instrumentation.EvoClassLoader - Keeping class: org.springframework.core.convert.support.StreamConverter
08:38:25.983 [main] INFO org.evosuite.runtime.instrumentation.EvoClassLoader - Seeing class for first time: org.springframework.core.convert.converter.GenericConverter$ConvertiblePair
08:38:25.983 [main] INFO org.evosuite.runtime.instrumentation.EvoClassLoader - Instrumenting class 'org.springframework.core.convert.converter.GenericConverter$ConvertiblePair'.
08:38:25.983 [main] INFO org.evosuite.runtime.instrumentation.MethodCallReplacementClassAdapter - Adding mock interface to class org/springframework/core/convert/converter/GenericConverter$ConvertiblePair
08:38:25.987 [main] INFO org.evosuite.runtime.instrumentation.CreateClassResetClassAdapter - Creating brand-new static initializer in class org/springframework/core/convert/converter/GenericConverter$ConvertiblePair
08:38:25.987 [main] INFO org.evosuite.runtime.instrumentation.EvoClassLoader - Keeping class: org.springframework.core.convert.converter.GenericConverter$ConvertiblePair
08:38:25.987 [main] INFO org.evosuite.runtime.instrumentation.EvoClassLoader - Seeing class for first time: org.springframework.boot.logging.DeferredLog$Line
08:38:25.987 [main] INFO org.evosuite.runtime.instrumentation.EvoClassLoader - Instrumenting class 'org.springframework.boot.logging.DeferredLog$Line'.
08:38:25.987 [main] INFO org.evosuite.runtime.instrumentation.MethodCallReplacementClassAdapter - Adding mock interface to class org/springframework/boot/logging/DeferredLog$Line
08:38:25.991 [main] INFO org.evosuite.runtime.instrumentation.CreateClassResetClassAdapter - Creating brand-new static initializer in class org/springframework/boot/logging/DeferredLog$Line
08:38:25.991 [main] INFO org.evosuite.runtime.instrumentation.EvoClassLoader - Keeping class: org.springframework.boot.logging.DeferredLog$Line
08:38:25.991 [main] INFO org.evosuite.runtime.instrumentation.EvoClassLoader - Seeing class for first time: org.springframework.boot.convert.DurationToNumberConverter
08:38:25.991 [main] INFO org.evosuite.runtime.instrumentation.EvoClassLoader - Instrumenting class 'org.springframework.boot.convert.DurationToNumberConverter'.
08:38:25.991 [main] INFO org.evosuite.runtime.instrumentation.MethodCallReplacementClassAdapter - Adding mock interface to class org/springframework/boot/convert/DurationToNumberConverter
08:38:25.995 [main] INFO org.evosuite.runtime.instrumentation.CreateClassResetClassAdapter - Creating brand-new static initializer in class org/springframework/boot/convert/DurationToNumberConverter
08:38:25.995 [main] INFO org.evosuite.runtime.instrumentation.EvoClassLoader - Keeping class: org.springframework.boot.convert.DurationToNumberConverter
08:38:25.995 [main] INFO org.evosuite.runtime.instrumentation.EvoClassLoader - Seeing class for first time: org.springframework.format.datetime.standard.DateTimeConverters$LongToInstantConverter
08:38:25.995 [main] INFO org.evosuite.runtime.instrumentation.EvoClassLoader - Instrumenting class 'org.springframework.format.datetime.standard.DateTimeConverters$LongToInstantConverter'.
08:38:25.999 [main] INFO org.evosuite.runtime.instrumentation.MethodCallReplacementClassAdapter - Adding mock interface to class org/springframework/format/datetime/standard/DateTimeConverters$LongToInstantConverter
08:38:25.999 [main] INFO org.evosuite.runtime.instrumentation.CreateClassResetClassAdapter - Creating brand-new static initializer in class org/springframework/format/datetime/standard/DateTimeConverters$LongToInstantConverter
08:38:25.999 [main] INFO org.evosuite.runtime.instrumentation.EvoClassLoader - Keeping class: org.springframework.format.datetime.standard.DateTimeConverters$LongToInstantConverter
08:38:26.003 [main] INFO org.evosuite.runtime.instrumentation.EvoClassLoader - Seeing class for first time: org.springframework.boot.diagnostics.analyzer.BeanDefinitionOverrideFailureAnalyzer
08:38:26.003 [main] INFO org.evosuite.runtime.instrumentation.EvoClassLoader - Instrumenting class 'org.springframework.boot.diagnostics.analyzer.BeanDefinitionOverrideFailureAnalyzer'.
08:38:26.003 [main] INFO org.evosuite.runtime.instrumentation.MethodCallReplacementClassAdapter - Adding mock interface to class org/springframework/boot/diagnostics/analyzer/BeanDefinitionOverrideFailureAnalyzer
08:38:26.003 [main] INFO org.evosuite.runtime.instrumentation.CreateClassResetClassAdapter - Creating brand-new static initializer in class org/springframework/boot/diagnostics/analyzer/BeanDefinitionOverrideFailureAnalyzer
08:38:26.003 [main] INFO org.evosuite.runtime.instrumentation.CreateClassResetClassAdapter - Adding bytecode for initializing field ACTION
08:38:26.003 [main] INFO org.evosuite.runtime.instrumentation.EvoClassLoader - Keeping class: org.springframework.boot.diagnostics.analyzer.BeanDefinitionOverrideFailureAnalyzer
08:38:26.007 [main] INFO org.evosuite.runtime.instrumentation.EvoClassLoader - Seeing class for first time: org.springframework.context.annotation.AnnotationConfigUtils
08:38:26.007 [main] INFO org.evosuite.runtime.instrumentation.EvoClassLoader - Instrumenting class 'org.springframework.context.annotation.AnnotationConfigUtils'.
08:38:26.007 [main] INFO org.evosuite.runtime.instrumentation.MethodCallReplacementClassAdapter - Adding mock interface to class org/springframework/context/annotation/AnnotationConfigUtils
08:38:26.011 [main] INFO org.evosuite.runtime.instrumentation.CreateClassResetClassAdapter - Found static initializer in class org/springframework/context/annotation/AnnotationConfigUtils
08:38:26.011 [main] INFO org.evosuite.runtime.instrumentation.EvoClassLoader - Keeping class: org.springframework.context.annotation.AnnotationConfigUtils
08:38:26.011 [main] INFO org.evosuite.runtime.instrumentation.EvoClassLoader - Seeing class for first time: org.springframework.beans.factory.support.AutowireCandidateResolver
08:38:26.011 [main] INFO org.evosuite.runtime.instrumentation.EvoClassLoader - Instrumenting class 'org.springframework.beans.factory.support.AutowireCandidateResolver'.
08:38:26.015 [main] INFO org.evosuite.runtime.instrumentation.EvoClassLoader - Keeping class: org.springframework.beans.factory.support.AutowireCandidateResolver
08:38:26.015 [main] INFO org.evosuite.runtime.instrumentation.EvoClassLoader - Seeing class for first time: org.springframework.orm.jpa.support.PersistenceAnnotationBeanPostProcessor
08:38:26.015 [main] INFO org.evosuite.runtime.instrumentation.EvoClassLoader - Instrumenting class 'org.springframework.orm.jpa.support.PersistenceAnnotationBeanPostProcessor'.
08:38:26.019 [main] INFO org.evosuite.runtime.instrumentation.EvoClassLoader - Error while loading class: java.lang.ClassNotFoundException: Class 'org/springframework/orm/jpa/support/PersistenceAnnotationBeanPostProcessor.class' should be in target project, but could not be found!
08:38:26.019 [main] INFO org.evosuite.runtime.instrumentation.EvoClassLoader - Seeing class for first time: org.springframework.orm.jpa.support$PersistenceAnnotationBeanPostProcessor
08:38:26.019 [main] INFO org.evosuite.runtime.instrumentation.EvoClassLoader - Instrumenting class 'org.springframework.orm.jpa.support$PersistenceAnnotationBeanPostProcessor'.
08:38:26.023 [main] INFO org.evosuite.runtime.instrumentation.EvoClassLoader - Error while loading class: java.lang.ClassNotFoundException: Class 'org/springframework/orm/jpa/support$PersistenceAnnotationBeanPostProcessor.class' should be in target project, but could not be found!
08:38:26.023 [main] INFO org.evosuite.runtime.instrumentation.EvoClassLoader - Seeing class for first time: org.springframework.boot.autoconfigure.condition.ConditionMessage
08:38:26.023 [main] INFO org.evosuite.runtime.instrumentation.EvoClassLoader - Instrumenting class 'org.springframework.boot.autoconfigure.condition.ConditionMessage'.
08:38:26.023 [main] INFO org.evosuite.runtime.instrumentation.MethodCallReplacementClassAdapter - Adding mock interface to class org/springframework/boot/autoconfigure/condition/ConditionMessage
08:38:26.027 [main] INFO org.evosuite.runtime.instrumentation.CreateClassResetClassAdapter - Creating brand-new static initializer in class org/springframework/boot/autoconfigure/condition/ConditionMessage
08:38:26.027 [main] INFO org.evosuite.runtime.instrumentation.EvoClassLoader - Keeping class: org.springframework.boot.autoconfigure.condition.ConditionMessage
08:38:26.027 [main] INFO org.evosuite.runtime.instrumentation.EvoClassLoader - Seeing class for first time: org.springframework.context.annotation.ClassPathBeanDefinitionScanner
08:38:26.027 [main] INFO org.evosuite.runtime.instrumentation.EvoClassLoader - Instrumenting class 'org.springframework.context.annotation.ClassPathBeanDefinitionScanner'.
08:38:26.027 [main] INFO org.evosuite.runtime.instrumentation.MethodCallReplacementClassAdapter - Adding mock interface to class org/springframework/context/annotation/ClassPathBeanDefinitionScanner
08:38:26.039 [main] INFO org.evosuite.runtime.instrumentation.CreateClassResetClassAdapter - Creating brand-new static initializer in class org/springframework/context/annotation/ClassPathBeanDefinitionScanner
08:38:26.039 [main] INFO org.evosuite.runtime.instrumentation.EvoClassLoader - Seeing class for first time: org.springframework.context.annotation.ClassPathScanningCandidateComponentProvider
08:38:26.039 [main] INFO org.evosuite.runtime.instrumentation.EvoClassLoader - Instrumenting class 'org.springframework.context.annotation.ClassPathScanningCandidateComponentProvider'.
08:38:26.043 [main] INFO org.evosuite.runtime.instrumentation.MethodCallReplacementClassAdapter - Adding mock interface to class org/springframework/context/annotation/ClassPathScanningCandidateComponentProvider
08:38:26.047 [main] INFO org.evosuite.runtime.instrumentation.CreateClassResetClassAdapter - Creating brand-new static initializer in class org/springframework/context/annotation/ClassPathScanningCandidateComponentProvider
08:38:26.047 [main] INFO org.evosuite.runtime.instrumentation.CreateClassResetClassAdapter - Adding bytecode for initializing field DEFAULT_RESOURCE_PATTERN
08:38:26.047 [main] INFO org.evosuite.runtime.instrumentation.EvoClassLoader - Keeping class: org.springframework.context.annotation.ClassPathScanningCandidateComponentProvider
08:38:26.047 [main] INFO org.evosuite.runtime.instrumentation.EvoClassLoader - Keeping class: org.springframework.context.annotation.ClassPathBeanDefinitionScanner
08:38:26.047 [main] INFO org.evosuite.runtime.instrumentation.EvoClassLoader - Seeing class for first time: org.springframework.web.context.request.AbstractRequestAttributesScope
08:38:26.047 [main] INFO org.evosuite.runtime.instrumentation.EvoClassLoader - Instrumenting class 'org.springframework.web.context.request.AbstractRequestAttributesScope'.
08:38:26.051 [main] INFO org.evosuite.runtime.instrumentation.MethodCallReplacementClassAdapter - Adding mock interface to class org/springframework/web/context/request/AbstractRequestAttributesScope
08:38:26.051 [main] INFO org.evosuite.runtime.instrumentation.CreateClassResetClassAdapter - Creating brand-new static initializer in class org/springframework/web/context/request/AbstractRequestAttributesScope
08:38:26.051 [main] INFO org.evosuite.runtime.instrumentation.EvoClassLoader - Keeping class: org.springframework.web.context.request.AbstractRequestAttributesScope
08:38:26.055 [main] INFO org.evosuite.runtime.instrumentation.EvoClassLoader - Seeing class for first time: org.springframework.boot.context.properties.source.ConfigurationPropertyName$Form
08:38:26.055 [main] INFO org.evosuite.runtime.instrumentation.EvoClassLoader - Instrumenting class 'org.springframework.boot.context.properties.source.ConfigurationPropertyName$Form'.
08:38:26.055 [main] INFO org.evosuite.runtime.instrumentation.MethodCallReplacementClassAdapter - Adding mock interface to class org/springframework/boot/context/properties/source/ConfigurationPropertyName$Form
08:38:26.055 [main] INFO org.evosuite.runtime.instrumentation.CreateClassResetClassAdapter - Found static initializer in class org/springframework/boot/context/properties/source/ConfigurationPropertyName$Form
08:38:26.055 [main] INFO org.evosuite.runtime.instrumentation.EvoClassLoader - Keeping class: org.springframework.boot.context.properties.source.ConfigurationPropertyName$Form
08:38:26.055 [main] INFO org.evosuite.runtime.instrumentation.EvoClassLoader - Seeing class for first time: org.springframework.context.event.AbstractApplicationEventMulticaster$ListenerRetriever
08:38:26.055 [main] INFO org.evosuite.runtime.instrumentation.EvoClassLoader - Instrumenting class 'org.springframework.context.event.AbstractApplicationEventMulticaster$ListenerRetriever'.
08:38:26.059 [main] INFO org.evosuite.runtime.instrumentation.MethodCallReplacementClassAdapter - Adding mock interface to class org/springframework/context/event/AbstractApplicationEventMulticaster$ListenerRetriever
08:38:26.067 [main] INFO org.evosuite.runtime.instrumentation.CreateClassResetClassAdapter - Creating brand-new static initializer in class org/springframework/context/event/AbstractApplicationEventMulticaster$ListenerRetriever
08:38:26.067 [main] INFO org.evosuite.runtime.instrumentation.EvoClassLoader - Keeping class: org.springframework.context.event.AbstractApplicationEventMulticaster$ListenerRetriever
08:38:26.067 [main] INFO org.evosuite.runtime.instrumentation.EvoClassLoader - Seeing class for first time: org.springframework.context.annotation.AnnotatedBeanDefinitionReader
08:38:26.067 [main] INFO org.evosuite.runtime.instrumentation.EvoClassLoader - Instrumenting class 'org.springframework.context.annotation.AnnotatedBeanDefinitionReader'.
08:38:26.071 [main] INFO org.evosuite.runtime.instrumentation.MethodCallReplacementClassAdapter - Adding mock interface to class org/springframework/context/annotation/AnnotatedBeanDefinitionReader
08:38:26.075 [main] INFO org.evosuite.runtime.instrumentation.CreateClassResetClassAdapter - Creating brand-new static initializer in class org/springframework/context/annotation/AnnotatedBeanDefinitionReader
08:38:26.075 [main] INFO org.evosuite.runtime.instrumentation.EvoClassLoader - Keeping class: org.springframework.context.annotation.AnnotatedBeanDefinitionReader
08:38:26.079 [main] INFO org.evosuite.runtime.instrumentation.EvoClassLoader - Seeing class for first time: org.springframework.boot.logging.logback.LogbackLoggingSystem
08:38:26.079 [main] INFO org.evosuite.runtime.instrumentation.EvoClassLoader - Instrumenting class 'org.springframework.boot.logging.logback.LogbackLoggingSystem'.
08:38:26.083 [main] INFO org.evosuite.runtime.instrumentation.MethodCallReplacementClassAdapter - Adding mock interface to class org/springframework/boot/logging/logback/LogbackLoggingSystem
08:38:26.087 [main] INFO org.evosuite.runtime.instrumentation.CreateClassResetClassAdapter - Found static initializer in class org/springframework/boot/logging/logback/LogbackLoggingSystem
08:38:26.087 [main] INFO org.evosuite.runtime.instrumentation.EvoClassLoader - Defined package (3): package org.springframework.boot.logging.logback, -1100244057
08:38:26.087 [main] INFO org.evosuite.runtime.instrumentation.EvoClassLoader - Seeing class for first time: org.springframework.boot.logging.Slf4JLoggingSystem
08:38:26.087 [main] INFO org.evosuite.runtime.instrumentation.EvoClassLoader - Instrumenting class 'org.springframework.boot.logging.Slf4JLoggingSystem'.
08:38:26.087 [main] INFO org.evosuite.runtime.instrumentation.MethodCallReplacementClassAdapter - Adding mock interface to class org/springframework/boot/logging/Slf4JLoggingSystem
08:38:26.087 [main] INFO org.evosuite.runtime.instrumentation.CreateClassResetClassAdapter - Creating brand-new static initializer in class org/springframework/boot/logging/Slf4JLoggingSystem
08:38:26.087 [main] INFO org.evosuite.runtime.instrumentation.CreateClassResetClassAdapter - Adding bytecode for initializing field BRIDGE_HANDLER
08:38:26.091 [main] INFO org.evosuite.runtime.instrumentation.EvoClassLoader - Seeing class for first time: org.springframework.boot.logging.AbstractLoggingSystem
08:38:26.091 [main] INFO org.evosuite.runtime.instrumentation.EvoClassLoader - Instrumenting class 'org.springframework.boot.logging.AbstractLoggingSystem'.
08:38:26.091 [main] INFO org.evosuite.runtime.instrumentation.MethodCallReplacementClassAdapter - Adding mock interface to class org/springframework/boot/logging/AbstractLoggingSystem
08:38:26.091 [main] INFO org.evosuite.runtime.instrumentation.CreateClassResetClassAdapter - Found static initializer in class org/springframework/boot/logging/AbstractLoggingSystem
08:38:26.091 [main] INFO org.evosuite.runtime.instrumentation.EvoClassLoader - Keeping class: org.springframework.boot.logging.AbstractLoggingSystem
08:38:26.091 [main] INFO org.evosuite.runtime.instrumentation.EvoClassLoader - Keeping class: org.springframework.boot.logging.Slf4JLoggingSystem
08:38:26.091 [main] INFO org.evosuite.runtime.instrumentation.EvoClassLoader - Keeping class: org.springframework.boot.logging.logback.LogbackLoggingSystem
08:38:26.095 [main] INFO org.evosuite.runtime.instrumentation.EvoClassLoader - Seeing class for first time: org.springframework.boot.logging.logback.LogbackLoggingSystem$1
08:38:26.095 [main] INFO org.evosuite.runtime.instrumentation.EvoClassLoader - Instrumenting class 'org.springframework.boot.logging.logback.LogbackLoggingSystem$1'.
08:38:26.095 [main] INFO org.evosuite.runtime.instrumentation.MethodCallReplacementClassAdapter - Adding mock interface to class org/springframework/boot/logging/logback/LogbackLoggingSystem$1
08:38:26.095 [main] INFO org.evosuite.runtime.instrumentation.EvoClassLoader - Keeping class: org.springframework.boot.logging.logback.LogbackLoggingSystem$1
08:38:26.099 [main] INFO org.evosuite.runtime.instrumentation.EvoClassLoader - Seeing class for first time: org.springframework.boot.logging.logback.SpringBootJoranConfigurator
08:38:26.099 [main] INFO org.evosuite.runtime.instrumentation.EvoClassLoader - Instrumenting class 'org.springframework.boot.logging.logback.SpringBootJoranConfigurator'.
08:38:26.099 [main] INFO org.evosuite.runtime.instrumentation.MethodCallReplacementClassAdapter - Adding mock interface to class org/springframework/boot/logging/logback/SpringBootJoranConfigurator
08:38:26.099 [main] INFO org.evosuite.runtime.instrumentation.CreateClassResetClassAdapter - Creating brand-new static initializer in class org/springframework/boot/logging/logback/SpringBootJoranConfigurator
08:38:26.103 [main] INFO org.evosuite.runtime.instrumentation.EvoClassLoader - Keeping class: org.springframework.boot.logging.logback.SpringBootJoranConfigurator
08:38:26.103 [main] INFO org.evosuite.runtime.instrumentation.EvoClassLoader - Seeing class for first time: org.springframework.boot.logging.LoggerConfigurationComparator
08:38:26.103 [main] INFO org.evosuite.runtime.instrumentation.EvoClassLoader - Instrumenting class 'org.springframework.boot.logging.LoggerConfigurationComparator'.
08:38:26.103 [main] INFO org.evosuite.runtime.instrumentation.MethodCallReplacementClassAdapter - Adding mock interface to class org/springframework/boot/logging/LoggerConfigurationComparator
08:38:26.103 [main] INFO org.evosuite.runtime.instrumentation.CreateClassResetClassAdapter - Creating brand-new static initializer in class org/springframework/boot/logging/LoggerConfigurationComparator
08:38:26.103 [main] INFO org.evosuite.runtime.instrumentation.EvoClassLoader - Keeping class: org.springframework.boot.logging.LoggerConfigurationComparator
08:38:26.107 [main] INFO org.evosuite.runtime.instrumentation.EvoClassLoader - Seeing class for first time: org.springframework.boot.logging.AbstractLoggingSystem$LogLevels
08:38:26.107 [main] INFO org.evosuite.runtime.instrumentation.EvoClassLoader - Instrumenting class 'org.springframework.boot.logging.AbstractLoggingSystem$LogLevels'.
08:38:26.107 [main] INFO org.evosuite.runtime.instrumentation.MethodCallReplacementClassAdapter - Adding mock interface to class org/springframework/boot/logging/AbstractLoggingSystem$LogLevels
08:38:26.107 [main] INFO org.evosuite.runtime.instrumentation.CreateClassResetClassAdapter - Creating brand-new static initializer in class org/springframework/boot/logging/AbstractLoggingSystem$LogLevels
08:38:26.107 [main] INFO org.evosuite.runtime.instrumentation.EvoClassLoader - Keeping class: org.springframework.boot.logging.AbstractLoggingSystem$LogLevels
08:38:26.111 [main] INFO org.evosuite.runtime.instrumentation.EvoClassLoader - Seeing class for first time: org.springframework.beans.factory.xml.BeanDefinitionDocumentReader
08:38:26.111 [main] INFO org.evosuite.runtime.instrumentation.EvoClassLoader - Instrumenting class 'org.springframework.beans.factory.xml.BeanDefinitionDocumentReader'.
08:38:26.111 [main] INFO org.evosuite.runtime.instrumentation.EvoClassLoader - Keeping class: org.springframework.beans.factory.xml.BeanDefinitionDocumentReader
08:38:26.111 [main] INFO org.evosuite.runtime.instrumentation.EvoClassLoader - Seeing class for first time: org.springframework.dao.NonTransientDataAccessException
08:38:26.111 [main] INFO org.evosuite.runtime.instrumentation.EvoClassLoader - Instrumenting class 'org.springframework.dao.NonTransientDataAccessException'.
08:38:26.115 [main] INFO org.evosuite.runtime.instrumentation.EvoClassLoader - Error while loading class: java.lang.ClassNotFoundException: Class 'org/springframework/dao/NonTransientDataAccessException.class' should be in target project, but could not be found!
08:38:26.115 [main] ERROR org.evosuite.runtime.classhandling.ClassStateSupport - Could not initialize org.springframework.dao.NonTransientDataAccessException: Class 'org/springframework/dao/NonTransientDataAccessException.class' should be in target project, but could not be found!
08:38:26.115 [main] INFO org.evosuite.runtime.instrumentation.EvoClassLoader - Seeing class for first time: org.springframework.context.expression.BeanFactoryAccessor
08:38:26.115 [main] INFO org.evosuite.runtime.instrumentation.EvoClassLoader - Instrumenting class 'org.springframework.context.expression.BeanFactoryAccessor'.
08:38:26.119 [main] INFO org.evosuite.runtime.instrumentation.MethodCallReplacementClassAdapter - Adding mock interface to class org/springframework/context/expression/BeanFactoryAccessor
08:38:26.119 [main] INFO org.evosuite.runtime.instrumentation.CreateClassResetClassAdapter - Creating brand-new static initializer in class org/springframework/context/expression/BeanFactoryAccessor
08:38:26.119 [main] INFO org.evosuite.runtime.instrumentation.EvoClassLoader - Keeping class: org.springframework.context.expression.BeanFactoryAccessor
08:38:26.119 [main] INFO org.evosuite.runtime.instrumentation.EvoClassLoader - Seeing class for first time: org.springframework.util.PropertyPlaceholderHelper
08:38:26.119 [main] INFO org.evosuite.runtime.instrumentation.EvoClassLoader - Instrumenting class 'org.springframework.util.PropertyPlaceholderHelper'.
08:38:26.119 [main] INFO org.evosuite.runtime.instrumentation.MethodCallReplacementClassAdapter - Adding mock interface to class org/springframework/util/PropertyPlaceholderHelper
08:38:26.123 [main] INFO org.evosuite.runtime.instrumentation.CreateClassResetClassAdapter - Found static initializer in class org/springframework/util/PropertyPlaceholderHelper
08:38:26.123 [main] INFO org.evosuite.runtime.instrumentation.EvoClassLoader - Keeping class: org.springframework.util.PropertyPlaceholderHelper
08:38:26.123 [main] INFO org.evosuite.runtime.instrumentation.EvoClassLoader - Seeing class for first time: org.springframework.core.convert.support.ArrayToObjectConverter
08:38:26.123 [main] INFO org.evosuite.runtime.instrumentation.EvoClassLoader - Instrumenting class 'org.springframework.core.convert.support.ArrayToObjectConverter'.
08:38:26.123 [main] INFO org.evosuite.runtime.instrumentation.MethodCallReplacementClassAdapter - Adding mock interface to class org/springframework/core/convert/support/ArrayToObjectConverter
08:38:26.127 [main] INFO org.evosuite.runtime.instrumentation.CreateClassResetClassAdapter - Creating brand-new static initializer in class org/springframework/core/convert/support/ArrayToObjectConverter
08:38:26.127 [main] INFO org.evosuite.runtime.instrumentation.EvoClassLoader - Keeping class: org.springframework.core.convert.support.ArrayToObjectConverter
08:38:26.127 [main] INFO org.evosuite.runtime.instrumentation.EvoClassLoader - Seeing class for first time: org.springframework.format.support.FormattingConversionService$ParserConverter
08:38:26.127 [main] INFO org.evosuite.runtime.instrumentation.EvoClassLoader - Instrumenting class 'org.springframework.format.support.FormattingConversionService$ParserConverter'.
08:38:26.127 [main] INFO org.evosuite.runtime.instrumentation.MethodCallReplacementClassAdapter - Adding mock interface to class org/springframework/format/support/FormattingConversionService$ParserConverter
08:38:26.131 [main] INFO org.evosuite.runtime.instrumentation.CreateClassResetClassAdapter - Creating brand-new static initializer in class org/springframework/format/support/FormattingConversionService$ParserConverter
08:38:26.131 [main] INFO org.evosuite.runtime.instrumentation.EvoClassLoader - Keeping class: org.springframework.format.support.FormattingConversionService$ParserConverter
08:38:26.131 [main] INFO org.evosuite.runtime.instrumentation.EvoClassLoader - Seeing class for first time: org.springframework.beans.factory.annotation.InjectionMetadata
08:38:26.131 [main] INFO org.evosuite.runtime.instrumentation.EvoClassLoader - Instrumenting class 'org.springframework.beans.factory.annotation.InjectionMetadata'.
08:38:26.131 [main] INFO org.evosuite.runtime.instrumentation.MethodCallReplacementClassAdapter - Adding mock interface to class org/springframework/beans/factory/annotation/InjectionMetadata
08:38:26.135 [main] INFO org.evosuite.runtime.instrumentation.CreateClassResetClassAdapter - Found static initializer in class org/springframework/beans/factory/annotation/InjectionMetadata
08:38:26.135 [main] INFO org.evosuite.runtime.instrumentation.EvoClassLoader - Keeping class: org.springframework.beans.factory.annotation.InjectionMetadata
08:38:26.135 [main] INFO org.evosuite.runtime.instrumentation.EvoClassLoader - Seeing class for first time: org.springframework.boot.SpringApplicationBannerPrinter$PrintedBanner
08:38:26.135 [main] INFO org.evosuite.runtime.instrumentation.EvoClassLoader - Instrumenting class 'org.springframework.boot.SpringApplicationBannerPrinter$PrintedBanner'.
08:38:26.135 [main] INFO org.evosuite.runtime.instrumentation.MethodCallReplacementClassAdapter - Adding mock interface to class org/springframework/boot/SpringApplicationBannerPrinter$PrintedBanner
08:38:26.135 [main] INFO org.evosuite.runtime.instrumentation.CreateClassResetClassAdapter - Creating brand-new static initializer in class org/springframework/boot/SpringApplicationBannerPrinter$PrintedBanner
08:38:26.135 [main] INFO org.evosuite.runtime.instrumentation.EvoClassLoader - Keeping class: org.springframework.boot.SpringApplicationBannerPrinter$PrintedBanner
08:38:26.135 [main] INFO org.evosuite.runtime.instrumentation.EvoClassLoader - Seeing class for first time: org.springframework.core.annotation.AnnotationUtils
08:38:26.135 [main] INFO org.evosuite.runtime.instrumentation.EvoClassLoader - Instrumenting class 'org.springframework.core.annotation.AnnotationUtils'.
08:38:26.139 [main] INFO org.evosuite.runtime.instrumentation.MethodCallReplacementClassAdapter - Adding mock interface to class org/springframework/core/annotation/AnnotationUtils
08:38:26.151 [main] INFO org.evosuite.runtime.instrumentation.CreateClassResetClassAdapter - Found static initializer in class org/springframework/core/annotation/AnnotationUtils
08:38:26.155 [main] INFO org.evosuite.runtime.instrumentation.EvoClassLoader - Keeping class: org.springframework.core.annotation.AnnotationUtils
08:38:26.155 [main] INFO org.evosuite.runtime.instrumentation.EvoClassLoader - Seeing class for first time: org.springframework.core.annotation.AnnotationConfigurationException
08:38:26.155 [main] INFO org.evosuite.runtime.instrumentation.EvoClassLoader - Instrumenting class 'org.springframework.core.annotation.AnnotationConfigurationException'.
08:38:26.159 [main] INFO org.evosuite.runtime.instrumentation.MethodCallReplacementClassAdapter - Adding mock interface to class org/springframework/core/annotation/AnnotationConfigurationException
08:38:26.159 [main] INFO org.evosuite.runtime.instrumentation.CreateClassResetClassAdapter - Creating brand-new static initializer in class org/springframework/core/annotation/AnnotationConfigurationException
08:38:26.159 [main] INFO org.evosuite.runtime.instrumentation.EvoClassLoader - Keeping class: org.springframework.core.annotation.AnnotationConfigurationException
08:38:26.159 [main] INFO org.evosuite.runtime.instrumentation.EvoClassLoader - Seeing class for first time: org.springframework.util.StopWatch
08:38:26.159 [main] INFO org.evosuite.runtime.instrumentation.EvoClassLoader - Instrumenting class 'org.springframework.util.StopWatch'.
08:38:26.163 [main] INFO org.evosuite.runtime.instrumentation.MethodCallReplacementClassAdapter - Adding mock interface to class org/springframework/util/StopWatch
08:38:26.163 [main] INFO org.evosuite.runtime.instrumentation.CreateClassResetClassAdapter - Creating brand-new static initializer in class org/springframework/util/StopWatch
08:38:26.167 [main] INFO org.evosuite.runtime.instrumentation.EvoClassLoader - Keeping class: org.springframework.util.StopWatch
08:38:26.167 [main] INFO org.evosuite.runtime.instrumentation.EvoClassLoader - Seeing class for first time: org.springframework.boot.autoconfigure.AutoConfigurationImportSelector$AutoConfigurationGroup
08:38:26.167 [main] INFO org.evosuite.runtime.instrumentation.EvoClassLoader - Instrumenting class 'org.springframework.boot.autoconfigure.AutoConfigurationImportSelector$AutoConfigurationGroup'.
08:38:26.167 [main] INFO org.evosuite.runtime.instrumentation.MethodCallReplacementClassAdapter - Adding mock interface to class org/springframework/boot/autoconfigure/AutoConfigurationImportSelector$AutoConfigurationGroup
08:38:26.167 [main] INFO org.evosuite.runtime.instrumentation.CreateClassResetClassAdapter - Creating brand-new static initializer in class org/springframework/boot/autoconfigure/AutoConfigurationImportSelector$AutoConfigurationGroup
08:38:26.167 [main] INFO org.evosuite.runtime.instrumentation.EvoClassLoader - Seeing class for first time: org.springframework.context.annotation.DeferredImportSelector$Group
08:38:26.167 [main] INFO org.evosuite.runtime.instrumentation.EvoClassLoader - Instrumenting class 'org.springframework.context.annotation.DeferredImportSelector$Group'.
08:38:26.171 [main] INFO org.evosuite.runtime.instrumentation.EvoClassLoader - Keeping class: org.springframework.context.annotation.DeferredImportSelector$Group
08:38:26.171 [main] INFO org.evosuite.runtime.instrumentation.EvoClassLoader - Keeping class: org.springframework.boot.autoconfigure.AutoConfigurationImportSelector$AutoConfigurationGroup
08:38:26.171 [main] INFO org.evosuite.runtime.instrumentation.EvoClassLoader - Seeing class for first time: org.springframework.core.annotation.AnnotatedElementUtils$SimpleAnnotationProcessor
08:38:26.171 [main] INFO org.evosuite.runtime.instrumentation.EvoClassLoader - Instrumenting class 'org.springframework.core.annotation.AnnotatedElementUtils$SimpleAnnotationProcessor'.
08:38:26.171 [main] INFO org.evosuite.runtime.instrumentation.MethodCallReplacementClassAdapter - Adding mock interface to class org/springframework/core/annotation/AnnotatedElementUtils$SimpleAnnotationProcessor
08:38:26.175 [main] INFO org.evosuite.runtime.instrumentation.CreateClassResetClassAdapter - Creating brand-new static initializer in class org/springframework/core/annotation/AnnotatedElementUtils$SimpleAnnotationProcessor
08:38:26.175 [main] INFO org.evosuite.runtime.instrumentation.EvoClassLoader - Keeping class: org.springframework.core.annotation.AnnotatedElementUtils$SimpleAnnotationProcessor
08:38:26.175 [main] INFO org.evosuite.runtime.instrumentation.EvoClassLoader - Seeing class for first time: org.springframework.boot.context.properties.bind.BindConverter$CompositeConversionService
08:38:26.175 [main] INFO org.evosuite.runtime.instrumentation.EvoClassLoader - Instrumenting class 'org.springframework.boot.context.properties.bind.BindConverter$CompositeConversionService'.
08:38:26.175 [main] INFO org.evosuite.runtime.instrumentation.MethodCallReplacementClassAdapter - Adding mock interface to class org/springframework/boot/context/properties/bind/BindConverter$CompositeConversionService
08:38:26.179 [main] INFO org.evosuite.runtime.instrumentation.CreateClassResetClassAdapter - Creating brand-new static initializer in class org/springframework/boot/context/properties/bind/BindConverter$CompositeConversionService
08:38:26.179 [main] INFO org.evosuite.runtime.instrumentation.EvoClassLoader - Keeping class: org.springframework.boot.context.properties.bind.BindConverter$CompositeConversionService
08:38:26.179 [main] INFO org.evosuite.runtime.instrumentation.EvoClassLoader - Seeing class for first time: org.springframework.beans.BeanMetadataAttribute
08:38:26.179 [main] INFO org.evosuite.runtime.instrumentation.EvoClassLoader - Instrumenting class 'org.springframework.beans.BeanMetadataAttribute'.
08:38:26.183 [main] INFO org.evosuite.runtime.instrumentation.MethodCallReplacementClassAdapter - Adding mock interface to class org/springframework/beans/BeanMetadataAttribute
08:38:26.183 [main] INFO org.evosuite.runtime.instrumentation.CreateClassResetClassAdapter - Creating brand-new static initializer in class org/springframework/beans/BeanMetadataAttribute
08:38:26.183 [main] INFO org.evosuite.runtime.instrumentation.EvoClassLoader - Keeping class: org.springframework.beans.BeanMetadataAttribute
08:38:26.183 [main] INFO org.evosuite.runtime.instrumentation.EvoClassLoader - Seeing class for first time: org.springframework.boot.autoconfigure.jdbc.HikariDriverConfigurationFailureAnalyzer
08:38:26.183 [main] INFO org.evosuite.runtime.instrumentation.EvoClassLoader - Instrumenting class 'org.springframework.boot.autoconfigure.jdbc.HikariDriverConfigurationFailureAnalyzer'.
08:38:26.187 [main] INFO org.evosuite.runtime.instrumentation.MethodCallReplacementClassAdapter - Adding mock interface to class org/springframework/boot/autoconfigure/jdbc/HikariDriverConfigurationFailureAnalyzer
08:38:26.187 [main] INFO org.evosuite.runtime.instrumentation.CreateClassResetClassAdapter - Creating brand-new static initializer in class org/springframework/boot/autoconfigure/jdbc/HikariDriverConfigurationFailureAnalyzer
08:38:26.187 [main] INFO org.evosuite.runtime.instrumentation.CreateClassResetClassAdapter - Adding bytecode for initializing field EXPECTED_MESSAGE
08:38:26.187 [main] INFO org.evosuite.runtime.instrumentation.EvoClassLoader - Keeping class: org.springframework.boot.autoconfigure.jdbc.HikariDriverConfigurationFailureAnalyzer
08:38:26.187 [main] INFO org.evosuite.runtime.instrumentation.EvoClassLoader - Seeing class for first time: org.springframework.jdbc.CannotGetJdbcConnectionException
08:38:26.187 [main] INFO org.evosuite.runtime.instrumentation.EvoClassLoader - Instrumenting class 'org.springframework.jdbc.CannotGetJdbcConnectionException'.
08:38:26.187 [main] INFO org.evosuite.runtime.instrumentation.EvoClassLoader - Error while loading class: java.lang.ClassNotFoundException: Class 'org/springframework/jdbc/CannotGetJdbcConnectionException.class' should be in target project, but could not be found!
08:38:26.187 [main] ERROR org.evosuite.runtime.classhandling.ClassStateSupport - Could not initialize org.springframework.boot.autoconfigure.jdbc.HikariDriverConfigurationFailureAnalyzer: org/springframework/jdbc/CannotGetJdbcConnectionException
08:38:26.187 [main] INFO org.evosuite.runtime.instrumentation.EvoClassLoader - Seeing class for first time: org.springframework.stereotype.Indexed
08:38:26.187 [main] INFO org.evosuite.runtime.instrumentation.EvoClassLoader - Instrumenting class 'org.springframework.stereotype.Indexed'.
08:38:26.187 [main] INFO org.evosuite.runtime.instrumentation.EvoClassLoader - Keeping class: org.springframework.stereotype.Indexed
08:38:26.191 [main] INFO org.evosuite.runtime.instrumentation.EvoClassLoader - Seeing class for first time: org.springframework.lang.Nullable
08:38:26.191 [main] INFO org.evosuite.runtime.instrumentation.EvoClassLoader - Instrumenting class 'org.springframework.lang.Nullable'.
08:38:26.191 [main] INFO org.evosuite.runtime.instrumentation.EvoClassLoader - Defined package (3): package org.springframework.lang, -1869761547
08:38:26.191 [main] INFO org.evosuite.runtime.instrumentation.EvoClassLoader - Keeping class: org.springframework.lang.Nullable
08:38:26.191 [main] INFO org.evosuite.runtime.instrumentation.EvoClassLoader - Seeing class for first time: org.springframework.boot.context.properties.bind.BindHandler
08:38:26.191 [main] INFO org.evosuite.runtime.instrumentation.EvoClassLoader - Instrumenting class 'org.springframework.boot.context.properties.bind.BindHandler'.
08:38:26.195 [main] INFO org.evosuite.runtime.instrumentation.EvoClassLoader - Keeping class: org.springframework.boot.context.properties.bind.BindHandler
08:38:26.195 [main] INFO org.evosuite.runtime.instrumentation.EvoClassLoader - Seeing class for first time: org.springframework.boot.context.properties.bind.BindHandler$1
08:38:26.195 [main] INFO org.evosuite.runtime.instrumentation.EvoClassLoader - Instrumenting class 'org.springframework.boot.context.properties.bind.BindHandler$1'.
08:38:26.195 [main] INFO org.evosuite.runtime.instrumentation.MethodCallReplacementClassAdapter - Adding mock interface to class org/springframework/boot/context/properties/bind/BindHandler$1
08:38:26.195 [main] INFO org.evosuite.runtime.instrumentation.EvoClassLoader - Keeping class: org.springframework.boot.context.properties.bind.BindHandler$1
08:38:26.195 [main] INFO org.evosuite.runtime.instrumentation.EvoClassLoader - Seeing class for first time: org.springframework.format.support.FormattingConversionService$AnnotationParserConverter
08:38:26.195 [main] INFO org.evosuite.runtime.instrumentation.EvoClassLoader - Instrumenting class 'org.springframework.format.support.FormattingConversionService$AnnotationParserConverter'.
08:38:26.199 [main] INFO org.evosuite.runtime.instrumentation.MethodCallReplacementClassAdapter - Adding mock interface to class org/springframework/format/support/FormattingConversionService$AnnotationParserConverter
08:38:26.203 [main] INFO org.evosuite.runtime.instrumentation.CreateClassResetClassAdapter - Creating brand-new static initializer in class org/springframework/format/support/FormattingConversionService$AnnotationParserConverter
08:38:26.203 [main] INFO org.evosuite.runtime.instrumentation.EvoClassLoader - Keeping class: org.springframework.format.support.FormattingConversionService$AnnotationParserConverter
08:38:26.203 [main] INFO org.evosuite.runtime.instrumentation.EvoClassLoader - Seeing class for first time: org.springframework.beans.factory.annotation.AnnotatedGenericBeanDefinition
08:38:26.203 [main] INFO org.evosuite.runtime.instrumentation.EvoClassLoader - Instrumenting class 'org.springframework.beans.factory.annotation.AnnotatedGenericBeanDefinition'.
08:38:26.207 [main] INFO org.evosuite.runtime.instrumentation.MethodCallReplacementClassAdapter - Adding mock interface to class org/springframework/beans/factory/annotation/AnnotatedGenericBeanDefinition
08:38:26.207 [main] INFO org.evosuite.runtime.instrumentation.CreateClassResetClassAdapter - Creating brand-new static initializer in class org/springframework/beans/factory/annotation/AnnotatedGenericBeanDefinition
08:38:26.207 [main] INFO org.evosuite.runtime.instrumentation.EvoClassLoader - Keeping class: org.springframework.beans.factory.annotation.AnnotatedGenericBeanDefinition
08:38:26.207 [main] INFO org.evosuite.runtime.instrumentation.EvoClassLoader - Seeing class for first time: org.springframework.expression.spel.support.StandardTypeLocator
08:38:26.207 [main] INFO org.evosuite.runtime.instrumentation.EvoClassLoader - Instrumenting class 'org.springframework.expression.spel.support.StandardTypeLocator'.
08:38:26.211 [main] INFO org.evosuite.runtime.instrumentation.MethodCallReplacementClassAdapter - Adding mock interface to class org/springframework/expression/spel/support/StandardTypeLocator
08:38:26.211 [main] INFO org.evosuite.runtime.instrumentation.CreateClassResetClassAdapter - Creating brand-new static initializer in class org/springframework/expression/spel/support/StandardTypeLocator
08:38:26.211 [main] INFO org.evosuite.runtime.instrumentation.EvoClassLoader - Keeping class: org.springframework.expression.spel.support.StandardTypeLocator
08:38:26.211 [main] INFO org.evosuite.runtime.instrumentation.EvoClassLoader - Seeing class for first time: org.springframework.core.DecoratingProxy
08:38:26.211 [main] INFO org.evosuite.runtime.instrumentation.EvoClassLoader - Instrumenting class 'org.springframework.core.DecoratingProxy'.
08:38:26.211 [main] INFO org.evosuite.runtime.instrumentation.EvoClassLoader - Keeping class: org.springframework.core.DecoratingProxy
08:38:26.211 [main] INFO org.evosuite.runtime.instrumentation.EvoClassLoader - Seeing class for first time: org.springframework.format.datetime.standard.PeriodFormatter
08:38:26.211 [main] INFO org.evosuite.runtime.instrumentation.EvoClassLoader - Instrumenting class 'org.springframework.format.datetime.standard.PeriodFormatter'.
08:38:26.215 [main] INFO org.evosuite.runtime.instrumentation.MethodCallReplacementClassAdapter - Adding mock interface to class org/springframework/format/datetime/standard/PeriodFormatter
08:38:26.215 [main] INFO org.evosuite.runtime.instrumentation.CreateClassResetClassAdapter - Creating brand-new static initializer in class org/springframework/format/datetime/standard/PeriodFormatter
08:38:26.215 [main] INFO org.evosuite.runtime.instrumentation.EvoClassLoader - Keeping class: org.springframework.format.datetime.standard.PeriodFormatter
08:38:26.215 [main] INFO org.evosuite.runtime.instrumentation.EvoClassLoader - Seeing class for first time: org.springframework.boot.env.RandomValuePropertySource
08:38:26.215 [main] INFO org.evosuite.runtime.instrumentation.EvoClassLoader - Instrumenting class 'org.springframework.boot.env.RandomValuePropertySource'.
08:38:26.219 [main] INFO org.evosuite.runtime.instrumentation.MethodCallReplacementClassAdapter - Adding mock interface to class org/springframework/boot/env/RandomValuePropertySource
08:38:26.223 [main] INFO org.evosuite.runtime.instrumentation.CreateClassResetClassAdapter - Found static initializer in class org/springframework/boot/env/RandomValuePropertySource
08:38:26.223 [main] INFO org.evosuite.runtime.instrumentation.EvoClassLoader - Keeping class: org.springframework.boot.env.RandomValuePropertySource
08:38:26.223 [main] INFO org.evosuite.runtime.instrumentation.EvoClassLoader - Seeing class for first time: org.springframework.context.annotation.ComponentScanAnnotationParser$2
08:38:26.223 [main] INFO org.evosuite.runtime.instrumentation.EvoClassLoader - Instrumenting class 'org.springframework.context.annotation.ComponentScanAnnotationParser$2'.
08:38:26.227 [main] INFO org.evosuite.runtime.instrumentation.MethodCallReplacementClassAdapter - Adding mock interface to class org/springframework/context/annotation/ComponentScanAnnotationParser$2
08:38:26.227 [main] INFO org.evosuite.runtime.instrumentation.EvoClassLoader - Keeping class: org.springframework.context.annotation.ComponentScanAnnotationParser$2
08:38:26.227 [main] INFO org.evosuite.runtime.instrumentation.EvoClassLoader - Seeing class for first time: org.springframework.context.annotation.ComponentScanAnnotationParser$1
08:38:26.227 [main] INFO org.evosuite.runtime.instrumentation.EvoClassLoader - Instrumenting class 'org.springframework.context.annotation.ComponentScanAnnotationParser$1'.
08:38:26.227 [main] INFO org.evosuite.runtime.instrumentation.MethodCallReplacementClassAdapter - Adding mock interface to class org/springframework/context/annotation/ComponentScanAnnotationParser$1
08:38:26.227 [main] INFO org.evosuite.runtime.instrumentation.EvoClassLoader - Keeping class: org.springframework.context.annotation.ComponentScanAnnotationParser$1
08:38:26.227 [main] INFO org.evosuite.runtime.instrumentation.EvoClassLoader - Seeing class for first time: org.springframework.expression.spel.support.ReflectivePropertyAccessor
08:38:26.227 [main] INFO org.evosuite.runtime.instrumentation.EvoClassLoader - Instrumenting class 'org.springframework.expression.spel.support.ReflectivePropertyAccessor'.
08:38:26.231 [main] INFO org.evosuite.runtime.instrumentation.MethodCallReplacementClassAdapter - Adding mock interface to class org/springframework/expression/spel/support/ReflectivePropertyAccessor
08:38:26.235 [main] INFO org.evosuite.runtime.instrumentation.CreateClassResetClassAdapter - Found static initializer in class org/springframework/expression/spel/support/ReflectivePropertyAccessor
08:38:26.239 [main] INFO org.evosuite.runtime.instrumentation.EvoClassLoader - Keeping class: org.springframework.expression.spel.support.ReflectivePropertyAccessor
08:38:26.239 [main] INFO org.evosuite.runtime.instrumentation.EvoClassLoader - Seeing class for first time: org.springframework.boot.context.event.ApplicationPreparedEvent
08:38:26.239 [main] INFO org.evosuite.runtime.instrumentation.EvoClassLoader - Instrumenting class 'org.springframework.boot.context.event.ApplicationPreparedEvent'.
08:38:26.243 [main] INFO org.evosuite.runtime.instrumentation.MethodCallReplacementClassAdapter - Adding mock interface to class org/springframework/boot/context/event/ApplicationPreparedEvent
08:38:26.243 [main] INFO org.evosuite.runtime.instrumentation.CreateClassResetClassAdapter - Creating brand-new static initializer in class org/springframework/boot/context/event/ApplicationPreparedEvent
08:38:26.243 [main] INFO org.evosuite.runtime.instrumentation.EvoClassLoader - Keeping class: org.springframework.boot.context.event.ApplicationPreparedEvent
08:38:26.243 [main] INFO org.evosuite.runtime.instrumentation.EvoClassLoader - Seeing class for first time: org.springframework.context.annotation.ComponentScan$Filter
08:38:26.243 [main] INFO org.evosuite.runtime.instrumentation.EvoClassLoader - Instrumenting class 'org.springframework.context.annotation.ComponentScan$Filter'.
08:38:26.247 [main] INFO org.evosuite.runtime.instrumentation.EvoClassLoader - Keeping class: org.springframework.context.annotation.ComponentScan$Filter
08:38:26.247 [main] INFO org.evosuite.runtime.instrumentation.EvoClassLoader - Seeing class for first time: org.springframework.format.datetime.standard.DateTimeConverters
08:38:26.247 [main] INFO org.evosuite.runtime.instrumentation.EvoClassLoader - Instrumenting class 'org.springframework.format.datetime.standard.DateTimeConverters'.
08:38:26.251 [main] INFO org.evosuite.runtime.instrumentation.MethodCallReplacementClassAdapter - Adding mock interface to class org/springframework/format/datetime/standard/DateTimeConverters
08:38:26.251 [main] INFO org.evosuite.runtime.instrumentation.CreateClassResetClassAdapter - Creating brand-new static initializer in class org/springframework/format/datetime/standard/DateTimeConverters
08:38:26.251 [main] INFO org.evosuite.runtime.instrumentation.EvoClassLoader - Keeping class: org.springframework.format.datetime.standard.DateTimeConverters
08:38:26.251 [main] INFO org.evosuite.runtime.instrumentation.EvoClassLoader - Seeing class for first time: org.springframework.web.client.RestTemplate
08:38:26.251 [main] INFO org.evosuite.runtime.instrumentation.EvoClassLoader - Instrumenting class 'org.springframework.web.client.RestTemplate'.
08:38:26.255 [main] INFO org.evosuite.runtime.instrumentation.MethodCallReplacementClassAdapter - Adding mock interface to class org/springframework/web/client/RestTemplate
08:38:26.263 [main] INFO org.evosuite.runtime.instrumentation.CreateClassResetClassAdapter - Found static initializer in class org/springframework/web/client/RestTemplate
08:38:26.263 [main] INFO org.evosuite.runtime.instrumentation.EvoClassLoader - Defined package (3): package org.springframework.web.client, -1475516308
08:38:26.267 [main] INFO org.evosuite.runtime.instrumentation.EvoClassLoader - Seeing class for first time: org.springframework.web.client.RestOperations
08:38:26.267 [main] INFO org.evosuite.runtime.instrumentation.EvoClassLoader - Instrumenting class 'org.springframework.web.client.RestOperations'.
08:38:26.271 [main] INFO org.evosuite.runtime.instrumentation.EvoClassLoader - Keeping class: org.springframework.web.client.RestOperations
08:38:26.271 [main] INFO org.evosuite.runtime.instrumentation.EvoClassLoader - Keeping class: org.springframework.web.client.RestTemplate
08:38:26.271 [main] INFO org.evosuite.runtime.instrumentation.EvoClassLoader - Seeing class for first time: org.springframework.web.client.ResponseErrorHandler
08:38:26.271 [main] INFO org.evosuite.runtime.instrumentation.EvoClassLoader - Instrumenting class 'org.springframework.web.client.ResponseErrorHandler'.
08:38:26.271 [main] INFO org.evosuite.runtime.instrumentation.EvoClassLoader - Keeping class: org.springframework.web.client.ResponseErrorHandler
08:38:26.271 [main] INFO org.evosuite.runtime.instrumentation.EvoClassLoader - Seeing class for first time: org.springframework.web.client.ResponseExtractor
08:38:26.275 [main] INFO org.evosuite.runtime.instrumentation.EvoClassLoader - Instrumenting class 'org.springframework.web.client.ResponseExtractor'.
08:38:26.275 [main] INFO org.evosuite.runtime.instrumentation.EvoClassLoader - Keeping class: org.springframework.web.client.ResponseExtractor
08:38:26.275 [main] INFO org.evosuite.runtime.instrumentation.EvoClassLoader - Seeing class for first time: org.springframework.web.util.UriTemplateHandler
08:38:26.275 [main] INFO org.evosuite.runtime.instrumentation.EvoClassLoader - Instrumenting class 'org.springframework.web.util.UriTemplateHandler'.
08:38:26.279 [main] INFO org.evosuite.runtime.instrumentation.EvoClassLoader - Keeping class: org.springframework.web.util.UriTemplateHandler
08:38:26.279 [main] INFO org.evosuite.runtime.instrumentation.EvoClassLoader - Seeing class for first time: org.springframework.web.client.RequestCallback
08:38:26.279 [main] INFO org.evosuite.runtime.instrumentation.EvoClassLoader - Instrumenting class 'org.springframework.web.client.RequestCallback'.
08:38:26.283 [main] INFO org.evosuite.runtime.instrumentation.EvoClassLoader - Keeping class: org.springframework.web.client.RequestCallback
08:38:26.283 [main] INFO org.evosuite.runtime.instrumentation.EvoClassLoader - Seeing class for first time: org.springframework.web.client.ResourceAccessException
08:38:26.283 [main] INFO org.evosuite.runtime.instrumentation.EvoClassLoader - Instrumenting class 'org.springframework.web.client.ResourceAccessException'.
08:38:26.287 [main] INFO org.evosuite.runtime.instrumentation.MethodCallReplacementClassAdapter - Adding mock interface to class org/springframework/web/client/ResourceAccessException
08:38:26.287 [main] INFO org.evosuite.runtime.instrumentation.CreateClassResetClassAdapter - Creating brand-new static initializer in class org/springframework/web/client/ResourceAccessException
08:38:26.287 [main] INFO org.evosuite.runtime.instrumentation.EvoClassLoader - Seeing class for first time: org.springframework.web.client.RestClientException
08:38:26.287 [main] INFO org.evosuite.runtime.instrumentation.EvoClassLoader - Instrumenting class 'org.springframework.web.client.RestClientException'.
08:38:26.287 [main] INFO org.evosuite.runtime.instrumentation.MethodCallReplacementClassAdapter - Adding mock interface to class org/springframework/web/client/RestClientException
08:38:26.287 [main] INFO org.evosuite.runtime.instrumentation.CreateClassResetClassAdapter - Creating brand-new static initializer in class org/springframework/web/client/RestClientException
08:38:26.287 [main] INFO org.evosuite.runtime.instrumentation.EvoClassLoader - Keeping class: org.springframework.web.client.RestClientException
08:38:26.287 [main] INFO org.evosuite.runtime.instrumentation.EvoClassLoader - Keeping class: org.springframework.web.client.ResourceAccessException
08:38:26.291 [main] INFO org.evosuite.runtime.instrumentation.EvoClassLoader - Seeing class for first time: com.rometools.rome.feed.WireFeed
08:38:26.291 [main] INFO org.evosuite.runtime.instrumentation.EvoClassLoader - Instrumenting class 'com.rometools.rome.feed.WireFeed'.
08:38:26.291 [main] INFO org.evosuite.runtime.instrumentation.EvoClassLoader - Error while loading class: java.lang.ClassNotFoundException: Class 'com/rometools/rome/feed/WireFeed.class' should be in target project, but could not be found!
08:38:26.291 [main] INFO org.evosuite.runtime.instrumentation.EvoClassLoader - Seeing class for first time: com.rometools.rome.feed$WireFeed
08:38:26.291 [main] INFO org.evosuite.runtime.instrumentation.EvoClassLoader - Instrumenting class 'com.rometools.rome.feed$WireFeed'.
08:38:26.295 [main] INFO org.evosuite.runtime.instrumentation.EvoClassLoader - Error while loading class: java.lang.ClassNotFoundException: Class 'com/rometools/rome/feed$WireFeed.class' should be in target project, but could not be found!
08:38:26.295 [main] INFO org.evosuite.runtime.instrumentation.EvoClassLoader - Seeing class for first time: com.fasterxml.jackson.databind.ObjectMapper
08:38:26.299 [main] INFO org.evosuite.runtime.instrumentation.EvoClassLoader - Instrumenting class 'com.fasterxml.jackson.databind.ObjectMapper'.
08:38:26.307 [main] INFO org.evosuite.runtime.instrumentation.MethodCallReplacementClassAdapter - Adding mock interface to class com/fasterxml/jackson/databind/ObjectMapper
08:38:26.359 [main] INFO org.evosuite.runtime.instrumentation.CreateClassResetClassAdapter - Found static initializer in class com/fasterxml/jackson/databind/ObjectMapper
08:38:26.359 [main] INFO org.evosuite.runtime.instrumentation.EvoClassLoader - Defined package (3): package com.fasterxml.jackson.databind, 1861367343
08:38:26.359 [main] INFO org.evosuite.runtime.instrumentation.EvoClassLoader - Seeing class for first time: com.fasterxml.jackson.core.Versioned
08:38:26.359 [main] INFO org.evosuite.runtime.instrumentation.EvoClassLoader - Instrumenting class 'com.fasterxml.jackson.core.Versioned'.
08:38:26.367 [main] INFO org.evosuite.runtime.instrumentation.EvoClassLoader - Defined package (3): package com.fasterxml.jackson.core, 1215208167
08:38:26.367 [main] INFO org.evosuite.runtime.instrumentation.EvoClassLoader - Keeping class: com.fasterxml.jackson.core.Versioned
08:38:26.367 [main] INFO org.evosuite.runtime.instrumentation.EvoClassLoader - Seeing class for first time: com.fasterxml.jackson.core.ObjectCodec
08:38:26.367 [main] INFO org.evosuite.runtime.instrumentation.EvoClassLoader - Instrumenting class 'com.fasterxml.jackson.core.ObjectCodec'.
08:38:26.371 [main] INFO org.evosuite.runtime.instrumentation.MethodCallReplacementClassAdapter - Adding mock interface to class com/fasterxml/jackson/core/ObjectCodec
08:38:26.371 [main] INFO org.evosuite.runtime.instrumentation.CreateClassResetClassAdapter - Creating brand-new static initializer in class com/fasterxml/jackson/core/ObjectCodec
08:38:26.371 [main] INFO org.evosuite.runtime.instrumentation.EvoClassLoader - Seeing class for first time: com.fasterxml.jackson.core.TreeCodec
08:38:26.371 [main] INFO org.evosuite.runtime.instrumentation.EvoClassLoader - Instrumenting class 'com.fasterxml.jackson.core.TreeCodec'.
08:38:26.375 [main] INFO org.evosuite.runtime.instrumentation.MethodCallReplacementClassAdapter - Adding mock interface to class com/fasterxml/jackson/core/TreeCodec
08:38:26.375 [main] INFO org.evosuite.runtime.instrumentation.CreateClassResetClassAdapter - Creating brand-new static initializer in class com/fasterxml/jackson/core/TreeCodec
08:38:26.375 [main] INFO org.evosuite.runtime.instrumentation.EvoClassLoader - Keeping class: com.fasterxml.jackson.core.TreeCodec
08:38:26.375 [main] INFO org.evosuite.runtime.instrumentation.EvoClassLoader - Keeping class: com.fasterxml.jackson.core.ObjectCodec
08:38:26.375 [main] INFO org.evosuite.runtime.instrumentation.EvoClassLoader - Keeping class: com.fasterxml.jackson.databind.ObjectMapper
08:38:26.375 [main] INFO org.evosuite.runtime.instrumentation.EvoClassLoader - Seeing class for first time: com.fasterxml.jackson.core.JsonGenerator
08:38:26.375 [main] INFO org.evosuite.runtime.instrumentation.EvoClassLoader - Instrumenting class 'com.fasterxml.jackson.core.JsonGenerator'.
08:38:26.379 [main] INFO org.evosuite.runtime.instrumentation.MethodCallReplacementClassAdapter - Adding mock interface to class com/fasterxml/jackson/core/JsonGenerator
08:38:26.387 [main] INFO org.evosuite.runtime.instrumentation.CreateClassResetClassAdapter - Creating brand-new static initializer in class com/fasterxml/jackson/core/JsonGenerator
08:38:26.387 [main] INFO org.evosuite.runtime.instrumentation.EvoClassLoader - Keeping class: com.fasterxml.jackson.core.JsonGenerator
08:38:26.391 [main] INFO org.evosuite.runtime.instrumentation.EvoClassLoader - Seeing class for first time: com.fasterxml.jackson.dataformat.xml.XmlMapper
08:38:26.391 [main] INFO org.evosuite.runtime.instrumentation.EvoClassLoader - Instrumenting class 'com.fasterxml.jackson.dataformat.xml.XmlMapper'.
08:38:26.391 [main] INFO org.evosuite.runtime.instrumentation.EvoClassLoader - Error while loading class: java.lang.ClassNotFoundException: Class 'com/fasterxml/jackson/dataformat/xml/XmlMapper.class' should be in target project, but could not be found!
08:38:26.391 [main] INFO org.evosuite.runtime.instrumentation.EvoClassLoader - Seeing class for first time: com.fasterxml.jackson.dataformat.xml$XmlMapper
08:38:26.391 [main] INFO org.evosuite.runtime.instrumentation.EvoClassLoader - Instrumenting class 'com.fasterxml.jackson.dataformat.xml$XmlMapper'.
08:38:26.395 [main] INFO org.evosuite.runtime.instrumentation.EvoClassLoader - Error while loading class: java.lang.ClassNotFoundException: Class 'com/fasterxml/jackson/dataformat/xml$XmlMapper.class' should be in target project, but could not be found!
08:38:26.395 [main] INFO org.evosuite.runtime.instrumentation.EvoClassLoader - Seeing class for first time: com.fasterxml.jackson.dataformat.smile.SmileFactory
08:38:26.395 [main] INFO org.evosuite.runtime.instrumentation.EvoClassLoader - Instrumenting class 'com.fasterxml.jackson.dataformat.smile.SmileFactory'.
08:38:26.395 [main] INFO org.evosuite.runtime.instrumentation.EvoClassLoader - Error while loading class: java.lang.ClassNotFoundException: Class 'com/fasterxml/jackson/dataformat/smile/SmileFactory.class' should be in target project, but could not be found!
08:38:26.395 [main] INFO org.evosuite.runtime.instrumentation.EvoClassLoader - Seeing class for first time: com.fasterxml.jackson.dataformat.smile$SmileFactory
08:38:26.395 [main] INFO org.evosuite.runtime.instrumentation.EvoClassLoader - Instrumenting class 'com.fasterxml.jackson.dataformat.smile$SmileFactory'.
08:38:26.399 [main] INFO org.evosuite.runtime.instrumentation.EvoClassLoader - Error while loading class: java.lang.ClassNotFoundException: Class 'com/fasterxml/jackson/dataformat/smile$SmileFactory.class' should be in target project, but could not be found!
08:38:26.399 [main] INFO org.evosuite.runtime.instrumentation.EvoClassLoader - Seeing class for first time: com.fasterxml.jackson.dataformat.cbor.CBORFactory
08:38:26.399 [main] INFO org.evosuite.runtime.instrumentation.EvoClassLoader - Instrumenting class 'com.fasterxml.jackson.dataformat.cbor.CBORFactory'.
08:38:26.403 [main] INFO org.evosuite.runtime.instrumentation.EvoClassLoader - Error while loading class: java.lang.ClassNotFoundException: Class 'com/fasterxml/jackson/dataformat/cbor/CBORFactory.class' should be in target project, but could not be found!
08:38:26.403 [main] INFO org.evosuite.runtime.instrumentation.EvoClassLoader - Seeing class for first time: com.fasterxml.jackson.dataformat.cbor$CBORFactory
08:38:26.403 [main] INFO org.evosuite.runtime.instrumentation.EvoClassLoader - Instrumenting class 'com.fasterxml.jackson.dataformat.cbor$CBORFactory'.
08:38:26.403 [main] INFO org.evosuite.runtime.instrumentation.EvoClassLoader - Error while loading class: java.lang.ClassNotFoundException: Class 'com/fasterxml/jackson/dataformat/cbor$CBORFactory.class' should be in target project, but could not be found!
08:38:26.403 [main] INFO org.evosuite.runtime.instrumentation.EvoClassLoader - Seeing class for first time: com.google.gson.Gson
08:38:26.403 [main] INFO org.evosuite.runtime.instrumentation.EvoClassLoader - Instrumenting class 'com.google.gson.Gson'.
08:38:26.407 [main] INFO org.evosuite.runtime.instrumentation.EvoClassLoader - Error while loading class: java.lang.ClassNotFoundException: Class 'com/google/gson/Gson.class' should be in target project, but could not be found!
08:38:26.407 [main] INFO org.evosuite.runtime.instrumentation.EvoClassLoader - Seeing class for first time: com.google.gson$Gson
08:38:26.407 [main] INFO org.evosuite.runtime.instrumentation.EvoClassLoader - Instrumenting class 'com.google.gson$Gson'.
08:38:26.407 [main] INFO org.evosuite.runtime.instrumentation.EvoClassLoader - Error while loading class: java.lang.ClassNotFoundException: Class 'com/google/gson$Gson.class' should be in target project, but could not be found!
08:38:26.411 [main] INFO org.evosuite.runtime.instrumentation.EvoClassLoader - Seeing class for first time: org.springframework.boot.web.servlet.context.ServletWebServerApplicationContext$ExistingWebApplicationScopes
08:38:26.411 [main] INFO org.evosuite.runtime.instrumentation.EvoClassLoader - Instrumenting class 'org.springframework.boot.web.servlet.context.ServletWebServerApplicationContext$ExistingWebApplicationScopes'.
08:38:26.415 [main] INFO org.evosuite.runtime.instrumentation.MethodCallReplacementClassAdapter - Adding mock interface to class org/springframework/boot/web/servlet/context/ServletWebServerApplicationContext$ExistingWebApplicationScopes
08:38:26.415 [main] INFO org.evosuite.runtime.instrumentation.CreateClassResetClassAdapter - Found static initializer in class org/springframework/boot/web/servlet/context/ServletWebServerApplicationContext$ExistingWebApplicationScopes
08:38:26.415 [main] INFO org.evosuite.runtime.instrumentation.EvoClassLoader - Keeping class: org.springframework.boot.web.servlet.context.ServletWebServerApplicationContext$ExistingWebApplicationScopes
08:38:26.415 [main] INFO org.evosuite.runtime.instrumentation.EvoClassLoader - Seeing class for first time: org.springframework.format.datetime.standard.DateTimeConverters$OffsetDateTimeToZonedDateTimeConverter
08:38:26.415 [main] INFO org.evosuite.runtime.instrumentation.EvoClassLoader - Instrumenting class 'org.springframework.format.datetime.standard.DateTimeConverters$OffsetDateTimeToZonedDateTimeConverter'.
08:38:26.419 [main] INFO org.evosuite.runtime.instrumentation.MethodCallReplacementClassAdapter - Adding mock interface to class org/springframework/format/datetime/standard/DateTimeConverters$OffsetDateTimeToZonedDateTimeConverter
08:38:26.419 [main] INFO org.evosuite.runtime.instrumentation.CreateClassResetClassAdapter - Creating brand-new static initializer in class org/springframework/format/datetime/standard/DateTimeConverters$OffsetDateTimeToZonedDateTimeConverter
08:38:26.419 [main] INFO org.evosuite.runtime.instrumentation.EvoClassLoader - Keeping class: org.springframework.format.datetime.standard.DateTimeConverters$OffsetDateTimeToZonedDateTimeConverter
08:38:26.419 [main] INFO org.evosuite.runtime.instrumentation.EvoClassLoader - Seeing class for first time: org.springframework.boot.diagnostics.analyzer.ValidationExceptionFailureAnalyzer
08:38:26.419 [main] INFO org.evosuite.runtime.instrumentation.EvoClassLoader - Instrumenting class 'org.springframework.boot.diagnostics.analyzer.ValidationExceptionFailureAnalyzer'.
08:38:26.423 [main] INFO org.evosuite.runtime.instrumentation.MethodCallReplacementClassAdapter - Adding mock interface to class org/springframework/boot/diagnostics/analyzer/ValidationExceptionFailureAnalyzer
08:38:26.423 [main] INFO org.evosuite.runtime.instrumentation.CreateClassResetClassAdapter - Creating brand-new static initializer in class org/springframework/boot/diagnostics/analyzer/ValidationExceptionFailureAnalyzer
08:38:26.423 [main] INFO org.evosuite.runtime.instrumentation.CreateClassResetClassAdapter - Adding bytecode for initializing field MISSING_IMPLEMENTATION_MESSAGE
08:38:26.423 [main] INFO org.evosuite.runtime.instrumentation.EvoClassLoader - Keeping class: org.springframework.boot.diagnostics.analyzer.ValidationExceptionFailureAnalyzer
08:38:26.427 [main] INFO org.evosuite.runtime.instrumentation.EvoClassLoader - Seeing class for first time: org.springframework.core.LocalVariableTableParameterNameDiscoverer
08:38:26.427 [main] INFO org.evosuite.runtime.instrumentation.EvoClassLoader - Instrumenting class 'org.springframework.core.LocalVariableTableParameterNameDiscoverer'.
08:38:26.431 [main] INFO org.evosuite.runtime.instrumentation.MethodCallReplacementClassAdapter - Adding mock interface to class org/springframework/core/LocalVariableTableParameterNameDiscoverer
08:38:26.431 [main] INFO org.evosuite.runtime.instrumentation.CreateClassResetClassAdapter - Found static initializer in class org/springframework/core/LocalVariableTableParameterNameDiscoverer
08:38:26.431 [main] INFO org.evosuite.runtime.instrumentation.EvoClassLoader - Keeping class: org.springframework.core.LocalVariableTableParameterNameDiscoverer
08:38:26.431 [main] INFO org.evosuite.runtime.instrumentation.EvoClassLoader - Seeing class for first time: org.springframework.core.LocalVariableTableParameterNameDiscoverer$ParameterNameDiscoveringVisitor
08:38:26.431 [main] INFO org.evosuite.runtime.instrumentation.EvoClassLoader - Instrumenting class 'org.springframework.core.LocalVariableTableParameterNameDiscoverer$ParameterNameDiscoveringVisitor'.
08:38:26.435 [main] INFO org.evosuite.runtime.instrumentation.MethodCallReplacementClassAdapter - Adding mock interface to class org/springframework/core/LocalVariableTableParameterNameDiscoverer$ParameterNameDiscoveringVisitor
08:38:26.435 [main] INFO org.evosuite.runtime.instrumentation.CreateClassResetClassAdapter - Creating brand-new static initializer in class org/springframework/core/LocalVariableTableParameterNameDiscoverer$ParameterNameDiscoveringVisitor
08:38:26.435 [main] INFO org.evosuite.runtime.instrumentation.CreateClassResetClassAdapter - Adding bytecode for initializing field STATIC_CLASS_INIT
08:38:26.435 [main] INFO org.evosuite.runtime.instrumentation.EvoClassLoader - Keeping class: org.springframework.core.LocalVariableTableParameterNameDiscoverer$ParameterNameDiscoveringVisitor
08:38:26.435 [main] INFO org.evosuite.runtime.instrumentation.EvoClassLoader - Seeing class for first time: org.springframework.boot.context.properties.bind.JavaBeanBinder$Bean
08:38:26.435 [main] INFO org.evosuite.runtime.instrumentation.EvoClassLoader - Instrumenting class 'org.springframework.boot.context.properties.bind.JavaBeanBinder$Bean'.
08:38:26.439 [main] INFO org.evosuite.runtime.instrumentation.MethodCallReplacementClassAdapter - Adding mock interface to class org/springframework/boot/context/properties/bind/JavaBeanBinder$Bean
08:38:26.439 [main] INFO org.evosuite.runtime.instrumentation.CreateClassResetClassAdapter - Creating brand-new static initializer in class org/springframework/boot/context/properties/bind/JavaBeanBinder$Bean
08:38:26.439 [main] INFO org.evosuite.runtime.instrumentation.CreateClassResetClassAdapter - Adding bytecode for initializing field cached
08:38:26.439 [main] INFO org.evosuite.runtime.instrumentation.EvoClassLoader - Keeping class: org.springframework.boot.context.properties.bind.JavaBeanBinder$Bean
08:38:26.443 [main] INFO org.evosuite.runtime.instrumentation.EvoClassLoader - Seeing class for first time: org.springframework.boot.SpringApplication$1
08:38:26.443 [main] INFO org.evosuite.runtime.instrumentation.EvoClassLoader - Instrumenting class 'org.springframework.boot.SpringApplication$1'.
08:38:26.443 [main] INFO org.evosuite.runtime.instrumentation.MethodCallReplacementClassAdapter - Adding mock interface to class org/springframework/boot/SpringApplication$1
08:38:26.443 [main] INFO org.evosuite.runtime.instrumentation.EvoClassLoader - Keeping class: org.springframework.boot.SpringApplication$1
08:38:26.443 [main] INFO org.evosuite.runtime.instrumentation.EvoClassLoader - Seeing class for first time: org.springframework.beans.BeanUtils
08:38:26.443 [main] INFO org.evosuite.runtime.instrumentation.EvoClassLoader - Instrumenting class 'org.springframework.beans.BeanUtils'.
08:38:26.447 [main] INFO org.evosuite.runtime.instrumentation.MethodCallReplacementClassAdapter - Adding mock interface to class org/springframework/beans/BeanUtils
08:38:26.451 [main] INFO org.evosuite.runtime.instrumentation.CreateClassResetClassAdapter - Found static initializer in class org/springframework/beans/BeanUtils
08:38:26.451 [main] INFO org.evosuite.runtime.instrumentation.EvoClassLoader - Keeping class: org.springframework.beans.BeanUtils
08:38:26.455 [main] INFO org.evosuite.runtime.instrumentation.EvoClassLoader - Seeing class for first time: org.springframework.beans.BeanInstantiationException
08:38:26.455 [main] INFO org.evosuite.runtime.instrumentation.EvoClassLoader - Instrumenting class 'org.springframework.beans.BeanInstantiationException'.
08:38:26.455 [main] INFO org.evosuite.runtime.instrumentation.MethodCallReplacementClassAdapter - Adding mock interface to class org/springframework/beans/BeanInstantiationException
08:38:26.455 [main] INFO org.evosuite.runtime.instrumentation.CreateClassResetClassAdapter - Creating brand-new static initializer in class org/springframework/beans/BeanInstantiationException
08:38:26.455 [main] INFO org.evosuite.runtime.instrumentation.EvoClassLoader - Keeping class: org.springframework.beans.BeanInstantiationException
08:38:26.459 [main] INFO org.evosuite.runtime.instrumentation.EvoClassLoader - Seeing class for first time: org.springframework.core.convert.support.GenericConversionService$ConverterAdapter
08:38:26.459 [main] INFO org.evosuite.runtime.instrumentation.EvoClassLoader - Instrumenting class 'org.springframework.core.convert.support.GenericConversionService$ConverterAdapter'.
08:38:26.463 [main] INFO org.evosuite.runtime.instrumentation.MethodCallReplacementClassAdapter - Adding mock interface to class org/springframework/core/convert/support/GenericConversionService$ConverterAdapter
08:38:26.463 [main] INFO org.evosuite.runtime.instrumentation.CreateClassResetClassAdapter - Creating brand-new static initializer in class org/springframework/core/convert/support/GenericConversionService$ConverterAdapter
08:38:26.463 [main] INFO org.evosuite.runtime.instrumentation.EvoClassLoader - Keeping class: org.springframework.core.convert.support.GenericConversionService$ConverterAdapter
08:38:26.463 [main] INFO org.evosuite.runtime.instrumentation.EvoClassLoader - Seeing class for first time: org.springframework.core.convert.support.CharacterToNumberFactory
08:38:26.463 [main] INFO org.evosuite.runtime.instrumentation.EvoClassLoader - Instrumenting class 'org.springframework.core.convert.support.CharacterToNumberFactory'.
08:38:26.463 [main] INFO org.evosuite.runtime.instrumentation.MethodCallReplacementClassAdapter - Adding mock interface to class org/springframework/core/convert/support/CharacterToNumberFactory
08:38:26.463 [main] INFO org.evosuite.runtime.instrumentation.CreateClassResetClassAdapter - Creating brand-new static initializer in class org/springframework/core/convert/support/CharacterToNumberFactory
08:38:26.463 [main] INFO org.evosuite.runtime.instrumentation.EvoClassLoader - Keeping class: org.springframework.core.convert.support.CharacterToNumberFactory
08:38:26.467 [main] INFO org.evosuite.runtime.instrumentation.EvoClassLoader - Seeing class for first time: org.springframework.boot.builder.ParentContextCloserApplicationListener
08:38:26.467 [main] INFO org.evosuite.runtime.instrumentation.EvoClassLoader - Instrumenting class 'org.springframework.boot.builder.ParentContextCloserApplicationListener'.
08:38:26.467 [main] INFO org.evosuite.runtime.instrumentation.MethodCallReplacementClassAdapter - Adding mock interface to class org/springframework/boot/builder/ParentContextCloserApplicationListener
08:38:26.467 [main] INFO org.evosuite.runtime.instrumentation.CreateClassResetClassAdapter - Creating brand-new static initializer in class org/springframework/boot/builder/ParentContextCloserApplicationListener
08:38:26.467 [main] INFO org.evosuite.runtime.instrumentation.EvoClassLoader - Keeping class: org.springframework.boot.builder.ParentContextCloserApplicationListener
08:38:26.467 [main] INFO org.evosuite.runtime.instrumentation.EvoClassLoader - Seeing class for first time: org.springframework.web.context.support.WebApplicationContextUtils$SessionObjectFactory
08:38:26.467 [main] INFO org.evosuite.runtime.instrumentation.EvoClassLoader - Instrumenting class 'org.springframework.web.context.support.WebApplicationContextUtils$SessionObjectFactory'.
08:38:26.471 [main] INFO org.evosuite.runtime.instrumentation.MethodCallReplacementClassAdapter - Adding mock interface to class org/springframework/web/context/support/WebApplicationContextUtils$SessionObjectFactory
08:38:26.471 [main] INFO org.evosuite.runtime.instrumentation.CreateClassResetClassAdapter - Creating brand-new static initializer in class org/springframework/web/context/support/WebApplicationContextUtils$SessionObjectFactory
08:38:26.471 [main] INFO org.evosuite.runtime.instrumentation.EvoClassLoader - Keeping class: org.springframework.web.context.support.WebApplicationContextUtils$SessionObjectFactory
08:38:26.471 [main] INFO org.evosuite.runtime.instrumentation.EvoClassLoader - Seeing class for first time: org.springframework.format.datetime.standard.DateTimeConverters$CalendarToZonedDateTimeConverter
08:38:26.471 [main] INFO org.evosuite.runtime.instrumentation.EvoClassLoader - Instrumenting class 'org.springframework.format.datetime.standard.DateTimeConverters$CalendarToZonedDateTimeConverter'.
08:38:26.475 [main] INFO org.evosuite.runtime.instrumentation.MethodCallReplacementClassAdapter - Adding mock interface to class org/springframework/format/datetime/standard/DateTimeConverters$CalendarToZonedDateTimeConverter
08:38:26.475 [main] INFO org.evosuite.runtime.instrumentation.CreateClassResetClassAdapter - Creating brand-new static initializer in class org/springframework/format/datetime/standard/DateTimeConverters$CalendarToZonedDateTimeConverter
08:38:26.475 [main] INFO org.evosuite.runtime.instrumentation.EvoClassLoader - Keeping class: org.springframework.format.datetime.standard.DateTimeConverters$CalendarToZonedDateTimeConverter
08:38:26.475 [main] INFO org.evosuite.runtime.instrumentation.EvoClassLoader - Seeing class for first time: org.springframework.boot.context.properties.bind.MapBinder$EntryBinder
08:38:26.475 [main] INFO org.evosuite.runtime.instrumentation.EvoClassLoader - Instrumenting class 'org.springframework.boot.context.properties.bind.MapBinder$EntryBinder'.
08:38:26.479 [main] INFO org.evosuite.runtime.instrumentation.MethodCallReplacementClassAdapter - Adding mock interface to class org/springframework/boot/context/properties/bind/MapBinder$EntryBinder
08:38:26.479 [main] INFO org.evosuite.runtime.instrumentation.CreateClassResetClassAdapter - Creating brand-new static initializer in class org/springframework/boot/context/properties/bind/MapBinder$EntryBinder
08:38:26.479 [main] INFO org.evosuite.runtime.instrumentation.EvoClassLoader - Keeping class: org.springframework.boot.context.properties.bind.MapBinder$EntryBinder
08:38:26.479 [main] INFO org.evosuite.runtime.instrumentation.EvoClassLoader - Seeing class for first time: org.springframework.beans.TypeConverterDelegate
08:38:26.479 [main] INFO org.evosuite.runtime.instrumentation.EvoClassLoader - Instrumenting class 'org.springframework.beans.TypeConverterDelegate'.
08:38:26.483 [main] INFO org.evosuite.runtime.instrumentation.MethodCallReplacementClassAdapter - Adding mock interface to class org/springframework/beans/TypeConverterDelegate
08:38:26.499 [main] INFO org.evosuite.runtime.instrumentation.CreateClassResetClassAdapter - Found static initializer in class org/springframework/beans/TypeConverterDelegate
08:38:26.499 [main] INFO org.evosuite.runtime.instrumentation.EvoClassLoader - Keeping class: org.springframework.beans.TypeConverterDelegate
08:38:26.503 [main] INFO org.evosuite.runtime.instrumentation.EvoClassLoader - Seeing class for first time: org.springframework.boot.context.properties.source.SpringIterableConfigurationPropertySource$CacheKey
08:38:26.503 [main] INFO org.evosuite.runtime.instrumentation.EvoClassLoader - Instrumenting class 'org.springframework.boot.context.properties.source.SpringIterableConfigurationPropertySource$CacheKey'.
08:38:26.503 [main] INFO org.evosuite.runtime.instrumentation.MethodCallReplacementClassAdapter - Adding mock interface to class org/springframework/boot/context/properties/source/SpringIterableConfigurationPropertySource$CacheKey
08:38:26.503 [main] INFO org.evosuite.runtime.instrumentation.CreateClassResetClassAdapter - Creating brand-new static initializer in class org/springframework/boot/context/properties/source/SpringIterableConfigurationPropertySource$CacheKey
08:38:26.503 [main] INFO org.evosuite.runtime.instrumentation.EvoClassLoader - Keeping class: org.springframework.boot.context.properties.source.SpringIterableConfigurationPropertySource$CacheKey
08:38:26.507 [main] INFO org.evosuite.runtime.instrumentation.EvoClassLoader - Seeing class for first time: org.springframework.boot.context.properties.bind.JavaBeanBinder
08:38:26.507 [main] INFO org.evosuite.runtime.instrumentation.EvoClassLoader - Instrumenting class 'org.springframework.boot.context.properties.bind.JavaBeanBinder'.
08:38:26.507 [main] INFO org.evosuite.runtime.instrumentation.MethodCallReplacementClassAdapter - Adding mock interface to class org/springframework/boot/context/properties/bind/JavaBeanBinder
08:38:26.507 [main] INFO org.evosuite.runtime.instrumentation.CreateClassResetClassAdapter - Creating brand-new static initializer in class org/springframework/boot/context/properties/bind/JavaBeanBinder
08:38:26.511 [main] INFO org.evosuite.runtime.instrumentation.EvoClassLoader - Seeing class for first time: org.springframework.boot.context.properties.bind.BeanBinder
08:38:26.511 [main] INFO org.evosuite.runtime.instrumentation.EvoClassLoader - Instrumenting class 'org.springframework.boot.context.properties.bind.BeanBinder'.
08:38:26.511 [main] INFO org.evosuite.runtime.instrumentation.EvoClassLoader - Keeping class: org.springframework.boot.context.properties.bind.BeanBinder
08:38:26.511 [main] INFO org.evosuite.runtime.instrumentation.EvoClassLoader - Keeping class: org.springframework.boot.context.properties.bind.JavaBeanBinder
08:38:26.511 [main] INFO org.evosuite.runtime.instrumentation.EvoClassLoader - Seeing class for first time: org.springframework.beans.factory.parsing.PassThroughSourceExtractor
08:38:26.511 [main] INFO org.evosuite.runtime.instrumentation.EvoClassLoader - Instrumenting class 'org.springframework.beans.factory.parsing.PassThroughSourceExtractor'.
08:38:26.515 [main] INFO org.evosuite.runtime.instrumentation.MethodCallReplacementClassAdapter - Adding mock interface to class org/springframework/beans/factory/parsing/PassThroughSourceExtractor
08:38:26.515 [main] INFO org.evosuite.runtime.instrumentation.CreateClassResetClassAdapter - Creating brand-new static initializer in class org/springframework/beans/factory/parsing/PassThroughSourceExtractor
08:38:26.515 [main] INFO org.evosuite.runtime.instrumentation.EvoClassLoader - Keeping class: org.springframework.beans.factory.parsing.PassThroughSourceExtractor
08:38:26.515 [main] INFO org.evosuite.runtime.instrumentation.EvoClassLoader - Seeing class for first time: org.springframework.core.convert.support.StringToCollectionConverter
08:38:26.515 [main] INFO org.evosuite.runtime.instrumentation.EvoClassLoader - Instrumenting class 'org.springframework.core.convert.support.StringToCollectionConverter'.
08:38:26.515 [main] INFO org.evosuite.runtime.instrumentation.MethodCallReplacementClassAdapter - Adding mock interface to class org/springframework/core/convert/support/StringToCollectionConverter
08:38:26.519 [main] INFO org.evosuite.runtime.instrumentation.CreateClassResetClassAdapter - Creating brand-new static initializer in class org/springframework/core/convert/support/StringToCollectionConverter
08:38:26.519 [main] INFO org.evosuite.runtime.instrumentation.EvoClassLoader - Keeping class: org.springframework.core.convert.support.StringToCollectionConverter
08:38:26.519 [main] INFO org.evosuite.runtime.instrumentation.EvoClassLoader - Seeing class for first time: org.springframework.beans.factory.config.BeanExpressionContext
08:38:26.519 [main] INFO org.evosuite.runtime.instrumentation.EvoClassLoader - Instrumenting class 'org.springframework.beans.factory.config.BeanExpressionContext'.
08:38:26.519 [main] INFO org.evosuite.runtime.instrumentation.MethodCallReplacementClassAdapter - Adding mock interface to class org/springframework/beans/factory/config/BeanExpressionContext
08:38:26.519 [main] INFO org.evosuite.runtime.instrumentation.CreateClassResetClassAdapter - Creating brand-new static initializer in class org/springframework/beans/factory/config/BeanExpressionContext
08:38:26.519 [main] INFO org.evosuite.runtime.instrumentation.EvoClassLoader - Keeping class: org.springframework.beans.factory.config.BeanExpressionContext
08:38:26.523 [main] INFO org.evosuite.runtime.instrumentation.EvoClassLoader - Seeing class for first time: org.springframework.http.server.reactive.HttpHandler
08:38:26.523 [main] INFO org.evosuite.runtime.instrumentation.EvoClassLoader - Instrumenting class 'org.springframework.http.server.reactive.HttpHandler'.
08:38:26.523 [main] INFO org.evosuite.runtime.instrumentation.EvoClassLoader - Defined package (3): package org.springframework.http.server.reactive, -1578949659
08:38:26.523 [main] INFO org.evosuite.runtime.instrumentation.EvoClassLoader - Keeping class: org.springframework.http.server.reactive.HttpHandler
08:38:26.523 [main] INFO org.evosuite.runtime.instrumentation.EvoClassLoader - Seeing class for first time: org.springframework.http.ReactiveHttpInputMessage
08:38:26.523 [main] INFO org.evosuite.runtime.instrumentation.EvoClassLoader - Instrumenting class 'org.springframework.http.ReactiveHttpInputMessage'.
08:38:26.527 [main] INFO org.evosuite.runtime.instrumentation.EvoClassLoader - Keeping class: org.springframework.http.ReactiveHttpInputMessage
08:38:26.527 [main] INFO org.evosuite.runtime.instrumentation.EvoClassLoader - Seeing class for first time: org.springframework.core.io.support.DefaultPropertySourceFactory
08:38:26.527 [main] INFO org.evosuite.runtime.instrumentation.EvoClassLoader - Instrumenting class 'org.springframework.core.io.support.DefaultPropertySourceFactory'.
08:38:26.527 [main] INFO org.evosuite.runtime.instrumentation.MethodCallReplacementClassAdapter - Adding mock interface to class org/springframework/core/io/support/DefaultPropertySourceFactory
08:38:26.527 [main] INFO org.evosuite.runtime.instrumentation.CreateClassResetClassAdapter - Creating brand-new static initializer in class org/springframework/core/io/support/DefaultPropertySourceFactory
08:38:26.527 [main] INFO org.evosuite.runtime.instrumentation.EvoClassLoader - Seeing class for first time: org.springframework.core.io.support.PropertySourceFactory
08:38:26.531 [main] INFO org.evosuite.runtime.instrumentation.EvoClassLoader - Instrumenting class 'org.springframework.core.io.support.PropertySourceFactory'.
08:38:26.531 [main] INFO org.evosuite.runtime.instrumentation.EvoClassLoader - Keeping class: org.springframework.core.io.support.PropertySourceFactory
08:38:26.531 [main] INFO org.evosuite.runtime.instrumentation.EvoClassLoader - Keeping class: org.springframework.core.io.support.DefaultPropertySourceFactory
08:38:26.531 [main] INFO org.evosuite.runtime.instrumentation.EvoClassLoader - Seeing class for first time: org.springframework.boot.SpringBootVersion
08:38:26.531 [main] INFO org.evosuite.runtime.instrumentation.EvoClassLoader - Instrumenting class 'org.springframework.boot.SpringBootVersion'.
08:38:26.535 [main] INFO org.evosuite.runtime.instrumentation.MethodCallReplacementClassAdapter - Adding mock interface to class org/springframework/boot/SpringBootVersion
08:38:26.535 [main] INFO org.evosuite.runtime.instrumentation.CreateClassResetClassAdapter - Creating brand-new static initializer in class org/springframework/boot/SpringBootVersion
08:38:26.535 [main] INFO org.evosuite.runtime.instrumentation.EvoClassLoader - Keeping class: org.springframework.boot.SpringBootVersion
08:38:26.535 [main] INFO org.evosuite.runtime.instrumentation.EvoClassLoader - Seeing class for first time: org.springframework.core.convert.support.StringToNumberConverterFactory
08:38:26.535 [main] INFO org.evosuite.runtime.instrumentation.EvoClassLoader - Instrumenting class 'org.springframework.core.convert.support.StringToNumberConverterFactory'.
08:38:26.535 [main] INFO org.evosuite.runtime.instrumentation.MethodCallReplacementClassAdapter - Adding mock interface to class org/springframework/core/convert/support/StringToNumberConverterFactory
08:38:26.535 [main] INFO org.evosuite.runtime.instrumentation.CreateClassResetClassAdapter - Creating brand-new static initializer in class org/springframework/core/convert/support/StringToNumberConverterFactory
08:38:26.535 [main] INFO org.evosuite.runtime.instrumentation.EvoClassLoader - Keeping class: org.springframework.core.convert.support.StringToNumberConverterFactory
08:38:26.539 [main] INFO org.evosuite.runtime.instrumentation.EvoClassLoader - Seeing class for first time: org.springframework.context.annotation.ContextAnnotationAutowireCandidateResolver
08:38:26.539 [main] INFO org.evosuite.runtime.instrumentation.EvoClassLoader - Instrumenting class 'org.springframework.context.annotation.ContextAnnotationAutowireCandidateResolver'.
08:38:26.539 [main] INFO org.evosuite.runtime.instrumentation.MethodCallReplacementClassAdapter - Adding mock interface to class org/springframework/context/annotation/ContextAnnotationAutowireCandidateResolver
08:38:26.539 [main] INFO org.evosuite.runtime.instrumentation.CreateClassResetClassAdapter - Creating brand-new static initializer in class org/springframework/context/annotation/ContextAnnotationAutowireCandidateResolver
08:38:26.539 [main] INFO org.evosuite.runtime.instrumentation.EvoClassLoader - Seeing class for first time: org.springframework.beans.factory.annotation.QualifierAnnotationAutowireCandidateResolver
08:38:26.539 [main] INFO org.evosuite.runtime.instrumentation.EvoClassLoader - Instrumenting class 'org.springframework.beans.factory.annotation.QualifierAnnotationAutowireCandidateResolver'.
08:38:26.543 [main] INFO org.evosuite.runtime.instrumentation.MethodCallReplacementClassAdapter - Adding mock interface to class org/springframework/beans/factory/annotation/QualifierAnnotationAutowireCandidateResolver
08:38:26.547 [main] INFO org.evosuite.runtime.instrumentation.CreateClassResetClassAdapter - Creating brand-new static initializer in class org/springframework/beans/factory/annotation/QualifierAnnotationAutowireCandidateResolver
08:38:26.547 [main] INFO org.evosuite.runtime.instrumentation.EvoClassLoader - Seeing class for first time: org.springframework.beans.factory.support.GenericTypeAwareAutowireCandidateResolver
08:38:26.547 [main] INFO org.evosuite.runtime.instrumentation.EvoClassLoader - Instrumenting class 'org.springframework.beans.factory.support.GenericTypeAwareAutowireCandidateResolver'.
08:38:26.547 [main] INFO org.evosuite.runtime.instrumentation.MethodCallReplacementClassAdapter - Adding mock interface to class org/springframework/beans/factory/support/GenericTypeAwareAutowireCandidateResolver
08:38:26.547 [main] INFO org.evosuite.runtime.instrumentation.CreateClassResetClassAdapter - Creating brand-new static initializer in class org/springframework/beans/factory/support/GenericTypeAwareAutowireCandidateResolver
08:38:26.547 [main] INFO org.evosuite.runtime.instrumentation.EvoClassLoader - Seeing class for first time: org.springframework.beans.factory.support.SimpleAutowireCandidateResolver
08:38:26.547 [main] INFO org.evosuite.runtime.instrumentation.EvoClassLoader - Instrumenting class 'org.springframework.beans.factory.support.SimpleAutowireCandidateResolver'.
08:38:26.551 [main] INFO org.evosuite.runtime.instrumentation.MethodCallReplacementClassAdapter - Adding mock interface to class org/springframework/beans/factory/support/SimpleAutowireCandidateResolver
08:38:26.551 [main] INFO org.evosuite.runtime.instrumentation.CreateClassResetClassAdapter - Creating brand-new static initializer in class org/springframework/beans/factory/support/SimpleAutowireCandidateResolver
08:38:26.551 [main] INFO org.evosuite.runtime.instrumentation.EvoClassLoader - Keeping class: org.springframework.beans.factory.support.SimpleAutowireCandidateResolver
08:38:26.551 [main] INFO org.evosuite.runtime.instrumentation.EvoClassLoader - Keeping class: org.springframework.beans.factory.support.GenericTypeAwareAutowireCandidateResolver
08:38:26.551 [main] INFO org.evosuite.runtime.instrumentation.EvoClassLoader - Keeping class: org.springframework.beans.factory.annotation.QualifierAnnotationAutowireCandidateResolver
08:38:26.551 [main] INFO org.evosuite.runtime.instrumentation.EvoClassLoader - Keeping class: org.springframework.context.annotation.ContextAnnotationAutowireCandidateResolver
08:38:26.551 [main] INFO org.evosuite.runtime.instrumentation.EvoClassLoader - Seeing class for first time: org.springframework.format.datetime.standard.DateTimeConverters$LocalDateTimeToLocalTimeConverter
08:38:26.551 [main] INFO org.evosuite.runtime.instrumentation.EvoClassLoader - Instrumenting class 'org.springframework.format.datetime.standard.DateTimeConverters$LocalDateTimeToLocalTimeConverter'.
08:38:26.555 [main] INFO org.evosuite.runtime.instrumentation.MethodCallReplacementClassAdapter - Adding mock interface to class org/springframework/format/datetime/standard/DateTimeConverters$LocalDateTimeToLocalTimeConverter
08:38:26.555 [main] INFO org.evosuite.runtime.instrumentation.CreateClassResetClassAdapter - Creating brand-new static initializer in class org/springframework/format/datetime/standard/DateTimeConverters$LocalDateTimeToLocalTimeConverter
08:38:26.555 [main] INFO org.evosuite.runtime.instrumentation.EvoClassLoader - Keeping class: org.springframework.format.datetime.standard.DateTimeConverters$LocalDateTimeToLocalTimeConverter
08:38:26.555 [main] INFO org.evosuite.runtime.instrumentation.EvoClassLoader - Seeing class for first time: org.springframework.beans.factory.support.AbstractBeanDefinitionReader
08:38:26.555 [main] INFO org.evosuite.runtime.instrumentation.EvoClassLoader - Instrumenting class 'org.springframework.beans.factory.support.AbstractBeanDefinitionReader'.
08:38:26.559 [main] INFO org.evosuite.runtime.instrumentation.MethodCallReplacementClassAdapter - Adding mock interface to class org/springframework/beans/factory/support/AbstractBeanDefinitionReader
08:38:26.563 [main] INFO org.evosuite.runtime.instrumentation.CreateClassResetClassAdapter - Creating brand-new static initializer in class org/springframework/beans/factory/support/AbstractBeanDefinitionReader
08:38:26.563 [main] INFO org.evosuite.runtime.instrumentation.EvoClassLoader - Keeping class: org.springframework.beans.factory.support.AbstractBeanDefinitionReader
08:38:26.563 [main] INFO org.evosuite.runtime.instrumentation.EvoClassLoader - Seeing class for first time: org.springframework.beans.propertyeditors.InputSourceEditor
08:38:26.563 [main] INFO org.evosuite.runtime.instrumentation.EvoClassLoader - Instrumenting class 'org.springframework.beans.propertyeditors.InputSourceEditor'.
08:38:26.567 [main] INFO org.evosuite.runtime.instrumentation.MethodCallReplacementClassAdapter - Adding mock interface to class org/springframework/beans/propertyeditors/InputSourceEditor
08:38:26.567 [main] INFO org.evosuite.runtime.instrumentation.CreateClassResetClassAdapter - Creating brand-new static initializer in class org/springframework/beans/propertyeditors/InputSourceEditor
08:38:26.567 [main] INFO org.evosuite.runtime.instrumentation.EvoClassLoader - Keeping class: org.springframework.beans.propertyeditors.InputSourceEditor
08:38:26.567 [main] INFO org.evosuite.runtime.instrumentation.EvoClassLoader - Seeing class for first time: org.springframework.format.datetime.standard.DateTimeConverters$CalendarToLocalTimeConverter
08:38:26.567 [main] INFO org.evosuite.runtime.instrumentation.EvoClassLoader - Instrumenting class 'org.springframework.format.datetime.standard.DateTimeConverters$CalendarToLocalTimeConverter'.
08:38:26.571 [main] INFO org.evosuite.runtime.instrumentation.MethodCallReplacementClassAdapter - Adding mock interface to class org/springframework/format/datetime/standard/DateTimeConverters$CalendarToLocalTimeConverter
08:38:26.571 [main] INFO org.evosuite.runtime.instrumentation.CreateClassResetClassAdapter - Creating brand-new static initializer in class org/springframework/format/datetime/standard/DateTimeConverters$CalendarToLocalTimeConverter
08:38:26.571 [main] INFO org.evosuite.runtime.instrumentation.EvoClassLoader - Keeping class: org.springframework.format.datetime.standard.DateTimeConverters$CalendarToLocalTimeConverter
08:38:26.571 [main] INFO org.evosuite.runtime.instrumentation.EvoClassLoader - Seeing class for first time: org.springframework.boot.context.properties.bind.BindConverter$TypeConverterConversionService
08:38:26.571 [main] INFO org.evosuite.runtime.instrumentation.EvoClassLoader - Instrumenting class 'org.springframework.boot.context.properties.bind.BindConverter$TypeConverterConversionService'.
08:38:26.575 [main] INFO org.evosuite.runtime.instrumentation.MethodCallReplacementClassAdapter - Adding mock interface to class org/springframework/boot/context/properties/bind/BindConverter$TypeConverterConversionService
08:38:26.575 [main] INFO org.evosuite.runtime.instrumentation.CreateClassResetClassAdapter - Creating brand-new static initializer in class org/springframework/boot/context/properties/bind/BindConverter$TypeConverterConversionService
08:38:26.575 [main] INFO org.evosuite.runtime.instrumentation.EvoClassLoader - Keeping class: org.springframework.boot.context.properties.bind.BindConverter$TypeConverterConversionService
08:38:26.575 [main] INFO org.evosuite.runtime.instrumentation.EvoClassLoader - Seeing class for first time: org.springframework.context.annotation.ConfigurationClassParser$DeferredImportSelectorHandler
08:38:26.575 [main] INFO org.evosuite.runtime.instrumentation.EvoClassLoader - Instrumenting class 'org.springframework.context.annotation.ConfigurationClassParser$DeferredImportSelectorHandler'.
08:38:26.579 [main] INFO org.evosuite.runtime.instrumentation.MethodCallReplacementClassAdapter - Adding mock interface to class org/springframework/context/annotation/ConfigurationClassParser$DeferredImportSelectorHandler
08:38:26.579 [main] INFO org.evosuite.runtime.instrumentation.CreateClassResetClassAdapter - Creating brand-new static initializer in class org/springframework/context/annotation/ConfigurationClassParser$DeferredImportSelectorHandler
08:38:26.579 [main] INFO org.evosuite.runtime.instrumentation.EvoClassLoader - Keeping class: org.springframework.context.annotation.ConfigurationClassParser$DeferredImportSelectorHandler
08:38:26.579 [main] INFO org.evosuite.runtime.instrumentation.EvoClassLoader - Seeing class for first time: org.springframework.boot.context.ConfigurationWarningsApplicationContextInitializer$ConfigurationWarningsPostProcessor
08:38:26.579 [main] INFO org.evosuite.runtime.instrumentation.EvoClassLoader - Instrumenting class 'org.springframework.boot.context.ConfigurationWarningsApplicationContextInitializer$ConfigurationWarningsPostProcessor'.
08:38:26.583 [main] INFO org.evosuite.runtime.instrumentation.MethodCallReplacementClassAdapter - Adding mock interface to class org/springframework/boot/context/ConfigurationWarningsApplicationContextInitializer$ConfigurationWarningsPostProcessor
08:38:26.583 [main] INFO org.evosuite.runtime.instrumentation.CreateClassResetClassAdapter - Creating brand-new static initializer in class org/springframework/boot/context/ConfigurationWarningsApplicationContextInitializer$ConfigurationWarningsPostProcessor
08:38:26.583 [main] INFO org.evosuite.runtime.instrumentation.EvoClassLoader - Keeping class: org.springframework.boot.context.ConfigurationWarningsApplicationContextInitializer$ConfigurationWarningsPostProcessor
08:38:26.583 [main] INFO org.evosuite.runtime.instrumentation.EvoClassLoader - Seeing class for first time: org.springframework.core.GenericTypeResolver
08:38:26.583 [main] INFO org.evosuite.runtime.instrumentation.EvoClassLoader - Instrumenting class 'org.springframework.core.GenericTypeResolver'.
08:38:26.587 [main] INFO org.evosuite.runtime.instrumentation.MethodCallReplacementClassAdapter - Adding mock interface to class org/springframework/core/GenericTypeResolver
08:38:26.587 [main] INFO org.evosuite.runtime.instrumentation.CreateClassResetClassAdapter - Found static initializer in class org/springframework/core/GenericTypeResolver
08:38:26.587 [main] INFO org.evosuite.runtime.instrumentation.EvoClassLoader - Keeping class: org.springframework.core.GenericTypeResolver
08:38:26.587 [main] INFO org.evosuite.runtime.instrumentation.EvoClassLoader - Seeing class for first time: org.springframework.scheduling.concurrent.ThreadPoolTaskExecutor
08:38:26.591 [main] INFO org.evosuite.runtime.instrumentation.EvoClassLoader - Instrumenting class 'org.springframework.scheduling.concurrent.ThreadPoolTaskExecutor'.
08:38:26.591 [main] INFO org.evosuite.runtime.instrumentation.MethodCallReplacementClassAdapter - Adding mock interface to class org/springframework/scheduling/concurrent/ThreadPoolTaskExecutor
08:38:26.595 [main] INFO org.evosuite.runtime.instrumentation.CreateClassResetClassAdapter - Creating brand-new static initializer in class org/springframework/scheduling/concurrent/ThreadPoolTaskExecutor
08:38:26.595 [main] INFO org.evosuite.runtime.instrumentation.EvoClassLoader - Keeping class: org.springframework.scheduling.concurrent.ThreadPoolTaskExecutor
08:38:26.595 [main] INFO org.evosuite.runtime.instrumentation.EvoClassLoader - Seeing class for first time: org.springframework.scheduling.concurrent.ThreadPoolTaskExecutor$1
08:38:26.595 [main] INFO org.evosuite.runtime.instrumentation.EvoClassLoader - Instrumenting class 'org.springframework.scheduling.concurrent.ThreadPoolTaskExecutor$1'.
08:38:26.599 [main] INFO org.evosuite.runtime.instrumentation.MethodCallReplacementClassAdapter - Adding mock interface to class org/springframework/scheduling/concurrent/ThreadPoolTaskExecutor$1
08:38:26.599 [main] INFO org.evosuite.runtime.instrumentation.EvoClassLoader - Keeping class: org.springframework.scheduling.concurrent.ThreadPoolTaskExecutor$1
08:38:26.599 [main] INFO org.evosuite.runtime.instrumentation.EvoClassLoader - Seeing class for first time: org.springframework.boot.EnvironmentConverter
08:38:26.599 [main] INFO org.evosuite.runtime.instrumentation.EvoClassLoader - Instrumenting class 'org.springframework.boot.EnvironmentConverter'.
08:38:26.603 [main] INFO org.evosuite.runtime.instrumentation.MethodCallReplacementClassAdapter - Adding mock interface to class org/springframework/boot/EnvironmentConverter
08:38:26.603 [main] INFO org.evosuite.runtime.instrumentation.CreateClassResetClassAdapter - Found static initializer in class org/springframework/boot/EnvironmentConverter
08:38:26.603 [main] INFO org.evosuite.runtime.instrumentation.EvoClassLoader - Keeping class: org.springframework.boot.EnvironmentConverter
08:38:26.603 [main] INFO org.evosuite.runtime.instrumentation.EvoClassLoader - Seeing class for first time: org.springframework.context.annotation.ConditionEvaluator$ConditionContextImpl
08:38:26.603 [main] INFO org.evosuite.runtime.instrumentation.EvoClassLoader - Instrumenting class 'org.springframework.context.annotation.ConditionEvaluator$ConditionContextImpl'.
08:38:26.603 [main] INFO org.evosuite.runtime.instrumentation.MethodCallReplacementClassAdapter - Adding mock interface to class org/springframework/context/annotation/ConditionEvaluator$ConditionContextImpl
08:38:26.607 [main] INFO org.evosuite.runtime.instrumentation.CreateClassResetClassAdapter - Creating brand-new static initializer in class org/springframework/context/annotation/ConditionEvaluator$ConditionContextImpl
08:38:26.607 [main] INFO org.evosuite.runtime.instrumentation.EvoClassLoader - Seeing class for first time: org.springframework.context.annotation.ConditionContext
08:38:26.607 [main] INFO org.evosuite.runtime.instrumentation.EvoClassLoader - Instrumenting class 'org.springframework.context.annotation.ConditionContext'.
08:38:26.607 [main] INFO org.evosuite.runtime.instrumentation.EvoClassLoader - Keeping class: org.springframework.context.annotation.ConditionContext
08:38:26.607 [main] INFO org.evosuite.runtime.instrumentation.EvoClassLoader - Keeping class: org.springframework.context.annotation.ConditionEvaluator$ConditionContextImpl
08:38:26.607 [main] INFO org.evosuite.runtime.instrumentation.EvoClassLoader - Seeing class for first time: org.springframework.format.datetime.standard.DateTimeFormatterRegistrar$Type
08:38:26.607 [main] INFO org.evosuite.runtime.instrumentation.EvoClassLoader - Instrumenting class 'org.springframework.format.datetime.standard.DateTimeFormatterRegistrar$Type'.
08:38:26.607 [main] INFO org.evosuite.runtime.instrumentation.MethodCallReplacementClassAdapter - Adding mock interface to class org/springframework/format/datetime/standard/DateTimeFormatterRegistrar$Type
08:38:26.611 [main] INFO org.evosuite.runtime.instrumentation.CreateClassResetClassAdapter - Found static initializer in class org/springframework/format/datetime/standard/DateTimeFormatterRegistrar$Type
08:38:26.611 [main] INFO org.evosuite.runtime.instrumentation.EvoClassLoader - Keeping class: org.springframework.format.datetime.standard.DateTimeFormatterRegistrar$Type
08:38:26.611 [main] INFO org.evosuite.runtime.instrumentation.EvoClassLoader - Seeing class for first time: org.springframework.context.annotation.Role
08:38:26.611 [main] INFO org.evosuite.runtime.instrumentation.EvoClassLoader - Instrumenting class 'org.springframework.context.annotation.Role'.
08:38:26.611 [main] INFO org.evosuite.runtime.instrumentation.EvoClassLoader - Keeping class: org.springframework.context.annotation.Role
08:38:26.611 [main] INFO org.evosuite.runtime.instrumentation.EvoClassLoader - Seeing class for first time: org.springframework.context.event.DefaultEventListenerFactory
08:38:26.611 [main] INFO org.evosuite.runtime.instrumentation.EvoClassLoader - Instrumenting class 'org.springframework.context.event.DefaultEventListenerFactory'.
08:38:26.615 [main] INFO org.evosuite.runtime.instrumentation.MethodCallReplacementClassAdapter - Adding mock interface to class org/springframework/context/event/DefaultEventListenerFactory
08:38:26.615 [main] INFO org.evosuite.runtime.instrumentation.CreateClassResetClassAdapter - Creating brand-new static initializer in class org/springframework/context/event/DefaultEventListenerFactory
08:38:26.615 [main] INFO org.evosuite.runtime.instrumentation.EvoClassLoader - Keeping class: org.springframework.context.event.DefaultEventListenerFactory
08:38:26.615 [main] INFO org.evosuite.runtime.instrumentation.EvoClassLoader - Seeing class for first time: org.springframework.core.convert.support.DefaultConversionService
08:38:26.615 [main] INFO org.evosuite.runtime.instrumentation.EvoClassLoader - Instrumenting class 'org.springframework.core.convert.support.DefaultConversionService'.
08:38:26.615 [main] INFO org.evosuite.runtime.instrumentation.MethodCallReplacementClassAdapter - Adding mock interface to class org/springframework/core/convert/support/DefaultConversionService
08:38:26.619 [main] INFO org.evosuite.runtime.instrumentation.CreateClassResetClassAdapter - Creating brand-new static initializer in class org/springframework/core/convert/support/DefaultConversionService
08:38:26.619 [main] INFO org.evosuite.runtime.instrumentation.CreateClassResetClassAdapter - Adding bytecode for initializing field sharedInstance
08:38:26.619 [main] INFO org.evosuite.runtime.instrumentation.EvoClassLoader - Keeping class: org.springframework.core.convert.support.DefaultConversionService
08:38:26.619 [main] INFO org.evosuite.runtime.instrumentation.EvoClassLoader - Seeing class for first time: org.springframework.core.annotation.AnnotatedElementUtils
08:38:26.619 [main] INFO org.evosuite.runtime.instrumentation.EvoClassLoader - Instrumenting class 'org.springframework.core.annotation.AnnotatedElementUtils'.
08:38:26.623 [main] INFO org.evosuite.runtime.instrumentation.MethodCallReplacementClassAdapter - Adding mock interface to class org/springframework/core/annotation/AnnotatedElementUtils
08:38:26.631 [main] INFO org.evosuite.runtime.instrumentation.CreateClassResetClassAdapter - Found static initializer in class org/springframework/core/annotation/AnnotatedElementUtils
08:38:26.631 [main] INFO org.evosuite.runtime.instrumentation.EvoClassLoader - Keeping class: org.springframework.core.annotation.AnnotatedElementUtils
08:38:26.631 [main] INFO org.evosuite.runtime.instrumentation.EvoClassLoader - Seeing class for first time: org.springframework.core.annotation.AnnotatedElementUtils$AlwaysTrueBooleanAnnotationProcessor
08:38:26.631 [main] INFO org.evosuite.runtime.instrumentation.EvoClassLoader - Instrumenting class 'org.springframework.core.annotation.AnnotatedElementUtils$AlwaysTrueBooleanAnnotationProcessor'.
08:38:26.635 [main] INFO org.evosuite.runtime.instrumentation.MethodCallReplacementClassAdapter - Adding mock interface to class org/springframework/core/annotation/AnnotatedElementUtils$AlwaysTrueBooleanAnnotationProcessor
08:38:26.635 [main] INFO org.evosuite.runtime.instrumentation.CreateClassResetClassAdapter - Creating brand-new static initializer in class org/springframework/core/annotation/AnnotatedElementUtils$AlwaysTrueBooleanAnnotationProcessor
08:38:26.635 [main] INFO org.evosuite.runtime.instrumentation.EvoClassLoader - Keeping class: org.springframework.core.annotation.AnnotatedElementUtils$AlwaysTrueBooleanAnnotationProcessor
08:38:26.635 [main] INFO org.evosuite.runtime.instrumentation.EvoClassLoader - Seeing class for first time: org.springframework.boot.autoconfigure.AutoConfigurationPackage
08:38:26.635 [main] INFO org.evosuite.runtime.instrumentation.EvoClassLoader - Instrumenting class 'org.springframework.boot.autoconfigure.AutoConfigurationPackage'.
08:38:26.635 [main] INFO org.evosuite.runtime.instrumentation.EvoClassLoader - Keeping class: org.springframework.boot.autoconfigure.AutoConfigurationPackage
08:38:26.635 [main] INFO org.evosuite.runtime.instrumentation.EvoClassLoader - Seeing class for first time: org.springframework.boot.diagnostics.FailureAnalysisReporter
08:38:26.635 [main] INFO org.evosuite.runtime.instrumentation.EvoClassLoader - Instrumenting class 'org.springframework.boot.diagnostics.FailureAnalysisReporter'.
08:38:26.639 [main] INFO org.evosuite.runtime.instrumentation.EvoClassLoader - Keeping class: org.springframework.boot.diagnostics.FailureAnalysisReporter
08:38:26.639 [main] INFO org.evosuite.runtime.instrumentation.EvoClassLoader - Seeing class for first time: org.springframework.boot.context.TypeExcludeFilter
08:38:26.639 [main] INFO org.evosuite.runtime.instrumentation.EvoClassLoader - Instrumenting class 'org.springframework.boot.context.TypeExcludeFilter'.
08:38:26.639 [main] INFO org.evosuite.runtime.instrumentation.MethodCallReplacementClassAdapter - Adding mock interface to class org/springframework/boot/context/TypeExcludeFilter
08:38:26.643 [main] INFO org.evosuite.runtime.instrumentation.CreateClassResetClassAdapter - Creating brand-new static initializer in class org/springframework/boot/context/TypeExcludeFilter
08:38:26.643 [main] INFO org.evosuite.runtime.instrumentation.EvoClassLoader - Keeping class: org.springframework.boot.context.TypeExcludeFilter
08:38:26.643 [main] INFO org.evosuite.runtime.instrumentation.EvoClassLoader - Seeing class for first time: org.springframework.beans.factory.support.LookupOverride
08:38:26.643 [main] INFO org.evosuite.runtime.instrumentation.EvoClassLoader - Instrumenting class 'org.springframework.beans.factory.support.LookupOverride'.
08:38:26.647 [main] INFO org.evosuite.runtime.instrumentation.MethodCallReplacementClassAdapter - Adding mock interface to class org/springframework/beans/factory/support/LookupOverride
08:38:26.647 [main] INFO org.evosuite.runtime.instrumentation.CreateClassResetClassAdapter - Creating brand-new static initializer in class org/springframework/beans/factory/support/LookupOverride
08:38:26.647 [main] INFO org.evosuite.runtime.instrumentation.EvoClassLoader - Keeping class: org.springframework.beans.factory.support.LookupOverride
08:38:26.647 [main] INFO org.evosuite.runtime.instrumentation.EvoClassLoader - Seeing class for first time: org.springframework.beans.ExtendedBeanInfo$SimplePropertyDescriptor
08:38:26.647 [main] INFO org.evosuite.runtime.instrumentation.EvoClassLoader - Instrumenting class 'org.springframework.beans.ExtendedBeanInfo$SimplePropertyDescriptor'.
08:38:26.651 [main] INFO org.evosuite.runtime.instrumentation.MethodCallReplacementClassAdapter - Adding mock interface to class org/springframework/beans/ExtendedBeanInfo$SimplePropertyDescriptor
08:38:26.651 [main] INFO org.evosuite.runtime.instrumentation.CreateClassResetClassAdapter - Creating brand-new static initializer in class org/springframework/beans/ExtendedBeanInfo$SimplePropertyDescriptor
08:38:26.651 [main] INFO org.evosuite.runtime.instrumentation.EvoClassLoader - Keeping class: org.springframework.beans.ExtendedBeanInfo$SimplePropertyDescriptor
08:38:26.651 [main] INFO org.evosuite.runtime.instrumentation.EvoClassLoader - Seeing class for first time: org.springframework.context.support.PostProcessorRegistrationDelegate
08:38:26.651 [main] INFO org.evosuite.runtime.instrumentation.EvoClassLoader - Instrumenting class 'org.springframework.context.support.PostProcessorRegistrationDelegate'.
08:38:26.655 [main] INFO org.evosuite.runtime.instrumentation.MethodCallReplacementClassAdapter - Adding mock interface to class org/springframework/context/support/PostProcessorRegistrationDelegate
08:38:26.659 [main] INFO org.evosuite.runtime.instrumentation.CreateClassResetClassAdapter - Creating brand-new static initializer in class org/springframework/context/support/PostProcessorRegistrationDelegate
08:38:26.659 [main] INFO org.evosuite.runtime.instrumentation.EvoClassLoader - Keeping class: org.springframework.context.support.PostProcessorRegistrationDelegate
08:38:26.659 [main] INFO org.evosuite.runtime.instrumentation.EvoClassLoader - Seeing class for first time: org.springframework.boot.autoconfigure.condition.OnClassCondition$StandardOutcomesResolver
08:38:26.659 [main] INFO org.evosuite.runtime.instrumentation.EvoClassLoader - Instrumenting class 'org.springframework.boot.autoconfigure.condition.OnClassCondition$StandardOutcomesResolver'.
08:38:26.663 [main] INFO org.evosuite.runtime.instrumentation.MethodCallReplacementClassAdapter - Adding mock interface to class org/springframework/boot/autoconfigure/condition/OnClassCondition$StandardOutcomesResolver
08:38:26.663 [main] INFO org.evosuite.runtime.instrumentation.CreateClassResetClassAdapter - Creating brand-new static initializer in class org/springframework/boot/autoconfigure/condition/OnClassCondition$StandardOutcomesResolver
08:38:26.663 [main] INFO org.evosuite.runtime.instrumentation.EvoClassLoader - Keeping class: org.springframework.boot.autoconfigure.condition.OnClassCondition$StandardOutcomesResolver
08:38:26.667 [main] INFO org.evosuite.runtime.instrumentation.EvoClassLoader - Seeing class for first time: org.springframework.boot.context.FileEncodingApplicationListener
08:38:26.667 [main] INFO org.evosuite.runtime.instrumentation.EvoClassLoader - Instrumenting class 'org.springframework.boot.context.FileEncodingApplicationListener'.
08:38:26.671 [main] INFO org.evosuite.runtime.instrumentation.MethodCallReplacementClassAdapter - Adding mock interface to class org/springframework/boot/context/FileEncodingApplicationListener
08:38:26.671 [main] INFO org.evosuite.runtime.instrumentation.CreateClassResetClassAdapter - Found static initializer in class org/springframework/boot/context/FileEncodingApplicationListener
08:38:26.671 [main] INFO org.evosuite.runtime.instrumentation.EvoClassLoader - Keeping class: org.springframework.boot.context.FileEncodingApplicationListener
08:38:26.671 [main] INFO org.evosuite.runtime.instrumentation.EvoClassLoader - Seeing class for first time: org.springframework.beans.AbstractNestablePropertyAccessor$PropertyTokenHolder
08:38:26.671 [main] INFO org.evosuite.runtime.instrumentation.EvoClassLoader - Instrumenting class 'org.springframework.beans.AbstractNestablePropertyAccessor$PropertyTokenHolder'.
08:38:26.675 [main] INFO org.evosuite.runtime.instrumentation.MethodCallReplacementClassAdapter - Adding mock interface to class org/springframework/beans/AbstractNestablePropertyAccessor$PropertyTokenHolder
08:38:26.675 [main] INFO org.evosuite.runtime.instrumentation.CreateClassResetClassAdapter - Creating brand-new static initializer in class org/springframework/beans/AbstractNestablePropertyAccessor$PropertyTokenHolder
08:38:26.675 [main] INFO org.evosuite.runtime.instrumentation.EvoClassLoader - Keeping class: org.springframework.beans.AbstractNestablePropertyAccessor$PropertyTokenHolder
08:38:26.675 [main] INFO org.evosuite.runtime.instrumentation.EvoClassLoader - Seeing class for first time: org.springframework.boot.context.config.ConfigFileApplicationListener$DocumentFilterFactory
08:38:26.675 [main] INFO org.evosuite.runtime.instrumentation.EvoClassLoader - Instrumenting class 'org.springframework.boot.context.config.ConfigFileApplicationListener$DocumentFilterFactory'.
08:38:26.679 [main] INFO org.evosuite.runtime.instrumentation.EvoClassLoader - Keeping class: org.springframework.boot.context.config.ConfigFileApplicationListener$DocumentFilterFactory
08:38:26.679 [main] INFO org.evosuite.runtime.instrumentation.EvoClassLoader - Seeing class for first time: org.springframework.context.annotation.ConfigurationClassParser
08:38:26.679 [main] INFO org.evosuite.runtime.instrumentation.EvoClassLoader - Instrumenting class 'org.springframework.context.annotation.ConfigurationClassParser'.
08:38:26.683 [main] INFO org.evosuite.runtime.instrumentation.MethodCallReplacementClassAdapter - Adding mock interface to class org/springframework/context/annotation/ConfigurationClassParser
08:38:26.711 [main] INFO org.evosuite.runtime.instrumentation.CreateClassResetClassAdapter - Found static initializer in class org/springframework/context/annotation/ConfigurationClassParser
08:38:26.711 [main] INFO org.evosuite.runtime.instrumentation.EvoClassLoader - Keeping class: org.springframework.context.annotation.ConfigurationClassParser
08:38:26.715 [main] INFO org.evosuite.runtime.instrumentation.EvoClassLoader - Seeing class for first time: org.springframework.context.annotation.ConfigurationClassParser$DeferredImportSelectorHolder
08:38:26.715 [main] INFO org.evosuite.runtime.instrumentation.EvoClassLoader - Instrumenting class 'org.springframework.context.annotation.ConfigurationClassParser$DeferredImportSelectorHolder'.
08:38:26.719 [main] INFO org.evosuite.runtime.instrumentation.MethodCallReplacementClassAdapter - Adding mock interface to class org/springframework/context/annotation/ConfigurationClassParser$DeferredImportSelectorHolder
08:38:26.719 [main] INFO org.evosuite.runtime.instrumentation.CreateClassResetClassAdapter - Creating brand-new static initializer in class org/springframework/context/annotation/ConfigurationClassParser$DeferredImportSelectorHolder
08:38:26.719 [main] INFO org.evosuite.runtime.instrumentation.EvoClassLoader - Keeping class: org.springframework.context.annotation.ConfigurationClassParser$DeferredImportSelectorHolder
08:38:26.719 [main] INFO org.evosuite.runtime.instrumentation.EvoClassLoader - Seeing class for first time: org.springframework.boot.DefaultApplicationArguments$Source
08:38:26.723 [main] INFO org.evosuite.runtime.instrumentation.EvoClassLoader - Instrumenting class 'org.springframework.boot.DefaultApplicationArguments$Source'.
08:38:26.727 [main] INFO org.evosuite.runtime.instrumentation.MethodCallReplacementClassAdapter - Adding mock interface to class org/springframework/boot/DefaultApplicationArguments$Source
08:38:26.727 [main] INFO org.evosuite.runtime.instrumentation.CreateClassResetClassAdapter - Creating brand-new static initializer in class org/springframework/boot/DefaultApplicationArguments$Source
08:38:26.727 [main] INFO org.evosuite.runtime.instrumentation.EvoClassLoader - Keeping class: org.springframework.boot.DefaultApplicationArguments$Source
08:38:26.727 [main] INFO org.evosuite.runtime.instrumentation.EvoClassLoader - Seeing class for first time: org.springframework.boot.autoconfigure.SpringBootApplication
08:38:26.727 [main] INFO org.evosuite.runtime.instrumentation.EvoClassLoader - Instrumenting class 'org.springframework.boot.autoconfigure.SpringBootApplication'.
08:38:26.731 [main] INFO org.evosuite.runtime.instrumentation.EvoClassLoader - Keeping class: org.springframework.boot.autoconfigure.SpringBootApplication
08:38:26.731 [main] INFO org.evosuite.runtime.instrumentation.EvoClassLoader - Seeing class for first time: org.springframework.aop.SpringProxy
08:38:26.731 [main] INFO org.evosuite.runtime.instrumentation.EvoClassLoader - Instrumenting class 'org.springframework.aop.SpringProxy'.
08:38:26.739 [main] INFO org.evosuite.runtime.instrumentation.EvoClassLoader - Keeping class: org.springframework.aop.SpringProxy
08:38:26.739 [main] INFO org.evosuite.runtime.instrumentation.EvoClassLoader - Seeing class for first time: org.springframework.beans.factory.config.BeanDefinitionCustomizer
08:38:26.739 [main] INFO org.evosuite.runtime.instrumentation.EvoClassLoader - Instrumenting class 'org.springframework.beans.factory.config.BeanDefinitionCustomizer'.
08:38:26.739 [main] INFO org.evosuite.runtime.instrumentation.EvoClassLoader - Keeping class: org.springframework.beans.factory.config.BeanDefinitionCustomizer
08:38:26.739 [main] INFO org.evosuite.runtime.instrumentation.EvoClassLoader - Seeing class for first time: org.springframework.boot.context.properties.bind.BeanPropertyBinder
08:38:26.739 [main] INFO org.evosuite.runtime.instrumentation.EvoClassLoader - Instrumenting class 'org.springframework.boot.context.properties.bind.BeanPropertyBinder'.
08:38:26.743 [main] INFO org.evosuite.runtime.instrumentation.EvoClassLoader - Keeping class: org.springframework.boot.context.properties.bind.BeanPropertyBinder
08:38:26.743 [main] INFO org.evosuite.runtime.instrumentation.EvoClassLoader - Seeing class for first time: org.springframework.format.datetime.standard.DateTimeFormatterFactory
08:38:26.743 [main] INFO org.evosuite.runtime.instrumentation.EvoClassLoader - Instrumenting class 'org.springframework.format.datetime.standard.DateTimeFormatterFactory'.
08:38:26.747 [main] INFO org.evosuite.runtime.instrumentation.MethodCallReplacementClassAdapter - Adding mock interface to class org/springframework/format/datetime/standard/DateTimeFormatterFactory
08:38:26.751 [main] INFO org.evosuite.runtime.instrumentation.CreateClassResetClassAdapter - Creating brand-new static initializer in class org/springframework/format/datetime/standard/DateTimeFormatterFactory
08:38:26.751 [main] INFO org.evosuite.runtime.instrumentation.EvoClassLoader - Keeping class: org.springframework.format.datetime.standard.DateTimeFormatterFactory
08:38:26.751 [main] INFO org.evosuite.runtime.instrumentation.EvoClassLoader - Seeing class for first time: org.springframework.format.datetime.standard.DateTimeConverters$OffsetDateTimeToLocalTimeConverter
08:38:26.751 [main] INFO org.evosuite.runtime.instrumentation.EvoClassLoader - Instrumenting class 'org.springframework.format.datetime.standard.DateTimeConverters$OffsetDateTimeToLocalTimeConverter'.
08:38:26.755 [main] INFO org.evosuite.runtime.instrumentation.MethodCallReplacementClassAdapter - Adding mock interface to class org/springframework/format/datetime/standard/DateTimeConverters$OffsetDateTimeToLocalTimeConverter
08:38:26.755 [main] INFO org.evosuite.runtime.instrumentation.CreateClassResetClassAdapter - Creating brand-new static initializer in class org/springframework/format/datetime/standard/DateTimeConverters$OffsetDateTimeToLocalTimeConverter
08:38:26.755 [main] INFO org.evosuite.runtime.instrumentation.EvoClassLoader - Keeping class: org.springframework.format.datetime.standard.DateTimeConverters$OffsetDateTimeToLocalTimeConverter
08:38:26.755 [main] INFO org.evosuite.runtime.instrumentation.EvoClassLoader - Seeing class for first time: org.springframework.boot.context.properties.bind.PropertySourcesPlaceholdersResolver
08:38:26.755 [main] INFO org.evosuite.runtime.instrumentation.EvoClassLoader - Instrumenting class 'org.springframework.boot.context.properties.bind.PropertySourcesPlaceholdersResolver'.
08:38:26.759 [main] INFO org.evosuite.runtime.instrumentation.MethodCallReplacementClassAdapter - Adding mock interface to class org/springframework/boot/context/properties/bind/PropertySourcesPlaceholdersResolver
08:38:26.759 [main] INFO org.evosuite.runtime.instrumentation.CreateClassResetClassAdapter - Creating brand-new static initializer in class org/springframework/boot/context/properties/bind/PropertySourcesPlaceholdersResolver
08:38:26.759 [main] INFO org.evosuite.runtime.instrumentation.EvoClassLoader - Keeping class: org.springframework.boot.context.properties.bind.PropertySourcesPlaceholdersResolver
08:38:26.759 [main] INFO org.evosuite.runtime.instrumentation.EvoClassLoader - Seeing class for first time: org.springframework.web.filter.CharacterEncodingFilter
08:38:26.759 [main] INFO org.evosuite.runtime.instrumentation.EvoClassLoader - Instrumenting class 'org.springframework.web.filter.CharacterEncodingFilter'.
08:38:26.763 [main] INFO org.evosuite.runtime.instrumentation.MethodCallReplacementClassAdapter - Adding mock interface to class org/springframework/web/filter/CharacterEncodingFilter
08:38:26.763 [main] INFO org.evosuite.runtime.instrumentation.CreateClassResetClassAdapter - Creating brand-new static initializer in class org/springframework/web/filter/CharacterEncodingFilter
08:38:26.763 [main] INFO org.evosuite.runtime.instrumentation.EvoClassLoader - Keeping class: org.springframework.web.filter.CharacterEncodingFilter
08:38:26.763 [main] INFO org.evosuite.runtime.instrumentation.EvoClassLoader - Seeing class for first time: org.springframework.web.context.request.RequestScope
08:38:26.763 [main] INFO org.evosuite.runtime.instrumentation.EvoClassLoader - Instrumenting class 'org.springframework.web.context.request.RequestScope'.
08:38:26.763 [main] INFO org.evosuite.runtime.instrumentation.MethodCallReplacementClassAdapter - Adding mock interface to class org/springframework/web/context/request/RequestScope
08:38:26.767 [main] INFO org.evosuite.runtime.instrumentation.CreateClassResetClassAdapter - Creating brand-new static initializer in class org/springframework/web/context/request/RequestScope
08:38:26.767 [main] INFO org.evosuite.runtime.instrumentation.EvoClassLoader - Keeping class: org.springframework.web.context.request.RequestScope
08:38:26.767 [main] INFO org.evosuite.runtime.instrumentation.EvoClassLoader - Seeing class for first time: org.springframework.context.annotation.ConfigurationClassParser$SourceClass
08:38:26.767 [main] INFO org.evosuite.runtime.instrumentation.EvoClassLoader - Instrumenting class 'org.springframework.context.annotation.ConfigurationClassParser$SourceClass'.
08:38:26.767 [main] INFO org.evosuite.runtime.instrumentation.MethodCallReplacementClassAdapter - Adding mock interface to class org/springframework/context/annotation/ConfigurationClassParser$SourceClass
08:38:26.771 [main] INFO org.evosuite.runtime.instrumentation.CreateClassResetClassAdapter - Creating brand-new static initializer in class org/springframework/context/annotation/ConfigurationClassParser$SourceClass
08:38:26.775 [main] INFO org.evosuite.runtime.instrumentation.EvoClassLoader - Keeping class: org.springframework.context.annotation.ConfigurationClassParser$SourceClass
08:38:26.775 [main] INFO org.evosuite.runtime.instrumentation.EvoClassLoader - Seeing class for first time: org.springframework.beans.factory.config.TypedStringValue
08:38:26.775 [main] INFO org.evosuite.runtime.instrumentation.EvoClassLoader - Instrumenting class 'org.springframework.beans.factory.config.TypedStringValue'.
08:38:26.775 [main] INFO org.evosuite.runtime.instrumentation.MethodCallReplacementClassAdapter - Adding mock interface to class org/springframework/beans/factory/config/TypedStringValue
08:38:26.779 [main] INFO org.evosuite.runtime.instrumentation.CreateClassResetClassAdapter - Creating brand-new static initializer in class org/springframework/beans/factory/config/TypedStringValue
08:38:26.779 [main] INFO org.evosuite.runtime.instrumentation.EvoClassLoader - Keeping class: org.springframework.beans.factory.config.TypedStringValue
08:38:26.779 [main] INFO org.evosuite.runtime.instrumentation.EvoClassLoader - Seeing class for first time: org.springframework.beans.factory.config.InstantiationAwareBeanPostProcessorAdapter
08:38:26.779 [main] INFO org.evosuite.runtime.instrumentation.EvoClassLoader - Instrumenting class 'org.springframework.beans.factory.config.InstantiationAwareBeanPostProcessorAdapter'.
08:38:26.779 [main] INFO org.evosuite.runtime.instrumentation.MethodCallReplacementClassAdapter - Adding mock interface to class org/springframework/beans/factory/config/InstantiationAwareBeanPostProcessorAdapter
08:38:26.783 [main] INFO org.evosuite.runtime.instrumentation.CreateClassResetClassAdapter - Creating brand-new static initializer in class org/springframework/beans/factory/config/InstantiationAwareBeanPostProcessorAdapter
08:38:26.783 [main] INFO org.evosuite.runtime.instrumentation.EvoClassLoader - Seeing class for first time: org.springframework.beans.factory.config.SmartInstantiationAwareBeanPostProcessor
08:38:26.783 [main] INFO org.evosuite.runtime.instrumentation.EvoClassLoader - Instrumenting class 'org.springframework.beans.factory.config.SmartInstantiationAwareBeanPostProcessor'.
08:38:26.783 [main] INFO org.evosuite.runtime.instrumentation.EvoClassLoader - Seeing class for first time: org.springframework.beans.factory.config.InstantiationAwareBeanPostProcessor
08:38:26.783 [main] INFO org.evosuite.runtime.instrumentation.EvoClassLoader - Instrumenting class 'org.springframework.beans.factory.config.InstantiationAwareBeanPostProcessor'.
08:38:26.787 [main] INFO org.evosuite.runtime.instrumentation.EvoClassLoader - Keeping class: org.springframework.beans.factory.config.InstantiationAwareBeanPostProcessor
08:38:26.787 [main] INFO org.evosuite.runtime.instrumentation.EvoClassLoader - Keeping class: org.springframework.beans.factory.config.SmartInstantiationAwareBeanPostProcessor
08:38:26.787 [main] INFO org.evosuite.runtime.instrumentation.EvoClassLoader - Keeping class: org.springframework.beans.factory.config.InstantiationAwareBeanPostProcessorAdapter
08:38:26.787 [main] INFO org.evosuite.runtime.instrumentation.EvoClassLoader - Seeing class for first time: org.springframework.web.context.support.WebApplicationContextUtils$RequestObjectFactory
08:38:26.787 [main] INFO org.evosuite.runtime.instrumentation.EvoClassLoader - Instrumenting class 'org.springframework.web.context.support.WebApplicationContextUtils$RequestObjectFactory'.
08:38:26.787 [main] INFO org.evosuite.runtime.instrumentation.MethodCallReplacementClassAdapter - Adding mock interface to class org/springframework/web/context/support/WebApplicationContextUtils$RequestObjectFactory
08:38:26.787 [main] INFO org.evosuite.runtime.instrumentation.CreateClassResetClassAdapter - Creating brand-new static initializer in class org/springframework/web/context/support/WebApplicationContextUtils$RequestObjectFactory
08:38:26.787 [main] INFO org.evosuite.runtime.instrumentation.EvoClassLoader - Keeping class: org.springframework.web.context.support.WebApplicationContextUtils$RequestObjectFactory
08:38:26.791 [main] INFO org.evosuite.runtime.instrumentation.EvoClassLoader - Seeing class for first time: org.springframework.core.convert.support.IntegerToEnumConverterFactory
08:38:26.791 [main] INFO org.evosuite.runtime.instrumentation.EvoClassLoader - Instrumenting class 'org.springframework.core.convert.support.IntegerToEnumConverterFactory'.
08:38:26.791 [main] INFO org.evosuite.runtime.instrumentation.MethodCallReplacementClassAdapter - Adding mock interface to class org/springframework/core/convert/support/IntegerToEnumConverterFactory
08:38:26.791 [main] INFO org.evosuite.runtime.instrumentation.CreateClassResetClassAdapter - Creating brand-new static initializer in class org/springframework/core/convert/support/IntegerToEnumConverterFactory
08:38:26.791 [main] INFO org.evosuite.runtime.instrumentation.EvoClassLoader - Keeping class: org.springframework.core.convert.support.IntegerToEnumConverterFactory
08:38:26.791 [main] INFO org.evosuite.runtime.instrumentation.EvoClassLoader - Seeing class for first time: org.springframework.orm.jpa.LocalContainerEntityManagerFactoryBean
08:38:26.791 [main] INFO org.evosuite.runtime.instrumentation.EvoClassLoader - Instrumenting class 'org.springframework.orm.jpa.LocalContainerEntityManagerFactoryBean'.
08:38:26.795 [main] INFO org.evosuite.runtime.instrumentation.EvoClassLoader - Error while loading class: java.lang.ClassNotFoundException: Class 'org/springframework/orm/jpa/LocalContainerEntityManagerFactoryBean.class' should be in target project, but could not be found!
08:38:26.795 [main] ERROR org.evosuite.runtime.classhandling.ClassStateSupport - Could not initialize org.springframework.orm.jpa.LocalContainerEntityManagerFactoryBean: Class 'org/springframework/orm/jpa/LocalContainerEntityManagerFactoryBean.class' should be in target project, but could not be found!
08:38:26.795 [main] INFO org.evosuite.runtime.instrumentation.EvoClassLoader - Seeing class for first time: org.springframework.format.datetime.standard.TemporalAccessorParser
08:38:26.795 [main] INFO org.evosuite.runtime.instrumentation.EvoClassLoader - Instrumenting class 'org.springframework.format.datetime.standard.TemporalAccessorParser'.
08:38:26.795 [main] INFO org.evosuite.runtime.instrumentation.MethodCallReplacementClassAdapter - Adding mock interface to class org/springframework/format/datetime/standard/TemporalAccessorParser
08:38:26.795 [main] INFO org.evosuite.runtime.instrumentation.CreateClassResetClassAdapter - Creating brand-new static initializer in class org/springframework/format/datetime/standard/TemporalAccessorParser
08:38:26.799 [main] INFO org.evosuite.runtime.instrumentation.EvoClassLoader - Keeping class: org.springframework.format.datetime.standard.TemporalAccessorParser
08:38:26.799 [main] INFO org.evosuite.runtime.instrumentation.EvoClassLoader - Seeing class for first time: org.springframework.beans.factory.xml.DefaultBeanDefinitionDocumentReader
08:38:26.799 [main] INFO org.evosuite.runtime.instrumentation.EvoClassLoader - Instrumenting class 'org.springframework.beans.factory.xml.DefaultBeanDefinitionDocumentReader'.
08:38:26.803 [main] INFO org.evosuite.runtime.instrumentation.MethodCallReplacementClassAdapter - Adding mock interface to class org/springframework/beans/factory/xml/DefaultBeanDefinitionDocumentReader
08:38:26.803 [main] INFO org.evosuite.runtime.instrumentation.CreateClassResetClassAdapter - Creating brand-new static initializer in class org/springframework/beans/factory/xml/DefaultBeanDefinitionDocumentReader
08:38:26.803 [main] INFO org.evosuite.runtime.instrumentation.CreateClassResetClassAdapter - Adding bytecode for initializing field BEAN_ELEMENT
08:38:26.803 [main] INFO org.evosuite.runtime.instrumentation.CreateClassResetClassAdapter - Adding bytecode for initializing field NESTED_BEANS_ELEMENT
08:38:26.803 [main] INFO org.evosuite.runtime.instrumentation.CreateClassResetClassAdapter - Adding bytecode for initializing field ALIAS_ELEMENT
08:38:26.803 [main] INFO org.evosuite.runtime.instrumentation.CreateClassResetClassAdapter - Adding bytecode for initializing field NAME_ATTRIBUTE
08:38:26.803 [main] INFO org.evosuite.runtime.instrumentation.CreateClassResetClassAdapter - Adding bytecode for initializing field ALIAS_ATTRIBUTE
08:38:26.803 [main] INFO org.evosuite.runtime.instrumentation.CreateClassResetClassAdapter - Adding bytecode for initializing field IMPORT_ELEMENT
08:38:26.803 [main] INFO org.evosuite.runtime.instrumentation.CreateClassResetClassAdapter - Adding bytecode for initializing field RESOURCE_ATTRIBUTE
08:38:26.803 [main] INFO org.evosuite.runtime.instrumentation.CreateClassResetClassAdapter - Adding bytecode for initializing field PROFILE_ATTRIBUTE
08:38:26.803 [main] INFO org.evosuite.runtime.instrumentation.EvoClassLoader - Keeping class: org.springframework.beans.factory.xml.DefaultBeanDefinitionDocumentReader
08:38:26.803 [main] INFO org.evosuite.runtime.instrumentation.EvoClassLoader - Seeing class for first time: org.springframework.beans.factory.parsing.ComponentDefinition
08:38:26.803 [main] INFO org.evosuite.runtime.instrumentation.EvoClassLoader - Instrumenting class 'org.springframework.beans.factory.parsing.ComponentDefinition'.
08:38:26.807 [main] INFO org.evosuite.runtime.instrumentation.EvoClassLoader - Keeping class: org.springframework.beans.factory.parsing.ComponentDefinition
08:38:26.807 [main] INFO org.evosuite.runtime.instrumentation.EvoClassLoader - Seeing class for first time: org.springframework.boot.context.config.AnsiOutputApplicationListener
08:38:26.807 [main] INFO org.evosuite.runtime.instrumentation.EvoClassLoader - Instrumenting class 'org.springframework.boot.context.config.AnsiOutputApplicationListener'.
08:38:26.811 [main] INFO org.evosuite.runtime.instrumentation.MethodCallReplacementClassAdapter - Adding mock interface to class org/springframework/boot/context/config/AnsiOutputApplicationListener
08:38:26.811 [main] INFO org.evosuite.runtime.instrumentation.CreateClassResetClassAdapter - Creating brand-new static initializer in class org/springframework/boot/context/config/AnsiOutputApplicationListener
08:38:26.811 [main] INFO org.evosuite.runtime.instrumentation.EvoClassLoader - Keeping class: org.springframework.boot.context.config.AnsiOutputApplicationListener
08:38:26.811 [main] INFO org.evosuite.runtime.instrumentation.EvoClassLoader - Seeing class for first time: org.springframework.boot.context.config.ConfigFileApplicationListener$DocumentFilter
08:38:26.811 [main] INFO org.evosuite.runtime.instrumentation.EvoClassLoader - Instrumenting class 'org.springframework.boot.context.config.ConfigFileApplicationListener$DocumentFilter'.
08:38:26.811 [main] INFO org.evosuite.runtime.instrumentation.EvoClassLoader - Keeping class: org.springframework.boot.context.config.ConfigFileApplicationListener$DocumentFilter
08:38:26.811 [main] INFO org.evosuite.runtime.instrumentation.EvoClassLoader - Seeing class for first time: org.springframework.core.convert.support.StringToTimeZoneConverter
08:38:26.811 [main] INFO org.evosuite.runtime.instrumentation.EvoClassLoader - Instrumenting class 'org.springframework.core.convert.support.StringToTimeZoneConverter'.
08:38:26.815 [main] INFO org.evosuite.runtime.instrumentation.MethodCallReplacementClassAdapter - Adding mock interface to class org/springframework/core/convert/support/StringToTimeZoneConverter
08:38:26.815 [main] INFO org.evosuite.runtime.instrumentation.CreateClassResetClassAdapter - Creating brand-new static initializer in class org/springframework/core/convert/support/StringToTimeZoneConverter
08:38:26.815 [main] INFO org.evosuite.runtime.instrumentation.EvoClassLoader - Keeping class: org.springframework.core.convert.support.StringToTimeZoneConverter
08:38:26.815 [main] INFO org.evosuite.runtime.instrumentation.EvoClassLoader - Seeing class for first time: org.springframework.boot.convert.NumberToDurationConverter
08:38:26.815 [main] INFO org.evosuite.runtime.instrumentation.EvoClassLoader - Instrumenting class 'org.springframework.boot.convert.NumberToDurationConverter'.
08:38:26.819 [main] INFO org.evosuite.runtime.instrumentation.MethodCallReplacementClassAdapter - Adding mock interface to class org/springframework/boot/convert/NumberToDurationConverter
08:38:26.819 [main] INFO org.evosuite.runtime.instrumentation.CreateClassResetClassAdapter - Creating brand-new static initializer in class org/springframework/boot/convert/NumberToDurationConverter
08:38:26.819 [main] INFO org.evosuite.runtime.instrumentation.EvoClassLoader - Keeping class: org.springframework.boot.convert.NumberToDurationConverter
08:38:26.819 [main] INFO org.evosuite.runtime.instrumentation.EvoClassLoader - Seeing class for first time: org.springframework.boot.ExitCodeExceptionMapper
08:38:26.819 [main] INFO org.evosuite.runtime.instrumentation.EvoClassLoader - Instrumenting class 'org.springframework.boot.ExitCodeExceptionMapper'.
08:38:26.823 [main] INFO org.evosuite.runtime.instrumentation.EvoClassLoader - Keeping class: org.springframework.boot.ExitCodeExceptionMapper
08:38:26.823 [main] INFO org.evosuite.runtime.instrumentation.EvoClassLoader - Seeing class for first time: org.springframework.util.ConcurrentReferenceHashMap$EntryIterator
08:38:26.823 [main] INFO org.evosuite.runtime.instrumentation.EvoClassLoader - Instrumenting class 'org.springframework.util.ConcurrentReferenceHashMap$EntryIterator'.
08:38:26.835 [main] INFO org.evosuite.runtime.instrumentation.MethodCallReplacementClassAdapter - Adding mock interface to class org/springframework/util/ConcurrentReferenceHashMap$EntryIterator
08:38:26.835 [main] INFO org.evosuite.runtime.instrumentation.CreateClassResetClassAdapter - Creating brand-new static initializer in class org/springframework/util/ConcurrentReferenceHashMap$EntryIterator
08:38:26.835 [main] INFO org.evosuite.runtime.instrumentation.EvoClassLoader - Keeping class: org.springframework.util.ConcurrentReferenceHashMap$EntryIterator
08:38:26.839 [main] INFO org.evosuite.runtime.instrumentation.EvoClassLoader - Seeing class for first time: org.springframework.context.annotation.Configuration
08:38:26.839 [main] INFO org.evosuite.runtime.instrumentation.EvoClassLoader - Instrumenting class 'org.springframework.context.annotation.Configuration'.
08:38:26.843 [main] INFO org.evosuite.runtime.instrumentation.EvoClassLoader - Keeping class: org.springframework.context.annotation.Configuration
08:38:26.843 [main] INFO org.evosuite.runtime.instrumentation.EvoClassLoader - Seeing class for first time: org.springframework.beans.factory.parsing.BeanDefinitionParsingException
08:38:26.843 [main] INFO org.evosuite.runtime.instrumentation.EvoClassLoader - Instrumenting class 'org.springframework.beans.factory.parsing.BeanDefinitionParsingException'.
08:38:26.843 [main] INFO org.evosuite.runtime.instrumentation.MethodCallReplacementClassAdapter - Adding mock interface to class org/springframework/beans/factory/parsing/BeanDefinitionParsingException
08:38:26.843 [main] INFO org.evosuite.runtime.instrumentation.CreateClassResetClassAdapter - Creating brand-new static initializer in class org/springframework/beans/factory/parsing/BeanDefinitionParsingException
08:38:26.843 [main] INFO org.evosuite.runtime.instrumentation.EvoClassLoader - Keeping class: org.springframework.beans.factory.parsing.BeanDefinitionParsingException
08:38:26.843 [main] INFO org.evosuite.runtime.instrumentation.EvoClassLoader - Seeing class for first time: org.springframework.format.datetime.DateFormatterRegistrar$CalendarToDateConverter
08:38:26.843 [main] INFO org.evosuite.runtime.instrumentation.EvoClassLoader - Instrumenting class 'org.springframework.format.datetime.DateFormatterRegistrar$CalendarToDateConverter'.
08:38:26.847 [main] INFO org.evosuite.runtime.instrumentation.MethodCallReplacementClassAdapter - Adding mock interface to class org/springframework/format/datetime/DateFormatterRegistrar$CalendarToDateConverter
08:38:26.847 [main] INFO org.evosuite.runtime.instrumentation.CreateClassResetClassAdapter - Creating brand-new static initializer in class org/springframework/format/datetime/DateFormatterRegistrar$CalendarToDateConverter
08:38:26.847 [main] INFO org.evosuite.runtime.instrumentation.EvoClassLoader - Keeping class: org.springframework.format.datetime.DateFormatterRegistrar$CalendarToDateConverter
08:38:26.847 [main] INFO org.evosuite.runtime.instrumentation.EvoClassLoader - Seeing class for first time: org.springframework.beans.factory.annotation.AutowiredAnnotationBeanPostProcessor
08:38:26.847 [main] INFO org.evosuite.runtime.instrumentation.EvoClassLoader - Instrumenting class 'org.springframework.beans.factory.annotation.AutowiredAnnotationBeanPostProcessor'.
08:38:26.851 [main] INFO org.evosuite.runtime.instrumentation.MethodCallReplacementClassAdapter - Adding mock interface to class org/springframework/beans/factory/annotation/AutowiredAnnotationBeanPostProcessor
08:38:26.855 [main] INFO org.evosuite.runtime.instrumentation.CreateClassResetClassAdapter - Creating brand-new static initializer in class org/springframework/beans/factory/annotation/AutowiredAnnotationBeanPostProcessor
08:38:26.859 [main] INFO org.evosuite.runtime.instrumentation.EvoClassLoader - Keeping class: org.springframework.beans.factory.annotation.AutowiredAnnotationBeanPostProcessor
08:38:26.859 [main] INFO org.evosuite.runtime.instrumentation.EvoClassLoader - Seeing class for first time: org.springframework.boot.context.config.ConfigFileApplicationListener$Document
08:38:26.859 [main] INFO org.evosuite.runtime.instrumentation.EvoClassLoader - Instrumenting class 'org.springframework.boot.context.config.ConfigFileApplicationListener$Document'.
08:38:26.859 [main] INFO org.evosuite.runtime.instrumentation.MethodCallReplacementClassAdapter - Adding mock interface to class org/springframework/boot/context/config/ConfigFileApplicationListener$Document
08:38:26.859 [main] INFO org.evosuite.runtime.instrumentation.CreateClassResetClassAdapter - Creating brand-new static initializer in class org/springframework/boot/context/config/ConfigFileApplicationListener$Document
08:38:26.863 [main] INFO org.evosuite.runtime.instrumentation.EvoClassLoader - Keeping class: org.springframework.boot.context.config.ConfigFileApplicationListener$Document
08:38:26.863 [main] INFO org.evosuite.runtime.instrumentation.EvoClassLoader - Seeing class for first time: org.springframework.boot.type.classreading.ConcurrentReferenceCachingMetadataReaderFactory
08:38:26.863 [main] INFO org.evosuite.runtime.instrumentation.EvoClassLoader - Instrumenting class 'org.springframework.boot.type.classreading.ConcurrentReferenceCachingMetadataReaderFactory'.
08:38:26.863 [main] INFO org.evosuite.runtime.instrumentation.MethodCallReplacementClassAdapter - Adding mock interface to class org/springframework/boot/type/classreading/ConcurrentReferenceCachingMetadataReaderFactory
08:38:26.863 [main] INFO org.evosuite.runtime.instrumentation.CreateClassResetClassAdapter - Creating brand-new static initializer in class org/springframework/boot/type/classreading/ConcurrentReferenceCachingMetadataReaderFactory
08:38:26.863 [main] INFO org.evosuite.runtime.instrumentation.EvoClassLoader - Defined package (3): package org.springframework.boot.type.classreading, -895759725
08:38:26.863 [main] INFO org.evosuite.runtime.instrumentation.EvoClassLoader - Keeping class: org.springframework.boot.type.classreading.ConcurrentReferenceCachingMetadataReaderFactory
08:38:26.867 [main] INFO org.evosuite.runtime.instrumentation.EvoClassLoader - Seeing class for first time: org.springframework.beans.ExtendedBeanInfo
08:38:26.867 [main] INFO org.evosuite.runtime.instrumentation.EvoClassLoader - Instrumenting class 'org.springframework.beans.ExtendedBeanInfo'.
08:38:26.867 [main] INFO org.evosuite.runtime.instrumentation.MethodCallReplacementClassAdapter - Adding mock interface to class org/springframework/beans/ExtendedBeanInfo
08:38:26.871 [main] INFO org.evosuite.runtime.instrumentation.CreateClassResetClassAdapter - Found static initializer in class org/springframework/beans/ExtendedBeanInfo
08:38:26.871 [main] INFO org.evosuite.runtime.instrumentation.EvoClassLoader - Keeping class: org.springframework.beans.ExtendedBeanInfo
08:38:26.871 [main] INFO org.evosuite.runtime.instrumentation.EvoClassLoader - Seeing class for first time: org.springframework.util.xml.SimpleSaxErrorHandler
08:38:26.871 [main] INFO org.evosuite.runtime.instrumentation.EvoClassLoader - Instrumenting class 'org.springframework.util.xml.SimpleSaxErrorHandler'.
08:38:26.875 [main] INFO org.evosuite.runtime.instrumentation.MethodCallReplacementClassAdapter - Adding mock interface to class org/springframework/util/xml/SimpleSaxErrorHandler
08:38:26.875 [main] INFO org.evosuite.runtime.instrumentation.CreateClassResetClassAdapter - Creating brand-new static initializer in class org/springframework/util/xml/SimpleSaxErrorHandler
08:38:26.875 [main] INFO org.evosuite.runtime.instrumentation.EvoClassLoader - Keeping class: org.springframework.util.xml.SimpleSaxErrorHandler
08:38:26.875 [main] INFO org.evosuite.runtime.instrumentation.EvoClassLoader - Seeing class for first time: org.springframework.context.annotation.ComponentScans
08:38:26.875 [main] INFO org.evosuite.runtime.instrumentation.EvoClassLoader - Instrumenting class 'org.springframework.context.annotation.ComponentScans'.
08:38:26.879 [main] INFO org.evosuite.runtime.instrumentation.EvoClassLoader - Keeping class: org.springframework.context.annotation.ComponentScans
08:38:26.879 [main] INFO org.evosuite.runtime.instrumentation.EvoClassLoader - Seeing class for first time: org.springframework.core.annotation.AnnotationUtils$AliasDescriptor
08:38:26.879 [main] INFO org.evosuite.runtime.instrumentation.EvoClassLoader - Instrumenting class 'org.springframework.core.annotation.AnnotationUtils$AliasDescriptor'.
08:38:26.883 [main] INFO org.evosuite.runtime.instrumentation.MethodCallReplacementClassAdapter - Adding mock interface to class org/springframework/core/annotation/AnnotationUtils$AliasDescriptor
08:38:26.883 [main] INFO org.evosuite.runtime.instrumentation.CreateClassResetClassAdapter - Creating brand-new static initializer in class org/springframework/core/annotation/AnnotationUtils$AliasDescriptor
08:38:26.883 [main] INFO org.evosuite.runtime.instrumentation.EvoClassLoader - Keeping class: org.springframework.core.annotation.AnnotationUtils$AliasDescriptor
08:38:26.883 [main] INFO org.evosuite.runtime.instrumentation.EvoClassLoader - Seeing class for first time: org.springframework.core.annotation.Order
08:38:26.883 [main] INFO org.evosuite.runtime.instrumentation.EvoClassLoader - Instrumenting class 'org.springframework.core.annotation.Order'.
08:38:26.887 [main] INFO org.evosuite.runtime.instrumentation.EvoClassLoader - Keeping class: org.springframework.core.annotation.Order
08:38:26.887 [main] INFO org.evosuite.runtime.instrumentation.EvoClassLoader - Seeing class for first time: org.springframework.boot.context.config.ConfigFileApplicationListener$Loader
08:38:26.887 [main] INFO org.evosuite.runtime.instrumentation.EvoClassLoader - Instrumenting class 'org.springframework.boot.context.config.ConfigFileApplicationListener$Loader'.
08:38:26.891 [main] INFO org.evosuite.runtime.instrumentation.MethodCallReplacementClassAdapter - Adding mock interface to class org/springframework/boot/context/config/ConfigFileApplicationListener$Loader
08:38:26.899 [main] INFO org.evosuite.runtime.instrumentation.CreateClassResetClassAdapter - Creating brand-new static initializer in class org/springframework/boot/context/config/ConfigFileApplicationListener$Loader
08:38:26.899 [main] INFO org.evosuite.runtime.instrumentation.EvoClassLoader - Keeping class: org.springframework.boot.context.config.ConfigFileApplicationListener$Loader
08:38:26.903 [main] INFO org.evosuite.runtime.instrumentation.EvoClassLoader - Seeing class for first time: org.springframework.boot.context.config.ConfigFileApplicationListener$DocumentsCacheKey
08:38:26.903 [main] INFO org.evosuite.runtime.instrumentation.EvoClassLoader - Instrumenting class 'org.springframework.boot.context.config.ConfigFileApplicationListener$DocumentsCacheKey'.
08:38:26.903 [main] INFO org.evosuite.runtime.instrumentation.MethodCallReplacementClassAdapter - Adding mock interface to class org/springframework/boot/context/config/ConfigFileApplicationListener$DocumentsCacheKey
08:38:26.903 [main] INFO org.evosuite.runtime.instrumentation.CreateClassResetClassAdapter - Creating brand-new static initializer in class org/springframework/boot/context/config/ConfigFileApplicationListener$DocumentsCacheKey
08:38:26.903 [main] INFO org.evosuite.runtime.instrumentation.EvoClassLoader - Keeping class: org.springframework.boot.context.config.ConfigFileApplicationListener$DocumentsCacheKey
08:38:26.903 [main] INFO org.evosuite.runtime.instrumentation.EvoClassLoader - Seeing class for first time: org.springframework.beans.factory.support.DefaultListableBeanFactory
08:38:26.903 [main] INFO org.evosuite.runtime.instrumentation.EvoClassLoader - Instrumenting class 'org.springframework.beans.factory.support.DefaultListableBeanFactory'.
08:38:26.907 [main] INFO org.evosuite.runtime.instrumentation.MethodCallReplacementClassAdapter - Adding mock interface to class org/springframework/beans/factory/support/DefaultListableBeanFactory
08:38:26.915 [main] INFO org.evosuite.runtime.instrumentation.CreateClassResetClassAdapter - Found static initializer in class org/springframework/beans/factory/support/DefaultListableBeanFactory
08:38:26.919 [main] INFO org.evosuite.runtime.instrumentation.EvoClassLoader - Keeping class: org.springframework.beans.factory.support.DefaultListableBeanFactory
08:38:26.919 [main] INFO org.evosuite.runtime.instrumentation.EvoClassLoader - Seeing class for first time: org.springframework.beans.factory.ObjectProvider
08:38:26.919 [main] INFO org.evosuite.runtime.instrumentation.EvoClassLoader - Instrumenting class 'org.springframework.beans.factory.ObjectProvider'.
08:38:26.919 [main] INFO org.evosuite.runtime.instrumentation.EvoClassLoader - Keeping class: org.springframework.beans.factory.ObjectProvider
08:38:26.919 [main] INFO org.evosuite.runtime.instrumentation.EvoClassLoader - Seeing class for first time: org.springframework.beans.factory.support.DefaultListableBeanFactory$2
08:38:26.919 [main] INFO org.evosuite.runtime.instrumentation.EvoClassLoader - Instrumenting class 'org.springframework.beans.factory.support.DefaultListableBeanFactory$2'.
08:38:26.923 [main] INFO org.evosuite.runtime.instrumentation.MethodCallReplacementClassAdapter - Adding mock interface to class org/springframework/beans/factory/support/DefaultListableBeanFactory$2
08:38:26.923 [main] INFO org.evosuite.runtime.instrumentation.EvoClassLoader - Keeping class: org.springframework.beans.factory.support.DefaultListableBeanFactory$2
08:38:26.923 [main] INFO org.evosuite.runtime.instrumentation.EvoClassLoader - Seeing class for first time: org.springframework.beans.factory.support.DefaultListableBeanFactory$MultiElementDescriptor
08:38:26.923 [main] INFO org.evosuite.runtime.instrumentation.EvoClassLoader - Instrumenting class 'org.springframework.beans.factory.support.DefaultListableBeanFactory$MultiElementDescriptor'.
08:38:26.923 [main] INFO org.evosuite.runtime.instrumentation.MethodCallReplacementClassAdapter - Adding mock interface to class org/springframework/beans/factory/support/DefaultListableBeanFactory$MultiElementDescriptor
08:38:26.927 [main] INFO org.evosuite.runtime.instrumentation.CreateClassResetClassAdapter - Creating brand-new static initializer in class org/springframework/beans/factory/support/DefaultListableBeanFactory$MultiElementDescriptor
08:38:26.927 [main] INFO org.evosuite.runtime.instrumentation.EvoClassLoader - Keeping class: org.springframework.beans.factory.support.DefaultListableBeanFactory$MultiElementDescriptor
08:38:26.927 [main] INFO org.evosuite.runtime.instrumentation.EvoClassLoader - Seeing class for first time: org.springframework.core.OrderComparator$OrderSourceProvider
08:38:26.927 [main] INFO org.evosuite.runtime.instrumentation.EvoClassLoader - Instrumenting class 'org.springframework.core.OrderComparator$OrderSourceProvider'.
08:38:26.927 [main] INFO org.evosuite.runtime.instrumentation.EvoClassLoader - Keeping class: org.springframework.core.OrderComparator$OrderSourceProvider
08:38:26.931 [main] INFO org.evosuite.runtime.instrumentation.EvoClassLoader - Seeing class for first time: org.springframework.beans.factory.xml.XmlBeanDefinitionStoreException
08:38:26.931 [main] INFO org.evosuite.runtime.instrumentation.EvoClassLoader - Instrumenting class 'org.springframework.beans.factory.xml.XmlBeanDefinitionStoreException'.
08:38:26.931 [main] INFO org.evosuite.runtime.instrumentation.MethodCallReplacementClassAdapter - Adding mock interface to class org/springframework/beans/factory/xml/XmlBeanDefinitionStoreException
08:38:26.931 [main] INFO org.evosuite.runtime.instrumentation.CreateClassResetClassAdapter - Creating brand-new static initializer in class org/springframework/beans/factory/xml/XmlBeanDefinitionStoreException
08:38:26.935 [main] INFO org.evosuite.runtime.instrumentation.EvoClassLoader - Keeping class: org.springframework.beans.factory.xml.XmlBeanDefinitionStoreException
08:38:26.935 [main] INFO org.evosuite.runtime.instrumentation.EvoClassLoader - Seeing class for first time: org.springframework.boot.diagnostics.analyzer.BindFailureAnalyzer
08:38:26.935 [main] INFO org.evosuite.runtime.instrumentation.EvoClassLoader - Instrumenting class 'org.springframework.boot.diagnostics.analyzer.BindFailureAnalyzer'.
08:38:26.935 [main] INFO org.evosuite.runtime.instrumentation.MethodCallReplacementClassAdapter - Adding mock interface to class org/springframework/boot/diagnostics/analyzer/BindFailureAnalyzer
08:38:26.939 [main] INFO org.evosuite.runtime.instrumentation.CreateClassResetClassAdapter - Creating brand-new static initializer in class org/springframework/boot/diagnostics/analyzer/BindFailureAnalyzer
08:38:26.939 [main] INFO org.evosuite.runtime.instrumentation.EvoClassLoader - Keeping class: org.springframework.boot.diagnostics.analyzer.BindFailureAnalyzer
08:38:26.939 [main] INFO org.evosuite.runtime.instrumentation.EvoClassLoader - Seeing class for first time: org.springframework.boot.context.properties.bind.BindException
08:38:26.939 [main] INFO org.evosuite.runtime.instrumentation.EvoClassLoader - Instrumenting class 'org.springframework.boot.context.properties.bind.BindException'.
08:38:26.939 [main] INFO org.evosuite.runtime.instrumentation.MethodCallReplacementClassAdapter - Adding mock interface to class org/springframework/boot/context/properties/bind/BindException
08:38:26.939 [main] INFO org.evosuite.runtime.instrumentation.CreateClassResetClassAdapter - Creating brand-new static initializer in class org/springframework/boot/context/properties/bind/BindException
08:38:26.939 [main] INFO org.evosuite.runtime.instrumentation.EvoClassLoader - Seeing class for first time: org.springframework.boot.origin.OriginProvider
08:38:26.939 [main] INFO org.evosuite.runtime.instrumentation.EvoClassLoader - Instrumenting class 'org.springframework.boot.origin.OriginProvider'.
08:38:26.939 [main] INFO org.evosuite.runtime.instrumentation.EvoClassLoader - Keeping class: org.springframework.boot.origin.OriginProvider
08:38:26.939 [main] INFO org.evosuite.runtime.instrumentation.EvoClassLoader - Keeping class: org.springframework.boot.context.properties.bind.BindException
08:38:26.939 [main] INFO org.evosuite.runtime.instrumentation.EvoClassLoader - Seeing class for first time: org.springframework.context.expression.StandardBeanExpressionResolver$1
08:38:26.939 [main] INFO org.evosuite.runtime.instrumentation.EvoClassLoader - Instrumenting class 'org.springframework.context.expression.StandardBeanExpressionResolver$1'.
08:38:26.943 [main] INFO org.evosuite.runtime.instrumentation.MethodCallReplacementClassAdapter - Adding mock interface to class org/springframework/context/expression/StandardBeanExpressionResolver$1
08:38:26.943 [main] INFO org.evosuite.runtime.instrumentation.EvoClassLoader - Keeping class: org.springframework.context.expression.StandardBeanExpressionResolver$1
08:38:26.943 [main] INFO org.evosuite.runtime.instrumentation.EvoClassLoader - Seeing class for first time: org.springframework.context.event.SimpleApplicationEventMulticaster
08:38:26.943 [main] INFO org.evosuite.runtime.instrumentation.EvoClassLoader - Instrumenting class 'org.springframework.context.event.SimpleApplicationEventMulticaster'.
08:38:26.943 [main] INFO org.evosuite.runtime.instrumentation.MethodCallReplacementClassAdapter - Adding mock interface to class org/springframework/context/event/SimpleApplicationEventMulticaster
08:38:26.947 [main] INFO org.evosuite.runtime.instrumentation.CreateClassResetClassAdapter - Creating brand-new static initializer in class org/springframework/context/event/SimpleApplicationEventMulticaster
08:38:26.947 [main] INFO org.evosuite.runtime.instrumentation.EvoClassLoader - Keeping class: org.springframework.context.event.SimpleApplicationEventMulticaster
08:38:26.947 [main] INFO org.evosuite.runtime.instrumentation.EvoClassLoader - Seeing class for first time: org.springframework.beans.factory.parsing.FailFastProblemReporter
08:38:26.947 [main] INFO org.evosuite.runtime.instrumentation.EvoClassLoader - Instrumenting class 'org.springframework.beans.factory.parsing.FailFastProblemReporter'.
08:38:26.951 [main] INFO org.evosuite.runtime.instrumentation.MethodCallReplacementClassAdapter - Adding mock interface to class org/springframework/beans/factory/parsing/FailFastProblemReporter
08:38:26.951 [main] INFO org.evosuite.runtime.instrumentation.CreateClassResetClassAdapter - Creating brand-new static initializer in class org/springframework/beans/factory/parsing/FailFastProblemReporter
08:38:26.951 [main] INFO org.evosuite.runtime.instrumentation.EvoClassLoader - Seeing class for first time: org.springframework.beans.factory.parsing.ProblemReporter
08:38:26.951 [main] INFO org.evosuite.runtime.instrumentation.EvoClassLoader - Instrumenting class 'org.springframework.beans.factory.parsing.ProblemReporter'.
08:38:26.951 [main] INFO org.evosuite.runtime.instrumentation.EvoClassLoader - Keeping class: org.springframework.beans.factory.parsing.ProblemReporter
08:38:26.951 [main] INFO org.evosuite.runtime.instrumentation.EvoClassLoader - Keeping class: org.springframework.beans.factory.parsing.FailFastProblemReporter
08:38:26.951 [main] INFO org.evosuite.runtime.instrumentation.EvoClassLoader - Seeing class for first time: org.springframework.context.annotation.CommonAnnotationBeanPostProcessor
08:38:26.951 [main] INFO org.evosuite.runtime.instrumentation.EvoClassLoader - Instrumenting class 'org.springframework.context.annotation.CommonAnnotationBeanPostProcessor'.
08:38:26.955 [main] INFO org.evosuite.runtime.instrumentation.MethodCallReplacementClassAdapter - Adding mock interface to class org/springframework/context/annotation/CommonAnnotationBeanPostProcessor
08:38:26.959 [main] INFO org.evosuite.runtime.instrumentation.CreateClassResetClassAdapter - Found static initializer in class org/springframework/context/annotation/CommonAnnotationBeanPostProcessor
08:38:26.959 [main] INFO org.evosuite.runtime.instrumentation.EvoClassLoader - Keeping class: org.springframework.context.annotation.CommonAnnotationBeanPostProcessor
08:38:26.959 [main] INFO org.evosuite.runtime.instrumentation.EvoClassLoader - Seeing class for first time: org.springframework.context.expression.BeanFactoryResolver
08:38:26.959 [main] INFO org.evosuite.runtime.instrumentation.EvoClassLoader - Instrumenting class 'org.springframework.context.expression.BeanFactoryResolver'.
08:38:26.963 [main] INFO org.evosuite.runtime.instrumentation.MethodCallReplacementClassAdapter - Adding mock interface to class org/springframework/context/expression/BeanFactoryResolver
08:38:26.963 [main] INFO org.evosuite.runtime.instrumentation.CreateClassResetClassAdapter - Creating brand-new static initializer in class org/springframework/context/expression/BeanFactoryResolver
08:38:26.963 [main] INFO org.evosuite.runtime.instrumentation.EvoClassLoader - Keeping class: org.springframework.context.expression.BeanFactoryResolver
08:38:26.967 [main] INFO org.evosuite.runtime.instrumentation.EvoClassLoader - Seeing class for first time: org.springframework.format.datetime.standard.DateTimeConverters$CalendarToInstantConverter
08:38:26.967 [main] INFO org.evosuite.runtime.instrumentation.EvoClassLoader - Instrumenting class 'org.springframework.format.datetime.standard.DateTimeConverters$CalendarToInstantConverter'.
08:38:26.967 [main] INFO org.evosuite.runtime.instrumentation.MethodCallReplacementClassAdapter - Adding mock interface to class org/springframework/format/datetime/standard/DateTimeConverters$CalendarToInstantConverter
08:38:26.967 [main] INFO org.evosuite.runtime.instrumentation.CreateClassResetClassAdapter - Creating brand-new static initializer in class org/springframework/format/datetime/standard/DateTimeConverters$CalendarToInstantConverter
08:38:26.967 [main] INFO org.evosuite.runtime.instrumentation.EvoClassLoader - Keeping class: org.springframework.format.datetime.standard.DateTimeConverters$CalendarToInstantConverter
08:38:26.967 [main] INFO org.evosuite.runtime.instrumentation.EvoClassLoader - Seeing class for first time: org.springframework.beans.factory.support.DisposableBeanAdapter
08:38:26.967 [main] INFO org.evosuite.runtime.instrumentation.EvoClassLoader - Instrumenting class 'org.springframework.beans.factory.support.DisposableBeanAdapter'.
08:38:26.971 [main] INFO org.evosuite.runtime.instrumentation.MethodCallReplacementClassAdapter - Adding mock interface to class org/springframework/beans/factory/support/DisposableBeanAdapter
08:38:26.971 [main] INFO org.evosuite.runtime.instrumentation.CreateClassResetClassAdapter - Found static initializer in class org/springframework/beans/factory/support/DisposableBeanAdapter
08:38:26.971 [main] INFO org.evosuite.runtime.instrumentation.EvoClassLoader - Keeping class: org.springframework.beans.factory.support.DisposableBeanAdapter
08:38:26.975 [main] INFO org.evosuite.runtime.instrumentation.EvoClassLoader - Seeing class for first time: org.springframework.boot.convert.DelimitedStringToArrayConverter
08:38:26.975 [main] INFO org.evosuite.runtime.instrumentation.EvoClassLoader - Instrumenting class 'org.springframework.boot.convert.DelimitedStringToArrayConverter'.
08:38:26.975 [main] INFO org.evosuite.runtime.instrumentation.MethodCallReplacementClassAdapter - Adding mock interface to class org/springframework/boot/convert/DelimitedStringToArrayConverter
08:38:26.975 [main] INFO org.evosuite.runtime.instrumentation.CreateClassResetClassAdapter - Creating brand-new static initializer in class org/springframework/boot/convert/DelimitedStringToArrayConverter
08:38:26.975 [main] INFO org.evosuite.runtime.instrumentation.EvoClassLoader - Keeping class: org.springframework.boot.convert.DelimitedStringToArrayConverter
08:38:26.975 [main] INFO org.evosuite.runtime.instrumentation.EvoClassLoader - Seeing class for first time: org.springframework.boot.autoconfigure.condition.OnWebApplicationCondition
08:38:26.975 [main] INFO org.evosuite.runtime.instrumentation.EvoClassLoader - Instrumenting class 'org.springframework.boot.autoconfigure.condition.OnWebApplicationCondition'.
08:38:26.979 [main] INFO org.evosuite.runtime.instrumentation.MethodCallReplacementClassAdapter - Adding mock interface to class org/springframework/boot/autoconfigure/condition/OnWebApplicationCondition
08:38:26.979 [main] INFO org.evosuite.runtime.instrumentation.CreateClassResetClassAdapter - Creating brand-new static initializer in class org/springframework/boot/autoconfigure/condition/OnWebApplicationCondition
08:38:26.979 [main] INFO org.evosuite.runtime.instrumentation.CreateClassResetClassAdapter - Adding bytecode for initializing field SERVLET_WEB_APPLICATION_CLASS
08:38:26.979 [main] INFO org.evosuite.runtime.instrumentation.CreateClassResetClassAdapter - Adding bytecode for initializing field REACTIVE_WEB_APPLICATION_CLASS
08:38:26.979 [main] INFO org.evosuite.runtime.instrumentation.EvoClassLoader - Keeping class: org.springframework.boot.autoconfigure.condition.OnWebApplicationCondition
08:38:26.979 [main] INFO org.evosuite.runtime.instrumentation.EvoClassLoader - Seeing class for first time: org.springframework.context.event.EventListener
08:38:26.979 [main] INFO org.evosuite.runtime.instrumentation.EvoClassLoader - Instrumenting class 'org.springframework.context.event.EventListener'.
08:38:26.983 [main] INFO org.evosuite.runtime.instrumentation.EvoClassLoader - Keeping class: org.springframework.context.event.EventListener
08:38:26.987 [main] INFO org.evosuite.runtime.instrumentation.EvoClassLoader - Seeing class for first time: org.springframework.boot.autoconfigure.SharedMetadataReaderFactoryContextInitializer$CachingMetadataReaderFactoryPostProcessor
08:38:26.987 [main] INFO org.evosuite.runtime.instrumentation.EvoClassLoader - Instrumenting class 'org.springframework.boot.autoconfigure.SharedMetadataReaderFactoryContextInitializer$CachingMetadataReaderFactoryPostProcessor'.
08:38:26.991 [main] INFO org.evosuite.runtime.instrumentation.MethodCallReplacementClassAdapter - Adding mock interface to class org/springframework/boot/autoconfigure/SharedMetadataReaderFactoryContextInitializer$CachingMetadataReaderFactoryPostProcessor
08:38:26.995 [main] INFO org.evosuite.runtime.instrumentation.CreateClassResetClassAdapter - Creating brand-new static initializer in class org/springframework/boot/autoconfigure/SharedMetadataReaderFactoryContextInitializer$CachingMetadataReaderFactoryPostProcessor
08:38:26.995 [main] INFO org.evosuite.runtime.instrumentation.EvoClassLoader - Keeping class: org.springframework.boot.autoconfigure.SharedMetadataReaderFactoryContextInitializer$CachingMetadataReaderFactoryPostProcessor
08:38:26.995 [main] INFO org.evosuite.runtime.instrumentation.EvoClassLoader - Seeing class for first time: org.springframework.format.datetime.standard.DateTimeFormatterRegistrar$1
08:38:26.995 [main] INFO org.evosuite.runtime.instrumentation.EvoClassLoader - Instrumenting class 'org.springframework.format.datetime.standard.DateTimeFormatterRegistrar$1'.
08:38:26.999 [main] INFO org.evosuite.runtime.instrumentation.MethodCallReplacementClassAdapter - Adding mock interface to class org/springframework/format/datetime/standard/DateTimeFormatterRegistrar$1
08:38:26.999 [main] INFO org.evosuite.runtime.instrumentation.EvoClassLoader - Keeping class: org.springframework.format.datetime.standard.DateTimeFormatterRegistrar$1
08:38:26.999 [main] INFO org.evosuite.runtime.instrumentation.EvoClassLoader - Seeing class for first time: org.springframework.core.GraalDetector
08:38:26.999 [main] INFO org.evosuite.runtime.instrumentation.EvoClassLoader - Instrumenting class 'org.springframework.core.GraalDetector'.
08:38:27.003 [main] INFO org.evosuite.runtime.instrumentation.MethodCallReplacementClassAdapter - Adding mock interface to class org/springframework/core/GraalDetector
08:38:27.003 [main] INFO org.evosuite.runtime.instrumentation.CreateClassResetClassAdapter - Found static initializer in class org/springframework/core/GraalDetector
08:38:27.003 [main] INFO org.evosuite.runtime.instrumentation.EvoClassLoader - Keeping class: org.springframework.core.GraalDetector
08:38:27.003 [main] INFO org.evosuite.runtime.instrumentation.EvoClassLoader - Seeing class for first time: org.springframework.dao.DataAccessResourceFailureException
08:38:27.003 [main] INFO org.evosuite.runtime.instrumentation.EvoClassLoader - Instrumenting class 'org.springframework.dao.DataAccessResourceFailureException'.
08:38:27.003 [main] INFO org.evosuite.runtime.instrumentation.EvoClassLoader - Error while loading class: java.lang.ClassNotFoundException: Class 'org/springframework/dao/DataAccessResourceFailureException.class' should be in target project, but could not be found!
08:38:27.003 [main] ERROR org.evosuite.runtime.classhandling.ClassStateSupport - Could not initialize org.springframework.dao.DataAccessResourceFailureException: Class 'org/springframework/dao/DataAccessResourceFailureException.class' should be in target project, but could not be found!
08:38:27.003 [main] INFO org.evosuite.runtime.instrumentation.EvoClassLoader - Seeing class for first time: org.springframework.context.annotation.Lazy
08:38:27.003 [main] INFO org.evosuite.runtime.instrumentation.EvoClassLoader - Instrumenting class 'org.springframework.context.annotation.Lazy'.
08:38:27.007 [main] INFO org.evosuite.runtime.instrumentation.EvoClassLoader - Keeping class: org.springframework.context.annotation.Lazy
08:38:27.007 [main] INFO org.evosuite.runtime.instrumentation.EvoClassLoader - Seeing class for first time: org.springframework.format.datetime.standard.DateTimeConverters$ZonedDateTimeToLocalTimeConverter
08:38:27.007 [main] INFO org.evosuite.runtime.instrumentation.EvoClassLoader - Instrumenting class 'org.springframework.format.datetime.standard.DateTimeConverters$ZonedDateTimeToLocalTimeConverter'.
08:38:27.011 [main] INFO org.evosuite.runtime.instrumentation.MethodCallReplacementClassAdapter - Adding mock interface to class org/springframework/format/datetime/standard/DateTimeConverters$ZonedDateTimeToLocalTimeConverter
08:38:27.011 [main] INFO org.evosuite.runtime.instrumentation.CreateClassResetClassAdapter - Creating brand-new static initializer in class org/springframework/format/datetime/standard/DateTimeConverters$ZonedDateTimeToLocalTimeConverter
08:38:27.011 [main] INFO org.evosuite.runtime.instrumentation.EvoClassLoader - Keeping class: org.springframework.format.datetime.standard.DateTimeConverters$ZonedDateTimeToLocalTimeConverter
08:38:27.011 [main] INFO org.evosuite.runtime.instrumentation.EvoClassLoader - Seeing class for first time: org.springframework.core.convert.support.CollectionToObjectConverter
08:38:27.011 [main] INFO org.evosuite.runtime.instrumentation.EvoClassLoader - Instrumenting class 'org.springframework.core.convert.support.CollectionToObjectConverter'.
08:38:27.015 [main] INFO org.evosuite.runtime.instrumentation.MethodCallReplacementClassAdapter - Adding mock interface to class org/springframework/core/convert/support/CollectionToObjectConverter
08:38:27.015 [main] INFO org.evosuite.runtime.instrumentation.CreateClassResetClassAdapter - Creating brand-new static initializer in class org/springframework/core/convert/support/CollectionToObjectConverter
08:38:27.015 [main] INFO org.evosuite.runtime.instrumentation.EvoClassLoader - Keeping class: org.springframework.core.convert.support.CollectionToObjectConverter
08:38:27.015 [main] INFO org.evosuite.runtime.instrumentation.EvoClassLoader - Seeing class for first time: org.springframework.expression.spel.support.StandardTypeConverter
08:38:27.015 [main] INFO org.evosuite.runtime.instrumentation.EvoClassLoader - Instrumenting class 'org.springframework.expression.spel.support.StandardTypeConverter'.
08:38:27.019 [main] INFO org.evosuite.runtime.instrumentation.MethodCallReplacementClassAdapter - Adding mock interface to class org/springframework/expression/spel/support/StandardTypeConverter
08:38:27.019 [main] INFO org.evosuite.runtime.instrumentation.CreateClassResetClassAdapter - Creating brand-new static initializer in class org/springframework/expression/spel/support/StandardTypeConverter
08:38:27.019 [main] INFO org.evosuite.runtime.instrumentation.EvoClassLoader - Keeping class: org.springframework.expression.spel.support.StandardTypeConverter
08:38:27.019 [main] INFO org.evosuite.runtime.instrumentation.EvoClassLoader - Seeing class for first time: org.springframework.util.ReflectionUtils$MethodCallback
08:38:27.019 [main] INFO org.evosuite.runtime.instrumentation.EvoClassLoader - Instrumenting class 'org.springframework.util.ReflectionUtils$MethodCallback'.
08:38:27.023 [main] INFO org.evosuite.runtime.instrumentation.EvoClassLoader - Keeping class: org.springframework.util.ReflectionUtils$MethodCallback
08:38:27.023 [main] INFO org.evosuite.runtime.instrumentation.EvoClassLoader - Seeing class for first time: org.springframework.context.annotation.ConfigurationClassParser$DeferredImportSelectorGroupingHandler
08:38:27.023 [main] INFO org.evosuite.runtime.instrumentation.EvoClassLoader - Instrumenting class 'org.springframework.context.annotation.ConfigurationClassParser$DeferredImportSelectorGroupingHandler'.
08:38:27.023 [main] INFO org.evosuite.runtime.instrumentation.MethodCallReplacementClassAdapter - Adding mock interface to class org/springframework/context/annotation/ConfigurationClassParser$DeferredImportSelectorGroupingHandler
08:38:27.027 [main] INFO org.evosuite.runtime.instrumentation.CreateClassResetClassAdapter - Creating brand-new static initializer in class org/springframework/context/annotation/ConfigurationClassParser$DeferredImportSelectorGroupingHandler
08:38:27.027 [main] INFO org.evosuite.runtime.instrumentation.EvoClassLoader - Keeping class: org.springframework.context.annotation.ConfigurationClassParser$DeferredImportSelectorGroupingHandler
08:38:27.027 [main] INFO org.evosuite.runtime.instrumentation.EvoClassLoader - Seeing class for first time: org.springframework.boot.autoconfigure.BackgroundPreinitializer
08:38:27.027 [main] INFO org.evosuite.runtime.instrumentation.EvoClassLoader - Instrumenting class 'org.springframework.boot.autoconfigure.BackgroundPreinitializer'.
08:38:27.027 [main] INFO org.evosuite.runtime.instrumentation.MethodCallReplacementClassAdapter - Adding mock interface to class org/springframework/boot/autoconfigure/BackgroundPreinitializer
08:38:27.035 [main] INFO org.evosuite.runtime.instrumentation.CreateClassResetClassAdapter - Found static initializer in class org/springframework/boot/autoconfigure/BackgroundPreinitializer
08:38:27.035 [main] INFO org.evosuite.runtime.instrumentation.EvoClassLoader - Keeping class: org.springframework.boot.autoconfigure.BackgroundPreinitializer
08:38:27.035 [main] INFO org.evosuite.runtime.instrumentation.EvoClassLoader - Seeing class for first time: org.springframework.format.datetime.standard.YearFormatter
08:38:27.035 [main] INFO org.evosuite.runtime.instrumentation.EvoClassLoader - Instrumenting class 'org.springframework.format.datetime.standard.YearFormatter'.
08:38:27.035 [main] INFO org.evosuite.runtime.instrumentation.MethodCallReplacementClassAdapter - Adding mock interface to class org/springframework/format/datetime/standard/YearFormatter
08:38:27.039 [main] INFO org.evosuite.runtime.instrumentation.CreateClassResetClassAdapter - Creating brand-new static initializer in class org/springframework/format/datetime/standard/YearFormatter
08:38:27.039 [main] INFO org.evosuite.runtime.instrumentation.EvoClassLoader - Keeping class: org.springframework.format.datetime.standard.YearFormatter
08:38:27.039 [main] INFO org.evosuite.runtime.instrumentation.EvoClassLoader - Seeing class for first time: org.springframework.beans.factory.support.BeanDefinitionValueResolver
08:38:27.039 [main] INFO org.evosuite.runtime.instrumentation.EvoClassLoader - Instrumenting class 'org.springframework.beans.factory.support.BeanDefinitionValueResolver'.
08:38:27.039 [main] INFO org.evosuite.runtime.instrumentation.MethodCallReplacementClassAdapter - Adding mock interface to class org/springframework/beans/factory/support/BeanDefinitionValueResolver
08:38:27.039 [main] INFO org.evosuite.runtime.instrumentation.CreateClassResetClassAdapter - Creating brand-new static initializer in class org/springframework/beans/factory/support/BeanDefinitionValueResolver
08:38:27.039 [main] INFO org.evosuite.runtime.instrumentation.EvoClassLoader - Keeping class: org.springframework.beans.factory.support.BeanDefinitionValueResolver
08:38:27.043 [main] INFO org.evosuite.runtime.instrumentation.EvoClassLoader - Seeing class for first time: org.springframework.beans.factory.xml.XmlBeanDefinitionReader
08:38:27.043 [main] INFO org.evosuite.runtime.instrumentation.EvoClassLoader - Instrumenting class 'org.springframework.beans.factory.xml.XmlBeanDefinitionReader'.
08:38:27.043 [main] INFO org.evosuite.runtime.instrumentation.MethodCallReplacementClassAdapter - Adding mock interface to class org/springframework/beans/factory/xml/XmlBeanDefinitionReader
08:38:27.055 [main] INFO org.evosuite.runtime.instrumentation.CreateClassResetClassAdapter - Found static initializer in class org/springframework/beans/factory/xml/XmlBeanDefinitionReader
08:38:27.055 [main] INFO org.evosuite.runtime.instrumentation.EvoClassLoader - Keeping class: org.springframework.beans.factory.xml.XmlBeanDefinitionReader
08:38:27.055 [main] INFO org.evosuite.runtime.instrumentation.EvoClassLoader - Seeing class for first time: org.springframework.beans.factory.xml.NamespaceHandlerResolver
08:38:27.055 [main] INFO org.evosuite.runtime.instrumentation.EvoClassLoader - Instrumenting class 'org.springframework.beans.factory.xml.NamespaceHandlerResolver'.
08:38:27.059 [main] INFO org.evosuite.runtime.instrumentation.EvoClassLoader - Keeping class: org.springframework.beans.factory.xml.NamespaceHandlerResolver
08:38:27.059 [main] INFO org.evosuite.runtime.instrumentation.EvoClassLoader - Seeing class for first time: org.springframework.beans.MutablePropertyValues
08:38:27.059 [main] INFO org.evosuite.runtime.instrumentation.EvoClassLoader - Instrumenting class 'org.springframework.beans.MutablePropertyValues'.
08:38:27.059 [main] INFO org.evosuite.runtime.instrumentation.MethodCallReplacementClassAdapter - Adding mock interface to class org/springframework/beans/MutablePropertyValues
08:38:27.059 [main] INFO org.evosuite.runtime.instrumentation.CreateClassResetClassAdapter - Creating brand-new static initializer in class org/springframework/beans/MutablePropertyValues
08:38:27.063 [main] INFO org.evosuite.runtime.instrumentation.EvoClassLoader - Keeping class: org.springframework.beans.MutablePropertyValues
08:38:27.063 [main] INFO org.evosuite.runtime.instrumentation.EvoClassLoader - Seeing class for first time: org.springframework.context.annotation.ParserStrategyUtils
08:38:27.063 [main] INFO org.evosuite.runtime.instrumentation.EvoClassLoader - Instrumenting class 'org.springframework.context.annotation.ParserStrategyUtils'.
08:38:27.063 [main] INFO org.evosuite.runtime.instrumentation.MethodCallReplacementClassAdapter - Adding mock interface to class org/springframework/context/annotation/ParserStrategyUtils
08:38:27.063 [main] INFO org.evosuite.runtime.instrumentation.CreateClassResetClassAdapter - Creating brand-new static initializer in class org/springframework/context/annotation/ParserStrategyUtils
08:38:27.063 [main] INFO org.evosuite.runtime.instrumentation.EvoClassLoader - Keeping class: org.springframework.context.annotation.ParserStrategyUtils
08:38:27.063 [main] INFO org.evosuite.runtime.instrumentation.EvoClassLoader - Seeing class for first time: org.springframework.core.type.StandardAnnotationMetadata
08:38:27.063 [main] INFO org.evosuite.runtime.instrumentation.EvoClassLoader - Instrumenting class 'org.springframework.core.type.StandardAnnotationMetadata'.
08:38:27.067 [main] INFO org.evosuite.runtime.instrumentation.MethodCallReplacementClassAdapter - Adding mock interface to class org/springframework/core/type/StandardAnnotationMetadata
08:38:27.067 [main] INFO org.evosuite.runtime.instrumentation.CreateClassResetClassAdapter - Creating brand-new static initializer in class org/springframework/core/type/StandardAnnotationMetadata
08:38:27.067 [main] INFO org.evosuite.runtime.instrumentation.EvoClassLoader - Keeping class: org.springframework.core.type.StandardAnnotationMetadata
08:38:27.067 [main] INFO org.evosuite.runtime.instrumentation.EvoClassLoader - Seeing class for first time: org.springframework.boot.diagnostics.FailureAnalyzers
08:38:27.067 [main] INFO org.evosuite.runtime.instrumentation.EvoClassLoader - Instrumenting class 'org.springframework.boot.diagnostics.FailureAnalyzers'.
08:38:27.071 [main] INFO org.evosuite.runtime.instrumentation.MethodCallReplacementClassAdapter - Adding mock interface to class org/springframework/boot/diagnostics/FailureAnalyzers
08:38:27.075 [main] INFO org.evosuite.runtime.instrumentation.CreateClassResetClassAdapter - Found static initializer in class org/springframework/boot/diagnostics/FailureAnalyzers
08:38:27.075 [main] INFO org.evosuite.runtime.instrumentation.EvoClassLoader - Keeping class: org.springframework.boot.diagnostics.FailureAnalyzers
08:38:27.075 [main] INFO org.evosuite.runtime.instrumentation.EvoClassLoader - Seeing class for first time: org.springframework.format.datetime.DateFormatterRegistrar$LongToDateConverter
08:38:27.075 [main] INFO org.evosuite.runtime.instrumentation.EvoClassLoader - Instrumenting class 'org.springframework.format.datetime.DateFormatterRegistrar$LongToDateConverter'.
08:38:27.075 [main] INFO org.evosuite.runtime.instrumentation.MethodCallReplacementClassAdapter - Adding mock interface to class org/springframework/format/datetime/DateFormatterRegistrar$LongToDateConverter
08:38:27.079 [main] INFO org.evosuite.runtime.instrumentation.CreateClassResetClassAdapter - Creating brand-new static initializer in class org/springframework/format/datetime/DateFormatterRegistrar$LongToDateConverter
08:38:27.079 [main] INFO org.evosuite.runtime.instrumentation.EvoClassLoader - Keeping class: org.springframework.format.datetime.DateFormatterRegistrar$LongToDateConverter
08:38:27.079 [main] INFO org.evosuite.runtime.instrumentation.EvoClassLoader - Seeing class for first time: org.springframework.core.annotation.AnnotationAttributes
08:38:27.079 [main] INFO org.evosuite.runtime.instrumentation.EvoClassLoader - Instrumenting class 'org.springframework.core.annotation.AnnotationAttributes'.
08:38:27.079 [main] INFO org.evosuite.runtime.instrumentation.MethodCallReplacementClassAdapter - Adding mock interface to class org/springframework/core/annotation/AnnotationAttributes
08:38:27.083 [main] INFO org.evosuite.runtime.instrumentation.CreateClassResetClassAdapter - Creating brand-new static initializer in class org/springframework/core/annotation/AnnotationAttributes
08:38:27.083 [main] INFO org.evosuite.runtime.instrumentation.CreateClassResetClassAdapter - Adding bytecode for initializing field UNKNOWN
08:38:27.083 [main] INFO org.evosuite.runtime.instrumentation.EvoClassLoader - Keeping class: org.springframework.core.annotation.AnnotationAttributes
08:38:27.083 [main] INFO org.evosuite.runtime.instrumentation.EvoClassLoader - Seeing class for first time: org.springframework.web.servlet.config.annotation.WebMvcConfigurer
08:38:27.083 [main] INFO org.evosuite.runtime.instrumentation.EvoClassLoader - Instrumenting class 'org.springframework.web.servlet.config.annotation.WebMvcConfigurer'.
08:38:27.087 [main] INFO org.evosuite.runtime.instrumentation.EvoClassLoader - Defined package (3): package org.springframework.web.servlet.config.annotation, 1589408689
08:38:27.087 [main] INFO org.evosuite.runtime.instrumentation.EvoClassLoader - Keeping class: org.springframework.web.servlet.config.annotation.WebMvcConfigurer
08:38:27.087 [main] INFO org.evosuite.runtime.instrumentation.EvoClassLoader - Seeing class for first time: org.springframework.context.annotation.Primary
08:38:27.087 [main] INFO org.evosuite.runtime.instrumentation.EvoClassLoader - Instrumenting class 'org.springframework.context.annotation.Primary'.
08:38:27.087 [main] INFO org.evosuite.runtime.instrumentation.EvoClassLoader - Keeping class: org.springframework.context.annotation.Primary
08:38:27.087 [main] INFO org.evosuite.runtime.instrumentation.EvoClassLoader - Seeing class for first time: org.springframework.beans.factory.BeanFactoryUtils
08:38:27.087 [main] INFO org.evosuite.runtime.instrumentation.EvoClassLoader - Instrumenting class 'org.springframework.beans.factory.BeanFactoryUtils'.
08:38:27.091 [main] INFO org.evosuite.runtime.instrumentation.MethodCallReplacementClassAdapter - Adding mock interface to class org/springframework/beans/factory/BeanFactoryUtils
08:38:27.091 [main] INFO org.evosuite.runtime.instrumentation.CreateClassResetClassAdapter - Found static initializer in class org/springframework/beans/factory/BeanFactoryUtils
08:38:27.091 [main] INFO org.evosuite.runtime.instrumentation.EvoClassLoader - Keeping class: org.springframework.beans.factory.BeanFactoryUtils
08:38:27.091 [main] INFO org.evosuite.runtime.instrumentation.EvoClassLoader - Seeing class for first time: org.springframework.boot.context.properties.source.DefaultPropertyMapper
08:38:27.091 [main] INFO org.evosuite.runtime.instrumentation.EvoClassLoader - Instrumenting class 'org.springframework.boot.context.properties.source.DefaultPropertyMapper'.
08:38:27.091 [main] INFO org.evosuite.runtime.instrumentation.MethodCallReplacementClassAdapter - Adding mock interface to class org/springframework/boot/context/properties/source/DefaultPropertyMapper
08:38:27.095 [main] INFO org.evosuite.runtime.instrumentation.CreateClassResetClassAdapter - Found static initializer in class org/springframework/boot/context/properties/source/DefaultPropertyMapper
08:38:27.095 [main] INFO org.evosuite.runtime.instrumentation.EvoClassLoader - Keeping class: org.springframework.boot.context.properties.source.DefaultPropertyMapper
08:38:27.095 [main] INFO org.evosuite.runtime.instrumentation.EvoClassLoader - Seeing class for first time: org.springframework.context.annotation.ConfigurationClass
08:38:27.095 [main] INFO org.evosuite.runtime.instrumentation.EvoClassLoader - Instrumenting class 'org.springframework.context.annotation.ConfigurationClass'.
08:38:27.099 [main] INFO org.evosuite.runtime.instrumentation.MethodCallReplacementClassAdapter - Adding mock interface to class org/springframework/context/annotation/ConfigurationClass
08:38:27.099 [main] INFO org.evosuite.runtime.instrumentation.CreateClassResetClassAdapter - Creating brand-new static initializer in class org/springframework/context/annotation/ConfigurationClass
08:38:27.099 [main] INFO org.evosuite.runtime.instrumentation.EvoClassLoader - Keeping class: org.springframework.context.annotation.ConfigurationClass
08:38:27.099 [main] INFO org.evosuite.runtime.instrumentation.EvoClassLoader - Seeing class for first time: org.springframework.core.convert.support.ByteBufferConverter
08:38:27.103 [main] INFO org.evosuite.runtime.instrumentation.EvoClassLoader - Instrumenting class 'org.springframework.core.convert.support.ByteBufferConverter'.
08:38:27.103 [main] INFO org.evosuite.runtime.instrumentation.MethodCallReplacementClassAdapter - Adding mock interface to class org/springframework/core/convert/support/ByteBufferConverter
08:38:27.107 [main] INFO org.evosuite.runtime.instrumentation.CreateClassResetClassAdapter - Found static initializer in class org/springframework/core/convert/support/ByteBufferConverter
08:38:27.107 [main] INFO org.evosuite.runtime.instrumentation.EvoClassLoader - Keeping class: org.springframework.core.convert.support.ByteBufferConverter
08:38:27.107 [main] INFO org.evosuite.runtime.instrumentation.EvoClassLoader - Seeing class for first time: org.springframework.boot.BeanDefinitionLoader$ClassExcludeFilter
08:38:27.107 [main] INFO org.evosuite.runtime.instrumentation.EvoClassLoader - Instrumenting class 'org.springframework.boot.BeanDefinitionLoader$ClassExcludeFilter'.
08:38:27.107 [main] INFO org.evosuite.runtime.instrumentation.MethodCallReplacementClassAdapter - Adding mock interface to class org/springframework/boot/BeanDefinitionLoader$ClassExcludeFilter
08:38:27.107 [main] INFO org.evosuite.runtime.instrumentation.CreateClassResetClassAdapter - Creating brand-new static initializer in class org/springframework/boot/BeanDefinitionLoader$ClassExcludeFilter
08:38:27.107 [main] INFO org.evosuite.runtime.instrumentation.EvoClassLoader - Keeping class: org.springframework.boot.BeanDefinitionLoader$ClassExcludeFilter
08:38:27.107 [main] INFO org.evosuite.runtime.instrumentation.EvoClassLoader - Seeing class for first time: org.springframework.boot.convert.StringToDataSizeConverter
08:38:27.107 [main] INFO org.evosuite.runtime.instrumentation.EvoClassLoader - Instrumenting class 'org.springframework.boot.convert.StringToDataSizeConverter'.
08:38:27.111 [main] INFO org.evosuite.runtime.instrumentation.MethodCallReplacementClassAdapter - Adding mock interface to class org/springframework/boot/convert/StringToDataSizeConverter
08:38:27.111 [main] INFO org.evosuite.runtime.instrumentation.CreateClassResetClassAdapter - Creating brand-new static initializer in class org/springframework/boot/convert/StringToDataSizeConverter
08:38:27.111 [main] INFO org.evosuite.runtime.instrumentation.EvoClassLoader - Keeping class: org.springframework.boot.convert.StringToDataSizeConverter
08:38:27.111 [main] INFO org.evosuite.runtime.instrumentation.EvoClassLoader - Seeing class for first time: org.springframework.orm.jpa.AbstractEntityManagerFactoryBean
08:38:27.111 [main] INFO org.evosuite.runtime.instrumentation.EvoClassLoader - Instrumenting class 'org.springframework.orm.jpa.AbstractEntityManagerFactoryBean'.
08:38:27.111 [main] INFO org.evosuite.runtime.instrumentation.EvoClassLoader - Error while loading class: java.lang.ClassNotFoundException: Class 'org/springframework/orm/jpa/AbstractEntityManagerFactoryBean.class' should be in target project, but could not be found!
08:38:27.111 [main] ERROR org.evosuite.runtime.classhandling.ClassStateSupport - Could not initialize org.springframework.orm.jpa.AbstractEntityManagerFactoryBean: Class 'org/springframework/orm/jpa/AbstractEntityManagerFactoryBean.class' should be in target project, but could not be found!
08:38:27.111 [main] INFO org.evosuite.runtime.instrumentation.EvoClassLoader - Seeing class for first time: org.springframework.core.convert.support.ObjectToCollectionConverter
08:38:27.111 [main] INFO org.evosuite.runtime.instrumentation.EvoClassLoader - Instrumenting class 'org.springframework.core.convert.support.ObjectToCollectionConverter'.
08:38:27.115 [main] INFO org.evosuite.runtime.instrumentation.MethodCallReplacementClassAdapter - Adding mock interface to class org/springframework/core/convert/support/ObjectToCollectionConverter
08:38:27.115 [main] INFO org.evosuite.runtime.instrumentation.CreateClassResetClassAdapter - Creating brand-new static initializer in class org/springframework/core/convert/support/ObjectToCollectionConverter
08:38:27.119 [main] INFO org.evosuite.runtime.instrumentation.EvoClassLoader - Keeping class: org.springframework.core.convert.support.ObjectToCollectionConverter
08:38:27.119 [main] INFO org.evosuite.runtime.instrumentation.EvoClassLoader - Seeing class for first time: org.springframework.core.convert.Property
08:38:27.119 [main] INFO org.evosuite.runtime.instrumentation.EvoClassLoader - Instrumenting class 'org.springframework.core.convert.Property'.
08:38:27.119 [main] INFO org.evosuite.runtime.instrumentation.MethodCallReplacementClassAdapter - Adding mock interface to class org/springframework/core/convert/Property
08:38:27.123 [main] INFO org.evosuite.runtime.instrumentation.CreateClassResetClassAdapter - Found static initializer in class org/springframework/core/convert/Property
08:38:27.123 [main] INFO org.evosuite.runtime.instrumentation.EvoClassLoader - Keeping class: org.springframework.core.convert.Property
08:38:27.123 [main] INFO org.evosuite.runtime.instrumentation.EvoClassLoader - Seeing class for first time: org.springframework.context.annotation.ComponentScanAnnotationParser
08:38:27.123 [main] INFO org.evosuite.runtime.instrumentation.EvoClassLoader - Instrumenting class 'org.springframework.context.annotation.ComponentScanAnnotationParser'.
08:38:27.123 [main] INFO org.evosuite.runtime.instrumentation.MethodCallReplacementClassAdapter - Adding mock interface to class org/springframework/context/annotation/ComponentScanAnnotationParser
08:38:27.127 [main] INFO org.evosuite.runtime.instrumentation.CreateClassResetClassAdapter - Creating brand-new static initializer in class org/springframework/context/annotation/ComponentScanAnnotationParser
08:38:27.127 [main] INFO org.evosuite.runtime.instrumentation.EvoClassLoader - Keeping class: org.springframework.context.annotation.ComponentScanAnnotationParser
08:38:27.127 [main] INFO org.evosuite.runtime.instrumentation.EvoClassLoader - Seeing class for first time: org.springframework.core.convert.support.ObjectToObjectConverter
08:38:27.127 [main] INFO org.evosuite.runtime.instrumentation.EvoClassLoader - Instrumenting class 'org.springframework.core.convert.support.ObjectToObjectConverter'.
08:38:27.131 [main] INFO org.evosuite.runtime.instrumentation.MethodCallReplacementClassAdapter - Adding mock interface to class org/springframework/core/convert/support/ObjectToObjectConverter
08:38:27.131 [main] INFO org.evosuite.runtime.instrumentation.CreateClassResetClassAdapter - Found static initializer in class org/springframework/core/convert/support/ObjectToObjectConverter
08:38:27.131 [main] INFO org.evosuite.runtime.instrumentation.EvoClassLoader - Keeping class: org.springframework.core.convert.support.ObjectToObjectConverter
08:38:27.131 [main] INFO org.evosuite.runtime.instrumentation.EvoClassLoader - Seeing class for first time: org.springframework.boot.system.ApplicationPid
08:38:27.131 [main] INFO org.evosuite.runtime.instrumentation.EvoClassLoader - Instrumenting class 'org.springframework.boot.system.ApplicationPid'.
08:38:27.135 [main] INFO org.evosuite.runtime.instrumentation.MethodCallReplacementClassAdapter - Adding mock interface to class org/springframework/boot/system/ApplicationPid
08:38:27.135 [main] INFO org.evosuite.runtime.instrumentation.CreateClassResetClassAdapter - Found static initializer in class org/springframework/boot/system/ApplicationPid
08:38:27.135 [main] INFO org.evosuite.runtime.instrumentation.EvoClassLoader - Defined package (3): package org.springframework.boot.system, -1242111804
08:38:27.135 [main] INFO org.evosuite.runtime.instrumentation.EvoClassLoader - Keeping class: org.springframework.boot.system.ApplicationPid
08:38:27.139 [main] INFO org.evosuite.runtime.instrumentation.EvoClassLoader - Seeing class for first time: org.springframework.boot.autoconfigure.AutoConfigurationMetadataLoader
08:38:27.139 [main] INFO org.evosuite.runtime.instrumentation.EvoClassLoader - Instrumenting class 'org.springframework.boot.autoconfigure.AutoConfigurationMetadataLoader'.
08:38:27.139 [main] INFO org.evosuite.runtime.instrumentation.MethodCallReplacementClassAdapter - Adding mock interface to class org/springframework/boot/autoconfigure/AutoConfigurationMetadataLoader
08:38:27.139 [main] INFO org.evosuite.runtime.instrumentation.CreateClassResetClassAdapter - Creating brand-new static initializer in class org/springframework/boot/autoconfigure/AutoConfigurationMetadataLoader
08:38:27.139 [main] INFO org.evosuite.runtime.instrumentation.CreateClassResetClassAdapter - Adding bytecode for initializing field PATH
08:38:27.139 [main] INFO org.evosuite.runtime.instrumentation.EvoClassLoader - Keeping class: org.springframework.boot.autoconfigure.AutoConfigurationMetadataLoader
08:38:27.139 [main] INFO org.evosuite.runtime.instrumentation.EvoClassLoader - Seeing class for first time: org.springframework.format.datetime.standard.Jsr310DateTimeFormatAnnotationFormatterFactory
08:38:27.139 [main] INFO org.evosuite.runtime.instrumentation.EvoClassLoader - Instrumenting class 'org.springframework.format.datetime.standard.Jsr310DateTimeFormatAnnotationFormatterFactory'.
08:38:27.143 [main] INFO org.evosuite.runtime.instrumentation.MethodCallReplacementClassAdapter - Adding mock interface to class org/springframework/format/datetime/standard/Jsr310DateTimeFormatAnnotationFormatterFactory
08:38:27.143 [main] INFO org.evosuite.runtime.instrumentation.CreateClassResetClassAdapter - Found static initializer in class org/springframework/format/datetime/standard/Jsr310DateTimeFormatAnnotationFormatterFactory
08:38:27.143 [main] INFO org.evosuite.runtime.instrumentation.EvoClassLoader - Keeping class: org.springframework.format.datetime.standard.Jsr310DateTimeFormatAnnotationFormatterFactory
08:38:27.143 [main] INFO org.evosuite.runtime.instrumentation.EvoClassLoader - Seeing class for first time: org.springframework.format.datetime.standard.DateTimeConverters$OffsetDateTimeToLocalDateTimeConverter
08:38:27.143 [main] INFO org.evosuite.runtime.instrumentation.EvoClassLoader - Instrumenting class 'org.springframework.format.datetime.standard.DateTimeConverters$OffsetDateTimeToLocalDateTimeConverter'.
08:38:27.147 [main] INFO org.evosuite.runtime.instrumentation.MethodCallReplacementClassAdapter - Adding mock interface to class org/springframework/format/datetime/standard/DateTimeConverters$OffsetDateTimeToLocalDateTimeConverter
08:38:27.147 [main] INFO org.evosuite.runtime.instrumentation.CreateClassResetClassAdapter - Creating brand-new static initializer in class org/springframework/format/datetime/standard/DateTimeConverters$OffsetDateTimeToLocalDateTimeConverter
08:38:27.147 [main] INFO org.evosuite.runtime.instrumentation.EvoClassLoader - Keeping class: org.springframework.format.datetime.standard.DateTimeConverters$OffsetDateTimeToLocalDateTimeConverter
08:38:27.147 [main] INFO org.evosuite.runtime.instrumentation.EvoClassLoader - Seeing class for first time: org.springframework.format.datetime.standard.YearMonthFormatter
08:38:27.147 [main] INFO org.evosuite.runtime.instrumentation.EvoClassLoader - Instrumenting class 'org.springframework.format.datetime.standard.YearMonthFormatter'.
08:38:27.151 [main] INFO org.evosuite.runtime.instrumentation.MethodCallReplacementClassAdapter - Adding mock interface to class org/springframework/format/datetime/standard/YearMonthFormatter
08:38:27.151 [main] INFO org.evosuite.runtime.instrumentation.CreateClassResetClassAdapter - Creating brand-new static initializer in class org/springframework/format/datetime/standard/YearMonthFormatter
08:38:27.151 [main] INFO org.evosuite.runtime.instrumentation.EvoClassLoader - Keeping class: org.springframework.format.datetime.standard.YearMonthFormatter
08:38:27.151 [main] INFO org.evosuite.runtime.instrumentation.EvoClassLoader - Seeing class for first time: org.springframework.beans.factory.support.SimpleInstantiationStrategy
08:38:27.151 [main] INFO org.evosuite.runtime.instrumentation.EvoClassLoader - Instrumenting class 'org.springframework.beans.factory.support.SimpleInstantiationStrategy'.
08:38:27.151 [main] INFO org.evosuite.runtime.instrumentation.MethodCallReplacementClassAdapter - Adding mock interface to class org/springframework/beans/factory/support/SimpleInstantiationStrategy
08:38:27.155 [main] INFO org.evosuite.runtime.instrumentation.CreateClassResetClassAdapter - Found static initializer in class org/springframework/beans/factory/support/SimpleInstantiationStrategy
08:38:27.155 [main] INFO org.evosuite.runtime.instrumentation.EvoClassLoader - Keeping class: org.springframework.beans.factory.support.SimpleInstantiationStrategy
08:38:27.155 [main] INFO org.evosuite.runtime.instrumentation.EvoClassLoader - Seeing class for first time: org.springframework.context.event.AbstractApplicationEventMulticaster$ListenerCacheKey
08:38:27.155 [main] INFO org.evosuite.runtime.instrumentation.EvoClassLoader - Instrumenting class 'org.springframework.context.event.AbstractApplicationEventMulticaster$ListenerCacheKey'.
08:38:27.159 [main] INFO org.evosuite.runtime.instrumentation.MethodCallReplacementClassAdapter - Adding mock interface to class org/springframework/context/event/AbstractApplicationEventMulticaster$ListenerCacheKey
08:38:27.159 [main] INFO org.evosuite.runtime.instrumentation.CreateClassResetClassAdapter - Creating brand-new static initializer in class org/springframework/context/event/AbstractApplicationEventMulticaster$ListenerCacheKey
08:38:27.159 [main] INFO org.evosuite.runtime.instrumentation.EvoClassLoader - Keeping class: org.springframework.context.event.AbstractApplicationEventMulticaster$ListenerCacheKey
08:38:27.159 [main] INFO org.evosuite.runtime.instrumentation.EvoClassLoader - Seeing class for first time: org.springframework.core.convert.support.ArrayToStringConverter
08:38:27.159 [main] INFO org.evosuite.runtime.instrumentation.EvoClassLoader - Instrumenting class 'org.springframework.core.convert.support.ArrayToStringConverter'.
08:38:27.163 [main] INFO org.evosuite.runtime.instrumentation.MethodCallReplacementClassAdapter - Adding mock interface to class org/springframework/core/convert/support/ArrayToStringConverter
08:38:27.163 [main] INFO org.evosuite.runtime.instrumentation.CreateClassResetClassAdapter - Creating brand-new static initializer in class org/springframework/core/convert/support/ArrayToStringConverter
08:38:27.163 [main] INFO org.evosuite.runtime.instrumentation.EvoClassLoader - Keeping class: org.springframework.core.convert.support.ArrayToStringConverter
08:38:27.163 [main] INFO org.evosuite.runtime.instrumentation.EvoClassLoader - Seeing class for first time: org.springframework.beans.factory.annotation.Qualifier
08:38:27.163 [main] INFO org.evosuite.runtime.instrumentation.EvoClassLoader - Instrumenting class 'org.springframework.beans.factory.annotation.Qualifier'.
08:38:27.163 [main] INFO org.evosuite.runtime.instrumentation.EvoClassLoader - Keeping class: org.springframework.beans.factory.annotation.Qualifier
08:38:27.163 [main] INFO org.evosuite.runtime.instrumentation.EvoClassLoader - Seeing class for first time: org.springframework.format.datetime.standard.DateTimeConverters$CalendarToLocalDateTimeConverter
08:38:27.163 [main] INFO org.evosuite.runtime.instrumentation.EvoClassLoader - Instrumenting class 'org.springframework.format.datetime.standard.DateTimeConverters$CalendarToLocalDateTimeConverter'.
08:38:27.167 [main] INFO org.evosuite.runtime.instrumentation.MethodCallReplacementClassAdapter - Adding mock interface to class org/springframework/format/datetime/standard/DateTimeConverters$CalendarToLocalDateTimeConverter
08:38:27.167 [main] INFO org.evosuite.runtime.instrumentation.CreateClassResetClassAdapter - Creating brand-new static initializer in class org/springframework/format/datetime/standard/DateTimeConverters$CalendarToLocalDateTimeConverter
08:38:27.167 [main] INFO org.evosuite.runtime.instrumentation.EvoClassLoader - Keeping class: org.springframework.format.datetime.standard.DateTimeConverters$CalendarToLocalDateTimeConverter
08:38:27.167 [main] INFO org.evosuite.runtime.instrumentation.EvoClassLoader - Seeing class for first time: org.springframework.boot.diagnostics.analyzer.BeanCurrentlyInCreationFailureAnalyzer
08:38:27.167 [main] INFO org.evosuite.runtime.instrumentation.EvoClassLoader - Instrumenting class 'org.springframework.boot.diagnostics.analyzer.BeanCurrentlyInCreationFailureAnalyzer'.
08:38:27.167 [main] INFO org.evosuite.runtime.instrumentation.MethodCallReplacementClassAdapter - Adding mock interface to class org/springframework/boot/diagnostics/analyzer/BeanCurrentlyInCreationFailureAnalyzer
08:38:27.171 [main] INFO org.evosuite.runtime.instrumentation.CreateClassResetClassAdapter - Creating brand-new static initializer in class org/springframework/boot/diagnostics/analyzer/BeanCurrentlyInCreationFailureAnalyzer
08:38:27.171 [main] INFO org.evosuite.runtime.instrumentation.EvoClassLoader - Keeping class: org.springframework.boot.diagnostics.analyzer.BeanCurrentlyInCreationFailureAnalyzer
08:38:27.171 [main] INFO org.evosuite.runtime.instrumentation.EvoClassLoader - Seeing class for first time: org.springframework.boot.liquibase.LiquibaseServiceLocatorApplicationListener
08:38:27.171 [main] INFO org.evosuite.runtime.instrumentation.EvoClassLoader - Instrumenting class 'org.springframework.boot.liquibase.LiquibaseServiceLocatorApplicationListener'.
08:38:27.171 [main] INFO org.evosuite.runtime.instrumentation.MethodCallReplacementClassAdapter - Adding mock interface to class org/springframework/boot/liquibase/LiquibaseServiceLocatorApplicationListener
08:38:27.171 [main] INFO org.evosuite.runtime.instrumentation.CreateClassResetClassAdapter - Found static initializer in class org/springframework/boot/liquibase/LiquibaseServiceLocatorApplicationListener
08:38:27.171 [main] INFO org.evosuite.runtime.instrumentation.EvoClassLoader - Defined package (3): package org.springframework.boot.liquibase, 1889639492
08:38:27.175 [main] INFO org.evosuite.runtime.instrumentation.EvoClassLoader - Keeping class: org.springframework.boot.liquibase.LiquibaseServiceLocatorApplicationListener
08:38:27.175 [main] INFO org.evosuite.runtime.instrumentation.EvoClassLoader - Seeing class for first time: org.springframework.context.annotation.CommonAnnotationBeanPostProcessor$LookupElement
08:38:27.175 [main] INFO org.evosuite.runtime.instrumentation.EvoClassLoader - Instrumenting class 'org.springframework.context.annotation.CommonAnnotationBeanPostProcessor$LookupElement'.
08:38:27.175 [main] INFO org.evosuite.runtime.instrumentation.MethodCallReplacementClassAdapter - Adding mock interface to class org/springframework/context/annotation/CommonAnnotationBeanPostProcessor$LookupElement
08:38:27.175 [main] INFO org.evosuite.runtime.instrumentation.CreateClassResetClassAdapter - Creating brand-new static initializer in class org/springframework/context/annotation/CommonAnnotationBeanPostProcessor$LookupElement
08:38:27.179 [main] INFO org.evosuite.runtime.instrumentation.EvoClassLoader - Keeping class: org.springframework.context.annotation.CommonAnnotationBeanPostProcessor$LookupElement
08:38:27.179 [main] INFO org.evosuite.runtime.instrumentation.EvoClassLoader - Seeing class for first time: org.springframework.context.annotation.CommonAnnotationBeanPostProcessor$LookupDependencyDescriptor
08:38:27.179 [main] INFO org.evosuite.runtime.instrumentation.EvoClassLoader - Instrumenting class 'org.springframework.context.annotation.CommonAnnotationBeanPostProcessor$LookupDependencyDescriptor'.
08:38:27.179 [main] INFO org.evosuite.runtime.instrumentation.MethodCallReplacementClassAdapter - Adding mock interface to class org/springframework/context/annotation/CommonAnnotationBeanPostProcessor$LookupDependencyDescriptor
08:38:27.179 [main] INFO org.evosuite.runtime.instrumentation.CreateClassResetClassAdapter - Creating brand-new static initializer in class org/springframework/context/annotation/CommonAnnotationBeanPostProcessor$LookupDependencyDescriptor
08:38:27.179 [main] INFO org.evosuite.runtime.instrumentation.EvoClassLoader - Keeping class: org.springframework.context.annotation.CommonAnnotationBeanPostProcessor$LookupDependencyDescriptor
08:38:27.179 [main] INFO org.evosuite.runtime.instrumentation.EvoClassLoader - Seeing class for first time: org.springframework.context.ApplicationEventPublisherAware
08:38:27.179 [main] INFO org.evosuite.runtime.instrumentation.EvoClassLoader - Instrumenting class 'org.springframework.context.ApplicationEventPublisherAware'.
08:38:27.183 [main] INFO org.evosuite.runtime.instrumentation.EvoClassLoader - Keeping class: org.springframework.context.ApplicationEventPublisherAware
08:38:27.183 [main] INFO org.evosuite.runtime.instrumentation.EvoClassLoader - Seeing class for first time: org.springframework.orm.jpa.EntityManagerFactoryInfo
08:38:27.183 [main] INFO org.evosuite.runtime.instrumentation.EvoClassLoader - Instrumenting class 'org.springframework.orm.jpa.EntityManagerFactoryInfo'.
08:38:27.183 [main] INFO org.evosuite.runtime.instrumentation.EvoClassLoader - Error while loading class: java.lang.ClassNotFoundException: Class 'org/springframework/orm/jpa/EntityManagerFactoryInfo.class' should be in target project, but could not be found!
08:38:27.183 [main] ERROR org.evosuite.runtime.classhandling.ClassStateSupport - Could not initialize org.springframework.orm.jpa.EntityManagerFactoryInfo: Class 'org/springframework/orm/jpa/EntityManagerFactoryInfo.class' should be in target project, but could not be found!
08:38:27.187 [main] INFO org.evosuite.runtime.instrumentation.EvoClassLoader - Seeing class for first time: org.springframework.asm.MethodVisitor
08:38:27.187 [main] INFO org.evosuite.runtime.instrumentation.EvoClassLoader - Instrumenting class 'org.springframework.asm.MethodVisitor'.
08:38:27.187 [main] INFO org.evosuite.runtime.instrumentation.MethodCallReplacementClassAdapter - Adding mock interface to class org/springframework/asm/MethodVisitor
08:38:27.191 [main] INFO org.evosuite.runtime.instrumentation.CreateClassResetClassAdapter - Creating brand-new static initializer in class org/springframework/asm/MethodVisitor
08:38:27.191 [main] INFO org.evosuite.runtime.instrumentation.CreateClassResetClassAdapter - Adding bytecode for initializing field REQUIRES_ASM5
08:38:27.191 [main] INFO org.evosuite.runtime.instrumentation.EvoClassLoader - Keeping class: org.springframework.asm.MethodVisitor
08:38:27.191 [main] INFO org.evosuite.runtime.instrumentation.EvoClassLoader - Seeing class for first time: org.springframework.core.LocalVariableTableParameterNameDiscoverer$LocalVariableTableVisitor
08:38:27.191 [main] INFO org.evosuite.runtime.instrumentation.EvoClassLoader - Instrumenting class 'org.springframework.core.LocalVariableTableParameterNameDiscoverer$LocalVariableTableVisitor'.
08:38:27.195 [main] INFO org.evosuite.runtime.instrumentation.MethodCallReplacementClassAdapter - Adding mock interface to class org/springframework/core/LocalVariableTableParameterNameDiscoverer$LocalVariableTableVisitor
08:38:27.195 [main] INFO org.evosuite.runtime.instrumentation.CreateClassResetClassAdapter - Creating brand-new static initializer in class org/springframework/core/LocalVariableTableParameterNameDiscoverer$LocalVariableTableVisitor
08:38:27.195 [main] INFO org.evosuite.runtime.instrumentation.CreateClassResetClassAdapter - Adding bytecode for initializing field CONSTRUCTOR
08:38:27.195 [main] INFO org.evosuite.runtime.instrumentation.EvoClassLoader - Keeping class: org.springframework.core.LocalVariableTableParameterNameDiscoverer$LocalVariableTableVisitor
08:38:27.195 [main] INFO org.evosuite.runtime.instrumentation.EvoClassLoader - Seeing class for first time: org.springframework.core.convert.support.ZonedDateTimeToCalendarConverter
08:38:27.195 [main] INFO org.evosuite.runtime.instrumentation.EvoClassLoader - Instrumenting class 'org.springframework.core.convert.support.ZonedDateTimeToCalendarConverter'.
08:38:27.199 [main] INFO org.evosuite.runtime.instrumentation.MethodCallReplacementClassAdapter - Adding mock interface to class org/springframework/core/convert/support/ZonedDateTimeToCalendarConverter
08:38:27.199 [main] INFO org.evosuite.runtime.instrumentation.CreateClassResetClassAdapter - Creating brand-new static initializer in class org/springframework/core/convert/support/ZonedDateTimeToCalendarConverter
08:38:27.203 [main] INFO org.evosuite.runtime.instrumentation.EvoClassLoader - Keeping class: org.springframework.core.convert.support.ZonedDateTimeToCalendarConverter
08:38:27.203 [main] INFO org.evosuite.runtime.instrumentation.EvoClassLoader - Seeing class for first time: org.springframework.boot.SpringApplicationRunListener
08:38:27.203 [main] INFO org.evosuite.runtime.instrumentation.EvoClassLoader - Instrumenting class 'org.springframework.boot.SpringApplicationRunListener'.
08:38:27.203 [main] INFO org.evosuite.runtime.instrumentation.EvoClassLoader - Keeping class: org.springframework.boot.SpringApplicationRunListener
08:38:27.207 [main] INFO org.evosuite.runtime.instrumentation.EvoClassLoader - Seeing class for first time: org.springframework.context.annotation.Bean
08:38:27.207 [main] INFO org.evosuite.runtime.instrumentation.EvoClassLoader - Instrumenting class 'org.springframework.context.annotation.Bean'.
08:38:27.207 [main] INFO org.evosuite.runtime.instrumentation.EvoClassLoader - Keeping class: org.springframework.context.annotation.Bean
08:38:27.211 [main] INFO org.evosuite.runtime.instrumentation.EvoClassLoader - Seeing class for first time: org.springframework.boot.context.config.ConfigFileApplicationListener$PropertySourceOrderingPostProcessor
08:38:27.211 [main] INFO org.evosuite.runtime.instrumentation.EvoClassLoader - Instrumenting class 'org.springframework.boot.context.config.ConfigFileApplicationListener$PropertySourceOrderingPostProcessor'.
08:38:27.211 [main] INFO org.evosuite.runtime.instrumentation.MethodCallReplacementClassAdapter - Adding mock interface to class org/springframework/boot/context/config/ConfigFileApplicationListener$PropertySourceOrderingPostProcessor
08:38:27.211 [main] INFO org.evosuite.runtime.instrumentation.CreateClassResetClassAdapter - Creating brand-new static initializer in class org/springframework/boot/context/config/ConfigFileApplicationListener$PropertySourceOrderingPostProcessor
08:38:27.211 [main] INFO org.evosuite.runtime.instrumentation.EvoClassLoader - Keeping class: org.springframework.boot.context.config.ConfigFileApplicationListener$PropertySourceOrderingPostProcessor
08:38:27.211 [main] INFO org.evosuite.runtime.instrumentation.EvoClassLoader - Seeing class for first time: org.springframework.core.convert.support.GenericConversionService$ConverterFactoryAdapter
08:38:27.211 [main] INFO org.evosuite.runtime.instrumentation.EvoClassLoader - Instrumenting class 'org.springframework.core.convert.support.GenericConversionService$ConverterFactoryAdapter'.
08:38:27.215 [main] INFO org.evosuite.runtime.instrumentation.MethodCallReplacementClassAdapter - Adding mock interface to class org/springframework/core/convert/support/GenericConversionService$ConverterFactoryAdapter
08:38:27.215 [main] INFO org.evosuite.runtime.instrumentation.CreateClassResetClassAdapter - Creating brand-new static initializer in class org/springframework/core/convert/support/GenericConversionService$ConverterFactoryAdapter
08:38:27.215 [main] INFO org.evosuite.runtime.instrumentation.EvoClassLoader - Keeping class: org.springframework.core.convert.support.GenericConversionService$ConverterFactoryAdapter
08:38:27.215 [main] INFO org.evosuite.runtime.instrumentation.EvoClassLoader - Seeing class for first time: org.springframework.core.NamedInheritableThreadLocal
08:38:27.215 [main] INFO org.evosuite.runtime.instrumentation.EvoClassLoader - Instrumenting class 'org.springframework.core.NamedInheritableThreadLocal'.
08:38:27.215 [main] INFO org.evosuite.runtime.instrumentation.MethodCallReplacementClassAdapter - Adding mock interface to class org/springframework/core/NamedInheritableThreadLocal
08:38:27.219 [main] INFO org.evosuite.runtime.instrumentation.CreateClassResetClassAdapter - Creating brand-new static initializer in class org/springframework/core/NamedInheritableThreadLocal
08:38:27.219 [main] INFO org.evosuite.runtime.instrumentation.EvoClassLoader - Keeping class: org.springframework.core.NamedInheritableThreadLocal
08:38:27.219 [main] INFO org.evosuite.runtime.instrumentation.EvoClassLoader - Seeing class for first time: org.springframework.boot.diagnostics.analyzer.UnboundConfigurationPropertyFailureAnalyzer
08:38:27.219 [main] INFO org.evosuite.runtime.instrumentation.EvoClassLoader - Instrumenting class 'org.springframework.boot.diagnostics.analyzer.UnboundConfigurationPropertyFailureAnalyzer'.
08:38:27.219 [main] INFO org.evosuite.runtime.instrumentation.MethodCallReplacementClassAdapter - Adding mock interface to class org/springframework/boot/diagnostics/analyzer/UnboundConfigurationPropertyFailureAnalyzer
08:38:27.219 [main] INFO org.evosuite.runtime.instrumentation.CreateClassResetClassAdapter - Creating brand-new static initializer in class org/springframework/boot/diagnostics/analyzer/UnboundConfigurationPropertyFailureAnalyzer
08:38:27.219 [main] INFO org.evosuite.runtime.instrumentation.EvoClassLoader - Keeping class: org.springframework.boot.diagnostics.analyzer.UnboundConfigurationPropertyFailureAnalyzer
08:38:27.219 [main] INFO org.evosuite.runtime.instrumentation.EvoClassLoader - Seeing class for first time: org.springframework.core.type.filter.AnnotationTypeFilter
08:38:27.219 [main] INFO org.evosuite.runtime.instrumentation.EvoClassLoader - Instrumenting class 'org.springframework.core.type.filter.AnnotationTypeFilter'.
08:38:27.223 [main] INFO org.evosuite.runtime.instrumentation.MethodCallReplacementClassAdapter - Adding mock interface to class org/springframework/core/type/filter/AnnotationTypeFilter
08:38:27.223 [main] INFO org.evosuite.runtime.instrumentation.CreateClassResetClassAdapter - Creating brand-new static initializer in class org/springframework/core/type/filter/AnnotationTypeFilter
08:38:27.223 [main] INFO org.evosuite.runtime.instrumentation.EvoClassLoader - Keeping class: org.springframework.core.type.filter.AnnotationTypeFilter
08:38:27.223 [main] INFO org.evosuite.runtime.instrumentation.EvoClassLoader - Seeing class for first time: org.springframework.boot.autoconfigure.condition.FilteringSpringBootCondition$ClassNameFilter$1
08:38:27.223 [main] INFO org.evosuite.runtime.instrumentation.EvoClassLoader - Instrumenting class 'org.springframework.boot.autoconfigure.condition.FilteringSpringBootCondition$ClassNameFilter$1'.
08:38:27.227 [main] INFO org.evosuite.runtime.instrumentation.MethodCallReplacementClassAdapter - Adding mock interface to class org/springframework/boot/autoconfigure/condition/FilteringSpringBootCondition$ClassNameFilter$1
08:38:27.227 [main] INFO org.evosuite.runtime.instrumentation.EvoClassLoader - Seeing class for first time: org.springframework.boot.autoconfigure.condition.FilteringSpringBootCondition$ClassNameFilter
08:38:27.227 [main] INFO org.evosuite.runtime.instrumentation.EvoClassLoader - Instrumenting class 'org.springframework.boot.autoconfigure.condition.FilteringSpringBootCondition$ClassNameFilter'.
08:38:27.227 [main] INFO org.evosuite.runtime.instrumentation.MethodCallReplacementClassAdapter - Adding mock interface to class org/springframework/boot/autoconfigure/condition/FilteringSpringBootCondition$ClassNameFilter
08:38:27.227 [main] INFO org.evosuite.runtime.instrumentation.CreateClassResetClassAdapter - Found static initializer in class org/springframework/boot/autoconfigure/condition/FilteringSpringBootCondition$ClassNameFilter
08:38:27.227 [main] INFO org.evosuite.runtime.instrumentation.EvoClassLoader - Keeping class: org.springframework.boot.autoconfigure.condition.FilteringSpringBootCondition$ClassNameFilter
08:38:27.227 [main] INFO org.evosuite.runtime.instrumentation.EvoClassLoader - Keeping class: org.springframework.boot.autoconfigure.condition.FilteringSpringBootCondition$ClassNameFilter$1
08:38:27.227 [main] INFO org.evosuite.runtime.instrumentation.EvoClassLoader - Seeing class for first time: org.springframework.boot.autoconfigure.condition.FilteringSpringBootCondition$ClassNameFilter$2
08:38:27.227 [main] INFO org.evosuite.runtime.instrumentation.EvoClassLoader - Instrumenting class 'org.springframework.boot.autoconfigure.condition.FilteringSpringBootCondition$ClassNameFilter$2'.
08:38:27.231 [main] INFO org.evosuite.runtime.instrumentation.MethodCallReplacementClassAdapter - Adding mock interface to class org/springframework/boot/autoconfigure/condition/FilteringSpringBootCondition$ClassNameFilter$2
08:38:27.231 [main] INFO org.evosuite.runtime.instrumentation.EvoClassLoader - Keeping class: org.springframework.boot.autoconfigure.condition.FilteringSpringBootCondition$ClassNameFilter$2
08:38:27.231 [main] INFO org.evosuite.runtime.instrumentation.EvoClassLoader - Seeing class for first time: org.springframework.beans.propertyeditors.ReaderEditor
08:38:27.231 [main] INFO org.evosuite.runtime.instrumentation.EvoClassLoader - Instrumenting class 'org.springframework.beans.propertyeditors.ReaderEditor'.
08:38:27.235 [main] INFO org.evosuite.runtime.instrumentation.MethodCallReplacementClassAdapter - Adding mock interface to class org/springframework/beans/propertyeditors/ReaderEditor
08:38:27.235 [main] INFO org.evosuite.runtime.instrumentation.CreateClassResetClassAdapter - Creating brand-new static initializer in class org/springframework/beans/propertyeditors/ReaderEditor
08:38:27.235 [main] INFO org.evosuite.runtime.instrumentation.EvoClassLoader - Keeping class: org.springframework.beans.propertyeditors.ReaderEditor
08:38:27.235 [main] INFO org.evosuite.runtime.instrumentation.EvoClassLoader - Seeing class for first time: org.springframework.core.env.PropertySourcesPropertyResolver
08:38:27.235 [main] INFO org.evosuite.runtime.instrumentation.EvoClassLoader - Instrumenting class 'org.springframework.core.env.PropertySourcesPropertyResolver'.
08:38:27.239 [main] INFO org.evosuite.runtime.instrumentation.MethodCallReplacementClassAdapter - Adding mock interface to class org/springframework/core/env/PropertySourcesPropertyResolver
08:38:27.243 [main] INFO org.evosuite.runtime.instrumentation.CreateClassResetClassAdapter - Creating brand-new static initializer in class org/springframework/core/env/PropertySourcesPropertyResolver
08:38:27.243 [main] INFO org.evosuite.runtime.instrumentation.EvoClassLoader - Keeping class: org.springframework.core.env.PropertySourcesPropertyResolver
08:38:27.243 [main] INFO org.evosuite.runtime.instrumentation.EvoClassLoader - Seeing class for first time: org.springframework.boot.env.SystemEnvironmentPropertySourceEnvironmentPostProcessor
08:38:27.243 [main] INFO org.evosuite.runtime.instrumentation.EvoClassLoader - Instrumenting class 'org.springframework.boot.env.SystemEnvironmentPropertySourceEnvironmentPostProcessor'.
08:38:27.243 [main] INFO org.evosuite.runtime.instrumentation.MethodCallReplacementClassAdapter - Adding mock interface to class org/springframework/boot/env/SystemEnvironmentPropertySourceEnvironmentPostProcessor
08:38:27.243 [main] INFO org.evosuite.runtime.instrumentation.CreateClassResetClassAdapter - Creating brand-new static initializer in class org/springframework/boot/env/SystemEnvironmentPropertySourceEnvironmentPostProcessor
08:38:27.243 [main] INFO org.evosuite.runtime.instrumentation.CreateClassResetClassAdapter - Adding bytecode for initializing field DEFAULT_ORDER
08:38:27.243 [main] INFO org.evosuite.runtime.instrumentation.EvoClassLoader - Keeping class: org.springframework.boot.env.SystemEnvironmentPropertySourceEnvironmentPostProcessor
08:38:27.243 [main] INFO org.evosuite.runtime.instrumentation.EvoClassLoader - Seeing class for first time: org.springframework.boot.env.SystemEnvironmentPropertySourceEnvironmentPostProcessor$OriginAwareSystemEnvironmentPropertySource
08:38:27.243 [main] INFO org.evosuite.runtime.instrumentation.EvoClassLoader - Instrumenting class 'org.springframework.boot.env.SystemEnvironmentPropertySourceEnvironmentPostProcessor$OriginAwareSystemEnvironmentPropertySource'.
08:38:27.247 [main] INFO org.evosuite.runtime.instrumentation.MethodCallReplacementClassAdapter - Adding mock interface to class org/springframework/boot/env/SystemEnvironmentPropertySourceEnvironmentPostProcessor$OriginAwareSystemEnvironmentPropertySource
08:38:27.247 [main] INFO org.evosuite.runtime.instrumentation.CreateClassResetClassAdapter - Creating brand-new static initializer in class org/springframework/boot/env/SystemEnvironmentPropertySourceEnvironmentPostProcessor$OriginAwareSystemEnvironmentPropertySource
08:38:27.247 [main] INFO org.evosuite.runtime.instrumentation.EvoClassLoader - Keeping class: org.springframework.boot.env.SystemEnvironmentPropertySourceEnvironmentPostProcessor$OriginAwareSystemEnvironmentPropertySource
08:38:27.247 [main] INFO org.evosuite.runtime.instrumentation.EvoClassLoader - Seeing class for first time: org.springframework.format.datetime.standard.InstantFormatter
08:38:27.247 [main] INFO org.evosuite.runtime.instrumentation.EvoClassLoader - Instrumenting class 'org.springframework.format.datetime.standard.InstantFormatter'.
08:38:27.251 [main] INFO org.evosuite.runtime.instrumentation.MethodCallReplacementClassAdapter - Adding mock interface to class org/springframework/format/datetime/standard/InstantFormatter
08:38:27.251 [main] INFO org.evosuite.runtime.instrumentation.CreateClassResetClassAdapter - Creating brand-new static initializer in class org/springframework/format/datetime/standard/InstantFormatter
08:38:27.251 [main] INFO org.evosuite.runtime.instrumentation.EvoClassLoader - Keeping class: org.springframework.format.datetime.standard.InstantFormatter
08:38:27.251 [main] INFO org.evosuite.runtime.instrumentation.EvoClassLoader - Seeing class for first time: org.springframework.core.io.support.ResourcePatternUtils
08:38:27.251 [main] INFO org.evosuite.runtime.instrumentation.EvoClassLoader - Instrumenting class 'org.springframework.core.io.support.ResourcePatternUtils'.
08:38:27.251 [main] INFO org.evosuite.runtime.instrumentation.MethodCallReplacementClassAdapter - Adding mock interface to class org/springframework/core/io/support/ResourcePatternUtils
08:38:27.251 [main] INFO org.evosuite.runtime.instrumentation.CreateClassResetClassAdapter - Creating brand-new static initializer in class org/springframework/core/io/support/ResourcePatternUtils
08:38:27.255 [main] INFO org.evosuite.runtime.instrumentation.EvoClassLoader - Keeping class: org.springframework.core.io.support.ResourcePatternUtils
08:38:27.255 [main] INFO org.evosuite.runtime.instrumentation.EvoClassLoader - Seeing class for first time: org.springframework.boot.autoconfigure.condition.ConditionalOnClass
08:38:27.255 [main] INFO org.evosuite.runtime.instrumentation.EvoClassLoader - Instrumenting class 'org.springframework.boot.autoconfigure.condition.ConditionalOnClass'.
08:38:27.255 [main] INFO org.evosuite.runtime.instrumentation.EvoClassLoader - Keeping class: org.springframework.boot.autoconfigure.condition.ConditionalOnClass
08:38:27.255 [main] INFO org.evosuite.runtime.instrumentation.EvoClassLoader - Seeing class for first time: org.springframework.aop.framework.Advised
08:38:27.259 [main] INFO org.evosuite.runtime.instrumentation.EvoClassLoader - Instrumenting class 'org.springframework.aop.framework.Advised'.
08:38:27.259 [main] INFO org.evosuite.runtime.instrumentation.EvoClassLoader - Keeping class: org.springframework.aop.framework.Advised
08:38:27.259 [main] INFO org.evosuite.runtime.instrumentation.EvoClassLoader - Seeing class for first time: org.springframework.beans.factory.annotation.Value
08:38:27.259 [main] INFO org.evosuite.runtime.instrumentation.EvoClassLoader - Instrumenting class 'org.springframework.beans.factory.annotation.Value'.
08:38:27.259 [main] INFO org.evosuite.runtime.instrumentation.EvoClassLoader - Keeping class: org.springframework.beans.factory.annotation.Value
08:38:27.259 [main] INFO org.evosuite.runtime.instrumentation.EvoClassLoader - Seeing class for first time: org.springframework.core.KotlinDetector
08:38:27.259 [main] INFO org.evosuite.runtime.instrumentation.EvoClassLoader - Instrumenting class 'org.springframework.core.KotlinDetector'.
08:38:27.263 [main] INFO org.evosuite.runtime.instrumentation.MethodCallReplacementClassAdapter - Adding mock interface to class org/springframework/core/KotlinDetector
08:38:27.263 [main] INFO org.evosuite.runtime.instrumentation.CreateClassResetClassAdapter - Found static initializer in class org/springframework/core/KotlinDetector
08:38:27.263 [main] INFO org.evosuite.runtime.instrumentation.EvoClassLoader - Keeping class: org.springframework.core.KotlinDetector
08:38:27.263 [main] INFO org.evosuite.runtime.instrumentation.EvoClassLoader - Seeing class for first time: kotlin.Metadata
08:38:27.263 [main] INFO org.evosuite.runtime.instrumentation.EvoClassLoader - Instrumenting class 'kotlin.Metadata'.
08:38:27.267 [main] INFO org.evosuite.runtime.instrumentation.EvoClassLoader - Error while loading class: java.lang.ClassNotFoundException: Class 'kotlin/Metadata.class' should be in target project, but could not be found!
08:38:27.267 [main] INFO org.evosuite.runtime.instrumentation.EvoClassLoader - Seeing class for first time: kotlin$Metadata
08:38:27.267 [main] INFO org.evosuite.runtime.instrumentation.EvoClassLoader - Instrumenting class 'kotlin$Metadata'.
08:38:27.267 [main] INFO org.evosuite.runtime.instrumentation.EvoClassLoader - Error while loading class: java.lang.ClassNotFoundException: Class 'kotlin$Metadata.class' should be in target project, but could not be found!
08:38:27.267 [main] INFO org.evosuite.runtime.instrumentation.EvoClassLoader - Seeing class for first time: kotlin.reflect.full.KClasses
08:38:27.267 [main] INFO org.evosuite.runtime.instrumentation.EvoClassLoader - Instrumenting class 'kotlin.reflect.full.KClasses'.
08:38:27.267 [main] INFO org.evosuite.runtime.instrumentation.EvoClassLoader - Error while loading class: java.lang.ClassNotFoundException: Class 'kotlin/reflect/full/KClasses.class' should be in target project, but could not be found!
08:38:27.271 [main] INFO org.evosuite.runtime.instrumentation.EvoClassLoader - Seeing class for first time: kotlin.reflect.full$KClasses
08:38:27.271 [main] INFO org.evosuite.runtime.instrumentation.EvoClassLoader - Instrumenting class 'kotlin.reflect.full$KClasses'.
08:38:27.271 [main] INFO org.evosuite.runtime.instrumentation.EvoClassLoader - Error while loading class: java.lang.ClassNotFoundException: Class 'kotlin/reflect/full$KClasses.class' should be in target project, but could not be found!
08:38:27.271 [main] INFO org.evosuite.runtime.instrumentation.EvoClassLoader - Seeing class for first time: org.springframework.boot.context.event.ApplicationEnvironmentPreparedEvent
08:38:27.271 [main] INFO org.evosuite.runtime.instrumentation.EvoClassLoader - Instrumenting class 'org.springframework.boot.context.event.ApplicationEnvironmentPreparedEvent'.
08:38:27.275 [main] INFO org.evosuite.runtime.instrumentation.MethodCallReplacementClassAdapter - Adding mock interface to class org/springframework/boot/context/event/ApplicationEnvironmentPreparedEvent
08:38:27.275 [main] INFO org.evosuite.runtime.instrumentation.CreateClassResetClassAdapter - Creating brand-new static initializer in class org/springframework/boot/context/event/ApplicationEnvironmentPreparedEvent
08:38:27.275 [main] INFO org.evosuite.runtime.instrumentation.EvoClassLoader - Keeping class: org.springframework.boot.context.event.ApplicationEnvironmentPreparedEvent
08:38:27.275 [main] INFO org.evosuite.runtime.instrumentation.EvoClassLoader - Seeing class for first time: org.springframework.beans.factory.config.BeanDefinitionHolder
08:38:27.275 [main] INFO org.evosuite.runtime.instrumentation.EvoClassLoader - Instrumenting class 'org.springframework.beans.factory.config.BeanDefinitionHolder'.
08:38:27.275 [main] INFO org.evosuite.runtime.instrumentation.MethodCallReplacementClassAdapter - Adding mock interface to class org/springframework/beans/factory/config/BeanDefinitionHolder
08:38:27.275 [main] INFO org.evosuite.runtime.instrumentation.CreateClassResetClassAdapter - Creating brand-new static initializer in class org/springframework/beans/factory/config/BeanDefinitionHolder
08:38:27.275 [main] INFO org.evosuite.runtime.instrumentation.EvoClassLoader - Keeping class: org.springframework.beans.factory.config.BeanDefinitionHolder
08:38:27.279 [main] INFO org.evosuite.runtime.instrumentation.EvoClassLoader - Seeing class for first time: org.springframework.context.annotation.ConfigurationCondition$ConfigurationPhase
08:38:27.279 [main] INFO org.evosuite.runtime.instrumentation.EvoClassLoader - Instrumenting class 'org.springframework.context.annotation.ConfigurationCondition$ConfigurationPhase'.
08:38:27.279 [main] INFO org.evosuite.runtime.instrumentation.MethodCallReplacementClassAdapter - Adding mock interface to class org/springframework/context/annotation/ConfigurationCondition$ConfigurationPhase
08:38:27.279 [main] INFO org.evosuite.runtime.instrumentation.CreateClassResetClassAdapter - Found static initializer in class org/springframework/context/annotation/ConfigurationCondition$ConfigurationPhase
08:38:27.279 [main] INFO org.evosuite.runtime.instrumentation.EvoClassLoader - Keeping class: org.springframework.context.annotation.ConfigurationCondition$ConfigurationPhase
08:38:27.279 [main] INFO org.evosuite.runtime.instrumentation.EvoClassLoader - Seeing class for first time: org.springframework.format.datetime.standard.DateTimeConverters$OffsetDateTimeToInstantConverter
08:38:27.279 [main] INFO org.evosuite.runtime.instrumentation.EvoClassLoader - Instrumenting class 'org.springframework.format.datetime.standard.DateTimeConverters$OffsetDateTimeToInstantConverter'.
08:38:27.283 [main] INFO org.evosuite.runtime.instrumentation.MethodCallReplacementClassAdapter - Adding mock interface to class org/springframework/format/datetime/standard/DateTimeConverters$OffsetDateTimeToInstantConverter
08:38:27.283 [main] INFO org.evosuite.runtime.instrumentation.CreateClassResetClassAdapter - Creating brand-new static initializer in class org/springframework/format/datetime/standard/DateTimeConverters$OffsetDateTimeToInstantConverter
08:38:27.283 [main] INFO org.evosuite.runtime.instrumentation.EvoClassLoader - Keeping class: org.springframework.format.datetime.standard.DateTimeConverters$OffsetDateTimeToInstantConverter
08:38:27.283 [main] INFO org.evosuite.runtime.instrumentation.EvoClassLoader - Seeing class for first time: org.springframework.beans.factory.xml.DefaultDocumentLoader
08:38:27.283 [main] INFO org.evosuite.runtime.instrumentation.EvoClassLoader - Instrumenting class 'org.springframework.beans.factory.xml.DefaultDocumentLoader'.
08:38:27.283 [main] INFO org.evosuite.runtime.instrumentation.MethodCallReplacementClassAdapter - Adding mock interface to class org/springframework/beans/factory/xml/DefaultDocumentLoader
08:38:27.283 [main] INFO org.evosuite.runtime.instrumentation.CreateClassResetClassAdapter - Found static initializer in class org/springframework/beans/factory/xml/DefaultDocumentLoader
08:38:27.283 [main] INFO org.evosuite.runtime.instrumentation.EvoClassLoader - Keeping class: org.springframework.beans.factory.xml.DefaultDocumentLoader
08:38:27.283 [main] INFO org.evosuite.runtime.instrumentation.EvoClassLoader - Seeing class for first time: org.springframework.boot.convert.CollectionToDelimitedStringConverter
08:38:27.283 [main] INFO org.evosuite.runtime.instrumentation.EvoClassLoader - Instrumenting class 'org.springframework.boot.convert.CollectionToDelimitedStringConverter'.
08:38:27.287 [main] INFO org.evosuite.runtime.instrumentation.MethodCallReplacementClassAdapter - Adding mock interface to class org/springframework/boot/convert/CollectionToDelimitedStringConverter
08:38:27.287 [main] INFO org.evosuite.runtime.instrumentation.CreateClassResetClassAdapter - Creating brand-new static initializer in class org/springframework/boot/convert/CollectionToDelimitedStringConverter
08:38:27.287 [main] INFO org.evosuite.runtime.instrumentation.EvoClassLoader - Keeping class: org.springframework.boot.convert.CollectionToDelimitedStringConverter
08:38:27.287 [main] INFO org.evosuite.runtime.instrumentation.EvoClassLoader - Seeing class for first time: org.springframework.boot.autoconfigure.condition.ConditionMessage$Builder
08:38:27.287 [main] INFO org.evosuite.runtime.instrumentation.EvoClassLoader - Instrumenting class 'org.springframework.boot.autoconfigure.condition.ConditionMessage$Builder'.
08:38:27.291 [main] INFO org.evosuite.runtime.instrumentation.MethodCallReplacementClassAdapter - Adding mock interface to class org/springframework/boot/autoconfigure/condition/ConditionMessage$Builder
08:38:27.291 [main] INFO org.evosuite.runtime.instrumentation.CreateClassResetClassAdapter - Creating brand-new static initializer in class org/springframework/boot/autoconfigure/condition/ConditionMessage$Builder
08:38:27.291 [main] INFO org.evosuite.runtime.instrumentation.EvoClassLoader - Keeping class: org.springframework.boot.autoconfigure.condition.ConditionMessage$Builder
08:38:27.291 [main] INFO org.evosuite.runtime.instrumentation.EvoClassLoader - Seeing class for first time: org.springframework.core.annotation.AnnotatedElementUtils$2
08:38:27.291 [main] INFO org.evosuite.runtime.instrumentation.EvoClassLoader - Instrumenting class 'org.springframework.core.annotation.AnnotatedElementUtils$2'.
08:38:27.291 [main] INFO org.evosuite.runtime.instrumentation.MethodCallReplacementClassAdapter - Adding mock interface to class org/springframework/core/annotation/AnnotatedElementUtils$2
08:38:27.291 [main] INFO org.evosuite.runtime.instrumentation.EvoClassLoader - Keeping class: org.springframework.core.annotation.AnnotatedElementUtils$2
08:38:27.295 [main] INFO org.evosuite.runtime.instrumentation.EvoClassLoader - Seeing class for first time: org.springframework.boot.convert.StringToDurationConverter
08:38:27.295 [main] INFO org.evosuite.runtime.instrumentation.EvoClassLoader - Instrumenting class 'org.springframework.boot.convert.StringToDurationConverter'.
08:38:27.295 [main] INFO org.evosuite.runtime.instrumentation.MethodCallReplacementClassAdapter - Adding mock interface to class org/springframework/boot/convert/StringToDurationConverter
08:38:27.295 [main] INFO org.evosuite.runtime.instrumentation.CreateClassResetClassAdapter - Creating brand-new static initializer in class org/springframework/boot/convert/StringToDurationConverter
08:38:27.295 [main] INFO org.evosuite.runtime.instrumentation.EvoClassLoader - Keeping class: org.springframework.boot.convert.StringToDurationConverter
08:38:27.363 [main] INFO org.evosuite.runtime.instrumentation.EvoClassLoader - Seeing class for first time: org.springframework.boot.logging.logback.SpringPropertyAction
08:38:27.363 [main] INFO org.evosuite.runtime.instrumentation.EvoClassLoader - Instrumenting class 'org.springframework.boot.logging.logback.SpringPropertyAction'.
08:38:27.367 [main] INFO org.evosuite.runtime.instrumentation.MethodCallReplacementClassAdapter - Adding mock interface to class org/springframework/boot/logging/logback/SpringPropertyAction
08:38:27.367 [main] INFO org.evosuite.runtime.instrumentation.CreateClassResetClassAdapter - Creating brand-new static initializer in class org/springframework/boot/logging/logback/SpringPropertyAction
08:38:27.367 [main] INFO org.evosuite.runtime.instrumentation.CreateClassResetClassAdapter - Adding bytecode for initializing field SOURCE_ATTRIBUTE
08:38:27.367 [main] INFO org.evosuite.runtime.instrumentation.CreateClassResetClassAdapter - Adding bytecode for initializing field DEFAULT_VALUE_ATTRIBUTE
08:38:27.367 [main] INFO org.evosuite.runtime.instrumentation.EvoClassLoader - Keeping class: org.springframework.boot.logging.logback.SpringPropertyAction
08:38:27.367 [main] INFO org.evosuite.runtime.instrumentation.EvoClassLoader - Seeing class for first time: org.springframework.boot.logging.logback.SpringProfileAction
08:38:27.367 [main] INFO org.evosuite.runtime.instrumentation.EvoClassLoader - Instrumenting class 'org.springframework.boot.logging.logback.SpringProfileAction'.
08:38:27.371 [main] INFO org.evosuite.runtime.instrumentation.MethodCallReplacementClassAdapter - Adding mock interface to class org/springframework/boot/logging/logback/SpringProfileAction
08:38:27.371 [main] INFO org.evosuite.runtime.instrumentation.CreateClassResetClassAdapter - Creating brand-new static initializer in class org/springframework/boot/logging/logback/SpringProfileAction
08:38:27.371 [main] INFO org.evosuite.runtime.instrumentation.EvoClassLoader - Keeping class: org.springframework.boot.logging.logback.SpringProfileAction
08:38:27.371 [main] INFO org.evosuite.runtime.instrumentation.EvoClassLoader - Seeing class for first time: org.springframework.expression.spel.support.StandardEvaluationContext
08:38:27.371 [main] INFO org.evosuite.runtime.instrumentation.EvoClassLoader - Instrumenting class 'org.springframework.expression.spel.support.StandardEvaluationContext'.
08:38:27.375 [main] INFO org.evosuite.runtime.instrumentation.MethodCallReplacementClassAdapter - Adding mock interface to class org/springframework/expression/spel/support/StandardEvaluationContext
08:38:27.379 [main] INFO org.evosuite.runtime.instrumentation.CreateClassResetClassAdapter - Creating brand-new static initializer in class org/springframework/expression/spel/support/StandardEvaluationContext
08:38:27.379 [main] INFO org.evosuite.runtime.instrumentation.EvoClassLoader - Keeping class: org.springframework.expression.spel.support.StandardEvaluationContext
08:38:27.379 [main] INFO org.evosuite.runtime.instrumentation.EvoClassLoader - Seeing class for first time: org.springframework.core.convert.support.StringToPropertiesConverter
08:38:27.379 [main] INFO org.evosuite.runtime.instrumentation.EvoClassLoader - Instrumenting class 'org.springframework.core.convert.support.StringToPropertiesConverter'.
08:38:27.383 [main] INFO org.evosuite.runtime.instrumentation.MethodCallReplacementClassAdapter - Adding mock interface to class org/springframework/core/convert/support/StringToPropertiesConverter
08:38:27.383 [main] INFO org.evosuite.runtime.instrumentation.CreateClassResetClassAdapter - Creating brand-new static initializer in class org/springframework/core/convert/support/StringToPropertiesConverter
08:38:27.383 [main] INFO org.evosuite.runtime.instrumentation.EvoClassLoader - Keeping class: org.springframework.core.convert.support.StringToPropertiesConverter
08:38:27.383 [main] INFO org.evosuite.runtime.instrumentation.EvoClassLoader - Seeing class for first time: org.springframework.beans.factory.support.CglibSubclassingInstantiationStrategy
08:38:27.383 [main] INFO org.evosuite.runtime.instrumentation.EvoClassLoader - Instrumenting class 'org.springframework.beans.factory.support.CglibSubclassingInstantiationStrategy'.
08:38:27.387 [main] INFO org.evosuite.runtime.instrumentation.MethodCallReplacementClassAdapter - Adding mock interface to class org/springframework/beans/factory/support/CglibSubclassingInstantiationStrategy
08:38:27.387 [main] INFO org.evosuite.runtime.instrumentation.CreateClassResetClassAdapter - Creating brand-new static initializer in class org/springframework/beans/factory/support/CglibSubclassingInstantiationStrategy
08:38:27.387 [main] INFO org.evosuite.runtime.instrumentation.CreateClassResetClassAdapter - Adding bytecode for initializing field PASSTHROUGH
08:38:27.387 [main] INFO org.evosuite.runtime.instrumentation.CreateClassResetClassAdapter - Adding bytecode for initializing field LOOKUP_OVERRIDE
08:38:27.387 [main] INFO org.evosuite.runtime.instrumentation.CreateClassResetClassAdapter - Adding bytecode for initializing field METHOD_REPLACER
08:38:27.387 [main] INFO org.evosuite.runtime.instrumentation.EvoClassLoader - Keeping class: org.springframework.beans.factory.support.CglibSubclassingInstantiationStrategy
08:38:27.387 [main] INFO org.evosuite.runtime.instrumentation.EvoClassLoader - Seeing class for first time: org.springframework.core.io.DefaultResourceLoader$ClassPathContextResource
08:38:27.387 [main] INFO org.evosuite.runtime.instrumentation.EvoClassLoader - Instrumenting class 'org.springframework.core.io.DefaultResourceLoader$ClassPathContextResource'.
08:38:27.391 [main] INFO org.evosuite.runtime.instrumentation.MethodCallReplacementClassAdapter - Adding mock interface to class org/springframework/core/io/DefaultResourceLoader$ClassPathContextResource
08:38:27.391 [main] INFO org.evosuite.runtime.instrumentation.CreateClassResetClassAdapter - Creating brand-new static initializer in class org/springframework/core/io/DefaultResourceLoader$ClassPathContextResource
08:38:27.391 [main] INFO org.evosuite.runtime.instrumentation.EvoClassLoader - Keeping class: org.springframework.core.io.DefaultResourceLoader$ClassPathContextResource
08:38:27.391 [main] INFO org.evosuite.runtime.instrumentation.EvoClassLoader - Seeing class for first time: org.springframework.boot.StartupInfoLogger
08:38:27.391 [main] INFO org.evosuite.runtime.instrumentation.EvoClassLoader - Instrumenting class 'org.springframework.boot.StartupInfoLogger'.
08:38:27.395 [main] INFO org.evosuite.runtime.instrumentation.MethodCallReplacementClassAdapter - Adding mock interface to class org/springframework/boot/StartupInfoLogger
08:38:27.395 [main] INFO org.evosuite.runtime.instrumentation.CreateClassResetClassAdapter - Creating brand-new static initializer in class org/springframework/boot/StartupInfoLogger
08:38:27.395 [main] INFO org.evosuite.runtime.instrumentation.EvoClassLoader - Keeping class: org.springframework.boot.StartupInfoLogger
08:38:27.395 [main] INFO org.evosuite.runtime.instrumentation.EvoClassLoader - Seeing class for first time: org.springframework.context.annotation.ConditionEvaluator
08:38:27.395 [main] INFO org.evosuite.runtime.instrumentation.EvoClassLoader - Instrumenting class 'org.springframework.context.annotation.ConditionEvaluator'.
08:38:27.399 [main] INFO org.evosuite.runtime.instrumentation.MethodCallReplacementClassAdapter - Adding mock interface to class org/springframework/context/annotation/ConditionEvaluator
08:38:27.399 [main] INFO org.evosuite.runtime.instrumentation.CreateClassResetClassAdapter - Creating brand-new static initializer in class org/springframework/context/annotation/ConditionEvaluator
08:38:27.403 [main] INFO org.evosuite.runtime.instrumentation.EvoClassLoader - Keeping class: org.springframework.context.annotation.ConditionEvaluator
08:38:27.403 [main] INFO org.evosuite.runtime.instrumentation.EvoClassLoader - Seeing class for first time: org.springframework.boot.context.properties.bind.BindResult
08:38:27.403 [main] INFO org.evosuite.runtime.instrumentation.EvoClassLoader - Instrumenting class 'org.springframework.boot.context.properties.bind.BindResult'.
08:38:27.403 [main] INFO org.evosuite.runtime.instrumentation.MethodCallReplacementClassAdapter - Adding mock interface to class org/springframework/boot/context/properties/bind/BindResult
08:38:27.403 [main] INFO org.evosuite.runtime.instrumentation.CreateClassResetClassAdapter - Found static initializer in class org/springframework/boot/context/properties/bind/BindResult
08:38:27.407 [main] INFO org.evosuite.runtime.instrumentation.EvoClassLoader - Keeping class: org.springframework.boot.context.properties.bind.BindResult
08:38:27.407 [main] INFO org.evosuite.runtime.instrumentation.EvoClassLoader - Seeing class for first time: org.springframework.context.annotation.ConfigurationClassParser$DeferredImportSelectorGrouping
08:38:27.407 [main] INFO org.evosuite.runtime.instrumentation.EvoClassLoader - Instrumenting class 'org.springframework.context.annotation.ConfigurationClassParser$DeferredImportSelectorGrouping'.
08:38:27.407 [main] INFO org.evosuite.runtime.instrumentation.MethodCallReplacementClassAdapter - Adding mock interface to class org/springframework/context/annotation/ConfigurationClassParser$DeferredImportSelectorGrouping
08:38:27.411 [main] INFO org.evosuite.runtime.instrumentation.CreateClassResetClassAdapter - Creating brand-new static initializer in class org/springframework/context/annotation/ConfigurationClassParser$DeferredImportSelectorGrouping
08:38:27.411 [main] INFO org.evosuite.runtime.instrumentation.EvoClassLoader - Keeping class: org.springframework.context.annotation.ConfigurationClassParser$DeferredImportSelectorGrouping
08:38:27.411 [main] INFO org.evosuite.runtime.instrumentation.EvoClassLoader - Seeing class for first time: org.springframework.web.context.support.ServletContextResource
08:38:27.411 [main] INFO org.evosuite.runtime.instrumentation.EvoClassLoader - Instrumenting class 'org.springframework.web.context.support.ServletContextResource'.
08:38:27.411 [main] INFO org.evosuite.runtime.instrumentation.MethodCallReplacementClassAdapter - Adding mock interface to class org/springframework/web/context/support/ServletContextResource
08:38:27.419 [main] INFO org.evosuite.runtime.instrumentation.CreateClassResetClassAdapter - Creating brand-new static initializer in class org/springframework/web/context/support/ServletContextResource
08:38:27.419 [main] INFO org.evosuite.runtime.instrumentation.EvoClassLoader - Keeping class: org.springframework.web.context.support.ServletContextResource
08:38:27.419 [main] INFO org.evosuite.runtime.instrumentation.EvoClassLoader - Seeing class for first time: org.springframework.boot.context.event.EventPublishingRunListener
08:38:27.419 [main] INFO org.evosuite.runtime.instrumentation.EvoClassLoader - Instrumenting class 'org.springframework.boot.context.event.EventPublishingRunListener'.
08:38:27.423 [main] INFO org.evosuite.runtime.instrumentation.MethodCallReplacementClassAdapter - Adding mock interface to class org/springframework/boot/context/event/EventPublishingRunListener
08:38:27.423 [main] INFO org.evosuite.runtime.instrumentation.CreateClassResetClassAdapter - Creating brand-new static initializer in class org/springframework/boot/context/event/EventPublishingRunListener
08:38:27.423 [main] INFO org.evosuite.runtime.instrumentation.EvoClassLoader - Keeping class: org.springframework.boot.context.event.EventPublishingRunListener
08:38:27.423 [main] INFO org.evosuite.runtime.instrumentation.EvoClassLoader - Seeing class for first time: org.springframework.core.annotation.SynthesizedAnnotation
08:38:27.423 [main] INFO org.evosuite.runtime.instrumentation.EvoClassLoader - Instrumenting class 'org.springframework.core.annotation.SynthesizedAnnotation'.
08:38:27.423 [main] INFO org.evosuite.runtime.instrumentation.EvoClassLoader - Keeping class: org.springframework.core.annotation.SynthesizedAnnotation
08:38:27.427 [main] INFO org.evosuite.runtime.instrumentation.EvoClassLoader - Seeing class for first time: org.springframework.boot.context.properties.source.FilteredIterableConfigurationPropertiesSource
08:38:27.427 [main] INFO org.evosuite.runtime.instrumentation.EvoClassLoader - Instrumenting class 'org.springframework.boot.context.properties.source.FilteredIterableConfigurationPropertiesSource'.
08:38:27.427 [main] INFO org.evosuite.runtime.instrumentation.MethodCallReplacementClassAdapter - Adding mock interface to class org/springframework/boot/context/properties/source/FilteredIterableConfigurationPropertiesSource
08:38:27.427 [main] INFO org.evosuite.runtime.instrumentation.CreateClassResetClassAdapter - Creating brand-new static initializer in class org/springframework/boot/context/properties/source/FilteredIterableConfigurationPropertiesSource
08:38:27.427 [main] INFO org.evosuite.runtime.instrumentation.EvoClassLoader - Keeping class: org.springframework.boot.context.properties.source.FilteredIterableConfigurationPropertiesSource
08:38:27.427 [main] INFO org.evosuite.runtime.instrumentation.EvoClassLoader - Seeing class for first time: org.springframework.boot.env.SpringApplicationJsonEnvironmentPostProcessor$JsonPropertyValue
08:38:27.427 [main] INFO org.evosuite.runtime.instrumentation.EvoClassLoader - Instrumenting class 'org.springframework.boot.env.SpringApplicationJsonEnvironmentPostProcessor$JsonPropertyValue'.
08:38:27.431 [main] INFO org.evosuite.runtime.instrumentation.MethodCallReplacementClassAdapter - Adding mock interface to class org/springframework/boot/env/SpringApplicationJsonEnvironmentPostProcessor$JsonPropertyValue
08:38:27.431 [main] INFO org.evosuite.runtime.instrumentation.CreateClassResetClassAdapter - Found static initializer in class org/springframework/boot/env/SpringApplicationJsonEnvironmentPostProcessor$JsonPropertyValue
08:38:27.431 [main] INFO org.evosuite.runtime.instrumentation.EvoClassLoader - Keeping class: org.springframework.boot.env.SpringApplicationJsonEnvironmentPostProcessor$JsonPropertyValue
08:38:27.431 [main] INFO org.evosuite.runtime.instrumentation.EvoClassLoader - Seeing class for first time: org.springframework.format.number.NumberFormatAnnotationFormatterFactory
08:38:27.431 [main] INFO org.evosuite.runtime.instrumentation.EvoClassLoader - Instrumenting class 'org.springframework.format.number.NumberFormatAnnotationFormatterFactory'.
08:38:27.431 [main] INFO org.evosuite.runtime.instrumentation.MethodCallReplacementClassAdapter - Adding mock interface to class org/springframework/format/number/NumberFormatAnnotationFormatterFactory
08:38:27.431 [main] INFO org.evosuite.runtime.instrumentation.CreateClassResetClassAdapter - Creating brand-new static initializer in class org/springframework/format/number/NumberFormatAnnotationFormatterFactory
08:38:27.431 [main] INFO org.evosuite.runtime.instrumentation.EvoClassLoader - Defined package (3): package org.springframework.format.number, 1209215737
08:38:27.435 [main] INFO org.evosuite.runtime.instrumentation.EvoClassLoader - Keeping class: org.springframework.format.number.NumberFormatAnnotationFormatterFactory
08:38:27.435 [main] INFO org.evosuite.runtime.instrumentation.EvoClassLoader - Seeing class for first time: org.springframework.boot.context.config.ConfigFileApplicationListener$DocumentConsumer
08:38:27.435 [main] INFO org.evosuite.runtime.instrumentation.EvoClassLoader - Instrumenting class 'org.springframework.boot.context.config.ConfigFileApplicationListener$DocumentConsumer'.
08:38:27.435 [main] INFO org.evosuite.runtime.instrumentation.EvoClassLoader - Keeping class: org.springframework.boot.context.config.ConfigFileApplicationListener$DocumentConsumer
08:38:27.435 [main] INFO org.evosuite.runtime.instrumentation.EvoClassLoader - Seeing class for first time: org.springframework.boot.diagnostics.analyzer.InvalidConfigurationPropertyValueFailureAnalyzer
08:38:27.435 [main] INFO org.evosuite.runtime.instrumentation.EvoClassLoader - Instrumenting class 'org.springframework.boot.diagnostics.analyzer.InvalidConfigurationPropertyValueFailureAnalyzer'.
08:38:27.439 [main] INFO org.evosuite.runtime.instrumentation.MethodCallReplacementClassAdapter - Adding mock interface to class org/springframework/boot/diagnostics/analyzer/InvalidConfigurationPropertyValueFailureAnalyzer
08:38:27.439 [main] INFO org.evosuite.runtime.instrumentation.CreateClassResetClassAdapter - Creating brand-new static initializer in class org/springframework/boot/diagnostics/analyzer/InvalidConfigurationPropertyValueFailureAnalyzer
08:38:27.439 [main] INFO org.evosuite.runtime.instrumentation.EvoClassLoader - Keeping class: org.springframework.boot.diagnostics.analyzer.InvalidConfigurationPropertyValueFailureAnalyzer
08:38:27.439 [main] INFO org.evosuite.runtime.instrumentation.EvoClassLoader - Seeing class for first time: org.springframework.core.annotation.OrderUtils
08:38:27.439 [main] INFO org.evosuite.runtime.instrumentation.EvoClassLoader - Instrumenting class 'org.springframework.core.annotation.OrderUtils'.
08:38:27.443 [main] INFO org.evosuite.runtime.instrumentation.MethodCallReplacementClassAdapter - Adding mock interface to class org/springframework/core/annotation/OrderUtils
08:38:27.443 [main] INFO org.evosuite.runtime.instrumentation.CreateClassResetClassAdapter - Found static initializer in class org/springframework/core/annotation/OrderUtils
08:38:27.443 [main] INFO org.evosuite.runtime.instrumentation.EvoClassLoader - Keeping class: org.springframework.core.annotation.OrderUtils
08:38:27.443 [main] INFO org.evosuite.runtime.instrumentation.EvoClassLoader - Seeing class for first time: org.springframework.boot.context.logging.LoggingApplicationListener
08:38:27.443 [main] INFO org.evosuite.runtime.instrumentation.EvoClassLoader - Instrumenting class 'org.springframework.boot.context.logging.LoggingApplicationListener'.
08:38:27.447 [main] INFO org.evosuite.runtime.instrumentation.MethodCallReplacementClassAdapter - Adding mock interface to class org/springframework/boot/context/logging/LoggingApplicationListener
08:38:27.455 [main] INFO org.evosuite.runtime.instrumentation.CreateClassResetClassAdapter - Found static initializer in class org/springframework/boot/context/logging/LoggingApplicationListener
08:38:27.455 [main] INFO org.evosuite.runtime.instrumentation.EvoClassLoader - Defined package (3): package org.springframework.boot.context.logging, 1041701675
08:38:27.455 [main] INFO org.evosuite.runtime.instrumentation.EvoClassLoader - Keeping class: org.springframework.boot.context.logging.LoggingApplicationListener
08:38:27.455 [main] INFO org.evosuite.runtime.instrumentation.EvoClassLoader - Seeing class for first time: org.springframework.core.SerializableTypeWrapper$MethodParameterTypeProvider
08:38:27.455 [main] INFO org.evosuite.runtime.instrumentation.EvoClassLoader - Instrumenting class 'org.springframework.core.SerializableTypeWrapper$MethodParameterTypeProvider'.
08:38:27.459 [main] INFO org.evosuite.runtime.instrumentation.MethodCallReplacementClassAdapter - Adding mock interface to class org/springframework/core/SerializableTypeWrapper$MethodParameterTypeProvider
08:38:27.463 [main] INFO org.evosuite.runtime.instrumentation.CreateClassResetClassAdapter - Creating brand-new static initializer in class org/springframework/core/SerializableTypeWrapper$MethodParameterTypeProvider
08:38:27.463 [main] INFO org.evosuite.runtime.instrumentation.EvoClassLoader - Keeping class: org.springframework.core.SerializableTypeWrapper$MethodParameterTypeProvider
08:38:27.463 [main] INFO org.evosuite.runtime.instrumentation.EvoClassLoader - Seeing class for first time: org.springframework.beans.factory.config.EmbeddedValueResolver
08:38:27.463 [main] INFO org.evosuite.runtime.instrumentation.EvoClassLoader - Instrumenting class 'org.springframework.beans.factory.config.EmbeddedValueResolver'.
08:38:27.467 [main] INFO org.evosuite.runtime.instrumentation.MethodCallReplacementClassAdapter - Adding mock interface to class org/springframework/beans/factory/config/EmbeddedValueResolver
08:38:27.467 [main] INFO org.evosuite.runtime.instrumentation.CreateClassResetClassAdapter - Creating brand-new static initializer in class org/springframework/beans/factory/config/EmbeddedValueResolver
08:38:27.467 [main] INFO org.evosuite.runtime.instrumentation.EvoClassLoader - Keeping class: org.springframework.beans.factory.config.EmbeddedValueResolver
08:38:27.467 [main] INFO org.evosuite.runtime.instrumentation.EvoClassLoader - Seeing class for first time: org.springframework.core.ResolvableType$WildcardBounds
08:38:27.467 [main] INFO org.evosuite.runtime.instrumentation.EvoClassLoader - Instrumenting class 'org.springframework.core.ResolvableType$WildcardBounds'.
08:38:27.471 [main] INFO org.evosuite.runtime.instrumentation.MethodCallReplacementClassAdapter - Adding mock interface to class org/springframework/core/ResolvableType$WildcardBounds
08:38:27.471 [main] INFO org.evosuite.runtime.instrumentation.CreateClassResetClassAdapter - Creating brand-new static initializer in class org/springframework/core/ResolvableType$WildcardBounds
08:38:27.471 [main] INFO org.evosuite.runtime.instrumentation.EvoClassLoader - Keeping class: org.springframework.core.ResolvableType$WildcardBounds
08:38:27.471 [main] INFO org.evosuite.runtime.instrumentation.EvoClassLoader - Seeing class for first time: org.springframework.boot.ansi.AnsiOutput
08:38:27.471 [main] INFO org.evosuite.runtime.instrumentation.EvoClassLoader - Instrumenting class 'org.springframework.boot.ansi.AnsiOutput'.
08:38:27.471 [main] INFO org.evosuite.runtime.instrumentation.MethodCallReplacementClassAdapter - Adding mock interface to class org/springframework/boot/ansi/AnsiOutput
08:38:27.471 [main] INFO org.evosuite.runtime.instrumentation.CreateClassResetClassAdapter - Found static initializer in class org/springframework/boot/ansi/AnsiOutput
08:38:27.471 [main] INFO org.evosuite.runtime.instrumentation.EvoClassLoader - Keeping class: org.springframework.boot.ansi.AnsiOutput
08:38:27.475 [main] INFO org.evosuite.runtime.instrumentation.EvoClassLoader - Seeing class for first time: org.springframework.web.context.request.SessionScope
08:38:27.475 [main] INFO org.evosuite.runtime.instrumentation.EvoClassLoader - Instrumenting class 'org.springframework.web.context.request.SessionScope'.
08:38:27.475 [main] INFO org.evosuite.runtime.instrumentation.MethodCallReplacementClassAdapter - Adding mock interface to class org/springframework/web/context/request/SessionScope
08:38:27.479 [main] INFO org.evosuite.runtime.instrumentation.CreateClassResetClassAdapter - Creating brand-new static initializer in class org/springframework/web/context/request/SessionScope
08:38:27.479 [main] INFO org.evosuite.runtime.instrumentation.EvoClassLoader - Keeping class: org.springframework.web.context.request.SessionScope
08:38:27.479 [main] INFO org.evosuite.runtime.instrumentation.EvoClassLoader - Seeing class for first time: org.springframework.boot.context.properties.source.ConfigurationProperty
08:38:27.479 [main] INFO org.evosuite.runtime.instrumentation.EvoClassLoader - Instrumenting class 'org.springframework.boot.context.properties.source.ConfigurationProperty'.
08:38:27.479 [main] INFO org.evosuite.runtime.instrumentation.MethodCallReplacementClassAdapter - Adding mock interface to class org/springframework/boot/context/properties/source/ConfigurationProperty
08:38:27.483 [main] INFO org.evosuite.runtime.instrumentation.CreateClassResetClassAdapter - Creating brand-new static initializer in class org/springframework/boot/context/properties/source/ConfigurationProperty
08:38:27.483 [main] INFO org.evosuite.runtime.instrumentation.EvoClassLoader - Keeping class: org.springframework.boot.context.properties.source.ConfigurationProperty
08:38:27.483 [main] INFO org.evosuite.runtime.instrumentation.EvoClassLoader - Seeing class for first time: org.springframework.context.annotation.DependsOn
08:38:27.483 [main] INFO org.evosuite.runtime.instrumentation.EvoClassLoader - Instrumenting class 'org.springframework.context.annotation.DependsOn'.
08:38:27.487 [main] INFO org.evosuite.runtime.instrumentation.EvoClassLoader - Keeping class: org.springframework.context.annotation.DependsOn
08:38:27.487 [main] INFO org.evosuite.runtime.instrumentation.EvoClassLoader - Seeing class for first time: org.springframework.core.BridgeMethodResolver
08:38:27.487 [main] INFO org.evosuite.runtime.instrumentation.EvoClassLoader - Instrumenting class 'org.springframework.core.BridgeMethodResolver'.
08:38:27.491 [main] INFO org.evosuite.runtime.instrumentation.MethodCallReplacementClassAdapter - Adding mock interface to class org/springframework/core/BridgeMethodResolver
08:38:27.491 [main] INFO org.evosuite.runtime.instrumentation.CreateClassResetClassAdapter - Creating brand-new static initializer in class org/springframework/core/BridgeMethodResolver
08:38:27.491 [main] INFO org.evosuite.runtime.instrumentation.EvoClassLoader - Keeping class: org.springframework.core.BridgeMethodResolver
08:38:27.491 [main] INFO org.evosuite.runtime.instrumentation.EvoClassLoader - Seeing class for first time: org.springframework.boot.diagnostics.LoggingFailureAnalysisReporter
08:38:27.491 [main] INFO org.evosuite.runtime.instrumentation.EvoClassLoader - Instrumenting class 'org.springframework.boot.diagnostics.LoggingFailureAnalysisReporter'.
08:38:27.495 [main] INFO org.evosuite.runtime.instrumentation.MethodCallReplacementClassAdapter - Adding mock interface to class org/springframework/boot/diagnostics/LoggingFailureAnalysisReporter
08:38:27.495 [main] INFO org.evosuite.runtime.instrumentation.CreateClassResetClassAdapter - Found static initializer in class org/springframework/boot/diagnostics/LoggingFailureAnalysisReporter
08:38:27.495 [main] INFO org.evosuite.runtime.instrumentation.EvoClassLoader - Keeping class: org.springframework.boot.diagnostics.LoggingFailureAnalysisReporter
08:38:27.495 [main] INFO org.evosuite.runtime.instrumentation.EvoClassLoader - Seeing class for first time: org.springframework.boot.SpringApplicationBannerPrinter$Banners
08:38:27.495 [main] INFO org.evosuite.runtime.instrumentation.EvoClassLoader - Instrumenting class 'org.springframework.boot.SpringApplicationBannerPrinter$Banners'.
08:38:27.499 [main] INFO org.evosuite.runtime.instrumentation.MethodCallReplacementClassAdapter - Adding mock interface to class org/springframework/boot/SpringApplicationBannerPrinter$Banners
08:38:27.499 [main] INFO org.evosuite.runtime.instrumentation.CreateClassResetClassAdapter - Creating brand-new static initializer in class org/springframework/boot/SpringApplicationBannerPrinter$Banners
08:38:27.503 [main] INFO org.evosuite.runtime.instrumentation.EvoClassLoader - Keeping class: org.springframework.boot.SpringApplicationBannerPrinter$Banners
08:38:27.503 [main] INFO org.evosuite.runtime.instrumentation.EvoClassLoader - Seeing class for first time: org.springframework.format.datetime.standard.DateTimeConverters$ZonedDateTimeToInstantConverter
08:38:27.503 [main] INFO org.evosuite.runtime.instrumentation.EvoClassLoader - Instrumenting class 'org.springframework.format.datetime.standard.DateTimeConverters$ZonedDateTimeToInstantConverter'.
08:38:27.507 [main] INFO org.evosuite.runtime.instrumentation.MethodCallReplacementClassAdapter - Adding mock interface to class org/springframework/format/datetime/standard/DateTimeConverters$ZonedDateTimeToInstantConverter
08:38:27.507 [main] INFO org.evosuite.runtime.instrumentation.CreateClassResetClassAdapter - Creating brand-new static initializer in class org/springframework/format/datetime/standard/DateTimeConverters$ZonedDateTimeToInstantConverter
08:38:27.507 [main] INFO org.evosuite.runtime.instrumentation.EvoClassLoader - Keeping class: org.springframework.format.datetime.standard.DateTimeConverters$ZonedDateTimeToInstantConverter
08:38:27.507 [main] INFO org.evosuite.runtime.instrumentation.EvoClassLoader - Seeing class for first time: org.springframework.boot.context.config.ConfigFileApplicationListener
08:38:27.507 [main] INFO org.evosuite.runtime.instrumentation.EvoClassLoader - Instrumenting class 'org.springframework.boot.context.config.ConfigFileApplicationListener'.
08:38:27.511 [main] INFO org.evosuite.runtime.instrumentation.MethodCallReplacementClassAdapter - Adding mock interface to class org/springframework/boot/context/config/ConfigFileApplicationListener
08:38:27.511 [main] INFO org.evosuite.runtime.instrumentation.CreateClassResetClassAdapter - Found static initializer in class org/springframework/boot/context/config/ConfigFileApplicationListener
08:38:27.511 [main] INFO org.evosuite.runtime.instrumentation.EvoClassLoader - Keeping class: org.springframework.boot.context.config.ConfigFileApplicationListener
08:38:27.511 [main] INFO org.evosuite.runtime.instrumentation.EvoClassLoader - Seeing class for first time: org.springframework.boot.context.logging.ClasspathLoggingApplicationListener
08:38:27.511 [main] INFO org.evosuite.runtime.instrumentation.EvoClassLoader - Instrumenting class 'org.springframework.boot.context.logging.ClasspathLoggingApplicationListener'.
08:38:27.515 [main] INFO org.evosuite.runtime.instrumentation.MethodCallReplacementClassAdapter - Adding mock interface to class org/springframework/boot/context/logging/ClasspathLoggingApplicationListener
08:38:27.515 [main] INFO org.evosuite.runtime.instrumentation.CreateClassResetClassAdapter - Found static initializer in class org/springframework/boot/context/logging/ClasspathLoggingApplicationListener
08:38:27.515 [main] INFO org.evosuite.runtime.instrumentation.EvoClassLoader - Keeping class: org.springframework.boot.context.logging.ClasspathLoggingApplicationListener
08:38:27.515 [main] INFO org.evosuite.runtime.instrumentation.EvoClassLoader - Seeing class for first time: org.springframework.context.MessageSourceAware
08:38:27.515 [main] INFO org.evosuite.runtime.instrumentation.EvoClassLoader - Instrumenting class 'org.springframework.context.MessageSourceAware'.
08:38:27.519 [main] INFO org.evosuite.runtime.instrumentation.EvoClassLoader - Keeping class: org.springframework.context.MessageSourceAware
08:38:27.519 [main] INFO org.evosuite.runtime.instrumentation.EvoClassLoader - Seeing class for first time: org.springframework.beans.PropertyValue
08:38:27.519 [main] INFO org.evosuite.runtime.instrumentation.EvoClassLoader - Instrumenting class 'org.springframework.beans.PropertyValue'.
08:38:27.523 [main] INFO org.evosuite.runtime.instrumentation.MethodCallReplacementClassAdapter - Adding mock interface to class org/springframework/beans/PropertyValue
08:38:27.523 [main] INFO org.evosuite.runtime.instrumentation.CreateClassResetClassAdapter - Creating brand-new static initializer in class org/springframework/beans/PropertyValue
08:38:27.523 [main] INFO org.evosuite.runtime.instrumentation.EvoClassLoader - Keeping class: org.springframework.beans.PropertyValue
08:38:27.523 [main] INFO org.evosuite.runtime.instrumentation.EvoClassLoader - Seeing class for first time: org.springframework.boot.DefaultApplicationArguments
08:38:27.523 [main] INFO org.evosuite.runtime.instrumentation.EvoClassLoader - Instrumenting class 'org.springframework.boot.DefaultApplicationArguments'.
08:38:27.527 [main] INFO org.evosuite.runtime.instrumentation.MethodCallReplacementClassAdapter - Adding mock interface to class org/springframework/boot/DefaultApplicationArguments
08:38:27.527 [main] INFO org.evosuite.runtime.instrumentation.CreateClassResetClassAdapter - Creating brand-new static initializer in class org/springframework/boot/DefaultApplicationArguments
08:38:27.527 [main] INFO org.evosuite.runtime.instrumentation.EvoClassLoader - Keeping class: org.springframework.boot.DefaultApplicationArguments
08:38:27.527 [main] INFO org.evosuite.runtime.instrumentation.EvoClassLoader - Seeing class for first time: org.springframework.beans.propertyeditors.URLEditor
08:38:27.527 [main] INFO org.evosuite.runtime.instrumentation.EvoClassLoader - Instrumenting class 'org.springframework.beans.propertyeditors.URLEditor'.
08:38:27.531 [main] INFO org.evosuite.runtime.instrumentation.MethodCallReplacementClassAdapter - Adding mock interface to class org/springframework/beans/propertyeditors/URLEditor
08:38:27.535 [main] INFO org.evosuite.runtime.instrumentation.CreateClassResetClassAdapter - Creating brand-new static initializer in class org/springframework/beans/propertyeditors/URLEditor
08:38:27.535 [main] INFO org.evosuite.runtime.instrumentation.EvoClassLoader - Keeping class: org.springframework.beans.propertyeditors.URLEditor
08:38:27.535 [main] INFO org.evosuite.runtime.instrumentation.EvoClassLoader - Seeing class for first time: org.springframework.beans.propertyeditors.ClassEditor
08:38:27.535 [main] INFO org.evosuite.runtime.instrumentation.EvoClassLoader - Instrumenting class 'org.springframework.beans.propertyeditors.ClassEditor'.
08:38:27.539 [main] INFO org.evosuite.runtime.instrumentation.MethodCallReplacementClassAdapter - Adding mock interface to class org/springframework/beans/propertyeditors/ClassEditor
08:38:27.539 [main] INFO org.evosuite.runtime.instrumentation.CreateClassResetClassAdapter - Creating brand-new static initializer in class org/springframework/beans/propertyeditors/ClassEditor
08:38:27.539 [main] INFO org.evosuite.runtime.instrumentation.EvoClassLoader - Keeping class: org.springframework.beans.propertyeditors.ClassEditor
08:38:27.539 [main] INFO org.evosuite.runtime.instrumentation.EvoClassLoader - Seeing class for first time: org.springframework.boot.context.properties.bind.Binder
08:38:27.539 [main] INFO org.evosuite.runtime.instrumentation.EvoClassLoader - Instrumenting class 'org.springframework.boot.context.properties.bind.Binder'.
08:38:27.543 [main] INFO org.evosuite.runtime.instrumentation.MethodCallReplacementClassAdapter - Adding mock interface to class org/springframework/boot/context/properties/bind/Binder
08:38:27.543 [main] INFO org.evosuite.runtime.instrumentation.CreateClassResetClassAdapter - Found static initializer in class org/springframework/boot/context/properties/bind/Binder
08:38:27.547 [main] INFO org.evosuite.runtime.instrumentation.EvoClassLoader - Keeping class: org.springframework.boot.context.properties.bind.Binder
08:38:27.547 [main] INFO org.evosuite.runtime.instrumentation.EvoClassLoader - Seeing class for first time: org.springframework.core.type.classreading.CachingMetadataReaderFactory$LocalResourceCache
08:38:27.547 [main] INFO org.evosuite.runtime.instrumentation.EvoClassLoader - Instrumenting class 'org.springframework.core.type.classreading.CachingMetadataReaderFactory$LocalResourceCache'.
08:38:27.551 [main] INFO org.evosuite.runtime.instrumentation.MethodCallReplacementClassAdapter - Adding mock interface to class org/springframework/core/type/classreading/CachingMetadataReaderFactory$LocalResourceCache
08:38:27.551 [main] INFO org.evosuite.runtime.instrumentation.CreateClassResetClassAdapter - Creating brand-new static initializer in class org/springframework/core/type/classreading/CachingMetadataReaderFactory$LocalResourceCache
08:38:27.551 [main] INFO org.evosuite.runtime.instrumentation.EvoClassLoader - Keeping class: org.springframework.core.type.classreading.CachingMetadataReaderFactory$LocalResourceCache
08:38:27.551 [main] INFO org.evosuite.runtime.instrumentation.EvoClassLoader - Seeing class for first time: org.springframework.util.AntPathMatcher$AntPathStringMatcher
08:38:27.551 [main] INFO org.evosuite.runtime.instrumentation.EvoClassLoader - Instrumenting class 'org.springframework.util.AntPathMatcher$AntPathStringMatcher'.
08:38:27.555 [main] INFO org.evosuite.runtime.instrumentation.MethodCallReplacementClassAdapter - Adding mock interface to class org/springframework/util/AntPathMatcher$AntPathStringMatcher
08:38:27.559 [main] INFO org.evosuite.runtime.instrumentation.CreateClassResetClassAdapter - Found static initializer in class org/springframework/util/AntPathMatcher$AntPathStringMatcher
08:38:27.559 [main] INFO org.evosuite.runtime.instrumentation.EvoClassLoader - Keeping class: org.springframework.util.AntPathMatcher$AntPathStringMatcher
08:38:27.559 [main] INFO org.evosuite.runtime.instrumentation.EvoClassLoader - Seeing class for first time: org.springframework.beans.factory.parsing.DefaultsDefinition
08:38:27.559 [main] INFO org.evosuite.runtime.instrumentation.EvoClassLoader - Instrumenting class 'org.springframework.beans.factory.parsing.DefaultsDefinition'.
08:38:27.559 [main] INFO org.evosuite.runtime.instrumentation.EvoClassLoader - Keeping class: org.springframework.beans.factory.parsing.DefaultsDefinition
08:38:27.559 [main] INFO org.evosuite.runtime.instrumentation.EvoClassLoader - Seeing class for first time: org.springframework.beans.factory.parsing.ImportDefinition
08:38:27.559 [main] INFO org.evosuite.runtime.instrumentation.EvoClassLoader - Instrumenting class 'org.springframework.beans.factory.parsing.ImportDefinition'.
08:38:27.563 [main] INFO org.evosuite.runtime.instrumentation.MethodCallReplacementClassAdapter - Adding mock interface to class org/springframework/beans/factory/parsing/ImportDefinition
08:38:27.563 [main] INFO org.evosuite.runtime.instrumentation.CreateClassResetClassAdapter - Creating brand-new static initializer in class org/springframework/beans/factory/parsing/ImportDefinition
08:38:27.563 [main] INFO org.evosuite.runtime.instrumentation.EvoClassLoader - Keeping class: org.springframework.beans.factory.parsing.ImportDefinition
08:38:27.563 [main] INFO org.evosuite.runtime.instrumentation.EvoClassLoader - Seeing class for first time: org.springframework.beans.factory.parsing.AliasDefinition
08:38:27.563 [main] INFO org.evosuite.runtime.instrumentation.EvoClassLoader - Instrumenting class 'org.springframework.beans.factory.parsing.AliasDefinition'.
08:38:27.567 [main] INFO org.evosuite.runtime.instrumentation.MethodCallReplacementClassAdapter - Adding mock interface to class org/springframework/beans/factory/parsing/AliasDefinition
08:38:27.567 [main] INFO org.evosuite.runtime.instrumentation.CreateClassResetClassAdapter - Creating brand-new static initializer in class org/springframework/beans/factory/parsing/AliasDefinition
08:38:27.567 [main] INFO org.evosuite.runtime.instrumentation.EvoClassLoader - Keeping class: org.springframework.beans.factory.parsing.AliasDefinition
08:38:27.567 [main] INFO org.evosuite.runtime.instrumentation.EvoClassLoader - Seeing class for first time: org.springframework.context.MessageSourceResolvable
08:38:27.567 [main] INFO org.evosuite.runtime.instrumentation.EvoClassLoader - Instrumenting class 'org.springframework.context.MessageSourceResolvable'.
08:38:27.571 [main] INFO org.evosuite.runtime.instrumentation.EvoClassLoader - Keeping class: org.springframework.context.MessageSourceResolvable
08:38:27.571 [main] INFO org.evosuite.runtime.instrumentation.EvoClassLoader - Seeing class for first time: org.springframework.context.NoSuchMessageException
08:38:27.571 [main] INFO org.evosuite.runtime.instrumentation.EvoClassLoader - Instrumenting class 'org.springframework.context.NoSuchMessageException'.
08:38:27.571 [main] INFO org.evosuite.runtime.instrumentation.MethodCallReplacementClassAdapter - Adding mock interface to class org/springframework/context/NoSuchMessageException
08:38:27.575 [main] INFO org.evosuite.runtime.instrumentation.CreateClassResetClassAdapter - Creating brand-new static initializer in class org/springframework/context/NoSuchMessageException
08:38:27.575 [main] INFO org.evosuite.runtime.instrumentation.EvoClassLoader - Keeping class: org.springframework.context.NoSuchMessageException
08:38:27.575 [main] INFO org.evosuite.runtime.instrumentation.EvoClassLoader - Seeing class for first time: org.springframework.context.index.CandidateComponentsIndex$Entry
08:38:27.575 [main] INFO org.evosuite.runtime.instrumentation.EvoClassLoader - Instrumenting class 'org.springframework.context.index.CandidateComponentsIndex$Entry'.
08:38:27.575 [main] INFO org.evosuite.runtime.instrumentation.MethodCallReplacementClassAdapter - Adding mock interface to class org/springframework/context/index/CandidateComponentsIndex$Entry
08:38:27.575 [main] INFO org.evosuite.runtime.instrumentation.CreateClassResetClassAdapter - Creating brand-new static initializer in class org/springframework/context/index/CandidateComponentsIndex$Entry
08:38:27.575 [main] INFO org.evosuite.runtime.instrumentation.EvoClassLoader - Keeping class: org.springframework.context.index.CandidateComponentsIndex$Entry
08:38:27.579 [main] INFO org.evosuite.runtime.instrumentation.EvoClassLoader - Seeing class for first time: org.springframework.boot.BeanDefinitionLoader$GroovyBeanDefinitionSource
08:38:27.579 [main] INFO org.evosuite.runtime.instrumentation.EvoClassLoader - Instrumenting class 'org.springframework.boot.BeanDefinitionLoader$GroovyBeanDefinitionSource'.
08:38:27.583 [main] INFO org.evosuite.runtime.instrumentation.EvoClassLoader - Keeping class: org.springframework.boot.BeanDefinitionLoader$GroovyBeanDefinitionSource
08:38:27.583 [main] INFO org.evosuite.runtime.instrumentation.EvoClassLoader - Seeing class for first time: org.springframework.boot.diagnostics.FailureAnalysis
08:38:27.583 [main] INFO org.evosuite.runtime.instrumentation.EvoClassLoader - Instrumenting class 'org.springframework.boot.diagnostics.FailureAnalysis'.
08:38:27.587 [main] INFO org.evosuite.runtime.instrumentation.MethodCallReplacementClassAdapter - Adding mock interface to class org/springframework/boot/diagnostics/FailureAnalysis
08:38:27.587 [main] INFO org.evosuite.runtime.instrumentation.CreateClassResetClassAdapter - Creating brand-new static initializer in class org/springframework/boot/diagnostics/FailureAnalysis
08:38:27.587 [main] INFO org.evosuite.runtime.instrumentation.EvoClassLoader - Keeping class: org.springframework.boot.diagnostics.FailureAnalysis
08:38:27.587 [main] INFO org.evosuite.runtime.instrumentation.EvoClassLoader - Seeing class for first time: org.springframework.instrument.classloading.LoadTimeWeaver
08:38:27.587 [main] INFO org.evosuite.runtime.instrumentation.EvoClassLoader - Instrumenting class 'org.springframework.instrument.classloading.LoadTimeWeaver'.
08:38:27.591 [main] INFO org.evosuite.runtime.instrumentation.EvoClassLoader - Defined package (3): package org.springframework.instrument.classloading, -1741016572
08:38:27.591 [main] INFO org.evosuite.runtime.instrumentation.EvoClassLoader - Keeping class: org.springframework.instrument.classloading.LoadTimeWeaver
08:38:27.591 [main] INFO org.evosuite.runtime.instrumentation.EvoClassLoader - Seeing class for first time: org.springframework.boot.SpringBootExceptionHandler
08:38:27.591 [main] INFO org.evosuite.runtime.instrumentation.EvoClassLoader - Instrumenting class 'org.springframework.boot.SpringBootExceptionHandler'.
08:38:27.595 [main] INFO org.evosuite.runtime.instrumentation.MethodCallReplacementClassAdapter - Adding mock interface to class org/springframework/boot/SpringBootExceptionHandler
08:38:27.595 [main] INFO org.evosuite.runtime.instrumentation.CreateClassResetClassAdapter - Found static initializer in class org/springframework/boot/SpringBootExceptionHandler
08:38:27.595 [main] INFO org.evosuite.runtime.instrumentation.EvoClassLoader - Keeping class: org.springframework.boot.SpringBootExceptionHandler
08:38:27.595 [main] INFO org.evosuite.runtime.instrumentation.EvoClassLoader - Seeing class for first time: org.springframework.boot.ApplicationRunner
08:38:27.595 [main] INFO org.evosuite.runtime.instrumentation.EvoClassLoader - Instrumenting class 'org.springframework.boot.ApplicationRunner'.
08:38:27.599 [main] INFO org.evosuite.runtime.instrumentation.EvoClassLoader - Keeping class: org.springframework.boot.ApplicationRunner
08:38:27.599 [main] INFO org.evosuite.runtime.instrumentation.EvoClassLoader - Seeing class for first time: org.springframework.boot.CommandLineRunner
08:38:27.599 [main] INFO org.evosuite.runtime.instrumentation.EvoClassLoader - Instrumenting class 'org.springframework.boot.CommandLineRunner'.
08:38:27.599 [main] INFO org.evosuite.runtime.instrumentation.EvoClassLoader - Keeping class: org.springframework.boot.CommandLineRunner
08:38:27.603 [main] INFO org.evosuite.runtime.instrumentation.EvoClassLoader - Seeing class for first time: org.springframework.http.HttpHeaders
08:38:27.603 [main] INFO org.evosuite.runtime.instrumentation.EvoClassLoader - Instrumenting class 'org.springframework.http.HttpHeaders'.
08:38:27.603 [main] INFO org.evosuite.runtime.instrumentation.MethodCallReplacementClassAdapter - Adding mock interface to class org/springframework/http/HttpHeaders
08:38:27.607 [main] INFO org.evosuite.runtime.instrumentation.CreateClassResetClassAdapter - Found static initializer in class org/springframework/http/HttpHeaders
08:38:27.611 [main] INFO org.evosuite.runtime.instrumentation.EvoClassLoader - Keeping class: org.springframework.http.HttpHeaders
08:38:27.611 [main] INFO org.evosuite.runtime.instrumentation.EvoClassLoader - Seeing class for first time: org.springframework.asm.AnnotationVisitor
08:38:27.611 [main] INFO org.evosuite.runtime.instrumentation.EvoClassLoader - Instrumenting class 'org.springframework.asm.AnnotationVisitor'.
08:38:27.615 [main] INFO org.evosuite.runtime.instrumentation.MethodCallReplacementClassAdapter - Adding mock interface to class org/springframework/asm/AnnotationVisitor
08:38:27.615 [main] INFO org.evosuite.runtime.instrumentation.CreateClassResetClassAdapter - Creating brand-new static initializer in class org/springframework/asm/AnnotationVisitor
08:38:27.615 [main] INFO org.evosuite.runtime.instrumentation.EvoClassLoader - Keeping class: org.springframework.asm.AnnotationVisitor
08:38:27.615 [main] INFO org.evosuite.runtime.instrumentation.EvoClassLoader - Seeing class for first time: org.springframework.asm.ModuleVisitor
08:38:27.615 [main] INFO org.evosuite.runtime.instrumentation.EvoClassLoader - Instrumenting class 'org.springframework.asm.ModuleVisitor'.
08:38:27.619 [main] INFO org.evosuite.runtime.instrumentation.MethodCallReplacementClassAdapter - Adding mock interface to class org/springframework/asm/ModuleVisitor
08:38:27.619 [main] INFO org.evosuite.runtime.instrumentation.CreateClassResetClassAdapter - Creating brand-new static initializer in class org/springframework/asm/ModuleVisitor
08:38:27.619 [main] INFO org.evosuite.runtime.instrumentation.EvoClassLoader - Keeping class: org.springframework.asm.ModuleVisitor
08:38:27.619 [main] INFO org.evosuite.runtime.instrumentation.EvoClassLoader - Seeing class for first time: org.springframework.asm.Attribute
08:38:27.619 [main] INFO org.evosuite.runtime.instrumentation.EvoClassLoader - Instrumenting class 'org.springframework.asm.Attribute'.
08:38:27.619 [main] INFO org.evosuite.runtime.instrumentation.MethodCallReplacementClassAdapter - Adding mock interface to class org/springframework/asm/Attribute
08:38:27.623 [main] INFO org.evosuite.runtime.instrumentation.CreateClassResetClassAdapter - Creating brand-new static initializer in class org/springframework/asm/Attribute
08:38:27.623 [main] INFO org.evosuite.runtime.instrumentation.EvoClassLoader - Keeping class: org.springframework.asm.Attribute
08:38:27.623 [main] INFO org.evosuite.runtime.instrumentation.EvoClassLoader - Seeing class for first time: org.springframework.asm.FieldVisitor
08:38:27.623 [main] INFO org.evosuite.runtime.instrumentation.EvoClassLoader - Instrumenting class 'org.springframework.asm.FieldVisitor'.
08:38:27.623 [main] INFO org.evosuite.runtime.instrumentation.MethodCallReplacementClassAdapter - Adding mock interface to class org/springframework/asm/FieldVisitor
08:38:27.627 [main] INFO org.evosuite.runtime.instrumentation.CreateClassResetClassAdapter - Creating brand-new static initializer in class org/springframework/asm/FieldVisitor
08:38:27.627 [main] INFO org.evosuite.runtime.instrumentation.EvoClassLoader - Keeping class: org.springframework.asm.FieldVisitor
08:38:27.627 [main] INFO org.evosuite.runtime.instrumentation.EvoClassLoader - Seeing class for first time: org.springframework.asm.TypePath
08:38:27.627 [main] INFO org.evosuite.runtime.instrumentation.EvoClassLoader - Instrumenting class 'org.springframework.asm.TypePath'.
08:38:27.627 [main] INFO org.evosuite.runtime.instrumentation.MethodCallReplacementClassAdapter - Adding mock interface to class org/springframework/asm/TypePath
08:38:27.631 [main] INFO org.evosuite.runtime.instrumentation.CreateClassResetClassAdapter - Creating brand-new static initializer in class org/springframework/asm/TypePath
08:38:27.631 [main] INFO org.evosuite.runtime.instrumentation.CreateClassResetClassAdapter - Adding bytecode for initializing field ARRAY_ELEMENT
08:38:27.631 [main] INFO org.evosuite.runtime.instrumentation.CreateClassResetClassAdapter - Adding bytecode for initializing field INNER_TYPE
08:38:27.631 [main] INFO org.evosuite.runtime.instrumentation.CreateClassResetClassAdapter - Adding bytecode for initializing field WILDCARD_BOUND
08:38:27.631 [main] INFO org.evosuite.runtime.instrumentation.CreateClassResetClassAdapter - Adding bytecode for initializing field TYPE_ARGUMENT
08:38:27.631 [main] INFO org.evosuite.runtime.instrumentation.EvoClassLoader - Keeping class: org.springframework.asm.TypePath
08:38:27.631 [main] INFO org.evosuite.runtime.instrumentation.EvoClassLoader - Seeing class for first time: org.springframework.boot.origin.OriginTrackedValue
08:38:27.631 [main] INFO org.evosuite.runtime.instrumentation.EvoClassLoader - Instrumenting class 'org.springframework.boot.origin.OriginTrackedValue'.
08:38:27.631 [main] INFO org.evosuite.runtime.instrumentation.MethodCallReplacementClassAdapter - Adding mock interface to class org/springframework/boot/origin/OriginTrackedValue
08:38:27.635 [main] INFO org.evosuite.runtime.instrumentation.CreateClassResetClassAdapter - Creating brand-new static initializer in class org/springframework/boot/origin/OriginTrackedValue
08:38:27.635 [main] INFO org.evosuite.runtime.instrumentation.EvoClassLoader - Keeping class: org.springframework.boot.origin.OriginTrackedValue
08:38:27.635 [main] INFO org.evosuite.runtime.instrumentation.EvoClassLoader - Seeing class for first time: org.springframework.boot.convert.DurationStyle
08:38:27.635 [main] INFO org.evosuite.runtime.instrumentation.EvoClassLoader - Instrumenting class 'org.springframework.boot.convert.DurationStyle'.
08:38:27.639 [main] INFO org.evosuite.runtime.instrumentation.MethodCallReplacementClassAdapter - Adding mock interface to class org/springframework/boot/convert/DurationStyle
08:38:27.639 [main] INFO org.evosuite.runtime.instrumentation.CreateClassResetClassAdapter - Found static initializer in class org/springframework/boot/convert/DurationStyle
08:38:27.639 [main] INFO org.evosuite.runtime.instrumentation.EvoClassLoader - Keeping class: org.springframework.boot.convert.DurationStyle
08:38:27.639 [main] INFO org.evosuite.runtime.instrumentation.EvoClassLoader - Seeing class for first time: org.springframework.boot.autoconfigure.condition.ConditionEvaluationReport$ConditionAndOutcomes
08:38:27.639 [main] INFO org.evosuite.runtime.instrumentation.EvoClassLoader - Instrumenting class 'org.springframework.boot.autoconfigure.condition.ConditionEvaluationReport$ConditionAndOutcomes'.
08:38:27.643 [main] INFO org.evosuite.runtime.instrumentation.MethodCallReplacementClassAdapter - Adding mock interface to class org/springframework/boot/autoconfigure/condition/ConditionEvaluationReport$ConditionAndOutcomes
08:38:27.643 [main] INFO org.evosuite.runtime.instrumentation.CreateClassResetClassAdapter - Creating brand-new static initializer in class org/springframework/boot/autoconfigure/condition/ConditionEvaluationReport$ConditionAndOutcomes
08:38:27.643 [main] INFO org.evosuite.runtime.instrumentation.EvoClassLoader - Keeping class: org.springframework.boot.autoconfigure.condition.ConditionEvaluationReport$ConditionAndOutcomes
08:38:27.643 [main] INFO org.evosuite.runtime.instrumentation.EvoClassLoader - Seeing class for first time: org.springframework.boot.autoconfigure.diagnostics.analyzer.NoSuchBeanDefinitionFailureAnalyzer$UserConfigurationResult
08:38:27.643 [main] INFO org.evosuite.runtime.instrumentation.EvoClassLoader - Instrumenting class 'org.springframework.boot.autoconfigure.diagnostics.analyzer.NoSuchBeanDefinitionFailureAnalyzer$UserConfigurationResult'.
08:38:27.647 [main] INFO org.evosuite.runtime.instrumentation.MethodCallReplacementClassAdapter - Adding mock interface to class org/springframework/boot/autoconfigure/diagnostics/analyzer/NoSuchBeanDefinitionFailureAnalyzer$UserConfigurationResult
08:38:27.647 [main] INFO org.evosuite.runtime.instrumentation.CreateClassResetClassAdapter - Creating brand-new static initializer in class org/springframework/boot/autoconfigure/diagnostics/analyzer/NoSuchBeanDefinitionFailureAnalyzer$UserConfigurationResult
08:38:27.647 [main] INFO org.evosuite.runtime.instrumentation.EvoClassLoader - Keeping class: org.springframework.boot.autoconfigure.diagnostics.analyzer.NoSuchBeanDefinitionFailureAnalyzer$UserConfigurationResult
08:38:27.647 [main] INFO org.evosuite.runtime.instrumentation.EvoClassLoader - Seeing class for first time: org.springframework.core.type.MethodMetadata
08:38:27.647 [main] INFO org.evosuite.runtime.instrumentation.EvoClassLoader - Instrumenting class 'org.springframework.core.type.MethodMetadata'.
08:38:27.651 [main] INFO org.evosuite.runtime.instrumentation.EvoClassLoader - Keeping class: org.springframework.core.type.MethodMetadata
08:38:27.651 [main] INFO org.evosuite.runtime.instrumentation.EvoClassLoader - Seeing class for first time: org.springframework.boot.autoconfigure.diagnostics.analyzer.NoSuchBeanDefinitionFailureAnalyzer$Source
08:38:27.651 [main] INFO org.evosuite.runtime.instrumentation.EvoClassLoader - Instrumenting class 'org.springframework.boot.autoconfigure.diagnostics.analyzer.NoSuchBeanDefinitionFailureAnalyzer$Source'.
08:38:27.651 [main] INFO org.evosuite.runtime.instrumentation.MethodCallReplacementClassAdapter - Adding mock interface to class org/springframework/boot/autoconfigure/diagnostics/analyzer/NoSuchBeanDefinitionFailureAnalyzer$Source
08:38:27.651 [main] INFO org.evosuite.runtime.instrumentation.CreateClassResetClassAdapter - Creating brand-new static initializer in class org/springframework/boot/autoconfigure/diagnostics/analyzer/NoSuchBeanDefinitionFailureAnalyzer$Source
08:38:27.651 [main] INFO org.evosuite.runtime.instrumentation.EvoClassLoader - Keeping class: org.springframework.boot.autoconfigure.diagnostics.analyzer.NoSuchBeanDefinitionFailureAnalyzer$Source
08:38:27.655 [main] INFO org.evosuite.runtime.instrumentation.EvoClassLoader - Seeing class for first time: org.springframework.jmx.export.NotificationListenerBean
08:38:27.655 [main] INFO org.evosuite.runtime.instrumentation.EvoClassLoader - Instrumenting class 'org.springframework.jmx.export.NotificationListenerBean'.
08:38:27.655 [main] INFO org.evosuite.runtime.instrumentation.MethodCallReplacementClassAdapter - Adding mock interface to class org/springframework/jmx/export/NotificationListenerBean
08:38:27.655 [main] INFO org.evosuite.runtime.instrumentation.CreateClassResetClassAdapter - Creating brand-new static initializer in class org/springframework/jmx/export/NotificationListenerBean
08:38:27.655 [main] INFO org.evosuite.runtime.instrumentation.EvoClassLoader - Seeing class for first time: org.springframework.jmx.support.NotificationListenerHolder
08:38:27.655 [main] INFO org.evosuite.runtime.instrumentation.EvoClassLoader - Instrumenting class 'org.springframework.jmx.support.NotificationListenerHolder'.
08:38:27.659 [main] INFO org.evosuite.runtime.instrumentation.MethodCallReplacementClassAdapter - Adding mock interface to class org/springframework/jmx/support/NotificationListenerHolder
08:38:27.659 [main] INFO org.evosuite.runtime.instrumentation.CreateClassResetClassAdapter - Creating brand-new static initializer in class org/springframework/jmx/support/NotificationListenerHolder
08:38:27.659 [main] INFO org.evosuite.runtime.instrumentation.EvoClassLoader - Keeping class: org.springframework.jmx.support.NotificationListenerHolder
08:38:27.659 [main] INFO org.evosuite.runtime.instrumentation.EvoClassLoader - Keeping class: org.springframework.jmx.export.NotificationListenerBean
08:38:27.659 [main] INFO org.evosuite.runtime.instrumentation.EvoClassLoader - Seeing class for first time: org.springframework.jmx.export.MBeanExporter$AutodetectCallback
08:38:27.659 [main] INFO org.evosuite.runtime.instrumentation.EvoClassLoader - Instrumenting class 'org.springframework.jmx.export.MBeanExporter$AutodetectCallback'.
08:38:27.659 [main] INFO org.evosuite.runtime.instrumentation.EvoClassLoader - Keeping class: org.springframework.jmx.export.MBeanExporter$AutodetectCallback
08:38:27.663 [main] INFO org.evosuite.runtime.instrumentation.EvoClassLoader - Seeing class for first time: org.springframework.jmx.export.MBeanExporterListener
08:38:27.663 [main] INFO org.evosuite.runtime.instrumentation.EvoClassLoader - Instrumenting class 'org.springframework.jmx.export.MBeanExporterListener'.
08:38:27.663 [main] INFO org.evosuite.runtime.instrumentation.EvoClassLoader - Keeping class: org.springframework.jmx.export.MBeanExporterListener
08:38:27.663 [main] INFO org.evosuite.runtime.instrumentation.EvoClassLoader - Seeing class for first time: org.springframework.expression.spel.SpelMessage
08:38:27.663 [main] INFO org.evosuite.runtime.instrumentation.EvoClassLoader - Instrumenting class 'org.springframework.expression.spel.SpelMessage'.
08:38:27.667 [main] INFO org.evosuite.runtime.instrumentation.MethodCallReplacementClassAdapter - Adding mock interface to class org/springframework/expression/spel/SpelMessage
08:38:27.667 [main] INFO org.evosuite.runtime.instrumentation.CreateClassResetClassAdapter - Found static initializer in class org/springframework/expression/spel/SpelMessage
08:38:27.671 [main] INFO org.evosuite.runtime.instrumentation.EvoClassLoader - Keeping class: org.springframework.expression.spel.SpelMessage
08:38:27.671 [main] INFO org.evosuite.runtime.instrumentation.EvoClassLoader - Seeing class for first time: org.springframework.scheduling.Trigger
08:38:27.671 [main] INFO org.evosuite.runtime.instrumentation.EvoClassLoader - Instrumenting class 'org.springframework.scheduling.Trigger'.
08:38:27.671 [main] INFO org.evosuite.runtime.instrumentation.EvoClassLoader - Keeping class: org.springframework.scheduling.Trigger
08:38:27.671 [main] INFO org.evosuite.runtime.instrumentation.EvoClassLoader - Seeing class for first time: org.springframework.util.concurrent.ListenableFutureTask
08:38:27.671 [main] INFO org.evosuite.runtime.instrumentation.EvoClassLoader - Instrumenting class 'org.springframework.util.concurrent.ListenableFutureTask'.
08:38:27.675 [main] INFO org.evosuite.runtime.instrumentation.MethodCallReplacementClassAdapter - Adding mock interface to class org/springframework/util/concurrent/ListenableFutureTask
08:38:27.679 [main] INFO org.evosuite.runtime.instrumentation.CreateClassResetClassAdapter - Creating brand-new static initializer in class org/springframework/util/concurrent/ListenableFutureTask
08:38:27.679 [main] INFO org.evosuite.runtime.instrumentation.EvoClassLoader - Keeping class: org.springframework.util.concurrent.ListenableFutureTask
08:38:27.679 [main] INFO org.evosuite.runtime.instrumentation.EvoClassLoader - Seeing class for first time: org.springframework.boot.context.properties.source.ConfigurationPropertyNameAliases
08:38:27.679 [main] INFO org.evosuite.runtime.instrumentation.EvoClassLoader - Instrumenting class 'org.springframework.boot.context.properties.source.ConfigurationPropertyNameAliases'.
08:38:27.679 [main] INFO org.evosuite.runtime.instrumentation.MethodCallReplacementClassAdapter - Adding mock interface to class org/springframework/boot/context/properties/source/ConfigurationPropertyNameAliases
08:38:27.679 [main] INFO org.evosuite.runtime.instrumentation.CreateClassResetClassAdapter - Creating brand-new static initializer in class org/springframework/boot/context/properties/source/ConfigurationPropertyNameAliases
08:38:27.679 [main] INFO org.evosuite.runtime.instrumentation.EvoClassLoader - Keeping class: org.springframework.boot.context.properties.source.ConfigurationPropertyNameAliases
08:38:27.683 [main] INFO org.evosuite.runtime.instrumentation.EvoClassLoader - Seeing class for first time: org.springframework.boot.logging.LoggerConfiguration
08:38:27.683 [main] INFO org.evosuite.runtime.instrumentation.EvoClassLoader - Instrumenting class 'org.springframework.boot.logging.LoggerConfiguration'.
08:38:27.683 [main] INFO org.evosuite.runtime.instrumentation.MethodCallReplacementClassAdapter - Adding mock interface to class org/springframework/boot/logging/LoggerConfiguration
08:38:27.687 [main] INFO org.evosuite.runtime.instrumentation.CreateClassResetClassAdapter - Creating brand-new static initializer in class org/springframework/boot/logging/LoggerConfiguration
08:38:27.687 [main] INFO org.evosuite.runtime.instrumentation.EvoClassLoader - Keeping class: org.springframework.boot.logging.LoggerConfiguration
08:38:27.687 [main] INFO org.evosuite.runtime.instrumentation.EvoClassLoader - Seeing class for first time: org.springframework.beans.factory.support.SecurityContextProvider
08:38:27.687 [main] INFO org.evosuite.runtime.instrumentation.EvoClassLoader - Instrumenting class 'org.springframework.beans.factory.support.SecurityContextProvider'.
08:38:27.687 [main] INFO org.evosuite.runtime.instrumentation.EvoClassLoader - Keeping class: org.springframework.beans.factory.support.SecurityContextProvider
08:38:27.687 [main] INFO org.evosuite.runtime.instrumentation.EvoClassLoader - Seeing class for first time: org.springframework.core.ParameterizedTypeReference
08:38:27.687 [main] INFO org.evosuite.runtime.instrumentation.EvoClassLoader - Instrumenting class 'org.springframework.core.ParameterizedTypeReference'.
08:38:27.691 [main] INFO org.evosuite.runtime.instrumentation.MethodCallReplacementClassAdapter - Adding mock interface to class org/springframework/core/ParameterizedTypeReference
08:38:27.691 [main] INFO org.evosuite.runtime.instrumentation.CreateClassResetClassAdapter - Creating brand-new static initializer in class org/springframework/core/ParameterizedTypeReference
08:38:27.691 [main] INFO org.evosuite.runtime.instrumentation.EvoClassLoader - Keeping class: org.springframework.core.ParameterizedTypeReference
08:38:27.691 [main] INFO org.evosuite.runtime.instrumentation.EvoClassLoader - Seeing class for first time: org.springframework.beans.factory.support.AbstractAutowireCapableBeanFactory$1Holder
08:38:27.695 [main] INFO org.evosuite.runtime.instrumentation.EvoClassLoader - Instrumenting class 'org.springframework.beans.factory.support.AbstractAutowireCapableBeanFactory$1Holder'.
08:38:27.695 [main] INFO org.evosuite.runtime.instrumentation.MethodCallReplacementClassAdapter - Adding mock interface to class org/springframework/beans/factory/support/AbstractAutowireCapableBeanFactory$1Holder
08:38:27.695 [main] INFO org.evosuite.runtime.instrumentation.EvoClassLoader - Keeping class: org.springframework.beans.factory.support.AbstractAutowireCapableBeanFactory$1Holder
08:38:27.695 [main] INFO org.evosuite.runtime.instrumentation.EvoClassLoader - Seeing class for first time: org.springframework.aop.Advisor
08:38:27.695 [main] INFO org.evosuite.runtime.instrumentation.EvoClassLoader - Instrumenting class 'org.springframework.aop.Advisor'.
08:38:27.699 [main] INFO org.evosuite.runtime.instrumentation.EvoClassLoader - Keeping class: org.springframework.aop.Advisor
08:38:27.699 [main] INFO org.evosuite.runtime.instrumentation.EvoClassLoader - Seeing class for first time: org.springframework.aop.Pointcut
08:38:27.699 [main] INFO org.evosuite.runtime.instrumentation.EvoClassLoader - Instrumenting class 'org.springframework.aop.Pointcut'.
08:38:27.703 [main] INFO org.evosuite.runtime.instrumentation.EvoClassLoader - Keeping class: org.springframework.aop.Pointcut
08:38:27.703 [main] INFO org.evosuite.runtime.instrumentation.EvoClassLoader - Seeing class for first time: org.springframework.beans.factory.support.MethodOverrides
08:38:27.703 [main] INFO org.evosuite.runtime.instrumentation.EvoClassLoader - Instrumenting class 'org.springframework.beans.factory.support.MethodOverrides'.
08:38:27.703 [main] INFO org.evosuite.runtime.instrumentation.MethodCallReplacementClassAdapter - Adding mock interface to class org/springframework/beans/factory/support/MethodOverrides
08:38:27.703 [main] INFO org.evosuite.runtime.instrumentation.CreateClassResetClassAdapter - Creating brand-new static initializer in class org/springframework/beans/factory/support/MethodOverrides
08:38:27.703 [main] INFO org.evosuite.runtime.instrumentation.EvoClassLoader - Keeping class: org.springframework.beans.factory.support.MethodOverrides
08:38:27.703 [main] INFO org.evosuite.runtime.instrumentation.EvoClassLoader - Seeing class for first time: org.springframework.beans.factory.config.ConstructorArgumentValues
08:38:27.703 [main] INFO org.evosuite.runtime.instrumentation.EvoClassLoader - Instrumenting class 'org.springframework.beans.factory.config.ConstructorArgumentValues'.
08:38:27.707 [main] INFO org.evosuite.runtime.instrumentation.MethodCallReplacementClassAdapter - Adding mock interface to class org/springframework/beans/factory/config/ConstructorArgumentValues
08:38:27.707 [main] INFO org.evosuite.runtime.instrumentation.CreateClassResetClassAdapter - Creating brand-new static initializer in class org/springframework/beans/factory/config/ConstructorArgumentValues
08:38:27.707 [main] INFO org.evosuite.runtime.instrumentation.EvoClassLoader - Keeping class: org.springframework.beans.factory.config.ConstructorArgumentValues
08:38:27.707 [main] INFO org.evosuite.runtime.instrumentation.EvoClassLoader - Seeing class for first time: org.springframework.beans.factory.support.AutowireCandidateQualifier
08:38:27.707 [main] INFO org.evosuite.runtime.instrumentation.EvoClassLoader - Instrumenting class 'org.springframework.beans.factory.support.AutowireCandidateQualifier'.
08:38:27.711 [main] INFO org.evosuite.runtime.instrumentation.MethodCallReplacementClassAdapter - Adding mock interface to class org/springframework/beans/factory/support/AutowireCandidateQualifier
08:38:27.711 [main] INFO org.evosuite.runtime.instrumentation.CreateClassResetClassAdapter - Creating brand-new static initializer in class org/springframework/beans/factory/support/AutowireCandidateQualifier
08:38:27.711 [main] INFO org.evosuite.runtime.instrumentation.CreateClassResetClassAdapter - Adding bytecode for initializing field VALUE_KEY
08:38:27.711 [main] INFO org.evosuite.runtime.instrumentation.EvoClassLoader - Keeping class: org.springframework.beans.factory.support.AutowireCandidateQualifier
08:38:27.711 [main] INFO org.evosuite.runtime.instrumentation.EvoClassLoader - Seeing class for first time: org.springframework.boot.origin.TextResourceOrigin$Location
08:38:27.711 [main] INFO org.evosuite.runtime.instrumentation.EvoClassLoader - Instrumenting class 'org.springframework.boot.origin.TextResourceOrigin$Location'.
08:38:27.715 [main] INFO org.evosuite.runtime.instrumentation.MethodCallReplacementClassAdapter - Adding mock interface to class org/springframework/boot/origin/TextResourceOrigin$Location
08:38:27.715 [main] INFO org.evosuite.runtime.instrumentation.CreateClassResetClassAdapter - Creating brand-new static initializer in class org/springframework/boot/origin/TextResourceOrigin$Location
08:38:27.715 [main] INFO org.evosuite.runtime.instrumentation.EvoClassLoader - Keeping class: org.springframework.boot.origin.TextResourceOrigin$Location
08:38:27.715 [main] INFO org.evosuite.runtime.instrumentation.EvoClassLoader - Seeing class for first time: org.springframework.format.annotation.NumberFormat$Style
08:38:27.715 [main] INFO org.evosuite.runtime.instrumentation.EvoClassLoader - Instrumenting class 'org.springframework.format.annotation.NumberFormat$Style'.
08:38:27.719 [main] INFO org.evosuite.runtime.instrumentation.MethodCallReplacementClassAdapter - Adding mock interface to class org/springframework/format/annotation/NumberFormat$Style
08:38:27.719 [main] INFO org.evosuite.runtime.instrumentation.CreateClassResetClassAdapter - Found static initializer in class org/springframework/format/annotation/NumberFormat$Style
08:38:27.719 [main] INFO org.evosuite.runtime.instrumentation.EvoClassLoader - Keeping class: org.springframework.format.annotation.NumberFormat$Style
08:38:27.719 [main] INFO org.evosuite.runtime.instrumentation.EvoClassLoader - Seeing class for first time: org.springframework.boot.context.properties.bind.validation.ValidationErrors
08:38:27.719 [main] INFO org.evosuite.runtime.instrumentation.EvoClassLoader - Instrumenting class 'org.springframework.boot.context.properties.bind.validation.ValidationErrors'.
08:38:27.723 [main] INFO org.evosuite.runtime.instrumentation.MethodCallReplacementClassAdapter - Adding mock interface to class org/springframework/boot/context/properties/bind/validation/ValidationErrors
08:38:27.723 [main] INFO org.evosuite.runtime.instrumentation.CreateClassResetClassAdapter - Creating brand-new static initializer in class org/springframework/boot/context/properties/bind/validation/ValidationErrors
08:38:27.723 [main] INFO org.evosuite.runtime.instrumentation.EvoClassLoader - Keeping class: org.springframework.boot.context.properties.bind.validation.ValidationErrors
08:38:27.723 [main] INFO org.evosuite.runtime.instrumentation.EvoClassLoader - Seeing class for first time: org.springframework.validation.ObjectError
08:38:27.723 [main] INFO org.evosuite.runtime.instrumentation.EvoClassLoader - Instrumenting class 'org.springframework.validation.ObjectError'.
08:38:27.723 [main] INFO org.evosuite.runtime.instrumentation.MethodCallReplacementClassAdapter - Adding mock interface to class org/springframework/validation/ObjectError
08:38:27.727 [main] INFO org.evosuite.runtime.instrumentation.CreateClassResetClassAdapter - Creating brand-new static initializer in class org/springframework/validation/ObjectError
08:38:27.727 [main] INFO org.evosuite.runtime.instrumentation.EvoClassLoader - Seeing class for first time: org.springframework.context.support.DefaultMessageSourceResolvable
08:38:27.727 [main] INFO org.evosuite.runtime.instrumentation.EvoClassLoader - Instrumenting class 'org.springframework.context.support.DefaultMessageSourceResolvable'.
08:38:27.731 [main] INFO org.evosuite.runtime.instrumentation.MethodCallReplacementClassAdapter - Adding mock interface to class org/springframework/context/support/DefaultMessageSourceResolvable
08:38:27.731 [main] INFO org.evosuite.runtime.instrumentation.CreateClassResetClassAdapter - Creating brand-new static initializer in class org/springframework/context/support/DefaultMessageSourceResolvable
08:38:27.731 [main] INFO org.evosuite.runtime.instrumentation.EvoClassLoader - Keeping class: org.springframework.context.support.DefaultMessageSourceResolvable
08:38:27.731 [main] INFO org.evosuite.runtime.instrumentation.EvoClassLoader - Keeping class: org.springframework.validation.ObjectError
08:38:27.739 [main] INFO org.evosuite.runtime.instrumentation.EvoClassLoader - Seeing class for first time: org.springframework.format.annotation.DateTimeFormat$ISO
08:38:27.739 [main] INFO org.evosuite.runtime.instrumentation.EvoClassLoader - Instrumenting class 'org.springframework.format.annotation.DateTimeFormat$ISO'.
08:38:27.743 [main] INFO org.evosuite.runtime.instrumentation.MethodCallReplacementClassAdapter - Adding mock interface to class org/springframework/format/annotation/DateTimeFormat$ISO
08:38:27.743 [main] INFO org.evosuite.runtime.instrumentation.CreateClassResetClassAdapter - Found static initializer in class org/springframework/format/annotation/DateTimeFormat$ISO
08:38:27.743 [main] INFO org.evosuite.runtime.instrumentation.EvoClassLoader - Keeping class: org.springframework.format.annotation.DateTimeFormat$ISO
08:38:27.743 [main] INFO org.evosuite.runtime.instrumentation.EvoClassLoader - Seeing class for first time: org.springframework.core.io.support.EncodedResource
08:38:27.743 [main] INFO org.evosuite.runtime.instrumentation.EvoClassLoader - Instrumenting class 'org.springframework.core.io.support.EncodedResource'.
08:38:27.747 [main] INFO org.evosuite.runtime.instrumentation.MethodCallReplacementClassAdapter - Adding mock interface to class org/springframework/core/io/support/EncodedResource
08:38:27.747 [main] INFO org.evosuite.runtime.instrumentation.CreateClassResetClassAdapter - Creating brand-new static initializer in class org/springframework/core/io/support/EncodedResource
08:38:27.747 [main] INFO org.evosuite.runtime.instrumentation.EvoClassLoader - Keeping class: org.springframework.core.io.support.EncodedResource
08:38:27.747 [main] INFO org.evosuite.runtime.instrumentation.EvoClassLoader - Seeing class for first time: org.springframework.web.servlet.HandlerExecutionChain
08:38:27.747 [main] INFO org.evosuite.runtime.instrumentation.EvoClassLoader - Instrumenting class 'org.springframework.web.servlet.HandlerExecutionChain'.
08:38:27.751 [main] INFO org.evosuite.runtime.instrumentation.MethodCallReplacementClassAdapter - Adding mock interface to class org/springframework/web/servlet/HandlerExecutionChain
08:38:27.751 [main] INFO org.evosuite.runtime.instrumentation.CreateClassResetClassAdapter - Found static initializer in class org/springframework/web/servlet/HandlerExecutionChain
08:38:27.751 [main] INFO org.evosuite.runtime.instrumentation.EvoClassLoader - Keeping class: org.springframework.web.servlet.HandlerExecutionChain
08:38:27.755 [main] INFO org.evosuite.runtime.instrumentation.EvoClassLoader - Seeing class for first time: org.springframework.web.servlet.HandlerAdapter
08:38:27.755 [main] INFO org.evosuite.runtime.instrumentation.EvoClassLoader - Instrumenting class 'org.springframework.web.servlet.HandlerAdapter'.
08:38:27.755 [main] INFO org.evosuite.runtime.instrumentation.EvoClassLoader - Keeping class: org.springframework.web.servlet.HandlerAdapter
08:38:27.755 [main] INFO org.evosuite.runtime.instrumentation.EvoClassLoader - Seeing class for first time: org.springframework.web.servlet.ModelAndView
08:38:27.755 [main] INFO org.evosuite.runtime.instrumentation.EvoClassLoader - Instrumenting class 'org.springframework.web.servlet.ModelAndView'.
08:38:27.759 [main] INFO org.evosuite.runtime.instrumentation.MethodCallReplacementClassAdapter - Adding mock interface to class org/springframework/web/servlet/ModelAndView
08:38:27.759 [main] INFO org.evosuite.runtime.instrumentation.CreateClassResetClassAdapter - Creating brand-new static initializer in class org/springframework/web/servlet/ModelAndView
08:38:27.759 [main] INFO org.evosuite.runtime.instrumentation.EvoClassLoader - Keeping class: org.springframework.web.servlet.ModelAndView
08:38:27.759 [main] INFO org.evosuite.runtime.instrumentation.EvoClassLoader - Seeing class for first time: org.springframework.web.servlet.LocaleResolver
08:38:27.759 [main] INFO org.evosuite.runtime.instrumentation.EvoClassLoader - Instrumenting class 'org.springframework.web.servlet.LocaleResolver'.
08:38:27.763 [main] INFO org.evosuite.runtime.instrumentation.EvoClassLoader - Keeping class: org.springframework.web.servlet.LocaleResolver
08:38:27.763 [main] INFO org.evosuite.runtime.instrumentation.EvoClassLoader - Seeing class for first time: org.springframework.web.servlet.View
08:38:27.763 [main] INFO org.evosuite.runtime.instrumentation.EvoClassLoader - Instrumenting class 'org.springframework.web.servlet.View'.
08:38:27.763 [main] INFO org.evosuite.runtime.instrumentation.EvoClassLoader - Keeping class: org.springframework.web.servlet.View
08:38:27.767 [main] INFO org.evosuite.runtime.instrumentation.EvoClassLoader - Seeing class for first time: org.springframework.beans.factory.annotation.InitDestroyAnnotationBeanPostProcessor$LifecycleMetadata
08:38:27.767 [main] INFO org.evosuite.runtime.instrumentation.EvoClassLoader - Instrumenting class 'org.springframework.beans.factory.annotation.InitDestroyAnnotationBeanPostProcessor$LifecycleMetadata'.
08:38:27.767 [main] INFO org.evosuite.runtime.instrumentation.MethodCallReplacementClassAdapter - Adding mock interface to class org/springframework/beans/factory/annotation/InitDestroyAnnotationBeanPostProcessor$LifecycleMetadata
08:38:27.771 [main] INFO org.evosuite.runtime.instrumentation.CreateClassResetClassAdapter - Creating brand-new static initializer in class org/springframework/beans/factory/annotation/InitDestroyAnnotationBeanPostProcessor$LifecycleMetadata
08:38:27.771 [main] INFO org.evosuite.runtime.instrumentation.EvoClassLoader - Keeping class: org.springframework.beans.factory.annotation.InitDestroyAnnotationBeanPostProcessor$LifecycleMetadata
08:38:27.771 [main] INFO org.evosuite.runtime.instrumentation.EvoClassLoader - Seeing class for first time: org.springframework.core.io.ProtocolResolver
08:38:27.771 [main] INFO org.evosuite.runtime.instrumentation.EvoClassLoader - Instrumenting class 'org.springframework.core.io.ProtocolResolver'.
08:38:27.775 [main] INFO org.evosuite.runtime.instrumentation.EvoClassLoader - Keeping class: org.springframework.core.io.ProtocolResolver
08:38:27.775 [main] INFO org.evosuite.runtime.instrumentation.EvoClassLoader - Seeing class for first time: org.springframework.boot.json.JsonParser
08:38:27.775 [main] INFO org.evosuite.runtime.instrumentation.EvoClassLoader - Instrumenting class 'org.springframework.boot.json.JsonParser'.
08:38:27.775 [main] INFO org.evosuite.runtime.instrumentation.EvoClassLoader - Defined package (3): package org.springframework.boot.json, 110165181
08:38:27.775 [main] INFO org.evosuite.runtime.instrumentation.EvoClassLoader - Keeping class: org.springframework.boot.json.JsonParser
08:38:27.775 [main] INFO org.evosuite.runtime.instrumentation.EvoClassLoader - Seeing class for first time: org.springframework.format.datetime.DateFormatter
08:38:27.775 [main] INFO org.evosuite.runtime.instrumentation.EvoClassLoader - Instrumenting class 'org.springframework.format.datetime.DateFormatter'.
08:38:27.779 [main] INFO org.evosuite.runtime.instrumentation.MethodCallReplacementClassAdapter - Adding mock interface to class org/springframework/format/datetime/DateFormatter
08:38:27.787 [main] INFO org.evosuite.runtime.instrumentation.CreateClassResetClassAdapter - Found static initializer in class org/springframework/format/datetime/DateFormatter
08:38:27.791 [main] INFO org.evosuite.runtime.instrumentation.EvoClassLoader - Keeping class: org.springframework.format.datetime.DateFormatter
08:38:27.791 [main] INFO org.evosuite.runtime.instrumentation.EvoClassLoader - Seeing class for first time: org.springframework.http.HttpMethod
08:38:27.791 [main] INFO org.evosuite.runtime.instrumentation.EvoClassLoader - Instrumenting class 'org.springframework.http.HttpMethod'.
08:38:27.791 [main] INFO org.evosuite.runtime.instrumentation.MethodCallReplacementClassAdapter - Adding mock interface to class org/springframework/http/HttpMethod
08:38:27.791 [main] INFO org.evosuite.runtime.instrumentation.CreateClassResetClassAdapter - Found static initializer in class org/springframework/http/HttpMethod
08:38:27.795 [main] INFO org.evosuite.runtime.instrumentation.EvoClassLoader - Keeping class: org.springframework.http.HttpMethod
08:38:27.795 [main] INFO org.evosuite.runtime.instrumentation.EvoClassLoader - Seeing class for first time: org.springframework.http.client.ClientHttpRequest
08:38:27.795 [main] INFO org.evosuite.runtime.instrumentation.EvoClassLoader - Instrumenting class 'org.springframework.http.client.ClientHttpRequest'.
08:38:27.795 [main] INFO org.evosuite.runtime.instrumentation.EvoClassLoader - Seeing class for first time: org.springframework.http.HttpRequest
08:38:27.795 [main] INFO org.evosuite.runtime.instrumentation.EvoClassLoader - Instrumenting class 'org.springframework.http.HttpRequest'.
08:38:27.799 [main] INFO org.evosuite.runtime.instrumentation.EvoClassLoader - Keeping class: org.springframework.http.HttpRequest
08:38:27.799 [main] INFO org.evosuite.runtime.instrumentation.EvoClassLoader - Seeing class for first time: org.springframework.http.HttpOutputMessage
08:38:27.799 [main] INFO org.evosuite.runtime.instrumentation.EvoClassLoader - Instrumenting class 'org.springframework.http.HttpOutputMessage'.
08:38:27.803 [main] INFO org.evosuite.runtime.instrumentation.EvoClassLoader - Keeping class: org.springframework.http.HttpOutputMessage
08:38:27.803 [main] INFO org.evosuite.runtime.instrumentation.EvoClassLoader - Keeping class: org.springframework.http.client.ClientHttpRequest
08:38:27.803 [main] INFO org.evosuite.runtime.instrumentation.EvoClassLoader - Seeing class for first time: org.springframework.boot.diagnostics.analyzer.BindValidationFailureAnalyzer$ExceptionDetails
08:38:27.803 [main] INFO org.evosuite.runtime.instrumentation.EvoClassLoader - Instrumenting class 'org.springframework.boot.diagnostics.analyzer.BindValidationFailureAnalyzer$ExceptionDetails'.
08:38:27.807 [main] INFO org.evosuite.runtime.instrumentation.MethodCallReplacementClassAdapter - Adding mock interface to class org/springframework/boot/diagnostics/analyzer/BindValidationFailureAnalyzer$ExceptionDetails
08:38:27.807 [main] INFO org.evosuite.runtime.instrumentation.CreateClassResetClassAdapter - Creating brand-new static initializer in class org/springframework/boot/diagnostics/analyzer/BindValidationFailureAnalyzer$ExceptionDetails
08:38:27.807 [main] INFO org.evosuite.runtime.instrumentation.EvoClassLoader - Keeping class: org.springframework.boot.diagnostics.analyzer.BindValidationFailureAnalyzer$ExceptionDetails
08:38:27.807 [main] INFO org.evosuite.runtime.instrumentation.EvoClassLoader - Seeing class for first time: org.springframework.validation.FieldError
08:38:27.807 [main] INFO org.evosuite.runtime.instrumentation.EvoClassLoader - Instrumenting class 'org.springframework.validation.FieldError'.
08:38:27.807 [main] INFO org.evosuite.runtime.instrumentation.MethodCallReplacementClassAdapter - Adding mock interface to class org/springframework/validation/FieldError
08:38:27.807 [main] INFO org.evosuite.runtime.instrumentation.CreateClassResetClassAdapter - Creating brand-new static initializer in class org/springframework/validation/FieldError
08:38:27.807 [main] INFO org.evosuite.runtime.instrumentation.EvoClassLoader - Keeping class: org.springframework.validation.FieldError
08:38:27.811 [main] INFO org.evosuite.runtime.instrumentation.EvoClassLoader - Seeing class for first time: org.springframework.boot.autoconfigure.condition.OnBeanCondition$MatchResult
08:38:27.811 [main] INFO org.evosuite.runtime.instrumentation.EvoClassLoader - Instrumenting class 'org.springframework.boot.autoconfigure.condition.OnBeanCondition$MatchResult'.
08:38:27.811 [main] INFO org.evosuite.runtime.instrumentation.MethodCallReplacementClassAdapter - Adding mock interface to class org/springframework/boot/autoconfigure/condition/OnBeanCondition$MatchResult
08:38:27.825 [main] INFO org.evosuite.runtime.instrumentation.CreateClassResetClassAdapter - Creating brand-new static initializer in class org/springframework/boot/autoconfigure/condition/OnBeanCondition$MatchResult
08:38:27.827 [main] INFO org.evosuite.runtime.instrumentation.EvoClassLoader - Keeping class: org.springframework.boot.autoconfigure.condition.OnBeanCondition$MatchResult
08:38:27.827 [main] INFO org.evosuite.runtime.instrumentation.EvoClassLoader - Seeing class for first time: org.springframework.boot.autoconfigure.condition.BeanTypeRegistry$TypeExtractor
08:38:27.827 [main] INFO org.evosuite.runtime.instrumentation.EvoClassLoader - Instrumenting class 'org.springframework.boot.autoconfigure.condition.BeanTypeRegistry$TypeExtractor'.
08:38:27.831 [main] INFO org.evosuite.runtime.instrumentation.EvoClassLoader - Keeping class: org.springframework.boot.autoconfigure.condition.BeanTypeRegistry$TypeExtractor
08:38:27.835 [main] INFO org.evosuite.runtime.instrumentation.EvoClassLoader - Seeing class for first time: org.springframework.aop.framework.AdvisedSupport
08:38:27.835 [main] INFO org.evosuite.runtime.instrumentation.EvoClassLoader - Instrumenting class 'org.springframework.aop.framework.AdvisedSupport'.
08:38:27.839 [main] INFO org.evosuite.runtime.instrumentation.MethodCallReplacementClassAdapter - Adding mock interface to class org/springframework/aop/framework/AdvisedSupport
08:38:27.843 [main] INFO org.evosuite.runtime.instrumentation.CreateClassResetClassAdapter - Found static initializer in class org/springframework/aop/framework/AdvisedSupport
08:38:27.843 [main] INFO org.evosuite.runtime.instrumentation.EvoClassLoader - Seeing class for first time: org.springframework.aop.framework.ProxyConfig
08:38:27.843 [main] INFO org.evosuite.runtime.instrumentation.EvoClassLoader - Instrumenting class 'org.springframework.aop.framework.ProxyConfig'.
08:38:27.847 [main] INFO org.evosuite.runtime.instrumentation.MethodCallReplacementClassAdapter - Adding mock interface to class org/springframework/aop/framework/ProxyConfig
08:38:27.847 [main] INFO org.evosuite.runtime.instrumentation.CreateClassResetClassAdapter - Creating brand-new static initializer in class org/springframework/aop/framework/ProxyConfig
08:38:27.847 [main] INFO org.evosuite.runtime.instrumentation.EvoClassLoader - Keeping class: org.springframework.aop.framework.ProxyConfig
08:38:27.847 [main] INFO org.evosuite.runtime.instrumentation.EvoClassLoader - Keeping class: org.springframework.aop.framework.AdvisedSupport
08:38:27.847 [main] INFO org.evosuite.runtime.instrumentation.EvoClassLoader - Seeing class for first time: org.springframework.boot.web.server.WebServer
08:38:27.851 [main] INFO org.evosuite.runtime.instrumentation.EvoClassLoader - Instrumenting class 'org.springframework.boot.web.server.WebServer'.
08:38:27.851 [main] INFO org.evosuite.runtime.instrumentation.EvoClassLoader - Keeping class: org.springframework.boot.web.server.WebServer
08:38:27.855 [main] INFO org.evosuite.runtime.instrumentation.EvoClassLoader - Seeing class for first time: org.springframework.boot.autoconfigure.condition.ConditionEvaluationReport$ConditionAndOutcome
08:38:27.855 [main] INFO org.evosuite.runtime.instrumentation.EvoClassLoader - Instrumenting class 'org.springframework.boot.autoconfigure.condition.ConditionEvaluationReport$ConditionAndOutcome'.
08:38:27.859 [main] INFO org.evosuite.runtime.instrumentation.MethodCallReplacementClassAdapter - Adding mock interface to class org/springframework/boot/autoconfigure/condition/ConditionEvaluationReport$ConditionAndOutcome
08:38:27.859 [main] INFO org.evosuite.runtime.instrumentation.CreateClassResetClassAdapter - Creating brand-new static initializer in class org/springframework/boot/autoconfigure/condition/ConditionEvaluationReport$ConditionAndOutcome
08:38:27.859 [main] INFO org.evosuite.runtime.instrumentation.EvoClassLoader - Keeping class: org.springframework.boot.autoconfigure.condition.ConditionEvaluationReport$ConditionAndOutcome
08:38:27.859 [main] INFO org.evosuite.runtime.instrumentation.EvoClassLoader - Seeing class for first time: org.springframework.boot.autoconfigure.condition.SearchStrategy
08:38:27.859 [main] INFO org.evosuite.runtime.instrumentation.EvoClassLoader - Instrumenting class 'org.springframework.boot.autoconfigure.condition.SearchStrategy'.
08:38:27.863 [main] INFO org.evosuite.runtime.instrumentation.MethodCallReplacementClassAdapter - Adding mock interface to class org/springframework/boot/autoconfigure/condition/SearchStrategy
08:38:27.863 [main] INFO org.evosuite.runtime.instrumentation.CreateClassResetClassAdapter - Found static initializer in class org/springframework/boot/autoconfigure/condition/SearchStrategy
08:38:27.863 [main] INFO org.evosuite.runtime.instrumentation.EvoClassLoader - Keeping class: org.springframework.boot.autoconfigure.condition.SearchStrategy
08:38:27.863 [main] INFO org.evosuite.runtime.instrumentation.EvoClassLoader - Seeing class for first time: org.springframework.expression.Operation
08:38:27.863 [main] INFO org.evosuite.runtime.instrumentation.EvoClassLoader - Instrumenting class 'org.springframework.expression.Operation'.
08:38:27.867 [main] INFO org.evosuite.runtime.instrumentation.MethodCallReplacementClassAdapter - Adding mock interface to class org/springframework/expression/Operation
08:38:27.867 [main] INFO org.evosuite.runtime.instrumentation.CreateClassResetClassAdapter - Found static initializer in class org/springframework/expression/Operation
08:38:27.871 [main] INFO org.evosuite.runtime.instrumentation.EvoClassLoader - Keeping class: org.springframework.expression.Operation
08:38:27.871 [main] INFO org.evosuite.runtime.instrumentation.EvoClassLoader - Seeing class for first time: org.springframework.context.annotation.BeanMethod
08:38:27.871 [main] INFO org.evosuite.runtime.instrumentation.EvoClassLoader - Instrumenting class 'org.springframework.context.annotation.BeanMethod'.
08:38:27.871 [main] INFO org.evosuite.runtime.instrumentation.MethodCallReplacementClassAdapter - Adding mock interface to class org/springframework/context/annotation/BeanMethod
08:38:27.871 [main] INFO org.evosuite.runtime.instrumentation.CreateClassResetClassAdapter - Creating brand-new static initializer in class org/springframework/context/annotation/BeanMethod
08:38:27.871 [main] INFO org.evosuite.runtime.instrumentation.EvoClassLoader - Seeing class for first time: org.springframework.context.annotation.ConfigurationMethod
08:38:27.871 [main] INFO org.evosuite.runtime.instrumentation.EvoClassLoader - Instrumenting class 'org.springframework.context.annotation.ConfigurationMethod'.
08:38:27.879 [main] INFO org.evosuite.runtime.instrumentation.MethodCallReplacementClassAdapter - Adding mock interface to class org/springframework/context/annotation/ConfigurationMethod
08:38:27.879 [main] INFO org.evosuite.runtime.instrumentation.CreateClassResetClassAdapter - Creating brand-new static initializer in class org/springframework/context/annotation/ConfigurationMethod
08:38:27.879 [main] INFO org.evosuite.runtime.instrumentation.EvoClassLoader - Keeping class: org.springframework.context.annotation.ConfigurationMethod
08:38:27.879 [main] INFO org.evosuite.runtime.instrumentation.EvoClassLoader - Keeping class: org.springframework.context.annotation.BeanMethod
08:38:27.879 [main] INFO org.evosuite.runtime.instrumentation.EvoClassLoader - Seeing class for first time: org.springframework.context.annotation.ConfigurationClassBeanDefinitionReader$TrackedConditionEvaluator
08:38:27.879 [main] INFO org.evosuite.runtime.instrumentation.EvoClassLoader - Instrumenting class 'org.springframework.context.annotation.ConfigurationClassBeanDefinitionReader$TrackedConditionEvaluator'.
08:38:27.883 [main] INFO org.evosuite.runtime.instrumentation.MethodCallReplacementClassAdapter - Adding mock interface to class org/springframework/context/annotation/ConfigurationClassBeanDefinitionReader$TrackedConditionEvaluator
08:38:27.883 [main] INFO org.evosuite.runtime.instrumentation.CreateClassResetClassAdapter - Creating brand-new static initializer in class org/springframework/context/annotation/ConfigurationClassBeanDefinitionReader$TrackedConditionEvaluator
08:38:27.883 [main] INFO org.evosuite.runtime.instrumentation.EvoClassLoader - Keeping class: org.springframework.context.annotation.ConfigurationClassBeanDefinitionReader$TrackedConditionEvaluator
08:38:27.883 [main] INFO org.evosuite.runtime.instrumentation.EvoClassLoader - Seeing class for first time: org.springframework.web.context.request.ServletRequestAttributes
08:38:27.883 [main] INFO org.evosuite.runtime.instrumentation.EvoClassLoader - Instrumenting class 'org.springframework.web.context.request.ServletRequestAttributes'.
08:38:27.887 [main] INFO org.evosuite.runtime.instrumentation.MethodCallReplacementClassAdapter - Adding mock interface to class org/springframework/web/context/request/ServletRequestAttributes
08:38:27.891 [main] INFO org.evosuite.runtime.instrumentation.CreateClassResetClassAdapter - Found static initializer in class org/springframework/web/context/request/ServletRequestAttributes
08:38:27.895 [main] INFO org.evosuite.runtime.instrumentation.EvoClassLoader - Seeing class for first time: org.springframework.web.context.request.AbstractRequestAttributes
08:38:27.895 [main] INFO org.evosuite.runtime.instrumentation.EvoClassLoader - Instrumenting class 'org.springframework.web.context.request.AbstractRequestAttributes'.
08:38:27.895 [main] INFO org.evosuite.runtime.instrumentation.MethodCallReplacementClassAdapter - Adding mock interface to class org/springframework/web/context/request/AbstractRequestAttributes
08:38:27.899 [main] INFO org.evosuite.runtime.instrumentation.CreateClassResetClassAdapter - Creating brand-new static initializer in class org/springframework/web/context/request/AbstractRequestAttributes
08:38:27.899 [main] INFO org.evosuite.runtime.instrumentation.EvoClassLoader - Keeping class: org.springframework.web.context.request.AbstractRequestAttributes
08:38:27.899 [main] INFO org.evosuite.runtime.instrumentation.EvoClassLoader - Keeping class: org.springframework.web.context.request.ServletRequestAttributes
08:38:27.899 [main] INFO org.evosuite.runtime.instrumentation.EvoClassLoader - Seeing class for first time: org.springframework.expression.spel.standard.SpelExpression
08:38:27.899 [main] INFO org.evosuite.runtime.instrumentation.EvoClassLoader - Instrumenting class 'org.springframework.expression.spel.standard.SpelExpression'.
08:38:27.903 [main] INFO org.evosuite.runtime.instrumentation.MethodCallReplacementClassAdapter - Adding mock interface to class org/springframework/expression/spel/standard/SpelExpression
08:38:27.903 [main] INFO org.evosuite.runtime.instrumentation.CreateClassResetClassAdapter - Creating brand-new static initializer in class org/springframework/expression/spel/standard/SpelExpression
08:38:27.903 [main] INFO org.evosuite.runtime.instrumentation.CreateClassResetClassAdapter - Adding bytecode for initializing field INTERPRETED_COUNT_THRESHOLD
08:38:27.903 [main] INFO org.evosuite.runtime.instrumentation.CreateClassResetClassAdapter - Adding bytecode for initializing field FAILED_ATTEMPTS_THRESHOLD
08:38:27.903 [main] INFO org.evosuite.runtime.instrumentation.EvoClassLoader - Keeping class: org.springframework.expression.spel.standard.SpelExpression
08:38:27.907 [main] INFO org.evosuite.runtime.instrumentation.EvoClassLoader - Seeing class for first time: org.springframework.ui.context.Theme
08:38:27.907 [main] INFO org.evosuite.runtime.instrumentation.EvoClassLoader - Instrumenting class 'org.springframework.ui.context.Theme'.
08:38:27.907 [main] INFO org.evosuite.runtime.instrumentation.EvoClassLoader - Keeping class: org.springframework.ui.context.Theme
08:38:27.911 [main] INFO org.evosuite.runtime.instrumentation.EvoClassLoader - Seeing class for first time: org.springframework.beans.factory.parsing.Location
08:38:27.911 [main] INFO org.evosuite.runtime.instrumentation.EvoClassLoader - Instrumenting class 'org.springframework.beans.factory.parsing.Location'.
08:38:27.911 [main] INFO org.evosuite.runtime.instrumentation.MethodCallReplacementClassAdapter - Adding mock interface to class org/springframework/beans/factory/parsing/Location
08:38:27.911 [main] INFO org.evosuite.runtime.instrumentation.CreateClassResetClassAdapter - Creating brand-new static initializer in class org/springframework/beans/factory/parsing/Location
08:38:27.911 [main] INFO org.evosuite.runtime.instrumentation.EvoClassLoader - Keeping class: org.springframework.beans.factory.parsing.Location
08:38:27.911 [main] INFO org.evosuite.runtime.instrumentation.EvoClassLoader - Seeing class for first time: org.springframework.beans.factory.parsing.ParseState
08:38:27.911 [main] INFO org.evosuite.runtime.instrumentation.EvoClassLoader - Instrumenting class 'org.springframework.beans.factory.parsing.ParseState'.
08:38:27.915 [main] INFO org.evosuite.runtime.instrumentation.MethodCallReplacementClassAdapter - Adding mock interface to class org/springframework/beans/factory/parsing/ParseState
08:38:27.915 [main] INFO org.evosuite.runtime.instrumentation.CreateClassResetClassAdapter - Creating brand-new static initializer in class org/springframework/beans/factory/parsing/ParseState
08:38:27.915 [main] INFO org.evosuite.runtime.instrumentation.CreateClassResetClassAdapter - Adding bytecode for initializing field TAB
08:38:27.915 [main] INFO org.evosuite.runtime.instrumentation.EvoClassLoader - Keeping class: org.springframework.beans.factory.parsing.ParseState
08:38:27.919 [main] INFO org.evosuite.runtime.instrumentation.EvoClassLoader - Seeing class for first time: org.springframework.expression.spel.CodeFlow
08:38:27.919 [main] INFO org.evosuite.runtime.instrumentation.EvoClassLoader - Instrumenting class 'org.springframework.expression.spel.CodeFlow'.
08:38:27.923 [main] INFO org.evosuite.runtime.instrumentation.MethodCallReplacementClassAdapter - Adding mock interface to class org/springframework/expression/spel/CodeFlow
08:38:27.927 [main] INFO org.evosuite.runtime.instrumentation.CreateClassResetClassAdapter - Creating brand-new static initializer in class org/springframework/expression/spel/CodeFlow
08:38:27.931 [main] INFO org.evosuite.runtime.instrumentation.EvoClassLoader - Keeping class: org.springframework.expression.spel.CodeFlow
08:38:27.931 [main] INFO org.evosuite.runtime.instrumentation.EvoClassLoader - Seeing class for first time: org.springframework.util.unit.DataUnit
08:38:27.931 [main] INFO org.evosuite.runtime.instrumentation.EvoClassLoader - Instrumenting class 'org.springframework.util.unit.DataUnit'.
08:38:27.935 [main] INFO org.evosuite.runtime.instrumentation.MethodCallReplacementClassAdapter - Adding mock interface to class org/springframework/util/unit/DataUnit
08:38:27.935 [main] INFO org.evosuite.runtime.instrumentation.CreateClassResetClassAdapter - Found static initializer in class org/springframework/util/unit/DataUnit
08:38:27.939 [main] INFO org.evosuite.runtime.instrumentation.EvoClassLoader - Keeping class: org.springframework.util.unit.DataUnit
08:38:27.939 [main] INFO org.evosuite.runtime.instrumentation.EvoClassLoader - Seeing class for first time: org.springframework.beans.factory.xml.XmlReaderContext
08:38:27.939 [main] INFO org.evosuite.runtime.instrumentation.EvoClassLoader - Instrumenting class 'org.springframework.beans.factory.xml.XmlReaderContext'.
08:38:27.943 [main] INFO org.evosuite.runtime.instrumentation.MethodCallReplacementClassAdapter - Adding mock interface to class org/springframework/beans/factory/xml/XmlReaderContext
08:38:27.943 [main] INFO org.evosuite.runtime.instrumentation.CreateClassResetClassAdapter - Creating brand-new static initializer in class org/springframework/beans/factory/xml/XmlReaderContext
08:38:27.947 [main] INFO org.evosuite.runtime.instrumentation.EvoClassLoader - Seeing class for first time: org.springframework.beans.factory.parsing.ReaderContext
08:38:27.947 [main] INFO org.evosuite.runtime.instrumentation.EvoClassLoader - Instrumenting class 'org.springframework.beans.factory.parsing.ReaderContext'.
08:38:27.951 [main] INFO org.evosuite.runtime.instrumentation.MethodCallReplacementClassAdapter - Adding mock interface to class org/springframework/beans/factory/parsing/ReaderContext
08:38:27.951 [main] INFO org.evosuite.runtime.instrumentation.CreateClassResetClassAdapter - Creating brand-new static initializer in class org/springframework/beans/factory/parsing/ReaderContext
08:38:27.951 [main] INFO org.evosuite.runtime.instrumentation.EvoClassLoader - Keeping class: org.springframework.beans.factory.parsing.ReaderContext
08:38:27.951 [main] INFO org.evosuite.runtime.instrumentation.EvoClassLoader - Keeping class: org.springframework.beans.factory.xml.XmlReaderContext
08:38:27.951 [main] INFO org.evosuite.runtime.instrumentation.EvoClassLoader - Seeing class for first time: org.springframework.util.StopWatch$TaskInfo
08:38:27.951 [main] INFO org.evosuite.runtime.instrumentation.EvoClassLoader - Instrumenting class 'org.springframework.util.StopWatch$TaskInfo'.
08:38:27.955 [main] INFO org.evosuite.runtime.instrumentation.MethodCallReplacementClassAdapter - Adding mock interface to class org/springframework/util/StopWatch$TaskInfo
08:38:27.955 [main] INFO org.evosuite.runtime.instrumentation.CreateClassResetClassAdapter - Creating brand-new static initializer in class org/springframework/util/StopWatch$TaskInfo
08:38:27.955 [main] INFO org.evosuite.runtime.instrumentation.EvoClassLoader - Keeping class: org.springframework.util.StopWatch$TaskInfo
08:38:27.955 [main] INFO org.evosuite.runtime.instrumentation.EvoClassLoader - Seeing class for first time: org.springframework.context.annotation.DeferredImportSelector$Group$Entry
08:38:27.955 [main] INFO org.evosuite.runtime.instrumentation.EvoClassLoader - Instrumenting class 'org.springframework.context.annotation.DeferredImportSelector$Group$Entry'.
08:38:27.959 [main] INFO org.evosuite.runtime.instrumentation.MethodCallReplacementClassAdapter - Adding mock interface to class org/springframework/context/annotation/DeferredImportSelector$Group$Entry
08:38:27.959 [main] INFO org.evosuite.runtime.instrumentation.CreateClassResetClassAdapter - Creating brand-new static initializer in class org/springframework/context/annotation/DeferredImportSelector$Group$Entry
08:38:27.959 [main] INFO org.evosuite.runtime.instrumentation.EvoClassLoader - Keeping class: org.springframework.context.annotation.DeferredImportSelector$Group$Entry
08:38:27.959 [main] INFO org.evosuite.runtime.instrumentation.EvoClassLoader - Seeing class for first time: org.springframework.boot.context.properties.source.ConfigurationPropertyName$ElementCharPredicate
08:38:27.959 [main] INFO org.evosuite.runtime.instrumentation.EvoClassLoader - Instrumenting class 'org.springframework.boot.context.properties.source.ConfigurationPropertyName$ElementCharPredicate'.
08:38:27.963 [main] INFO org.evosuite.runtime.instrumentation.EvoClassLoader - Keeping class: org.springframework.boot.context.properties.source.ConfigurationPropertyName$ElementCharPredicate
08:38:27.967 [main] INFO org.evosuite.runtime.instrumentation.EvoClassLoader - Seeing class for first time: org.springframework.web.util.DefaultUriBuilderFactory
08:38:27.967 [main] INFO org.evosuite.runtime.instrumentation.EvoClassLoader - Instrumenting class 'org.springframework.web.util.DefaultUriBuilderFactory'.
08:38:27.971 [main] INFO org.evosuite.runtime.instrumentation.MethodCallReplacementClassAdapter - Adding mock interface to class org/springframework/web/util/DefaultUriBuilderFactory
08:38:27.971 [main] INFO org.evosuite.runtime.instrumentation.CreateClassResetClassAdapter - Creating brand-new static initializer in class org/springframework/web/util/DefaultUriBuilderFactory
08:38:27.971 [main] INFO org.evosuite.runtime.instrumentation.EvoClassLoader - Seeing class for first time: org.springframework.web.util.UriBuilderFactory
08:38:27.971 [main] INFO org.evosuite.runtime.instrumentation.EvoClassLoader - Instrumenting class 'org.springframework.web.util.UriBuilderFactory'.
08:38:27.983 [main] INFO org.evosuite.runtime.instrumentation.EvoClassLoader - Keeping class: org.springframework.web.util.UriBuilderFactory
08:38:27.987 [main] INFO org.evosuite.runtime.instrumentation.EvoClassLoader - Keeping class: org.springframework.web.util.DefaultUriBuilderFactory
08:38:27.987 [main] INFO org.evosuite.runtime.instrumentation.EvoClassLoader - Seeing class for first time: org.springframework.http.ResponseEntity
08:38:27.987 [main] INFO org.evosuite.runtime.instrumentation.EvoClassLoader - Instrumenting class 'org.springframework.http.ResponseEntity'.
08:38:27.991 [main] INFO org.evosuite.runtime.instrumentation.MethodCallReplacementClassAdapter - Adding mock interface to class org/springframework/http/ResponseEntity
08:38:27.995 [main] INFO org.evosuite.runtime.instrumentation.CreateClassResetClassAdapter - Creating brand-new static initializer in class org/springframework/http/ResponseEntity
08:38:27.995 [main] INFO org.evosuite.runtime.instrumentation.EvoClassLoader - Seeing class for first time: org.springframework.http.HttpEntity
08:38:27.995 [main] INFO org.evosuite.runtime.instrumentation.EvoClassLoader - Instrumenting class 'org.springframework.http.HttpEntity'.
08:38:27.999 [main] INFO org.evosuite.runtime.instrumentation.MethodCallReplacementClassAdapter - Adding mock interface to class org/springframework/http/HttpEntity
08:38:27.999 [main] INFO org.evosuite.runtime.instrumentation.CreateClassResetClassAdapter - Found static initializer in class org/springframework/http/HttpEntity
08:38:28.003 [main] INFO org.evosuite.runtime.instrumentation.EvoClassLoader - Keeping class: org.springframework.http.HttpEntity
08:38:28.003 [main] INFO org.evosuite.runtime.instrumentation.EvoClassLoader - Keeping class: org.springframework.http.ResponseEntity
08:38:28.003 [main] INFO org.evosuite.runtime.instrumentation.EvoClassLoader - Seeing class for first time: org.springframework.http.client.ClientHttpResponse
08:38:28.003 [main] INFO org.evosuite.runtime.instrumentation.EvoClassLoader - Instrumenting class 'org.springframework.http.client.ClientHttpResponse'.
08:38:28.007 [main] INFO org.evosuite.runtime.instrumentation.EvoClassLoader - Seeing class for first time: org.springframework.http.HttpInputMessage
08:38:28.007 [main] INFO org.evosuite.runtime.instrumentation.EvoClassLoader - Instrumenting class 'org.springframework.http.HttpInputMessage'.
08:38:28.011 [main] INFO org.evosuite.runtime.instrumentation.EvoClassLoader - Keeping class: org.springframework.http.HttpInputMessage
08:38:28.011 [main] INFO org.evosuite.runtime.instrumentation.EvoClassLoader - Keeping class: org.springframework.http.client.ClientHttpResponse
08:38:28.011 [main] INFO org.evosuite.runtime.instrumentation.EvoClassLoader - Seeing class for first time: org.springframework.http.RequestEntity
08:38:28.011 [main] INFO org.evosuite.runtime.instrumentation.EvoClassLoader - Instrumenting class 'org.springframework.http.RequestEntity'.
08:38:28.015 [main] INFO org.evosuite.runtime.instrumentation.MethodCallReplacementClassAdapter - Adding mock interface to class org/springframework/http/RequestEntity
08:38:28.015 [main] INFO org.evosuite.runtime.instrumentation.CreateClassResetClassAdapter - Creating brand-new static initializer in class org/springframework/http/RequestEntity
08:38:28.019 [main] INFO org.evosuite.runtime.instrumentation.EvoClassLoader - Keeping class: org.springframework.http.RequestEntity
08:38:28.019 [main] INFO org.evosuite.runtime.instrumentation.EvoClassLoader - Seeing class for first time: org.springframework.boot.context.properties.bind.JavaBeanBinder$BeanSupplier
08:38:28.019 [main] INFO org.evosuite.runtime.instrumentation.EvoClassLoader - Instrumenting class 'org.springframework.boot.context.properties.bind.JavaBeanBinder$BeanSupplier'.
08:38:28.023 [main] INFO org.evosuite.runtime.instrumentation.MethodCallReplacementClassAdapter - Adding mock interface to class org/springframework/boot/context/properties/bind/JavaBeanBinder$BeanSupplier
08:38:28.023 [main] INFO org.evosuite.runtime.instrumentation.CreateClassResetClassAdapter - Creating brand-new static initializer in class org/springframework/boot/context/properties/bind/JavaBeanBinder$BeanSupplier
08:38:28.023 [main] INFO org.evosuite.runtime.instrumentation.EvoClassLoader - Keeping class: org.springframework.boot.context.properties.bind.JavaBeanBinder$BeanSupplier
08:38:28.023 [main] INFO org.evosuite.runtime.instrumentation.EvoClassLoader - Seeing class for first time: org.springframework.boot.context.properties.bind.JavaBeanBinder$BeanProperty
08:38:28.023 [main] INFO org.evosuite.runtime.instrumentation.EvoClassLoader - Instrumenting class 'org.springframework.boot.context.properties.bind.JavaBeanBinder$BeanProperty'.
08:38:28.027 [main] INFO org.evosuite.runtime.instrumentation.MethodCallReplacementClassAdapter - Adding mock interface to class org/springframework/boot/context/properties/bind/JavaBeanBinder$BeanProperty
08:38:28.031 [main] INFO org.evosuite.runtime.instrumentation.CreateClassResetClassAdapter - Creating brand-new static initializer in class org/springframework/boot/context/properties/bind/JavaBeanBinder$BeanProperty
08:38:28.031 [main] INFO org.evosuite.runtime.instrumentation.EvoClassLoader - Keeping class: org.springframework.boot.context.properties.bind.JavaBeanBinder$BeanProperty
08:38:28.031 [main] INFO org.evosuite.runtime.instrumentation.EvoClassLoader - Seeing class for first time: org.springframework.beans.factory.config.NamedBeanHolder
08:38:28.031 [main] INFO org.evosuite.runtime.instrumentation.EvoClassLoader - Instrumenting class 'org.springframework.beans.factory.config.NamedBeanHolder'.
08:38:28.035 [main] INFO org.evosuite.runtime.instrumentation.MethodCallReplacementClassAdapter - Adding mock interface to class org/springframework/beans/factory/config/NamedBeanHolder
08:38:28.035 [main] INFO org.evosuite.runtime.instrumentation.CreateClassResetClassAdapter - Creating brand-new static initializer in class org/springframework/beans/factory/config/NamedBeanHolder
08:38:28.035 [main] INFO org.evosuite.runtime.instrumentation.EvoClassLoader - Seeing class for first time: org.springframework.beans.factory.NamedBean
08:38:28.035 [main] INFO org.evosuite.runtime.instrumentation.EvoClassLoader - Instrumenting class 'org.springframework.beans.factory.NamedBean'.
08:38:28.039 [main] INFO org.evosuite.runtime.instrumentation.EvoClassLoader - Keeping class: org.springframework.beans.factory.NamedBean
08:38:28.039 [main] INFO org.evosuite.runtime.instrumentation.EvoClassLoader - Keeping class: org.springframework.beans.factory.config.NamedBeanHolder
08:38:28.039 [main] INFO org.evosuite.runtime.instrumentation.EvoClassLoader - Seeing class for first time: org.springframework.boot.builder.ParentContextCloserApplicationListener$ContextCloserListener
08:38:28.039 [main] INFO org.evosuite.runtime.instrumentation.EvoClassLoader - Instrumenting class 'org.springframework.boot.builder.ParentContextCloserApplicationListener$ContextCloserListener'.
08:38:28.043 [main] INFO org.evosuite.runtime.instrumentation.MethodCallReplacementClassAdapter - Adding mock interface to class org/springframework/boot/builder/ParentContextCloserApplicationListener$ContextCloserListener
08:38:28.043 [main] INFO org.evosuite.runtime.instrumentation.CreateClassResetClassAdapter - Creating brand-new static initializer in class org/springframework/boot/builder/ParentContextCloserApplicationListener$ContextCloserListener
08:38:28.043 [main] INFO org.evosuite.runtime.instrumentation.EvoClassLoader - Keeping class: org.springframework.boot.builder.ParentContextCloserApplicationListener$ContextCloserListener
08:38:28.047 [main] INFO org.evosuite.runtime.instrumentation.EvoClassLoader - Seeing class for first time: org.springframework.http.server.reactive.ServerHttpRequest
08:38:28.047 [main] INFO org.evosuite.runtime.instrumentation.EvoClassLoader - Instrumenting class 'org.springframework.http.server.reactive.ServerHttpRequest'.
08:38:28.051 [main] INFO org.evosuite.runtime.instrumentation.EvoClassLoader - Keeping class: org.springframework.http.server.reactive.ServerHttpRequest
08:38:28.051 [main] INFO org.evosuite.runtime.instrumentation.EvoClassLoader - Seeing class for first time: org.springframework.http.server.reactive.ServerHttpResponse
08:38:28.051 [main] INFO org.evosuite.runtime.instrumentation.EvoClassLoader - Instrumenting class 'org.springframework.http.server.reactive.ServerHttpResponse'.
08:38:28.055 [main] INFO org.evosuite.runtime.instrumentation.EvoClassLoader - Seeing class for first time: org.springframework.http.ReactiveHttpOutputMessage
08:38:28.055 [main] INFO org.evosuite.runtime.instrumentation.EvoClassLoader - Instrumenting class 'org.springframework.http.ReactiveHttpOutputMessage'.
08:38:28.055 [main] INFO org.evosuite.runtime.instrumentation.EvoClassLoader - Keeping class: org.springframework.http.ReactiveHttpOutputMessage
08:38:28.055 [main] INFO org.evosuite.runtime.instrumentation.EvoClassLoader - Keeping class: org.springframework.http.server.reactive.ServerHttpResponse
08:38:28.055 [main] INFO org.evosuite.runtime.instrumentation.EvoClassLoader - Seeing class for first time: reactor.core.publisher.Mono
08:38:28.055 [main] INFO org.evosuite.runtime.instrumentation.EvoClassLoader - Instrumenting class 'reactor.core.publisher.Mono'.
08:38:28.059 [main] INFO org.evosuite.runtime.instrumentation.EvoClassLoader - Error while loading class: java.lang.ClassNotFoundException: Class 'reactor/core/publisher/Mono.class' should be in target project, but could not be found!
08:38:28.059 [main] INFO org.evosuite.runtime.classhandling.ClassStateSupport - Error while checking for $jacocoInit in class org.springframework.http.server.reactive.HttpHandler: reactor/core/publisher/Mono
08:38:28.067 [main] INFO org.evosuite.runtime.instrumentation.EvoClassLoader - Seeing class for first time: reactor.core.publisher.Flux
08:38:28.067 [main] INFO org.evosuite.runtime.instrumentation.EvoClassLoader - Instrumenting class 'reactor.core.publisher.Flux'.
08:38:28.067 [main] INFO org.evosuite.runtime.instrumentation.EvoClassLoader - Error while loading class: java.lang.ClassNotFoundException: Class 'reactor/core/publisher/Flux.class' should be in target project, but could not be found!
08:38:28.067 [main] INFO org.evosuite.runtime.classhandling.ClassStateSupport - Error while checking for $jacocoInit in class org.springframework.http.ReactiveHttpInputMessage: reactor/core/publisher/Flux
08:38:28.071 [main] INFO org.evosuite.runtime.instrumentation.EvoClassLoader - Seeing class for first time: org.springframework.core.task.TaskDecorator
08:38:28.071 [main] INFO org.evosuite.runtime.instrumentation.EvoClassLoader - Instrumenting class 'org.springframework.core.task.TaskDecorator'.
08:38:28.075 [main] INFO org.evosuite.runtime.instrumentation.EvoClassLoader - Keeping class: org.springframework.core.task.TaskDecorator
08:38:28.075 [main] INFO org.evosuite.runtime.instrumentation.EvoClassLoader - Seeing class for first time: org.springframework.boot.web.servlet.ServletContextInitializer
08:38:28.075 [main] INFO org.evosuite.runtime.instrumentation.EvoClassLoader - Instrumenting class 'org.springframework.boot.web.servlet.ServletContextInitializer'.
08:38:28.079 [main] INFO org.evosuite.runtime.instrumentation.EvoClassLoader - Defined package (3): package org.springframework.boot.web.servlet, -84836298
08:38:28.079 [main] INFO org.evosuite.runtime.instrumentation.EvoClassLoader - Keeping class: org.springframework.boot.web.servlet.ServletContextInitializer
08:38:28.079 [main] INFO org.evosuite.runtime.instrumentation.EvoClassLoader - Seeing class for first time: org.springframework.boot.web.servlet.server.ServletWebServerFactory
08:38:28.079 [main] INFO org.evosuite.runtime.instrumentation.EvoClassLoader - Instrumenting class 'org.springframework.boot.web.servlet.server.ServletWebServerFactory'.
08:38:28.083 [main] INFO org.evosuite.runtime.instrumentation.EvoClassLoader - Defined package (3): package org.springframework.boot.web.servlet.server, -817968133
08:38:28.083 [main] INFO org.evosuite.runtime.instrumentation.EvoClassLoader - Keeping class: org.springframework.boot.web.servlet.server.ServletWebServerFactory
08:38:28.083 [main] INFO org.evosuite.runtime.instrumentation.EvoClassLoader - Seeing class for first time: org.springframework.beans.PropertyEditorRegistrySupport$CustomEditorHolder
08:38:28.083 [main] INFO org.evosuite.runtime.instrumentation.EvoClassLoader - Instrumenting class 'org.springframework.beans.PropertyEditorRegistrySupport$CustomEditorHolder'.
08:38:28.083 [main] INFO org.evosuite.runtime.instrumentation.MethodCallReplacementClassAdapter - Adding mock interface to class org/springframework/beans/PropertyEditorRegistrySupport$CustomEditorHolder
08:38:28.087 [main] INFO org.evosuite.runtime.instrumentation.CreateClassResetClassAdapter - Creating brand-new static initializer in class org/springframework/beans/PropertyEditorRegistrySupport$CustomEditorHolder
08:38:28.087 [main] INFO org.evosuite.runtime.instrumentation.EvoClassLoader - Keeping class: org.springframework.beans.PropertyEditorRegistrySupport$CustomEditorHolder
08:38:28.087 [main] INFO org.evosuite.runtime.instrumentation.EvoClassLoader - Seeing class for first time: org.springframework.beans.factory.xml.BeanDefinitionParserDelegate
08:38:28.087 [main] INFO org.evosuite.runtime.instrumentation.EvoClassLoader - Instrumenting class 'org.springframework.beans.factory.xml.BeanDefinitionParserDelegate'.
08:38:28.091 [main] INFO org.evosuite.runtime.instrumentation.MethodCallReplacementClassAdapter - Adding mock interface to class org/springframework/beans/factory/xml/BeanDefinitionParserDelegate
08:38:28.103 [main] INFO org.evosuite.runtime.instrumentation.CreateClassResetClassAdapter - Creating brand-new static initializer in class org/springframework/beans/factory/xml/BeanDefinitionParserDelegate
08:38:28.103 [main] INFO org.evosuite.runtime.instrumentation.CreateClassResetClassAdapter - Adding bytecode for initializing field BEANS_NAMESPACE_URI
08:38:28.103 [main] INFO org.evosuite.runtime.instrumentation.CreateClassResetClassAdapter - Adding bytecode for initializing field MULTI_VALUE_ATTRIBUTE_DELIMITERS
08:38:28.103 [main] INFO org.evosuite.runtime.instrumentation.CreateClassResetClassAdapter - Adding bytecode for initializing field TRUE_VALUE
08:38:28.103 [main] INFO org.evosuite.runtime.instrumentation.CreateClassResetClassAdapter - Adding bytecode for initializing field FALSE_VALUE
08:38:28.103 [main] INFO org.evosuite.runtime.instrumentation.CreateClassResetClassAdapter - Adding bytecode for initializing field DEFAULT_VALUE
08:38:28.103 [main] INFO org.evosuite.runtime.instrumentation.CreateClassResetClassAdapter - Adding bytecode for initializing field DESCRIPTION_ELEMENT
08:38:28.103 [main] INFO org.evosuite.runtime.instrumentation.CreateClassResetClassAdapter - Adding bytecode for initializing field AUTOWIRE_NO_VALUE
08:38:28.103 [main] INFO org.evosuite.runtime.instrumentation.CreateClassResetClassAdapter - Adding bytecode for initializing field AUTOWIRE_BY_NAME_VALUE
08:38:28.103 [main] INFO org.evosuite.runtime.instrumentation.CreateClassResetClassAdapter - Adding bytecode for initializing field AUTOWIRE_BY_TYPE_VALUE
08:38:28.103 [main] INFO org.evosuite.runtime.instrumentation.CreateClassResetClassAdapter - Adding bytecode for initializing field AUTOWIRE_CONSTRUCTOR_VALUE
08:38:28.107 [main] INFO org.evosuite.runtime.instrumentation.CreateClassResetClassAdapter - Adding bytecode for initializing field AUTOWIRE_AUTODETECT_VALUE
08:38:28.107 [main] INFO org.evosuite.runtime.instrumentation.CreateClassResetClassAdapter - Adding bytecode for initializing field NAME_ATTRIBUTE
08:38:28.107 [main] INFO org.evosuite.runtime.instrumentation.CreateClassResetClassAdapter - Adding bytecode for initializing field BEAN_ELEMENT
08:38:28.107 [main] INFO org.evosuite.runtime.instrumentation.CreateClassResetClassAdapter - Adding bytecode for initializing field META_ELEMENT
08:38:28.107 [main] INFO org.evosuite.runtime.instrumentation.CreateClassResetClassAdapter - Adding bytecode for initializing field ID_ATTRIBUTE
08:38:28.107 [main] INFO org.evosuite.runtime.instrumentation.CreateClassResetClassAdapter - Adding bytecode for initializing field PARENT_ATTRIBUTE
08:38:28.107 [main] INFO org.evosuite.runtime.instrumentation.CreateClassResetClassAdapter - Adding bytecode for initializing field CLASS_ATTRIBUTE
08:38:28.107 [main] INFO org.evosuite.runtime.instrumentation.CreateClassResetClassAdapter - Adding bytecode for initializing field ABSTRACT_ATTRIBUTE
08:38:28.107 [main] INFO org.evosuite.runtime.instrumentation.CreateClassResetClassAdapter - Adding bytecode for initializing field SCOPE_ATTRIBUTE
08:38:28.107 [main] INFO org.evosuite.runtime.instrumentation.CreateClassResetClassAdapter - Adding bytecode for initializing field SINGLETON_ATTRIBUTE
08:38:28.107 [main] INFO org.evosuite.runtime.instrumentation.CreateClassResetClassAdapter - Adding bytecode for initializing field LAZY_INIT_ATTRIBUTE
08:38:28.107 [main] INFO org.evosuite.runtime.instrumentation.CreateClassResetClassAdapter - Adding bytecode for initializing field AUTOWIRE_ATTRIBUTE
08:38:28.107 [main] INFO org.evosuite.runtime.instrumentation.CreateClassResetClassAdapter - Adding bytecode for initializing field AUTOWIRE_CANDIDATE_ATTRIBUTE
08:38:28.107 [main] INFO org.evosuite.runtime.instrumentation.CreateClassResetClassAdapter - Adding bytecode for initializing field PRIMARY_ATTRIBUTE
08:38:28.107 [main] INFO org.evosuite.runtime.instrumentation.CreateClassResetClassAdapter - Adding bytecode for initializing field DEPENDS_ON_ATTRIBUTE
08:38:28.107 [main] INFO org.evosuite.runtime.instrumentation.CreateClassResetClassAdapter - Adding bytecode for initializing field INIT_METHOD_ATTRIBUTE
08:38:28.107 [main] INFO org.evosuite.runtime.instrumentation.CreateClassResetClassAdapter - Adding bytecode for initializing field DESTROY_METHOD_ATTRIBUTE
08:38:28.107 [main] INFO org.evosuite.runtime.instrumentation.CreateClassResetClassAdapter - Adding bytecode for initializing field FACTORY_METHOD_ATTRIBUTE
08:38:28.107 [main] INFO org.evosuite.runtime.instrumentation.CreateClassResetClassAdapter - Adding bytecode for initializing field FACTORY_BEAN_ATTRIBUTE
08:38:28.107 [main] INFO org.evosuite.runtime.instrumentation.CreateClassResetClassAdapter - Adding bytecode for initializing field CONSTRUCTOR_ARG_ELEMENT
08:38:28.107 [main] INFO org.evosuite.runtime.instrumentation.CreateClassResetClassAdapter - Adding bytecode for initializing field INDEX_ATTRIBUTE
08:38:28.107 [main] INFO org.evosuite.runtime.instrumentation.CreateClassResetClassAdapter - Adding bytecode for initializing field TYPE_ATTRIBUTE
08:38:28.107 [main] INFO org.evosuite.runtime.instrumentation.CreateClassResetClassAdapter - Adding bytecode for initializing field VALUE_TYPE_ATTRIBUTE
08:38:28.107 [main] INFO org.evosuite.runtime.instrumentation.CreateClassResetClassAdapter - Adding bytecode for initializing field KEY_TYPE_ATTRIBUTE
08:38:28.107 [main] INFO org.evosuite.runtime.instrumentation.CreateClassResetClassAdapter - Adding bytecode for initializing field PROPERTY_ELEMENT
08:38:28.107 [main] INFO org.evosuite.runtime.instrumentation.CreateClassResetClassAdapter - Adding bytecode for initializing field REF_ATTRIBUTE
08:38:28.107 [main] INFO org.evosuite.runtime.instrumentation.CreateClassResetClassAdapter - Adding bytecode for initializing field VALUE_ATTRIBUTE
08:38:28.107 [main] INFO org.evosuite.runtime.instrumentation.CreateClassResetClassAdapter - Adding bytecode for initializing field LOOKUP_METHOD_ELEMENT
08:38:28.107 [main] INFO org.evosuite.runtime.instrumentation.CreateClassResetClassAdapter - Adding bytecode for initializing field REPLACED_METHOD_ELEMENT
08:38:28.107 [main] INFO org.evosuite.runtime.instrumentation.CreateClassResetClassAdapter - Adding bytecode for initializing field REPLACER_ATTRIBUTE
08:38:28.107 [main] INFO org.evosuite.runtime.instrumentation.CreateClassResetClassAdapter - Adding bytecode for initializing field ARG_TYPE_ELEMENT
08:38:28.107 [main] INFO org.evosuite.runtime.instrumentation.CreateClassResetClassAdapter - Adding bytecode for initializing field ARG_TYPE_MATCH_ATTRIBUTE
08:38:28.107 [main] INFO org.evosuite.runtime.instrumentation.CreateClassResetClassAdapter - Adding bytecode for initializing field REF_ELEMENT
08:38:28.107 [main] INFO org.evosuite.runtime.instrumentation.CreateClassResetClassAdapter - Adding bytecode for initializing field IDREF_ELEMENT
08:38:28.107 [main] INFO org.evosuite.runtime.instrumentation.CreateClassResetClassAdapter - Adding bytecode for initializing field BEAN_REF_ATTRIBUTE
08:38:28.107 [main] INFO org.evosuite.runtime.instrumentation.CreateClassResetClassAdapter - Adding bytecode for initializing field PARENT_REF_ATTRIBUTE
08:38:28.107 [main] INFO org.evosuite.runtime.instrumentation.CreateClassResetClassAdapter - Adding bytecode for initializing field VALUE_ELEMENT
08:38:28.107 [main] INFO org.evosuite.runtime.instrumentation.CreateClassResetClassAdapter - Adding bytecode for initializing field NULL_ELEMENT
08:38:28.107 [main] INFO org.evosuite.runtime.instrumentation.CreateClassResetClassAdapter - Adding bytecode for initializing field ARRAY_ELEMENT
08:38:28.107 [main] INFO org.evosuite.runtime.instrumentation.CreateClassResetClassAdapter - Adding bytecode for initializing field LIST_ELEMENT
08:38:28.107 [main] INFO org.evosuite.runtime.instrumentation.CreateClassResetClassAdapter - Adding bytecode for initializing field SET_ELEMENT
08:38:28.107 [main] INFO org.evosuite.runtime.instrumentation.CreateClassResetClassAdapter - Adding bytecode for initializing field MAP_ELEMENT
08:38:28.107 [main] INFO org.evosuite.runtime.instrumentation.CreateClassResetClassAdapter - Adding bytecode for initializing field ENTRY_ELEMENT
08:38:28.107 [main] INFO org.evosuite.runtime.instrumentation.CreateClassResetClassAdapter - Adding bytecode for initializing field KEY_ELEMENT
08:38:28.107 [main] INFO org.evosuite.runtime.instrumentation.CreateClassResetClassAdapter - Adding bytecode for initializing field KEY_ATTRIBUTE
08:38:28.107 [main] INFO org.evosuite.runtime.instrumentation.CreateClassResetClassAdapter - Adding bytecode for initializing field KEY_REF_ATTRIBUTE
08:38:28.107 [main] INFO org.evosuite.runtime.instrumentation.CreateClassResetClassAdapter - Adding bytecode for initializing field VALUE_REF_ATTRIBUTE
08:38:28.107 [main] INFO org.evosuite.runtime.instrumentation.CreateClassResetClassAdapter - Adding bytecode for initializing field PROPS_ELEMENT
08:38:28.107 [main] INFO org.evosuite.runtime.instrumentation.CreateClassResetClassAdapter - Adding bytecode for initializing field PROP_ELEMENT
08:38:28.107 [main] INFO org.evosuite.runtime.instrumentation.CreateClassResetClassAdapter - Adding bytecode for initializing field MERGE_ATTRIBUTE
08:38:28.107 [main] INFO org.evosuite.runtime.instrumentation.CreateClassResetClassAdapter - Adding bytecode for initializing field QUALIFIER_ELEMENT
08:38:28.107 [main] INFO org.evosuite.runtime.instrumentation.CreateClassResetClassAdapter - Adding bytecode for initializing field QUALIFIER_ATTRIBUTE_ELEMENT
08:38:28.107 [main] INFO org.evosuite.runtime.instrumentation.CreateClassResetClassAdapter - Adding bytecode for initializing field DEFAULT_LAZY_INIT_ATTRIBUTE
08:38:28.107 [main] INFO org.evosuite.runtime.instrumentation.CreateClassResetClassAdapter - Adding bytecode for initializing field DEFAULT_MERGE_ATTRIBUTE
08:38:28.107 [main] INFO org.evosuite.runtime.instrumentation.CreateClassResetClassAdapter - Adding bytecode for initializing field DEFAULT_AUTOWIRE_ATTRIBUTE
08:38:28.107 [main] INFO org.evosuite.runtime.instrumentation.CreateClassResetClassAdapter - Adding bytecode for initializing field DEFAULT_AUTOWIRE_CANDIDATES_ATTRIBUTE
08:38:28.107 [main] INFO org.evosuite.runtime.instrumentation.CreateClassResetClassAdapter - Adding bytecode for initializing field DEFAULT_INIT_METHOD_ATTRIBUTE
08:38:28.107 [main] INFO org.evosuite.runtime.instrumentation.CreateClassResetClassAdapter - Adding bytecode for initializing field DEFAULT_DESTROY_METHOD_ATTRIBUTE
08:38:28.111 [main] INFO org.evosuite.runtime.instrumentation.EvoClassLoader - Keeping class: org.springframework.beans.factory.xml.BeanDefinitionParserDelegate
08:38:28.119 [main] INFO org.evosuite.runtime.instrumentation.EvoClassLoader - Seeing class for first time: org.springframework.boot.autoconfigure.condition.ConditionalOnWebApplication$Type
08:38:28.119 [main] INFO org.evosuite.runtime.instrumentation.EvoClassLoader - Instrumenting class 'org.springframework.boot.autoconfigure.condition.ConditionalOnWebApplication$Type'.
08:38:28.123 [main] INFO org.evosuite.runtime.instrumentation.MethodCallReplacementClassAdapter - Adding mock interface to class org/springframework/boot/autoconfigure/condition/ConditionalOnWebApplication$Type
08:38:28.123 [main] INFO org.evosuite.runtime.instrumentation.CreateClassResetClassAdapter - Found static initializer in class org/springframework/boot/autoconfigure/condition/ConditionalOnWebApplication$Type
08:38:28.123 [main] INFO org.evosuite.runtime.instrumentation.EvoClassLoader - Keeping class: org.springframework.boot.autoconfigure.condition.ConditionalOnWebApplication$Type
08:38:28.131 [main] INFO org.evosuite.runtime.instrumentation.EvoClassLoader - Seeing class for first time: org.springframework.web.context.request.async.WebAsyncManager
08:38:28.131 [main] INFO org.evosuite.runtime.instrumentation.EvoClassLoader - Instrumenting class 'org.springframework.web.context.request.async.WebAsyncManager'.
08:38:28.135 [main] INFO org.evosuite.runtime.instrumentation.MethodCallReplacementClassAdapter - Adding mock interface to class org/springframework/web/context/request/async/WebAsyncManager
08:38:28.135 [main] INFO org.evosuite.runtime.instrumentation.CreateClassResetClassAdapter - Found static initializer in class org/springframework/web/context/request/async/WebAsyncManager
08:38:28.139 [main] INFO org.evosuite.runtime.instrumentation.EvoClassLoader - Keeping class: org.springframework.web.context.request.async.WebAsyncManager
08:38:28.139 [main] INFO org.evosuite.runtime.instrumentation.EvoClassLoader - Seeing class for first time: org.springframework.web.servlet.config.annotation.CorsRegistry
08:38:28.139 [main] INFO org.evosuite.runtime.instrumentation.EvoClassLoader - Instrumenting class 'org.springframework.web.servlet.config.annotation.CorsRegistry'.
08:38:28.143 [main] INFO org.evosuite.runtime.instrumentation.MethodCallReplacementClassAdapter - Adding mock interface to class org/springframework/web/servlet/config/annotation/CorsRegistry
08:38:28.147 [main] INFO org.evosuite.runtime.instrumentation.CreateClassResetClassAdapter - Creating brand-new static initializer in class org/springframework/web/servlet/config/annotation/CorsRegistry
08:38:28.147 [main] INFO org.evosuite.runtime.instrumentation.EvoClassLoader - Keeping class: org.springframework.web.servlet.config.annotation.CorsRegistry
08:38:28.147 [main] INFO org.evosuite.runtime.instrumentation.EvoClassLoader - Seeing class for first time: org.springframework.web.servlet.config.annotation.InterceptorRegistry
08:38:28.147 [main] INFO org.evosuite.runtime.instrumentation.EvoClassLoader - Instrumenting class 'org.springframework.web.servlet.config.annotation.InterceptorRegistry'.
08:38:28.151 [main] INFO org.evosuite.runtime.instrumentation.MethodCallReplacementClassAdapter - Adding mock interface to class org/springframework/web/servlet/config/annotation/InterceptorRegistry
08:38:28.151 [main] INFO org.evosuite.runtime.instrumentation.CreateClassResetClassAdapter - Found static initializer in class org/springframework/web/servlet/config/annotation/InterceptorRegistry
08:38:28.151 [main] INFO org.evosuite.runtime.instrumentation.EvoClassLoader - Keeping class: org.springframework.web.servlet.config.annotation.InterceptorRegistry
08:38:28.151 [main] INFO org.evosuite.runtime.instrumentation.EvoClassLoader - Seeing class for first time: org.springframework.validation.Validator
08:38:28.151 [main] INFO org.evosuite.runtime.instrumentation.EvoClassLoader - Instrumenting class 'org.springframework.validation.Validator'.
08:38:28.155 [main] INFO org.evosuite.runtime.instrumentation.EvoClassLoader - Keeping class: org.springframework.validation.Validator
08:38:28.155 [main] INFO org.evosuite.runtime.instrumentation.EvoClassLoader - Seeing class for first time: org.springframework.web.servlet.config.annotation.DefaultServletHandlerConfigurer
08:38:28.155 [main] INFO org.evosuite.runtime.instrumentation.EvoClassLoader - Instrumenting class 'org.springframework.web.servlet.config.annotation.DefaultServletHandlerConfigurer'.
08:38:28.159 [main] INFO org.evosuite.runtime.instrumentation.MethodCallReplacementClassAdapter - Adding mock interface to class org/springframework/web/servlet/config/annotation/DefaultServletHandlerConfigurer
08:38:28.159 [main] INFO org.evosuite.runtime.instrumentation.CreateClassResetClassAdapter - Creating brand-new static initializer in class org/springframework/web/servlet/config/annotation/DefaultServletHandlerConfigurer
08:38:28.159 [main] INFO org.evosuite.runtime.instrumentation.EvoClassLoader - Keeping class: org.springframework.web.servlet.config.annotation.DefaultServletHandlerConfigurer
08:38:28.159 [main] INFO org.evosuite.runtime.instrumentation.EvoClassLoader - Seeing class for first time: org.springframework.web.servlet.config.annotation.ViewResolverRegistry
08:38:28.159 [main] INFO org.evosuite.runtime.instrumentation.EvoClassLoader - Instrumenting class 'org.springframework.web.servlet.config.annotation.ViewResolverRegistry'.
08:38:28.167 [main] INFO org.evosuite.runtime.instrumentation.MethodCallReplacementClassAdapter - Adding mock interface to class org/springframework/web/servlet/config/annotation/ViewResolverRegistry
08:38:28.167 [main] INFO org.evosuite.runtime.instrumentation.CreateClassResetClassAdapter - Creating brand-new static initializer in class org/springframework/web/servlet/config/annotation/ViewResolverRegistry
08:38:28.167 [main] INFO org.evosuite.runtime.instrumentation.EvoClassLoader - Keeping class: org.springframework.web.servlet.config.annotation.ViewResolverRegistry
08:38:28.167 [main] INFO org.evosuite.runtime.instrumentation.EvoClassLoader - Seeing class for first time: org.springframework.web.servlet.config.annotation.PathMatchConfigurer
08:38:28.167 [main] INFO org.evosuite.runtime.instrumentation.EvoClassLoader - Instrumenting class 'org.springframework.web.servlet.config.annotation.PathMatchConfigurer'.
08:38:28.171 [main] INFO org.evosuite.runtime.instrumentation.MethodCallReplacementClassAdapter - Adding mock interface to class org/springframework/web/servlet/config/annotation/PathMatchConfigurer
08:38:28.171 [main] INFO org.evosuite.runtime.instrumentation.CreateClassResetClassAdapter - Creating brand-new static initializer in class org/springframework/web/servlet/config/annotation/PathMatchConfigurer
08:38:28.171 [main] INFO org.evosuite.runtime.instrumentation.EvoClassLoader - Keeping class: org.springframework.web.servlet.config.annotation.PathMatchConfigurer
08:38:28.171 [main] INFO org.evosuite.runtime.instrumentation.EvoClassLoader - Seeing class for first time: org.springframework.web.servlet.config.annotation.AsyncSupportConfigurer
08:38:28.171 [main] INFO org.evosuite.runtime.instrumentation.EvoClassLoader - Instrumenting class 'org.springframework.web.servlet.config.annotation.AsyncSupportConfigurer'.
08:38:28.175 [main] INFO org.evosuite.runtime.instrumentation.MethodCallReplacementClassAdapter - Adding mock interface to class org/springframework/web/servlet/config/annotation/AsyncSupportConfigurer
08:38:28.175 [main] INFO org.evosuite.runtime.instrumentation.CreateClassResetClassAdapter - Creating brand-new static initializer in class org/springframework/web/servlet/config/annotation/AsyncSupportConfigurer
08:38:28.175 [main] INFO org.evosuite.runtime.instrumentation.EvoClassLoader - Keeping class: org.springframework.web.servlet.config.annotation.AsyncSupportConfigurer
08:38:28.175 [main] INFO org.evosuite.runtime.instrumentation.EvoClassLoader - Seeing class for first time: org.springframework.web.servlet.config.annotation.ResourceHandlerRegistry
08:38:28.175 [main] INFO org.evosuite.runtime.instrumentation.EvoClassLoader - Instrumenting class 'org.springframework.web.servlet.config.annotation.ResourceHandlerRegistry'.
08:38:28.179 [main] INFO org.evosuite.runtime.instrumentation.MethodCallReplacementClassAdapter - Adding mock interface to class org/springframework/web/servlet/config/annotation/ResourceHandlerRegistry
08:38:28.179 [main] INFO org.evosuite.runtime.instrumentation.CreateClassResetClassAdapter - Creating brand-new static initializer in class org/springframework/web/servlet/config/annotation/ResourceHandlerRegistry
08:38:28.179 [main] INFO org.evosuite.runtime.instrumentation.EvoClassLoader - Keeping class: org.springframework.web.servlet.config.annotation.ResourceHandlerRegistry
08:38:28.179 [main] INFO org.evosuite.runtime.instrumentation.EvoClassLoader - Seeing class for first time: org.springframework.web.servlet.config.annotation.ViewControllerRegistry
08:38:28.179 [main] INFO org.evosuite.runtime.instrumentation.EvoClassLoader - Instrumenting class 'org.springframework.web.servlet.config.annotation.ViewControllerRegistry'.
08:38:28.183 [main] INFO org.evosuite.runtime.instrumentation.MethodCallReplacementClassAdapter - Adding mock interface to class org/springframework/web/servlet/config/annotation/ViewControllerRegistry
08:38:28.183 [main] INFO org.evosuite.runtime.instrumentation.CreateClassResetClassAdapter - Creating brand-new static initializer in class org/springframework/web/servlet/config/annotation/ViewControllerRegistry
08:38:28.183 [main] INFO org.evosuite.runtime.instrumentation.EvoClassLoader - Keeping class: org.springframework.web.servlet.config.annotation.ViewControllerRegistry
08:38:28.183 [main] INFO org.evosuite.runtime.instrumentation.EvoClassLoader - Seeing class for first time: org.springframework.validation.MessageCodesResolver
08:38:28.183 [main] INFO org.evosuite.runtime.instrumentation.EvoClassLoader - Instrumenting class 'org.springframework.validation.MessageCodesResolver'.
08:38:28.187 [main] INFO org.evosuite.runtime.instrumentation.EvoClassLoader - Keeping class: org.springframework.validation.MessageCodesResolver
08:38:28.187 [main] INFO org.evosuite.runtime.instrumentation.EvoClassLoader - Seeing class for first time: org.springframework.web.servlet.config.annotation.ContentNegotiationConfigurer
08:38:28.187 [main] INFO org.evosuite.runtime.instrumentation.EvoClassLoader - Instrumenting class 'org.springframework.web.servlet.config.annotation.ContentNegotiationConfigurer'.
08:38:28.191 [main] INFO org.evosuite.runtime.instrumentation.MethodCallReplacementClassAdapter - Adding mock interface to class org/springframework/web/servlet/config/annotation/ContentNegotiationConfigurer
08:38:28.191 [main] INFO org.evosuite.runtime.instrumentation.CreateClassResetClassAdapter - Creating brand-new static initializer in class org/springframework/web/servlet/config/annotation/ContentNegotiationConfigurer
08:38:28.191 [main] INFO org.evosuite.runtime.instrumentation.EvoClassLoader - Keeping class: org.springframework.web.servlet.config.annotation.ContentNegotiationConfigurer
08:38:28.191 [main] INFO org.evosuite.runtime.instrumentation.EvoClassLoader - Seeing class for first time: org.springframework.core.env.Profiles
08:38:28.191 [main] INFO org.evosuite.runtime.instrumentation.EvoClassLoader - Instrumenting class 'org.springframework.core.env.Profiles'.
08:38:28.195 [main] INFO org.evosuite.runtime.instrumentation.EvoClassLoader - Keeping class: org.springframework.core.env.Profiles
08:38:28.195 [main] INFO org.evosuite.runtime.instrumentation.EvoClassLoader - Seeing class for first time: org.springframework.boot.diagnostics.analyzer.BeanCurrentlyInCreationFailureAnalyzer$DependencyCycle
08:38:28.195 [main] INFO org.evosuite.runtime.instrumentation.EvoClassLoader - Instrumenting class 'org.springframework.boot.diagnostics.analyzer.BeanCurrentlyInCreationFailureAnalyzer$DependencyCycle'.
08:38:28.199 [main] INFO org.evosuite.runtime.instrumentation.MethodCallReplacementClassAdapter - Adding mock interface to class org/springframework/boot/diagnostics/analyzer/BeanCurrentlyInCreationFailureAnalyzer$DependencyCycle
08:38:28.199 [main] INFO org.evosuite.runtime.instrumentation.CreateClassResetClassAdapter - Creating brand-new static initializer in class org/springframework/boot/diagnostics/analyzer/BeanCurrentlyInCreationFailureAnalyzer$DependencyCycle
08:38:28.199 [main] INFO org.evosuite.runtime.instrumentation.EvoClassLoader - Keeping class: org.springframework.boot.diagnostics.analyzer.BeanCurrentlyInCreationFailureAnalyzer$DependencyCycle
08:38:28.199 [main] INFO org.evosuite.runtime.instrumentation.EvoClassLoader - Seeing class for first time: org.springframework.beans.factory.annotation.Autowire
08:38:28.199 [main] INFO org.evosuite.runtime.instrumentation.EvoClassLoader - Instrumenting class 'org.springframework.beans.factory.annotation.Autowire'.
08:38:28.203 [main] INFO org.evosuite.runtime.instrumentation.MethodCallReplacementClassAdapter - Adding mock interface to class org/springframework/beans/factory/annotation/Autowire
08:38:28.203 [main] INFO org.evosuite.runtime.instrumentation.CreateClassResetClassAdapter - Found static initializer in class org/springframework/beans/factory/annotation/Autowire
08:38:28.203 [main] INFO org.evosuite.runtime.instrumentation.EvoClassLoader - Keeping class: org.springframework.beans.factory.annotation.Autowire
08:38:28.203 [main] INFO org.evosuite.runtime.instrumentation.EvoClassLoader - Seeing class for first time: org.aopalliance.aop.Advice
08:38:28.203 [main] INFO org.evosuite.runtime.instrumentation.EvoClassLoader - Instrumenting class 'org.aopalliance.aop.Advice'.
08:38:28.207 [main] INFO org.evosuite.runtime.instrumentation.EvoClassLoader - Defined package (3): package org.aopalliance.aop, 1723007939
08:38:28.207 [main] INFO org.evosuite.runtime.instrumentation.EvoClassLoader - Keeping class: org.aopalliance.aop.Advice
08:38:28.207 [main] INFO org.evosuite.runtime.instrumentation.EvoClassLoader - Seeing class for first time: org.springframework.aop.framework.AopConfigException
08:38:28.207 [main] INFO org.evosuite.runtime.instrumentation.EvoClassLoader - Instrumenting class 'org.springframework.aop.framework.AopConfigException'.
08:38:28.211 [main] INFO org.evosuite.runtime.instrumentation.MethodCallReplacementClassAdapter - Adding mock interface to class org/springframework/aop/framework/AopConfigException
08:38:28.211 [main] INFO org.evosuite.runtime.instrumentation.CreateClassResetClassAdapter - Creating brand-new static initializer in class org/springframework/aop/framework/AopConfigException
08:38:28.211 [main] INFO org.evosuite.runtime.instrumentation.EvoClassLoader - Keeping class: org.springframework.aop.framework.AopConfigException
08:38:28.211 [main] INFO org.evosuite.runtime.instrumentation.EvoClassLoader - Seeing class for first time: org.springframework.jmx.support.RegistrationPolicy
08:38:28.211 [main] INFO org.evosuite.runtime.instrumentation.EvoClassLoader - Instrumenting class 'org.springframework.jmx.support.RegistrationPolicy'.
08:38:28.215 [main] INFO org.evosuite.runtime.instrumentation.MethodCallReplacementClassAdapter - Adding mock interface to class org/springframework/jmx/support/RegistrationPolicy
08:38:28.215 [main] INFO org.evosuite.runtime.instrumentation.CreateClassResetClassAdapter - Found static initializer in class org/springframework/jmx/support/RegistrationPolicy
08:38:28.215 [main] INFO org.evosuite.runtime.instrumentation.EvoClassLoader - Keeping class: org.springframework.jmx.support.RegistrationPolicy
08:38:28.219 [main] INFO org.evosuite.runtime.instrumentation.EvoClassLoader - Seeing class for first time: org.springframework.expression.MethodResolver
08:38:28.219 [main] INFO org.evosuite.runtime.instrumentation.EvoClassLoader - Instrumenting class 'org.springframework.expression.MethodResolver'.
08:38:28.235 [main] INFO org.evosuite.runtime.instrumentation.EvoClassLoader - Keeping class: org.springframework.expression.MethodResolver
08:38:28.235 [main] INFO org.evosuite.runtime.instrumentation.EvoClassLoader - Seeing class for first time: org.springframework.expression.ConstructorResolver
08:38:28.235 [main] INFO org.evosuite.runtime.instrumentation.EvoClassLoader - Instrumenting class 'org.springframework.expression.ConstructorResolver'.
08:38:28.243 [main] INFO org.evosuite.runtime.instrumentation.EvoClassLoader - Keeping class: org.springframework.expression.ConstructorResolver
08:38:28.243 [main] INFO org.evosuite.runtime.instrumentation.EvoClassLoader - Seeing class for first time: org.springframework.expression.MethodFilter
08:38:28.243 [main] INFO org.evosuite.runtime.instrumentation.EvoClassLoader - Instrumenting class 'org.springframework.expression.MethodFilter'.
08:38:28.251 [main] INFO org.evosuite.runtime.instrumentation.EvoClassLoader - Keeping class: org.springframework.expression.MethodFilter
08:38:28.259 [main] INFO org.evosuite.runtime.instrumentation.EvoClassLoader - Seeing class for first time: org.springframework.boot.diagnostics.analyzer.InvalidConfigurationPropertyValueFailureAnalyzer$Descriptor
08:38:28.259 [main] INFO org.evosuite.runtime.instrumentation.EvoClassLoader - Instrumenting class 'org.springframework.boot.diagnostics.analyzer.InvalidConfigurationPropertyValueFailureAnalyzer$Descriptor'.
08:38:28.263 [main] INFO org.evosuite.runtime.instrumentation.MethodCallReplacementClassAdapter - Adding mock interface to class org/springframework/boot/diagnostics/analyzer/InvalidConfigurationPropertyValueFailureAnalyzer$Descriptor
08:38:28.263 [main] INFO org.evosuite.runtime.instrumentation.CreateClassResetClassAdapter - Creating brand-new static initializer in class org/springframework/boot/diagnostics/analyzer/InvalidConfigurationPropertyValueFailureAnalyzer$Descriptor
08:38:28.263 [main] INFO org.evosuite.runtime.instrumentation.EvoClassLoader - Keeping class: org.springframework.boot.diagnostics.analyzer.InvalidConfigurationPropertyValueFailureAnalyzer$Descriptor
08:38:28.267 [main] INFO org.evosuite.runtime.instrumentation.EvoClassLoader - Seeing class for first time: org.springframework.boot.autoconfigure.jdbc.DataSourceProperties
08:38:28.267 [main] INFO org.evosuite.runtime.instrumentation.EvoClassLoader - Instrumenting class 'org.springframework.boot.autoconfigure.jdbc.DataSourceProperties'.
08:38:28.275 [main] INFO org.evosuite.runtime.instrumentation.MethodCallReplacementClassAdapter - Adding mock interface to class org/springframework/boot/autoconfigure/jdbc/DataSourceProperties
08:38:28.275 [main] INFO org.evosuite.runtime.instrumentation.CreateClassResetClassAdapter - Creating brand-new static initializer in class org/springframework/boot/autoconfigure/jdbc/DataSourceProperties
08:38:28.275 [main] INFO org.evosuite.runtime.instrumentation.EvoClassLoader - Keeping class: org.springframework.boot.autoconfigure.jdbc.DataSourceProperties
08:38:28.275 [main] INFO org.evosuite.runtime.instrumentation.EvoClassLoader - Seeing class for first time: org.springframework.boot.jdbc.EmbeddedDatabaseConnection
08:38:28.275 [main] INFO org.evosuite.runtime.instrumentation.EvoClassLoader - Instrumenting class 'org.springframework.boot.jdbc.EmbeddedDatabaseConnection'.
08:38:28.279 [main] INFO org.evosuite.runtime.instrumentation.MethodCallReplacementClassAdapter - Adding mock interface to class org/springframework/boot/jdbc/EmbeddedDatabaseConnection
08:38:28.279 [main] INFO org.evosuite.runtime.instrumentation.CreateClassResetClassAdapter - Found static initializer in class org/springframework/boot/jdbc/EmbeddedDatabaseConnection
08:38:28.279 [main] INFO org.evosuite.runtime.instrumentation.EvoClassLoader - Defined package (3): package org.springframework.boot.jdbc, 110150352
08:38:28.279 [main] INFO org.evosuite.runtime.instrumentation.EvoClassLoader - Keeping class: org.springframework.boot.jdbc.EmbeddedDatabaseConnection
08:38:28.283 [main] INFO org.evosuite.runtime.instrumentation.EvoClassLoader - Seeing class for first time: org.springframework.beans.factory.xml.NamespaceHandler
08:38:28.283 [main] INFO org.evosuite.runtime.instrumentation.EvoClassLoader - Instrumenting class 'org.springframework.beans.factory.xml.NamespaceHandler'.
08:38:28.287 [main] INFO org.evosuite.runtime.instrumentation.EvoClassLoader - Keeping class: org.springframework.beans.factory.xml.NamespaceHandler
08:38:28.291 [Time-limited test] INFO org.evosuite.runtime.instrumentation.EvoClassLoader - Seeing class for first time: org.springframework.web.reactive.DispatcherHandler
08:38:28.291 [Time-limited test] INFO org.evosuite.runtime.instrumentation.EvoClassLoader - Instrumenting class 'org.springframework.web.reactive.DispatcherHandler'.
08:38:28.295 [Time-limited test] INFO org.evosuite.runtime.instrumentation.EvoClassLoader - Error while loading class: java.lang.ClassNotFoundException: Class 'org/springframework/web/reactive/DispatcherHandler.class' should be in target project, but could not be found!
08:38:28.295 [Time-limited test] INFO org.evosuite.runtime.instrumentation.EvoClassLoader - Seeing class for first time: org.springframework.web.reactive$DispatcherHandler
08:38:28.295 [Time-limited test] INFO org.evosuite.runtime.instrumentation.EvoClassLoader - Instrumenting class 'org.springframework.web.reactive$DispatcherHandler'.
08:38:28.299 [Time-limited test] INFO org.evosuite.runtime.instrumentation.EvoClassLoader - Error while loading class: java.lang.ClassNotFoundException: Class 'org/springframework/web/reactive$DispatcherHandler.class' should be in target project, but could not be found!
2019-02-13 05:38:28.759  WARN 17112 --- [me-limited test] o.s.b.l.logback.LogbackLoggingSystem     : Ignoring 'logback.configurationFile' system property. Please use 'logging.config' instead.
2019-02-13 05:38:28.819  INFO 17112 --- [me-limited test] o.e.r.instrumentation.EvoClassLoader     : Seeing class for first time: org.springframework.boot.context.event.EventPublishingRunListener$LoggingErrorHandler
2019-02-13 05:38:28.823  INFO 17112 --- [me-limited test] o.e.r.instrumentation.EvoClassLoader     : Instrumenting class 'org.springframework.boot.context.event.EventPublishingRunListener$LoggingErrorHandler'.
2019-02-13 05:38:28.835  INFO 17112 --- [me-limited test] .e.r.i.MethodCallReplacementClassAdapter : Adding mock interface to class org/springframework/boot/context/event/EventPublishingRunListener$LoggingErrorHandler
2019-02-13 05:38:28.835  INFO 17112 --- [me-limited test] o.e.r.i.CreateClassResetClassAdapter     : Found static initializer in class org/springframework/boot/context/event/EventPublishingRunListener$LoggingErrorHandler
2019-02-13 05:38:28.835  INFO 17112 --- [me-limited test] o.e.r.instrumentation.EvoClassLoader     : Keeping class: org.springframework.boot.context.event.EventPublishingRunListener$LoggingErrorHandler
2019-02-13 05:38:32.295  INFO 17112 --- [           main] o.evosuite.runtime.thread.ThreadStopper  : Found new thread
2019-02-13 05:38:32.295  INFO 17112 --- [           main] o.evosuite.runtime.thread.ThreadStopper  : Thread is still alive: Time-limited test
2019-02-13 05:38:32.295  INFO 17112 --- [           main] o.e.r.instrumentation.EvoClassLoader     : Seeing class for first time: org.springframework.util.ConcurrentReferenceHashMap$WeakEntryReference
2019-02-13 05:38:32.295  INFO 17112 --- [           main] o.e.r.instrumentation.EvoClassLoader     : Instrumenting class 'org.springframework.util.ConcurrentReferenceHashMap$WeakEntryReference'.
2019-02-13 05:38:32.299  INFO 17112 --- [           main] .e.r.i.MethodCallReplacementClassAdapter : Adding mock interface to class org/springframework/util/ConcurrentReferenceHashMap$WeakEntryReference
2019-02-13 05:38:32.299  INFO 17112 --- [           main] o.e.r.i.CreateClassResetClassAdapter     : Creating brand-new static initializer in class org/springframework/util/ConcurrentReferenceHashMap$WeakEntryReference
2019-02-13 05:38:32.303  INFO 17112 --- [           main] o.e.r.instrumentation.EvoClassLoader     : Keeping class: org.springframework.util.ConcurrentReferenceHashMap$WeakEntryReference
2019-02-13 05:38:32.307  INFO 17112 --- [           main] o.e.r.instrumentation.EvoClassLoader     : Seeing class for first time: kotlin.Metadata
2019-02-13 05:38:32.307  INFO 17112 --- [           main] o.e.r.instrumentation.EvoClassLoader     : Instrumenting class 'kotlin.Metadata'.
2019-02-13 05:38:32.307  INFO 17112 --- [           main] o.e.r.instrumentation.EvoClassLoader     : Error while loading class: java.lang.ClassNotFoundException: Class 'kotlin/Metadata.class' should be in target project, but could not be found!
2019-02-13 05:38:32.307  INFO 17112 --- [           main] o.e.r.instrumentation.EvoClassLoader     : Seeing class for first time: kotlin$Metadata
2019-02-13 05:38:32.307  INFO 17112 --- [           main] o.e.r.instrumentation.EvoClassLoader     : Instrumenting class 'kotlin$Metadata'.
2019-02-13 05:38:32.311  INFO 17112 --- [           main] o.e.r.instrumentation.EvoClassLoader     : Error while loading class: java.lang.ClassNotFoundException: Class 'kotlin$Metadata.class' should be in target project, but could not be found!
2019-02-13 05:38:32.311  INFO 17112 --- [           main] o.e.r.instrumentation.EvoClassLoader     : Seeing class for first time: kotlin.reflect.full.KClasses
2019-02-13 05:38:32.311  INFO 17112 --- [           main] o.e.r.instrumentation.EvoClassLoader     : Instrumenting class 'kotlin.reflect.full.KClasses'.
2019-02-13 05:38:32.311  INFO 17112 --- [           main] o.e.r.instrumentation.EvoClassLoader     : Error while loading class: java.lang.ClassNotFoundException: Class 'kotlin/reflect/full/KClasses.class' should be in target project, but could not be found!
2019-02-13 05:38:32.311  INFO 17112 --- [           main] o.e.r.instrumentation.EvoClassLoader     : Seeing class for first time: kotlin.reflect.full$KClasses
2019-02-13 05:38:32.311  INFO 17112 --- [           main] o.e.r.instrumentation.EvoClassLoader     : Instrumenting class 'kotlin.reflect.full$KClasses'.
2019-02-13 05:38:32.315  INFO 17112 --- [           main] o.e.r.instrumentation.EvoClassLoader     : Error while loading class: java.lang.ClassNotFoundException: Class 'kotlin/reflect/full$KClasses.class' should be in target project, but could not be found!
2019-02-13 05:38:32.319  INFO 17112 --- [           main] o.e.r.instrumentation.EvoClassLoader     : Seeing class for first time: org.springframework.core.annotation.AnnotationUtils$AnnotationCollector
2019-02-13 05:38:32.319  INFO 17112 --- [           main] o.e.r.instrumentation.EvoClassLoader     : Instrumenting class 'org.springframework.core.annotation.AnnotationUtils$AnnotationCollector'.
2019-02-13 05:38:32.319 ERROR 17112 --- [me-limited test] o.s.boot.SpringApplication               : Application run failed

org.evosuite.runtime.mock.java.lang.MockIllegalStateException: Cannot bind to SpringApplication
	at org.springframework.boot.SpringApplication.bindToSpringApplication(SpringApplication.java:560) [na:na]
	at org.springframework.boot.SpringApplication.prepareEnvironment(SpringApplication.java:348) [na:na]
	at org.springframework.boot.SpringApplication.run(SpringApplication.java:306) [na:na]
	at org.springframework.boot.SpringApplication.run(SpringApplication.java:1260) [na:na]
	at org.springframework.boot.SpringApplication.run(SpringApplication.java:1248) [na:na]
	at com.saud_dev.technology_assessment.TechnologyAssessmentApplication.main(TechnologyAssessmentApplication.java:15) [na:na]
	at com.saud_dev.technology_assessment.TechnologyAssessmentApplication_ESTest.test3(TechnologyAssessmentApplication_ESTest.java:87) [na:na]
	at sun.reflect.NativeMethodAccessorImpl.invoke0(Native Method) ~[na:1.8.0_191]
	at sun.reflect.NativeMethodAccessorImpl.invoke(NativeMethodAccessorImpl.java:62) ~[na:1.8.0_191]
	at sun.reflect.DelegatingMethodAccessorImpl.invoke(DelegatingMethodAccessorImpl.java:43) ~[na:1.8.0_191]
	at java.lang.reflect.Method.invoke(Method.java:498) ~[na:1.8.0_191]
	at org.junit.runners.model.FrameworkMethod$1.runReflectiveCall(FrameworkMethod.java:50) [junit-4.12.jar:4.12]
	at org.junit.internal.runners.model.ReflectiveCallable.run(ReflectiveCallable.java:12) [junit-4.12.jar:4.12]
	at org.junit.runners.model.FrameworkMethod.invokeExplosively(FrameworkMethod.java:47) [junit-4.12.jar:4.12]
	at org.junit.internal.runners.statements.InvokeMethod.evaluate(InvokeMethod.java:17) [junit-4.12.jar:4.12]
	at org.junit.internal.runners.statements.FailOnTimeout$CallableStatement.call(FailOnTimeout.java:298) [junit-4.12.jar:4.12]
	at org.junit.internal.runners.statements.FailOnTimeout$CallableStatement.call(FailOnTimeout.java:292) [junit-4.12.jar:4.12]
	at java.util.concurrent.FutureTask.run(FutureTask.java:266) [na:1.8.0_191]
	at java.lang.Thread.run(Thread.java:748) [na:1.8.0_191]
Caused by: org.springframework.boot.context.properties.bind.BindException: Failed to bind properties under 'spring.main' to org.springframework.boot.SpringApplication
	at org.springframework.boot.context.properties.bind.Binder.handleBindError(Binder.java:249) ~[na:na]
	at <evosuite>.<evosuite>(<evosuite>) ~[na:na]
	at <evosuite>.<evosuite>(<evosuite>) ~[na:na]
Caused by: org.evosuite.runtime.TooManyResourcesException: Loop has been executed more times than the allowed 10000
	at org.evosuite.runtime.LoopCounter.checkLoop(LoopCounter.java:116) ~[evosuite-standalone-runtime-1.0.6.jar:1.0.6]
	at org.springframework.boot.context.properties.source.ConfigurationPropertyName$ElementsParser.isAlpha(ConfigurationPropertyName.java:846) ~[na:na]
	at org.springframework.boot.context.properties.source.ConfigurationPropertyName$ElementsParser.isAlphaNumeric(ConfigurationPropertyName.java:842) ~[na:na]
	at org.springframework.boot.context.properties.source.ConfigurationPropertyName.elementEquals(ConfigurationPropertyName.java:335) ~[na:na]
	at org.springframework.boot.context.properties.source.ConfigurationPropertyName.isAncestorOf(ConfigurationPropertyName.java:241) ~[na:na]
	at org.springframework.boot.context.properties.source.ConfigurationPropertyState.search(ConfigurationPropertyState.java:63) ~[na:na]
	at org.springframework.boot.context.properties.source.SpringIterableConfigurationPropertySource.containsDescendantOf(SpringIterableConfigurationPropertySource.java:93) ~[na:na]
	at org.springframework.boot.context.properties.bind.JavaBeanBinder.hasKnownBindableProperties(JavaBeanBinder.java:61) ~[na:na]
	at org.springframework.boot.context.properties.bind.JavaBeanBinder.bind(JavaBeanBinder.java:48) ~[na:na]
	at org.springframework.boot.context.properties.bind.Binder.lambda$null$4(Binder.java:344) ~[na:na]
	at java.util.stream.ReferencePipeline$3$1.accept(ReferencePipeline.java:193) ~[na:1.8.0_191]
	at java.util.ArrayList$ArrayListSpliterator.tryAdvance(ArrayList.java:1359) ~[na:1.8.0_191]
	at java.util.stream.ReferencePipeline.forEachWithCancel(ReferencePipeline.java:126) ~[na:1.8.0_191]
	at java.util.stream.AbstractPipeline.copyIntoWithCancel(AbstractPipeline.java:498) ~[na:1.8.0_191]
	at java.util.stream.AbstractPipeline.copyInto(AbstractPipeline.java:485) ~[na:1.8.0_191]
	at java.util.stream.AbstractPipeline.wrapAndCopyInto(AbstractPipeline.java:471) ~[na:1.8.0_191]
	at java.util.stream.FindOps$FindOp.evaluateSequential(FindOps.java:152) ~[na:1.8.0_191]
	at java.util.stream.AbstractPipeline.evaluate(AbstractPipeline.java:234) ~[na:1.8.0_191]
	at java.util.stream.ReferencePipeline.findFirst(ReferencePipeline.java:464) ~[na:1.8.0_191]
	at org.springframework.boot.context.properties.bind.Binder.lambda$bindBean$5(Binder.java:345) ~[na:na]
	at org.springframework.boot.context.properties.bind.Binder$Context.withIncreasedDepth(Binder.java:448) ~[na:na]
	at org.springframework.boot.context.properties.bind.Binder$Context.withBean(Binder.java:434) ~[na:na]
	at org.springframework.boot.context.properties.bind.Binder$Context.access$400(Binder.java:388) ~[na:na]
	at org.springframework.boot.context.properties.bind.Binder.bindBean(Binder.java:342) ~[na:na]
	at org.springframework.boot.context.properties.bind.Binder.bindObject(Binder.java:277) ~[na:na]
	at org.springframework.boot.context.properties.bind.Binder.bind(Binder.java:220) ~[na:na]
	at org.springframework.boot.context.properties.bind.Binder.bind(Binder.java:208) ~[na:na]
	at org.springframework.boot.context.properties.bind.Binder.bind(Binder.java:164) ~[na:na]
	at org.springframework.boot.SpringApplication.bindToSpringApplication(SpringApplication.java:557) [na:na]
	at org.springframework.boot.SpringApplication.prepareEnvironment(SpringApplication.java:348) [na:na]
	at org.springframework.boot.SpringApplication.run(SpringApplication.java:306) [na:na]
	at org.springframework.boot.SpringApplication.run(SpringApplication.java:1260) [na:na]
	at org.springframework.boot.SpringApplication.run(SpringApplication.java:1248) [na:na]
	at com.saud_dev.technology_assessment.TechnologyAssessmentApplication.main(TechnologyAssessmentApplication.java:15) [na:na]
	at com.saud_dev.technology_assessment.TechnologyAssessmentApplication_ESTest.test3(TechnologyAssessmentApplication_ESTest.java:87) [na:na]
	at sun.reflect.NativeMethodAccessorImpl.invoke0(Native Method) ~[na:1.8.0_191]
	at sun.reflect.NativeMethodAccessorImpl.invoke(NativeMethodAccessorImpl.java:62) ~[na:1.8.0_191]
	at sun.reflect.DelegatingMethodAccessorImpl.invoke(DelegatingMethodAccessorImpl.java:43) ~[na:1.8.0_191]
	at java.lang.reflect.Method.invoke(Method.java:498) ~[na:1.8.0_191]
	at org.junit.runners.model.FrameworkMethod$1.runReflectiveCall(FrameworkMethod.java:50) [junit-4.12.jar:4.12]
	at org.junit.internal.runners.model.ReflectiveCallable.run(ReflectiveCallable.java:12) [junit-4.12.jar:4.12]
	at org.junit.runners.model.FrameworkMethod.invokeExplosively(FrameworkMethod.java:47) [junit-4.12.jar:4.12]
	at org.junit.internal.runners.statements.InvokeMethod.evaluate(InvokeMethod.java:17) [junit-4.12.jar:4.12]
	at org.junit.internal.runners.statements.FailOnTimeout$CallableStatement.call(FailOnTimeout.java:298) [junit-4.12.jar:4.12]
	at org.junit.internal.runners.statements.FailOnTimeout$CallableStatement.call(FailOnTimeout.java:292) [junit-4.12.jar:4.12]
	at java.util.concurrent.FutureTask.run(FutureTask.java:266) [na:1.8.0_191]
	at java.lang.Thread.run(Thread.java:748) [na:1.8.0_191]

2019-02-13 05:38:32.319  WARN 17112 --- [me-limited test] o.s.boot.SpringApplication               : Unable to close ApplicationContext

java.lang.RuntimeException: Kill switch
	at org.evosuite.runtime.thread.KillSwitchHandler.checkTimeout(KillSwitchHandler.java:50) ~[evosuite-standalone-runtime-1.0.6.jar:1.0.6]
	at org.evosuite.runtime.thread.KillSwitchHandler.killIfTimeout(KillSwitchHandler.java:59) ~[evosuite-standalone-runtime-1.0.6.jar:1.0.6]
	at org.springframework.boot.SpringApplication.handleRunFailure(SpringApplication.java:832) [na:na]
	at org.springframework.boot.SpringApplication.run(SpringApplication.java:327) [na:na]
	at org.springframework.boot.SpringApplication.run(SpringApplication.java:1260) [na:na]
	at org.springframework.boot.SpringApplication.run(SpringApplication.java:1248) [na:na]
	at com.saud_dev.technology_assessment.TechnologyAssessmentApplication.main(TechnologyAssessmentApplication.java:15) [na:na]
	at com.saud_dev.technology_assessment.TechnologyAssessmentApplication_ESTest.test3(TechnologyAssessmentApplication_ESTest.java:87) [na:na]
	at sun.reflect.NativeMethodAccessorImpl.invoke0(Native Method) ~[na:1.8.0_191]
	at sun.reflect.NativeMethodAccessorImpl.invoke(NativeMethodAccessorImpl.java:62) ~[na:1.8.0_191]
	at sun.reflect.DelegatingMethodAccessorImpl.invoke(DelegatingMethodAccessorImpl.java:43) ~[na:1.8.0_191]
	at java.lang.reflect.Method.invoke(Method.java:498) ~[na:1.8.0_191]
	at org.junit.runners.model.FrameworkMethod$1.runReflectiveCall(FrameworkMethod.java:50) [junit-4.12.jar:4.12]
	at org.junit.internal.runners.model.ReflectiveCallable.run(ReflectiveCallable.java:12) [junit-4.12.jar:4.12]
	at org.junit.runners.model.FrameworkMethod.invokeExplosively(FrameworkMethod.java:47) [junit-4.12.jar:4.12]
	at org.junit.internal.runners.statements.InvokeMethod.evaluate(InvokeMethod.java:17) [junit-4.12.jar:4.12]
	at org.junit.internal.runners.statements.FailOnTimeout$CallableStatement.call(FailOnTimeout.java:298) [junit-4.12.jar:4.12]
	at org.junit.internal.runners.statements.FailOnTimeout$CallableStatement.call(FailOnTimeout.java:292) [junit-4.12.jar:4.12]
	at java.util.concurrent.FutureTask.run(FutureTask.java:266) [na:1.8.0_191]
	at java.lang.Thread.run(Thread.java:748) [na:1.8.0_191]

2019-02-13 05:38:32.319  INFO 17112 --- [           main] .e.r.i.MethodCallReplacementClassAdapter : Adding mock interface to class org/springframework/core/annotation/AnnotationUtils$AnnotationCollector
2019-02-13 05:38:32.323  INFO 17112 --- [           main] o.e.r.i.CreateClassResetClassAdapter     : Creating brand-new static initializer in class org/springframework/core/annotation/AnnotationUtils$AnnotationCollector
2019-02-13 05:38:32.323  INFO 17112 --- [           main] o.e.r.instrumentation.EvoClassLoader     : Keeping class: org.springframework.core.annotation.AnnotationUtils$AnnotationCollector
2019-02-13 05:38:32.343  INFO 17112 --- [           main] o.e.r.instrumentation.EvoClassLoader     : Seeing class for first time: org.joda.time.LocalDate
2019-02-13 05:38:32.343  INFO 17112 --- [           main] o.e.r.instrumentation.EvoClassLoader     : Instrumenting class 'org.joda.time.LocalDate'.
2019-02-13 05:38:32.347  INFO 17112 --- [           main] o.e.r.instrumentation.EvoClassLoader     : Error while loading class: java.lang.ClassNotFoundException: Class 'org/joda/time/LocalDate.class' should be in target project, but could not be found!
2019-02-13 05:38:32.347  INFO 17112 --- [           main] o.e.r.instrumentation.EvoClassLoader     : Seeing class for first time: org.joda.time$LocalDate
2019-02-13 05:38:32.347  INFO 17112 --- [           main] o.e.r.instrumentation.EvoClassLoader     : Instrumenting class 'org.joda.time$LocalDate'.
2019-02-13 05:38:32.351  INFO 17112 --- [           main] o.e.r.instrumentation.EvoClassLoader     : Error while loading class: java.lang.ClassNotFoundException: Class 'org/joda/time$LocalDate.class' should be in target project, but could not be found!
2019-02-13 05:38:32.351  INFO 17112 --- [           main] o.e.r.instrumentation.EvoClassLoader     : Seeing class for first time: org.springframework.format.support.FormattingConversionService$AnnotationConverterKey
2019-02-13 05:38:32.351  INFO 17112 --- [           main] o.e.r.instrumentation.EvoClassLoader     : Instrumenting class 'org.springframework.format.support.FormattingConversionService$AnnotationConverterKey'.
2019-02-13 05:38:32.355  INFO 17112 --- [           main] .e.r.i.MethodCallReplacementClassAdapter : Adding mock interface to class org/springframework/format/support/FormattingConversionService$AnnotationConverterKey
2019-02-13 05:38:32.355  INFO 17112 --- [           main] o.e.r.i.CreateClassResetClassAdapter     : Creating brand-new static initializer in class org/springframework/format/support/FormattingConversionService$AnnotationConverterKey
2019-02-13 05:38:32.355  INFO 17112 --- [           main] o.e.r.instrumentation.EvoClassLoader     : Keeping class: org.springframework.format.support.FormattingConversionService$AnnotationConverterKey
2019-02-13 05:38:32.371  INFO 17112 --- [           main] o.e.r.instrumentation.EvoClassLoader     : Seeing class for first time: org.eclipse.core.runtime.FileLocator
2019-02-13 05:38:32.371  INFO 17112 --- [           main] o.e.r.instrumentation.EvoClassLoader     : Instrumenting class 'org.eclipse.core.runtime.FileLocator'.
2019-02-13 05:38:32.375  INFO 17112 --- [           main] o.e.r.instrumentation.EvoClassLoader     : Error while loading class: java.lang.ClassNotFoundException: Class 'org/eclipse/core/runtime/FileLocator.class' should be in target project, but could not be found!
2019-02-13 05:38:32.375  INFO 17112 --- [           main] o.e.r.instrumentation.EvoClassLoader     : Seeing class for first time: org.eclipse.core.runtime$FileLocator
2019-02-13 05:38:32.375  INFO 17112 --- [           main] o.e.r.instrumentation.EvoClassLoader     : Instrumenting class 'org.eclipse.core.runtime$FileLocator'.
2019-02-13 05:38:32.379  INFO 17112 --- [           main] o.e.r.instrumentation.EvoClassLoader     : Error while loading class: java.lang.ClassNotFoundException: Class 'org/eclipse/core/runtime$FileLocator.class' should be in target project, but could not be found!
2019-02-13 05:38:32.383  INFO 17112 --- [           main] o.e.r.instrumentation.EvoClassLoader     : Seeing class for first time: org.springframework.orm.jpa.support.PersistenceAnnotationBeanPostProcessor
2019-02-13 05:38:32.383  INFO 17112 --- [           main] o.e.r.instrumentation.EvoClassLoader     : Instrumenting class 'org.springframework.orm.jpa.support.PersistenceAnnotationBeanPostProcessor'.
2019-02-13 05:38:32.383  INFO 17112 --- [           main] o.e.r.instrumentation.EvoClassLoader     : Error while loading class: java.lang.ClassNotFoundException: Class 'org/springframework/orm/jpa/support/PersistenceAnnotationBeanPostProcessor.class' should be in target project, but could not be found!
2019-02-13 05:38:32.383  INFO 17112 --- [           main] o.e.r.instrumentation.EvoClassLoader     : Seeing class for first time: org.springframework.orm.jpa.support$PersistenceAnnotationBeanPostProcessor
2019-02-13 05:38:32.383  INFO 17112 --- [           main] o.e.r.instrumentation.EvoClassLoader     : Instrumenting class 'org.springframework.orm.jpa.support$PersistenceAnnotationBeanPostProcessor'.
2019-02-13 05:38:32.387  INFO 17112 --- [           main] o.e.r.instrumentation.EvoClassLoader     : Error while loading class: java.lang.ClassNotFoundException: Class 'org/springframework/orm/jpa/support$PersistenceAnnotationBeanPostProcessor.class' should be in target project, but could not be found!
2019-02-13 05:38:32.391  INFO 17112 --- [           main] o.e.r.instrumentation.EvoClassLoader     : Seeing class for first time: org.springframework.jdbc.CannotGetJdbcConnectionException
2019-02-13 05:38:32.391  INFO 17112 --- [           main] o.e.r.instrumentation.EvoClassLoader     : Instrumenting class 'org.springframework.jdbc.CannotGetJdbcConnectionException'.
2019-02-13 05:38:32.391  INFO 17112 --- [           main] o.e.r.instrumentation.EvoClassLoader     : Error while loading class: java.lang.ClassNotFoundException: Class 'org/springframework/jdbc/CannotGetJdbcConnectionException.class' should be in target project, but could not be found!
2019-02-13 05:38:32.391  WARN 17112 --- [           main] o.e.runtime.classhandling.ClassResetter  : class java.lang.NoClassDefFoundError thrown while loading method  __STATIC_RESET() for class org.springframework.boot.autoconfigure.jdbc.HikariDriverConfigurationFailureAnalyzer
2019-02-13 05:38:32.427  INFO 17112 --- [           main] o.e.r.instrumentation.EvoClassLoader     : Seeing class for first time: org.springframework.core.SerializableTypeWrapper$FieldTypeProvider
2019-02-13 05:38:32.427  INFO 17112 --- [           main] o.e.r.instrumentation.EvoClassLoader     : Instrumenting class 'org.springframework.core.SerializableTypeWrapper$FieldTypeProvider'.
2019-02-13 05:38:32.427  INFO 17112 --- [           main] .e.r.i.MethodCallReplacementClassAdapter : Adding mock interface to class org/springframework/core/SerializableTypeWrapper$FieldTypeProvider
2019-02-13 05:38:32.435  INFO 17112 --- [           main] o.e.r.i.CreateClassResetClassAdapter     : Creating brand-new static initializer in class org/springframework/core/SerializableTypeWrapper$FieldTypeProvider
2019-02-13 05:38:32.435  INFO 17112 --- [           main] o.e.r.instrumentation.EvoClassLoader     : Keeping class: org.springframework.core.SerializableTypeWrapper$FieldTypeProvider
2019-02-13 05:38:32.439  INFO 17112 --- [           main] o.e.r.instrumentation.EvoClassLoader     : Seeing class for first time: org.springframework.context.annotation.ConfigurationClassParser$DefaultDeferredImportSelectorGroup
2019-02-13 05:38:32.439  INFO 17112 --- [           main] o.e.r.instrumentation.EvoClassLoader     : Instrumenting class 'org.springframework.context.annotation.ConfigurationClassParser$DefaultDeferredImportSelectorGroup'.
2019-02-13 05:38:32.443  INFO 17112 --- [           main] .e.r.i.MethodCallReplacementClassAdapter : Adding mock interface to class org/springframework/context/annotation/ConfigurationClassParser$DefaultDeferredImportSelectorGroup
2019-02-13 05:38:32.443  INFO 17112 --- [           main] o.e.r.i.CreateClassResetClassAdapter     : Creating brand-new static initializer in class org/springframework/context/annotation/ConfigurationClassParser$DefaultDeferredImportSelectorGroup
2019-02-13 05:38:32.443  INFO 17112 --- [           main] o.e.r.instrumentation.EvoClassLoader     : Keeping class: org.springframework.context.annotation.ConfigurationClassParser$DefaultDeferredImportSelectorGroup
2019-02-13 05:38:32.443  INFO 17112 --- [           main] o.e.r.instrumentation.EvoClassLoader     : Seeing class for first time: org.springframework.boot.autoconfigure.AutoConfigurationPackages
2019-02-13 05:38:32.443  INFO 17112 --- [           main] o.e.r.instrumentation.EvoClassLoader     : Instrumenting class 'org.springframework.boot.autoconfigure.AutoConfigurationPackages'.
2019-02-13 05:38:32.447  INFO 17112 --- [           main] .e.r.i.MethodCallReplacementClassAdapter : Adding mock interface to class org/springframework/boot/autoconfigure/AutoConfigurationPackages
2019-02-13 05:38:32.459  INFO 17112 --- [           main] o.e.r.i.CreateClassResetClassAdapter     : Found static initializer in class org/springframework/boot/autoconfigure/AutoConfigurationPackages
2019-02-13 05:38:32.459  INFO 17112 --- [           main] o.e.r.instrumentation.EvoClassLoader     : Keeping class: org.springframework.boot.autoconfigure.AutoConfigurationPackages
2019-02-13 05:38:32.459  INFO 17112 --- [           main] o.e.r.instrumentation.EvoClassLoader     : Seeing class for first time: org.springframework.boot.autoconfigure.AutoConfigurationPackages$BasePackages
2019-02-13 05:38:32.459  INFO 17112 --- [           main] o.e.r.instrumentation.EvoClassLoader     : Instrumenting class 'org.springframework.boot.autoconfigure.AutoConfigurationPackages$BasePackages'.
2019-02-13 05:38:32.463  INFO 17112 --- [           main] .e.r.i.MethodCallReplacementClassAdapter : Adding mock interface to class org/springframework/boot/autoconfigure/AutoConfigurationPackages$BasePackages
2019-02-13 05:38:32.463  INFO 17112 --- [           main] o.e.r.i.CreateClassResetClassAdapter     : Creating brand-new static initializer in class org/springframework/boot/autoconfigure/AutoConfigurationPackages$BasePackages
2019-02-13 05:38:32.463  INFO 17112 --- [           main] o.e.r.instrumentation.EvoClassLoader     : Keeping class: org.springframework.boot.autoconfigure.AutoConfigurationPackages$BasePackages
2019-02-13 05:38:32.467  INFO 17112 --- [           main] o.e.r.instrumentation.EvoClassLoader     : Seeing class for first time: org.springframework.boot.autoconfigure.AutoConfigurationPackages$PackageImport
2019-02-13 05:38:32.467  INFO 17112 --- [           main] o.e.r.instrumentation.EvoClassLoader     : Instrumenting class 'org.springframework.boot.autoconfigure.AutoConfigurationPackages$PackageImport'.
2019-02-13 05:38:32.467  INFO 17112 --- [           main] .e.r.i.MethodCallReplacementClassAdapter : Adding mock interface to class org/springframework/boot/autoconfigure/AutoConfigurationPackages$PackageImport
2019-02-13 05:38:32.471  INFO 17112 --- [           main] o.e.r.i.CreateClassResetClassAdapter     : Creating brand-new static initializer in class org/springframework/boot/autoconfigure/AutoConfigurationPackages$PackageImport
2019-02-13 05:38:32.471  INFO 17112 --- [           main] o.e.r.instrumentation.EvoClassLoader     : Keeping class: org.springframework.boot.autoconfigure.AutoConfigurationPackages$PackageImport
]]></system-out>
  </testcase>
  <testcase name="test2" classname="com.saud_dev.technology_assessment.TechnologyAssessmentApplication_ESTest" time="0.916">
    <error message="test timed out after 4000 milliseconds" type="org.junit.runners.model.TestTimedOutException">org.junit.runners.model.TestTimedOutException: test timed out after 4000 milliseconds
	at com.saud_dev.technology_assessment.TechnologyAssessmentApplication_ESTest.test2(TechnologyAssessmentApplication_ESTest.java:66)
</error>
    <system-out><![CDATA[2019-02-13 05:38:32.507  INFO 17112 --- [me-limited test] o.e.r.instrumentation.EvoClassLoader     : Seeing class for first time: org.springframework.web.reactive.DispatcherHandler
2019-02-13 05:38:32.507  INFO 17112 --- [me-limited test] o.e.r.instrumentation.EvoClassLoader     : Instrumenting class 'org.springframework.web.reactive.DispatcherHandler'.
2019-02-13 05:38:32.507  INFO 17112 --- [me-limited test] o.e.r.instrumentation.EvoClassLoader     : Error while loading class: java.lang.ClassNotFoundException: Class 'org/springframework/web/reactive/DispatcherHandler.class' should be in target project, but could not be found!
2019-02-13 05:38:32.507  INFO 17112 --- [me-limited test] o.e.r.instrumentation.EvoClassLoader     : Seeing class for first time: org.springframework.web.reactive$DispatcherHandler
2019-02-13 05:38:32.507  INFO 17112 --- [me-limited test] o.e.r.instrumentation.EvoClassLoader     : Instrumenting class 'org.springframework.web.reactive$DispatcherHandler'.
2019-02-13 05:38:32.511  INFO 17112 --- [me-limited test] o.e.r.instrumentation.EvoClassLoader     : Error while loading class: java.lang.ClassNotFoundException: Class 'org/springframework/web/reactive$DispatcherHandler.class' should be in target project, but could not be found!
2019-02-13 05:38:32.679  WARN 17112 --- [me-limited test] o.s.b.l.logback.LogbackLoggingSystem     : Ignoring 'logback.configurationFile' system property. Please use 'logging.config' instead.
2019-02-13 05:38:36.511  INFO 17112 --- [           main] o.evosuite.runtime.thread.ThreadStopper  : Found new thread
2019-02-13 05:38:36.511  INFO 17112 --- [           main] o.evosuite.runtime.thread.ThreadStopper  : Thread is still alive: Time-limited test
2019-02-13 05:38:36.515  INFO 17112 --- [           main] o.e.r.instrumentation.EvoClassLoader     : Seeing class for first time: kotlin.Metadata
2019-02-13 05:38:36.515  INFO 17112 --- [           main] o.e.r.instrumentation.EvoClassLoader     : Instrumenting class 'kotlin.Metadata'.
2019-02-13 05:38:36.515  INFO 17112 --- [           main] o.e.r.instrumentation.EvoClassLoader     : Error while loading class: java.lang.ClassNotFoundException: Class 'kotlin/Metadata.class' should be in target project, but could not be found!
2019-02-13 05:38:36.515  INFO 17112 --- [           main] o.e.r.instrumentation.EvoClassLoader     : Seeing class for first time: kotlin$Metadata
2019-02-13 05:38:36.515  INFO 17112 --- [           main] o.e.r.instrumentation.EvoClassLoader     : Instrumenting class 'kotlin$Metadata'.
2019-02-13 05:38:36.515  INFO 17112 --- [           main] o.e.r.instrumentation.EvoClassLoader     : Error while loading class: java.lang.ClassNotFoundException: Class 'kotlin$Metadata.class' should be in target project, but could not be found!
2019-02-13 05:38:36.515  INFO 17112 --- [           main] o.e.r.instrumentation.EvoClassLoader     : Seeing class for first time: kotlin.reflect.full.KClasses
2019-02-13 05:38:36.515  INFO 17112 --- [           main] o.e.r.instrumentation.EvoClassLoader     : Instrumenting class 'kotlin.reflect.full.KClasses'.
2019-02-13 05:38:36.515 ERROR 17112 --- [me-limited test] o.s.boot.SpringApplication               : Application run failed

org.evosuite.runtime.mock.java.lang.MockIllegalStateException: Cannot bind to SpringApplication
	at org.springframework.boot.SpringApplication.bindToSpringApplication(SpringApplication.java:560) ~[na:na]
	at <evosuite>.<evosuite>(<evosuite>) ~[na:na]
	at <evosuite>.<evosuite>(<evosuite>) ~[na:na]
Caused by: org.springframework.boot.context.properties.bind.BindException: Failed to bind properties under 'spring.main' to org.springframework.boot.SpringApplication
	at org.springframework.boot.context.properties.bind.Binder.handleBindError(Binder.java:249) ~[na:na]
	... 2 common frames omitted
Caused by: org.evosuite.runtime.TooManyResourcesException: Loop has been executed more times than the allowed 10000
	at org.evosuite.runtime.LoopCounter.checkLoop(LoopCounter.java:116) ~[evosuite-standalone-runtime-1.0.6.jar:1.0.6]
	at org.springframework.boot.context.properties.source.ConfigurationPropertyName$ElementsParser.isAlpha(ConfigurationPropertyName.java:846) ~[na:na]
	at org.springframework.boot.context.properties.source.ConfigurationPropertyName$ElementsParser.isAlphaNumeric(ConfigurationPropertyName.java:842) ~[na:na]
	at org.springframework.boot.context.properties.source.ConfigurationPropertyName.elementEquals(ConfigurationPropertyName.java:335) ~[na:na]
	at org.springframework.boot.context.properties.source.ConfigurationPropertyName.isAncestorOf(ConfigurationPropertyName.java:241) ~[na:na]
	at org.springframework.boot.context.properties.source.ConfigurationPropertyState.search(ConfigurationPropertyState.java:63) ~[na:na]
	at org.springframework.boot.context.properties.source.SpringIterableConfigurationPropertySource.containsDescendantOf(SpringIterableConfigurationPropertySource.java:93) ~[na:na]
	at org.springframework.boot.context.properties.bind.JavaBeanBinder.hasKnownBindableProperties(JavaBeanBinder.java:61) ~[na:na]
	at org.springframework.boot.context.properties.bind.JavaBeanBinder.bind(JavaBeanBinder.java:48) ~[na:na]
	at org.springframework.boot.context.properties.bind.Binder.lambda$null$4(Binder.java:344) ~[na:na]
	at java.util.stream.ReferencePipeline$3$1.accept(ReferencePipeline.java:193) ~[na:1.8.0_191]
	at java.util.ArrayList$ArrayListSpliterator.tryAdvance(ArrayList.java:1359) ~[na:1.8.0_191]
	at java.util.stream.ReferencePipeline.forEachWithCancel(ReferencePipeline.java:126) ~[na:1.8.0_191]
	at java.util.stream.AbstractPipeline.copyIntoWithCancel(AbstractPipeline.java:498) ~[na:1.8.0_191]
	at java.util.stream.AbstractPipeline.copyInto(AbstractPipeline.java:485) ~[na:1.8.0_191]
	at java.util.stream.AbstractPipeline.wrapAndCopyInto(AbstractPipeline.java:471) ~[na:1.8.0_191]
	at java.util.stream.FindOps$FindOp.evaluateSequential(FindOps.java:152) ~[na:1.8.0_191]
	at java.util.stream.AbstractPipeline.evaluate(AbstractPipeline.java:234) ~[na:1.8.0_191]
	at java.util.stream.ReferencePipeline.findFirst(ReferencePipeline.java:464) ~[na:1.8.0_191]
	at org.springframework.boot.context.properties.bind.Binder.lambda$bindBean$5(Binder.java:345) ~[na:na]
	at org.springframework.boot.context.properties.bind.Binder$Context.withIncreasedDepth(Binder.java:448) ~[na:na]
	at org.springframework.boot.context.properties.bind.Binder$Context.withBean(Binder.java:434) ~[na:na]
	at org.springframework.boot.context.properties.bind.Binder$Context.access$400(Binder.java:388) ~[na:na]
	at org.springframework.boot.context.properties.bind.Binder.bindBean(Binder.java:342) ~[na:na]
	at org.springframework.boot.context.properties.bind.Binder.bindObject(Binder.java:277) ~[na:na]
	at org.springframework.boot.context.properties.bind.Binder.bind(Binder.java:220) ~[na:na]
	at org.springframework.boot.context.properties.bind.Binder.bind(Binder.java:208) ~[na:na]
	at org.springframework.boot.context.properties.bind.Binder.bind(Binder.java:164) ~[na:na]
	at org.springframework.boot.SpringApplication.bindToSpringApplication(SpringApplication.java:557) ~[na:na]
	at org.springframework.boot.SpringApplication.prepareEnvironment(SpringApplication.java:348) ~[na:na]
	at org.springframework.boot.SpringApplication.run(SpringApplication.java:306) ~[na:na]
	at org.springframework.boot.SpringApplication.run(SpringApplication.java:1260) ~[na:na]
	at org.springframework.boot.SpringApplication.run(SpringApplication.java:1248) ~[na:na]
	at com.saud_dev.technology_assessment.TechnologyAssessmentApplication.main(TechnologyAssessmentApplication.java:15) [na:na]
	at com.saud_dev.technology_assessment.TechnologyAssessmentApplication_ESTest.test2(TechnologyAssessmentApplication_ESTest.java:66) [na:na]
	at sun.reflect.NativeMethodAccessorImpl.invoke0(Native Method) ~[na:1.8.0_191]
	at sun.reflect.NativeMethodAccessorImpl.invoke(NativeMethodAccessorImpl.java:62) ~[na:1.8.0_191]
	at sun.reflect.DelegatingMethodAccessorImpl.invoke(DelegatingMethodAccessorImpl.java:43) ~[na:1.8.0_191]
	at java.lang.reflect.Method.invoke(Method.java:498) ~[na:1.8.0_191]
	at org.junit.runners.model.FrameworkMethod$1.runReflectiveCall(FrameworkMethod.java:50) [junit-4.12.jar:4.12]
	at org.junit.internal.runners.model.ReflectiveCallable.run(ReflectiveCallable.java:12) [junit-4.12.jar:4.12]
	at org.junit.runners.model.FrameworkMethod.invokeExplosively(FrameworkMethod.java:47) [junit-4.12.jar:4.12]
	at org.junit.internal.runners.statements.InvokeMethod.evaluate(InvokeMethod.java:17) [junit-4.12.jar:4.12]
	at org.junit.internal.runners.statements.FailOnTimeout$CallableStatement.call(FailOnTimeout.java:298) [junit-4.12.jar:4.12]
	at org.junit.internal.runners.statements.FailOnTimeout$CallableStatement.call(FailOnTimeout.java:292) [junit-4.12.jar:4.12]
	at java.util.concurrent.FutureTask.run(FutureTask.java:266) [na:1.8.0_191]
	at java.lang.Thread.run(Thread.java:748) [na:1.8.0_191]

2019-02-13 05:38:36.515  INFO 17112 --- [           main] o.e.r.instrumentation.EvoClassLoader     : Error while loading class: java.lang.ClassNotFoundException: Class 'kotlin/reflect/full/KClasses.class' should be in target project, but could not be found!
2019-02-13 05:38:36.515  INFO 17112 --- [           main] o.e.r.instrumentation.EvoClassLoader     : Seeing class for first time: kotlin.reflect.full$KClasses
2019-02-13 05:38:36.515  INFO 17112 --- [           main] o.e.r.instrumentation.EvoClassLoader     : Instrumenting class 'kotlin.reflect.full$KClasses'.
2019-02-13 05:38:36.515  WARN 17112 --- [me-limited test] o.s.boot.SpringApplication               : Unable to close ApplicationContext

java.lang.RuntimeException: Kill switch
	at org.evosuite.runtime.thread.KillSwitchHandler.checkTimeout(KillSwitchHandler.java:50) ~[evosuite-standalone-runtime-1.0.6.jar:1.0.6]
	at org.evosuite.runtime.thread.KillSwitchHandler.killIfTimeout(KillSwitchHandler.java:59) ~[evosuite-standalone-runtime-1.0.6.jar:1.0.6]
	at org.springframework.boot.SpringApplication.handleRunFailure(SpringApplication.java:832) [na:na]
	at org.springframework.boot.SpringApplication.run(SpringApplication.java:327) [na:na]
	at org.springframework.boot.SpringApplication.run(SpringApplication.java:1260) [na:na]
	at org.springframework.boot.SpringApplication.run(SpringApplication.java:1248) [na:na]
	at com.saud_dev.technology_assessment.TechnologyAssessmentApplication.main(TechnologyAssessmentApplication.java:15) [na:na]
	at com.saud_dev.technology_assessment.TechnologyAssessmentApplication_ESTest.test2(TechnologyAssessmentApplication_ESTest.java:66) [na:na]
	at sun.reflect.NativeMethodAccessorImpl.invoke0(Native Method) ~[na:1.8.0_191]
	at sun.reflect.NativeMethodAccessorImpl.invoke(NativeMethodAccessorImpl.java:62) ~[na:1.8.0_191]
	at sun.reflect.DelegatingMethodAccessorImpl.invoke(DelegatingMethodAccessorImpl.java:43) ~[na:1.8.0_191]
	at java.lang.reflect.Method.invoke(Method.java:498) ~[na:1.8.0_191]
	at org.junit.runners.model.FrameworkMethod$1.runReflectiveCall(FrameworkMethod.java:50) [junit-4.12.jar:4.12]
	at org.junit.internal.runners.model.ReflectiveCallable.run(ReflectiveCallable.java:12) [junit-4.12.jar:4.12]
	at org.junit.runners.model.FrameworkMethod.invokeExplosively(FrameworkMethod.java:47) [junit-4.12.jar:4.12]
	at org.junit.internal.runners.statements.InvokeMethod.evaluate(InvokeMethod.java:17) [junit-4.12.jar:4.12]
	at org.junit.internal.runners.statements.FailOnTimeout$CallableStatement.call(FailOnTimeout.java:298) [junit-4.12.jar:4.12]
	at org.junit.internal.runners.statements.FailOnTimeout$CallableStatement.call(FailOnTimeout.java:292) [junit-4.12.jar:4.12]
	at java.util.concurrent.FutureTask.run(FutureTask.java:266) [na:1.8.0_191]
	at java.lang.Thread.run(Thread.java:748) [na:1.8.0_191]

2019-02-13 05:38:36.515  INFO 17112 --- [           main] o.e.r.instrumentation.EvoClassLoader     : Error while loading class: java.lang.ClassNotFoundException: Class 'kotlin/reflect/full$KClasses.class' should be in target project, but could not be found!
2019-02-13 05:38:36.523  INFO 17112 --- [           main] o.e.r.instrumentation.EvoClassLoader     : Seeing class for first time: org.joda.time.LocalDate
2019-02-13 05:38:36.523  INFO 17112 --- [           main] o.e.r.instrumentation.EvoClassLoader     : Instrumenting class 'org.joda.time.LocalDate'.
2019-02-13 05:38:36.523  INFO 17112 --- [           main] o.e.r.instrumentation.EvoClassLoader     : Error while loading class: java.lang.ClassNotFoundException: Class 'org/joda/time/LocalDate.class' should be in target project, but could not be found!
2019-02-13 05:38:36.523  INFO 17112 --- [           main] o.e.r.instrumentation.EvoClassLoader     : Seeing class for first time: org.joda.time$LocalDate
2019-02-13 05:38:36.523  INFO 17112 --- [           main] o.e.r.instrumentation.EvoClassLoader     : Instrumenting class 'org.joda.time$LocalDate'.
2019-02-13 05:38:36.523  INFO 17112 --- [           main] o.e.r.instrumentation.EvoClassLoader     : Error while loading class: java.lang.ClassNotFoundException: Class 'org/joda/time$LocalDate.class' should be in target project, but could not be found!
2019-02-13 05:38:36.527  INFO 17112 --- [           main] o.e.r.instrumentation.EvoClassLoader     : Seeing class for first time: org.eclipse.core.runtime.FileLocator
2019-02-13 05:38:36.527  INFO 17112 --- [           main] o.e.r.instrumentation.EvoClassLoader     : Instrumenting class 'org.eclipse.core.runtime.FileLocator'.
2019-02-13 05:38:36.527  INFO 17112 --- [           main] o.e.r.instrumentation.EvoClassLoader     : Error while loading class: java.lang.ClassNotFoundException: Class 'org/eclipse/core/runtime/FileLocator.class' should be in target project, but could not be found!
2019-02-13 05:38:36.531  INFO 17112 --- [           main] o.e.r.instrumentation.EvoClassLoader     : Seeing class for first time: org.eclipse.core.runtime$FileLocator
2019-02-13 05:38:36.531  INFO 17112 --- [           main] o.e.r.instrumentation.EvoClassLoader     : Instrumenting class 'org.eclipse.core.runtime$FileLocator'.
2019-02-13 05:38:36.531  INFO 17112 --- [           main] o.e.r.instrumentation.EvoClassLoader     : Error while loading class: java.lang.ClassNotFoundException: Class 'org/eclipse/core/runtime$FileLocator.class' should be in target project, but could not be found!
2019-02-13 05:38:36.531  INFO 17112 --- [           main] o.e.r.instrumentation.EvoClassLoader     : Seeing class for first time: org.springframework.orm.jpa.support.PersistenceAnnotationBeanPostProcessor
2019-02-13 05:38:36.531  INFO 17112 --- [           main] o.e.r.instrumentation.EvoClassLoader     : Instrumenting class 'org.springframework.orm.jpa.support.PersistenceAnnotationBeanPostProcessor'.
2019-02-13 05:38:36.531  INFO 17112 --- [           main] o.e.r.instrumentation.EvoClassLoader     : Error while loading class: java.lang.ClassNotFoundException: Class 'org/springframework/orm/jpa/support/PersistenceAnnotationBeanPostProcessor.class' should be in target project, but could not be found!
2019-02-13 05:38:36.531  INFO 17112 --- [           main] o.e.r.instrumentation.EvoClassLoader     : Seeing class for first time: org.springframework.orm.jpa.support$PersistenceAnnotationBeanPostProcessor
2019-02-13 05:38:36.531  INFO 17112 --- [           main] o.e.r.instrumentation.EvoClassLoader     : Instrumenting class 'org.springframework.orm.jpa.support$PersistenceAnnotationBeanPostProcessor'.
2019-02-13 05:38:36.531  INFO 17112 --- [           main] o.e.r.instrumentation.EvoClassLoader     : Error while loading class: java.lang.ClassNotFoundException: Class 'org/springframework/orm/jpa/support$PersistenceAnnotationBeanPostProcessor.class' should be in target project, but could not be found!
2019-02-13 05:38:36.531  INFO 17112 --- [           main] o.e.r.instrumentation.EvoClassLoader     : Seeing class for first time: org.springframework.jdbc.CannotGetJdbcConnectionException
2019-02-13 05:38:36.531  INFO 17112 --- [           main] o.e.r.instrumentation.EvoClassLoader     : Instrumenting class 'org.springframework.jdbc.CannotGetJdbcConnectionException'.
2019-02-13 05:38:36.535  INFO 17112 --- [           main] o.e.r.instrumentation.EvoClassLoader     : Error while loading class: java.lang.ClassNotFoundException: Class 'org/springframework/jdbc/CannotGetJdbcConnectionException.class' should be in target project, but could not be found!
]]></system-out>
  </testcase>
  <testcase name="test1" classname="com.saud_dev.technology_assessment.TechnologyAssessmentApplication_ESTest" time="1.028">
    <error message="test timed out after 4000 milliseconds" type="org.junit.runners.model.TestTimedOutException">org.junit.runners.model.TestTimedOutException: test timed out after 4000 milliseconds
	at com.saud_dev.technology_assessment.TechnologyAssessmentApplication_ESTest.test1(TechnologyAssessmentApplication_ESTest.java:46)
</error>
    <system-out><![CDATA[2019-02-13 05:38:36.547  INFO 17112 --- [me-limited test] o.e.r.instrumentation.EvoClassLoader     : Seeing class for first time: org.springframework.web.reactive.DispatcherHandler
2019-02-13 05:38:36.551  INFO 17112 --- [me-limited test] o.e.r.instrumentation.EvoClassLoader     : Instrumenting class 'org.springframework.web.reactive.DispatcherHandler'.
2019-02-13 05:38:36.551  INFO 17112 --- [me-limited test] o.e.r.instrumentation.EvoClassLoader     : Error while loading class: java.lang.ClassNotFoundException: Class 'org/springframework/web/reactive/DispatcherHandler.class' should be in target project, but could not be found!
2019-02-13 05:38:36.551  INFO 17112 --- [me-limited test] o.e.r.instrumentation.EvoClassLoader     : Seeing class for first time: org.springframework.web.reactive$DispatcherHandler
2019-02-13 05:38:36.551  INFO 17112 --- [me-limited test] o.e.r.instrumentation.EvoClassLoader     : Instrumenting class 'org.springframework.web.reactive$DispatcherHandler'.
2019-02-13 05:38:36.551  INFO 17112 --- [me-limited test] o.e.r.instrumentation.EvoClassLoader     : Error while loading class: java.lang.ClassNotFoundException: Class 'org/springframework/web/reactive$DispatcherHandler.class' should be in target project, but could not be found!
2019-02-13 05:38:36.651  WARN 17112 --- [me-limited test] o.s.b.l.logback.LogbackLoggingSystem     : Ignoring 'logback.configurationFile' system property. Please use 'logging.config' instead.
2019-02-13 05:38:40.551  INFO 17112 --- [           main] o.evosuite.runtime.thread.ThreadStopper  : Found new thread
2019-02-13 05:38:40.551  INFO 17112 --- [           main] o.evosuite.runtime.thread.ThreadStopper  : Thread is still alive: Time-limited test
2019-02-13 05:38:40.551  INFO 17112 --- [           main] o.e.r.instrumentation.EvoClassLoader     : Seeing class for first time: kotlin.Metadata
2019-02-13 05:38:40.551  INFO 17112 --- [           main] o.e.r.instrumentation.EvoClassLoader     : Instrumenting class 'kotlin.Metadata'.
2019-02-13 05:38:40.555  INFO 17112 --- [           main] o.e.r.instrumentation.EvoClassLoader     : Error while loading class: java.lang.ClassNotFoundException: Class 'kotlin/Metadata.class' should be in target project, but could not be found!
2019-02-13 05:38:40.555  INFO 17112 --- [           main] o.e.r.instrumentation.EvoClassLoader     : Seeing class for first time: kotlin$Metadata
2019-02-13 05:38:40.555  INFO 17112 --- [           main] o.e.r.instrumentation.EvoClassLoader     : Instrumenting class 'kotlin$Metadata'.
2019-02-13 05:38:40.555 ERROR 17112 --- [me-limited test] o.s.boot.SpringApplication               : Application run failed

org.evosuite.runtime.mock.java.lang.MockIllegalStateException: Cannot bind to SpringApplication
	at org.springframework.boot.SpringApplication.bindToSpringApplication(SpringApplication.java:560) ~[na:na]
	at <evosuite>.<evosuite>(<evosuite>) ~[na:na]
	at <evosuite>.<evosuite>(<evosuite>) ~[na:na]
Caused by: org.springframework.boot.context.properties.bind.BindException: Failed to bind properties under 'spring.main' to org.springframework.boot.SpringApplication
	at org.springframework.boot.context.properties.bind.Binder.handleBindError(Binder.java:249) ~[na:na]
	... 2 common frames omitted
Caused by: org.evosuite.runtime.TooManyResourcesException: Loop has been executed more times than the allowed 10000
	at org.evosuite.runtime.LoopCounter.checkLoop(LoopCounter.java:116) ~[evosuite-standalone-runtime-1.0.6.jar:1.0.6]
	at org.springframework.boot.context.properties.source.ConfigurationPropertyName$ElementsParser.isAlpha(ConfigurationPropertyName.java:846) ~[na:na]
	at org.springframework.boot.context.properties.source.ConfigurationPropertyName$ElementsParser.isAlphaNumeric(ConfigurationPropertyName.java:842) ~[na:na]
	at org.springframework.boot.context.properties.source.ConfigurationPropertyName.elementEquals(ConfigurationPropertyName.java:335) ~[na:na]
	at org.springframework.boot.context.properties.source.ConfigurationPropertyName.isAncestorOf(ConfigurationPropertyName.java:241) ~[na:na]
	at org.springframework.boot.context.properties.source.ConfigurationPropertyState.search(ConfigurationPropertyState.java:63) ~[na:na]
	at org.springframework.boot.context.properties.source.SpringIterableConfigurationPropertySource.containsDescendantOf(SpringIterableConfigurationPropertySource.java:93) ~[na:na]
	at org.springframework.boot.context.properties.bind.JavaBeanBinder.hasKnownBindableProperties(JavaBeanBinder.java:61) ~[na:na]
	at org.springframework.boot.context.properties.bind.JavaBeanBinder.bind(JavaBeanBinder.java:48) ~[na:na]
	at org.springframework.boot.context.properties.bind.Binder.lambda$null$4(Binder.java:344) ~[na:na]
	at java.util.stream.ReferencePipeline$3$1.accept(ReferencePipeline.java:193) ~[na:1.8.0_191]
	at java.util.ArrayList$ArrayListSpliterator.tryAdvance(ArrayList.java:1359) ~[na:1.8.0_191]
	at java.util.stream.ReferencePipeline.forEachWithCancel(ReferencePipeline.java:126) ~[na:1.8.0_191]
	at java.util.stream.AbstractPipeline.copyIntoWithCancel(AbstractPipeline.java:498) ~[na:1.8.0_191]
	at java.util.stream.AbstractPipeline.copyInto(AbstractPipeline.java:485) ~[na:1.8.0_191]
	at java.util.stream.AbstractPipeline.wrapAndCopyInto(AbstractPipeline.java:471) ~[na:1.8.0_191]
	at java.util.stream.FindOps$FindOp.evaluateSequential(FindOps.java:152) ~[na:1.8.0_191]
	at java.util.stream.AbstractPipeline.evaluate(AbstractPipeline.java:234) ~[na:1.8.0_191]
	at java.util.stream.ReferencePipeline.findFirst(ReferencePipeline.java:464) ~[na:1.8.0_191]
	at org.springframework.boot.context.properties.bind.Binder.lambda$bindBean$5(Binder.java:345) ~[na:na]
	at org.springframework.boot.context.properties.bind.Binder$Context.withIncreasedDepth(Binder.java:448) ~[na:na]
	at org.springframework.boot.context.properties.bind.Binder$Context.withBean(Binder.java:434) ~[na:na]
	at org.springframework.boot.context.properties.bind.Binder$Context.access$400(Binder.java:388) ~[na:na]
	at org.springframework.boot.context.properties.bind.Binder.bindBean(Binder.java:342) ~[na:na]
	at org.springframework.boot.context.properties.bind.Binder.bindObject(Binder.java:277) ~[na:na]
	at org.springframework.boot.context.properties.bind.Binder.bind(Binder.java:220) ~[na:na]
	at org.springframework.boot.context.properties.bind.Binder.bind(Binder.java:208) ~[na:na]
	at org.springframework.boot.context.properties.bind.Binder.bind(Binder.java:164) ~[na:na]
	at org.springframework.boot.SpringApplication.bindToSpringApplication(SpringApplication.java:557) ~[na:na]
	at org.springframework.boot.SpringApplication.prepareEnvironment(SpringApplication.java:348) ~[na:na]
	at org.springframework.boot.SpringApplication.run(SpringApplication.java:306) ~[na:na]
	at org.springframework.boot.SpringApplication.run(SpringApplication.java:1260) ~[na:na]
	at org.springframework.boot.SpringApplication.run(SpringApplication.java:1248) ~[na:na]
	at com.saud_dev.technology_assessment.TechnologyAssessmentApplication.main(TechnologyAssessmentApplication.java:15) [na:na]
	at com.saud_dev.technology_assessment.TechnologyAssessmentApplication_ESTest.test1(TechnologyAssessmentApplication_ESTest.java:46) [na:na]
	at sun.reflect.NativeMethodAccessorImpl.invoke0(Native Method) ~[na:1.8.0_191]
	at sun.reflect.NativeMethodAccessorImpl.invoke(NativeMethodAccessorImpl.java:62) ~[na:1.8.0_191]
	at sun.reflect.DelegatingMethodAccessorImpl.invoke(DelegatingMethodAccessorImpl.java:43) ~[na:1.8.0_191]
	at java.lang.reflect.Method.invoke(Method.java:498) ~[na:1.8.0_191]
	at org.junit.runners.model.FrameworkMethod$1.runReflectiveCall(FrameworkMethod.java:50) [junit-4.12.jar:4.12]
	at org.junit.internal.runners.model.ReflectiveCallable.run(ReflectiveCallable.java:12) [junit-4.12.jar:4.12]
	at org.junit.runners.model.FrameworkMethod.invokeExplosively(FrameworkMethod.java:47) [junit-4.12.jar:4.12]
	at org.junit.internal.runners.statements.InvokeMethod.evaluate(InvokeMethod.java:17) [junit-4.12.jar:4.12]
	at org.junit.internal.runners.statements.FailOnTimeout$CallableStatement.call(FailOnTimeout.java:298) [junit-4.12.jar:4.12]
	at org.junit.internal.runners.statements.FailOnTimeout$CallableStatement.call(FailOnTimeout.java:292) [junit-4.12.jar:4.12]
	at java.util.concurrent.FutureTask.run(FutureTask.java:266) [na:1.8.0_191]
	at java.lang.Thread.run(Thread.java:748) [na:1.8.0_191]

2019-02-13 05:38:40.555  INFO 17112 --- [           main] o.e.r.instrumentation.EvoClassLoader     : Error while loading class: java.lang.ClassNotFoundException: Class 'kotlin$Metadata.class' should be in target project, but could not be found!
2019-02-13 05:38:40.555  INFO 17112 --- [           main] o.e.r.instrumentation.EvoClassLoader     : Seeing class for first time: kotlin.reflect.full.KClasses
2019-02-13 05:38:40.555  INFO 17112 --- [           main] o.e.r.instrumentation.EvoClassLoader     : Instrumenting class 'kotlin.reflect.full.KClasses'.
2019-02-13 05:38:40.555  INFO 17112 --- [           main] o.e.r.instrumentation.EvoClassLoader     : Error while loading class: java.lang.ClassNotFoundException: Class 'kotlin/reflect/full/KClasses.class' should be in target project, but could not be found!
2019-02-13 05:38:40.555  INFO 17112 --- [           main] o.e.r.instrumentation.EvoClassLoader     : Seeing class for first time: kotlin.reflect.full$KClasses
2019-02-13 05:38:40.555  WARN 17112 --- [me-limited test] o.s.boot.SpringApplication               : Unable to close ApplicationContext

java.lang.RuntimeException: Kill switch
	at org.evosuite.runtime.thread.KillSwitchHandler.checkTimeout(KillSwitchHandler.java:50) ~[evosuite-standalone-runtime-1.0.6.jar:1.0.6]
	at org.evosuite.runtime.thread.KillSwitchHandler.killIfTimeout(KillSwitchHandler.java:59) ~[evosuite-standalone-runtime-1.0.6.jar:1.0.6]
	at org.springframework.boot.SpringApplication.handleRunFailure(SpringApplication.java:832) [na:na]
	at org.springframework.boot.SpringApplication.run(SpringApplication.java:327) [na:na]
	at org.springframework.boot.SpringApplication.run(SpringApplication.java:1260) [na:na]
	at org.springframework.boot.SpringApplication.run(SpringApplication.java:1248) [na:na]
	at com.saud_dev.technology_assessment.TechnologyAssessmentApplication.main(TechnologyAssessmentApplication.java:15) [na:na]
	at com.saud_dev.technology_assessment.TechnologyAssessmentApplication_ESTest.test1(TechnologyAssessmentApplication_ESTest.java:46) [na:na]
	at sun.reflect.NativeMethodAccessorImpl.invoke0(Native Method) ~[na:1.8.0_191]
	at sun.reflect.NativeMethodAccessorImpl.invoke(NativeMethodAccessorImpl.java:62) ~[na:1.8.0_191]
	at sun.reflect.DelegatingMethodAccessorImpl.invoke(DelegatingMethodAccessorImpl.java:43) ~[na:1.8.0_191]
	at java.lang.reflect.Method.invoke(Method.java:498) ~[na:1.8.0_191]
	at org.junit.runners.model.FrameworkMethod$1.runReflectiveCall(FrameworkMethod.java:50) [junit-4.12.jar:4.12]
	at org.junit.internal.runners.model.ReflectiveCallable.run(ReflectiveCallable.java:12) [junit-4.12.jar:4.12]
	at org.junit.runners.model.FrameworkMethod.invokeExplosively(FrameworkMethod.java:47) [junit-4.12.jar:4.12]
	at org.junit.internal.runners.statements.InvokeMethod.evaluate(InvokeMethod.java:17) [junit-4.12.jar:4.12]
	at org.junit.internal.runners.statements.FailOnTimeout$CallableStatement.call(FailOnTimeout.java:298) [junit-4.12.jar:4.12]
	at org.junit.internal.runners.statements.FailOnTimeout$CallableStatement.call(FailOnTimeout.java:292) [junit-4.12.jar:4.12]
	at java.util.concurrent.FutureTask.run(FutureTask.java:266) [na:1.8.0_191]
	at java.lang.Thread.run(Thread.java:748) [na:1.8.0_191]

2019-02-13 05:38:40.555  INFO 17112 --- [           main] o.e.r.instrumentation.EvoClassLoader     : Instrumenting class 'kotlin.reflect.full$KClasses'.
2019-02-13 05:38:40.555  INFO 17112 --- [           main] o.e.r.instrumentation.EvoClassLoader     : Error while loading class: java.lang.ClassNotFoundException: Class 'kotlin/reflect/full$KClasses.class' should be in target project, but could not be found!
2019-02-13 05:38:40.563  INFO 17112 --- [           main] o.e.r.instrumentation.EvoClassLoader     : Seeing class for first time: org.joda.time.LocalDate
2019-02-13 05:38:40.563  INFO 17112 --- [           main] o.e.r.instrumentation.EvoClassLoader     : Instrumenting class 'org.joda.time.LocalDate'.
2019-02-13 05:38:40.563  INFO 17112 --- [           main] o.e.r.instrumentation.EvoClassLoader     : Error while loading class: java.lang.ClassNotFoundException: Class 'org/joda/time/LocalDate.class' should be in target project, but could not be found!
2019-02-13 05:38:40.563  INFO 17112 --- [           main] o.e.r.instrumentation.EvoClassLoader     : Seeing class for first time: org.joda.time$LocalDate
2019-02-13 05:38:40.563  INFO 17112 --- [           main] o.e.r.instrumentation.EvoClassLoader     : Instrumenting class 'org.joda.time$LocalDate'.
2019-02-13 05:38:40.563  INFO 17112 --- [           main] o.e.r.instrumentation.EvoClassLoader     : Error while loading class: java.lang.ClassNotFoundException: Class 'org/joda/time$LocalDate.class' should be in target project, but could not be found!
2019-02-13 05:38:40.567  INFO 17112 --- [           main] o.e.r.instrumentation.EvoClassLoader     : Seeing class for first time: org.eclipse.core.runtime.FileLocator
2019-02-13 05:38:40.567  INFO 17112 --- [           main] o.e.r.instrumentation.EvoClassLoader     : Instrumenting class 'org.eclipse.core.runtime.FileLocator'.
2019-02-13 05:38:40.567  INFO 17112 --- [           main] o.e.r.instrumentation.EvoClassLoader     : Error while loading class: java.lang.ClassNotFoundException: Class 'org/eclipse/core/runtime/FileLocator.class' should be in target project, but could not be found!
2019-02-13 05:38:40.567  INFO 17112 --- [           main] o.e.r.instrumentation.EvoClassLoader     : Seeing class for first time: org.eclipse.core.runtime$FileLocator
2019-02-13 05:38:40.567  INFO 17112 --- [           main] o.e.r.instrumentation.EvoClassLoader     : Instrumenting class 'org.eclipse.core.runtime$FileLocator'.
2019-02-13 05:38:40.567  INFO 17112 --- [           main] o.e.r.instrumentation.EvoClassLoader     : Error while loading class: java.lang.ClassNotFoundException: Class 'org/eclipse/core/runtime$FileLocator.class' should be in target project, but could not be found!
2019-02-13 05:38:40.567  INFO 17112 --- [           main] o.e.r.instrumentation.EvoClassLoader     : Seeing class for first time: org.springframework.orm.jpa.support.PersistenceAnnotationBeanPostProcessor
2019-02-13 05:38:40.567  INFO 17112 --- [           main] o.e.r.instrumentation.EvoClassLoader     : Instrumenting class 'org.springframework.orm.jpa.support.PersistenceAnnotationBeanPostProcessor'.
2019-02-13 05:38:40.567  INFO 17112 --- [           main] o.e.r.instrumentation.EvoClassLoader     : Error while loading class: java.lang.ClassNotFoundException: Class 'org/springframework/orm/jpa/support/PersistenceAnnotationBeanPostProcessor.class' should be in target project, but could not be found!
2019-02-13 05:38:40.571  INFO 17112 --- [           main] o.e.r.instrumentation.EvoClassLoader     : Seeing class for first time: org.springframework.orm.jpa.support$PersistenceAnnotationBeanPostProcessor
2019-02-13 05:38:40.571  INFO 17112 --- [           main] o.e.r.instrumentation.EvoClassLoader     : Instrumenting class 'org.springframework.orm.jpa.support$PersistenceAnnotationBeanPostProcessor'.
2019-02-13 05:38:40.571  INFO 17112 --- [           main] o.e.r.instrumentation.EvoClassLoader     : Error while loading class: java.lang.ClassNotFoundException: Class 'org/springframework/orm/jpa/support$PersistenceAnnotationBeanPostProcessor.class' should be in target project, but could not be found!
2019-02-13 05:38:40.571  INFO 17112 --- [           main] o.e.r.instrumentation.EvoClassLoader     : Seeing class for first time: org.springframework.jdbc.CannotGetJdbcConnectionException
2019-02-13 05:38:40.571  INFO 17112 --- [           main] o.e.r.instrumentation.EvoClassLoader     : Instrumenting class 'org.springframework.jdbc.CannotGetJdbcConnectionException'.
2019-02-13 05:38:40.571  INFO 17112 --- [           main] o.e.r.instrumentation.EvoClassLoader     : Error while loading class: java.lang.ClassNotFoundException: Class 'org/springframework/jdbc/CannotGetJdbcConnectionException.class' should be in target project, but could not be found!
]]></system-out>
  </testcase>
  <testcase name="test0" classname="com.saud_dev.technology_assessment.TechnologyAssessmentApplication_ESTest" time="0.904">
    <error message="test timed out after 4000 milliseconds" type="org.junit.runners.model.TestTimedOutException">org.junit.runners.model.TestTimedOutException: test timed out after 4000 milliseconds
	at com.saud_dev.technology_assessment.TechnologyAssessmentApplication_ESTest.test0(TechnologyAssessmentApplication_ESTest.java:26)
</error>
    <system-out><![CDATA[2019-02-13 05:38:40.583  INFO 17112 --- [me-limited test] o.e.r.instrumentation.EvoClassLoader     : Seeing class for first time: org.springframework.web.reactive.DispatcherHandler
2019-02-13 05:38:40.583  INFO 17112 --- [me-limited test] o.e.r.instrumentation.EvoClassLoader     : Instrumenting class 'org.springframework.web.reactive.DispatcherHandler'.
2019-02-13 05:38:40.587  INFO 17112 --- [me-limited test] o.e.r.instrumentation.EvoClassLoader     : Error while loading class: java.lang.ClassNotFoundException: Class 'org/springframework/web/reactive/DispatcherHandler.class' should be in target project, but could not be found!
2019-02-13 05:38:40.587  INFO 17112 --- [me-limited test] o.e.r.instrumentation.EvoClassLoader     : Seeing class for first time: org.springframework.web.reactive$DispatcherHandler
2019-02-13 05:38:40.587  INFO 17112 --- [me-limited test] o.e.r.instrumentation.EvoClassLoader     : Instrumenting class 'org.springframework.web.reactive$DispatcherHandler'.
2019-02-13 05:38:40.587  INFO 17112 --- [me-limited test] o.e.r.instrumentation.EvoClassLoader     : Error while loading class: java.lang.ClassNotFoundException: Class 'org/springframework/web/reactive$DispatcherHandler.class' should be in target project, but could not be found!
2019-02-13 05:38:40.655  WARN 17112 --- [me-limited test] o.s.b.l.logback.LogbackLoggingSystem     : Ignoring 'logback.configurationFile' system property. Please use 'logging.config' instead.
2019-02-13 05:38:44.590  INFO 17112 --- [           main] o.evosuite.runtime.thread.ThreadStopper  : Found new thread
2019-02-13 05:38:44.590  INFO 17112 --- [           main] o.evosuite.runtime.thread.ThreadStopper  : Thread is still alive: Time-limited test
2019-02-13 05:38:44.590  INFO 17112 --- [           main] o.e.r.instrumentation.EvoClassLoader     : Seeing class for first time: kotlin.Metadata
2019-02-13 05:38:44.590  INFO 17112 --- [           main] o.e.r.instrumentation.EvoClassLoader     : Instrumenting class 'kotlin.Metadata'.
2019-02-13 05:38:44.594  INFO 17112 --- [           main] o.e.r.instrumentation.EvoClassLoader     : Error while loading class: java.lang.ClassNotFoundException: Class 'kotlin/Metadata.class' should be in target project, but could not be found!
2019-02-13 05:38:44.594 ERROR 17112 --- [me-limited test] o.s.boot.SpringApplication               : Application run failed

org.evosuite.runtime.mock.java.lang.MockIllegalStateException: Cannot bind to SpringApplication
	at org.springframework.boot.SpringApplication.bindToSpringApplication(SpringApplication.java:560) ~[na:na]
	at <evosuite>.<evosuite>(<evosuite>) ~[na:na]
	at <evosuite>.<evosuite>(<evosuite>) ~[na:na]
Caused by: org.springframework.boot.context.properties.bind.BindException: Failed to bind properties under 'spring.main' to org.springframework.boot.SpringApplication
	at org.springframework.boot.context.properties.bind.Binder.handleBindError(Binder.java:249) ~[na:na]
	... 2 common frames omitted
Caused by: org.evosuite.runtime.TooManyResourcesException: Loop has been executed more times than the allowed 10000
	at org.evosuite.runtime.LoopCounter.checkLoop(LoopCounter.java:116) ~[evosuite-standalone-runtime-1.0.6.jar:1.0.6]
	at org.springframework.boot.context.properties.source.ConfigurationPropertyName$ElementsParser.isAlpha(ConfigurationPropertyName.java:846) ~[na:na]
	at org.springframework.boot.context.properties.source.ConfigurationPropertyName$ElementsParser.isAlphaNumeric(ConfigurationPropertyName.java:842) ~[na:na]
	at org.springframework.boot.context.properties.source.ConfigurationPropertyName.elementEquals(ConfigurationPropertyName.java:335) ~[na:na]
	at org.springframework.boot.context.properties.source.ConfigurationPropertyName.isAncestorOf(ConfigurationPropertyName.java:241) ~[na:na]
	at org.springframework.boot.context.properties.source.ConfigurationPropertyState.search(ConfigurationPropertyState.java:63) ~[na:na]
	at org.springframework.boot.context.properties.source.SpringIterableConfigurationPropertySource.containsDescendantOf(SpringIterableConfigurationPropertySource.java:93) ~[na:na]
	at org.springframework.boot.context.properties.bind.JavaBeanBinder.hasKnownBindableProperties(JavaBeanBinder.java:61) ~[na:na]
	at org.springframework.boot.context.properties.bind.JavaBeanBinder.bind(JavaBeanBinder.java:48) ~[na:na]
	at org.springframework.boot.context.properties.bind.Binder.lambda$null$4(Binder.java:344) ~[na:na]
	at java.util.stream.ReferencePipeline$3$1.accept(ReferencePipeline.java:193) ~[na:1.8.0_191]
	at java.util.ArrayList$ArrayListSpliterator.tryAdvance(ArrayList.java:1359) ~[na:1.8.0_191]
	at java.util.stream.ReferencePipeline.forEachWithCancel(ReferencePipeline.java:126) ~[na:1.8.0_191]
	at java.util.stream.AbstractPipeline.copyIntoWithCancel(AbstractPipeline.java:498) ~[na:1.8.0_191]
	at java.util.stream.AbstractPipeline.copyInto(AbstractPipeline.java:485) ~[na:1.8.0_191]
	at java.util.stream.AbstractPipeline.wrapAndCopyInto(AbstractPipeline.java:471) ~[na:1.8.0_191]
	at java.util.stream.FindOps$FindOp.evaluateSequential(FindOps.java:152) ~[na:1.8.0_191]
	at java.util.stream.AbstractPipeline.evaluate(AbstractPipeline.java:234) ~[na:1.8.0_191]
	at java.util.stream.ReferencePipeline.findFirst(ReferencePipeline.java:464) ~[na:1.8.0_191]
	at org.springframework.boot.context.properties.bind.Binder.lambda$bindBean$5(Binder.java:345) ~[na:na]
	at org.springframework.boot.context.properties.bind.Binder$Context.withIncreasedDepth(Binder.java:448) ~[na:na]
	at org.springframework.boot.context.properties.bind.Binder$Context.withBean(Binder.java:434) ~[na:na]
	at org.springframework.boot.context.properties.bind.Binder$Context.access$400(Binder.java:388) ~[na:na]
	at org.springframework.boot.context.properties.bind.Binder.bindBean(Binder.java:342) ~[na:na]
	at org.springframework.boot.context.properties.bind.Binder.bindObject(Binder.java:277) ~[na:na]
	at org.springframework.boot.context.properties.bind.Binder.bind(Binder.java:220) ~[na:na]
	at org.springframework.boot.context.properties.bind.Binder.bind(Binder.java:208) ~[na:na]
	at org.springframework.boot.context.properties.bind.Binder.bind(Binder.java:164) ~[na:na]
	at org.springframework.boot.SpringApplication.bindToSpringApplication(SpringApplication.java:557) ~[na:na]
	at org.springframework.boot.SpringApplication.prepareEnvironment(SpringApplication.java:348) ~[na:na]
	at org.springframework.boot.SpringApplication.run(SpringApplication.java:306) ~[na:na]
	at org.springframework.boot.SpringApplication.run(SpringApplication.java:1260) ~[na:na]
	at org.springframework.boot.SpringApplication.run(SpringApplication.java:1248) ~[na:na]
	at com.saud_dev.technology_assessment.TechnologyAssessmentApplication.main(TechnologyAssessmentApplication.java:15) [na:na]
	at com.saud_dev.technology_assessment.TechnologyAssessmentApplication_ESTest.test0(TechnologyAssessmentApplication_ESTest.java:26) [na:na]
	at sun.reflect.NativeMethodAccessorImpl.invoke0(Native Method) ~[na:1.8.0_191]
	at sun.reflect.NativeMethodAccessorImpl.invoke(NativeMethodAccessorImpl.java:62) ~[na:1.8.0_191]
	at sun.reflect.DelegatingMethodAccessorImpl.invoke(DelegatingMethodAccessorImpl.java:43) ~[na:1.8.0_191]
	at java.lang.reflect.Method.invoke(Method.java:498) ~[na:1.8.0_191]
	at org.junit.runners.model.FrameworkMethod$1.runReflectiveCall(FrameworkMethod.java:50) [junit-4.12.jar:4.12]
	at org.junit.internal.runners.model.ReflectiveCallable.run(ReflectiveCallable.java:12) [junit-4.12.jar:4.12]
	at org.junit.runners.model.FrameworkMethod.invokeExplosively(FrameworkMethod.java:47) [junit-4.12.jar:4.12]
	at org.junit.internal.runners.statements.InvokeMethod.evaluate(InvokeMethod.java:17) [junit-4.12.jar:4.12]
	at org.junit.internal.runners.statements.FailOnTimeout$CallableStatement.call(FailOnTimeout.java:298) [junit-4.12.jar:4.12]
	at org.junit.internal.runners.statements.FailOnTimeout$CallableStatement.call(FailOnTimeout.java:292) [junit-4.12.jar:4.12]
	at java.util.concurrent.FutureTask.run(FutureTask.java:266) [na:1.8.0_191]
	at java.lang.Thread.run(Thread.java:748) [na:1.8.0_191]

2019-02-13 05:38:44.594  INFO 17112 --- [           main] o.e.r.instrumentation.EvoClassLoader     : Seeing class for first time: kotlin$Metadata
2019-02-13 05:38:44.594  INFO 17112 --- [           main] o.e.r.instrumentation.EvoClassLoader     : Instrumenting class 'kotlin$Metadata'.
2019-02-13 05:38:44.594  INFO 17112 --- [           main] o.e.r.instrumentation.EvoClassLoader     : Error while loading class: java.lang.ClassNotFoundException: Class 'kotlin$Metadata.class' should be in target project, but could not be found!
2019-02-13 05:38:44.594  INFO 17112 --- [           main] o.e.r.instrumentation.EvoClassLoader     : Seeing class for first time: kotlin.reflect.full.KClasses
2019-02-13 05:38:44.594  INFO 17112 --- [           main] o.e.r.instrumentation.EvoClassLoader     : Instrumenting class 'kotlin.reflect.full.KClasses'.
2019-02-13 05:38:44.594  WARN 17112 --- [me-limited test] o.s.boot.SpringApplication               : Unable to close ApplicationContext

java.lang.RuntimeException: Kill switch
	at org.evosuite.runtime.thread.KillSwitchHandler.checkTimeout(KillSwitchHandler.java:50) ~[evosuite-standalone-runtime-1.0.6.jar:1.0.6]
	at org.evosuite.runtime.thread.KillSwitchHandler.killIfTimeout(KillSwitchHandler.java:59) ~[evosuite-standalone-runtime-1.0.6.jar:1.0.6]
	at org.springframework.boot.SpringApplication.handleRunFailure(SpringApplication.java:832) [na:na]
	at org.springframework.boot.SpringApplication.run(SpringApplication.java:327) [na:na]
	at org.springframework.boot.SpringApplication.run(SpringApplication.java:1260) [na:na]
	at org.springframework.boot.SpringApplication.run(SpringApplication.java:1248) [na:na]
	at com.saud_dev.technology_assessment.TechnologyAssessmentApplication.main(TechnologyAssessmentApplication.java:15) [na:na]
	at com.saud_dev.technology_assessment.TechnologyAssessmentApplication_ESTest.test0(TechnologyAssessmentApplication_ESTest.java:26) [na:na]
	at sun.reflect.NativeMethodAccessorImpl.invoke0(Native Method) ~[na:1.8.0_191]
	at sun.reflect.NativeMethodAccessorImpl.invoke(NativeMethodAccessorImpl.java:62) ~[na:1.8.0_191]
	at sun.reflect.DelegatingMethodAccessorImpl.invoke(DelegatingMethodAccessorImpl.java:43) ~[na:1.8.0_191]
	at java.lang.reflect.Method.invoke(Method.java:498) ~[na:1.8.0_191]
	at org.junit.runners.model.FrameworkMethod$1.runReflectiveCall(FrameworkMethod.java:50) [junit-4.12.jar:4.12]
	at org.junit.internal.runners.model.ReflectiveCallable.run(ReflectiveCallable.java:12) [junit-4.12.jar:4.12]
	at org.junit.runners.model.FrameworkMethod.invokeExplosively(FrameworkMethod.java:47) [junit-4.12.jar:4.12]
	at org.junit.internal.runners.statements.InvokeMethod.evaluate(InvokeMethod.java:17) [junit-4.12.jar:4.12]
	at org.junit.internal.runners.statements.FailOnTimeout$CallableStatement.call(FailOnTimeout.java:298) [junit-4.12.jar:4.12]
	at org.junit.internal.runners.statements.FailOnTimeout$CallableStatement.call(FailOnTimeout.java:292) [junit-4.12.jar:4.12]
	at java.util.concurrent.FutureTask.run(FutureTask.java:266) [na:1.8.0_191]
	at java.lang.Thread.run(Thread.java:748) [na:1.8.0_191]

2019-02-13 05:38:44.594  INFO 17112 --- [           main] o.e.r.instrumentation.EvoClassLoader     : Error while loading class: java.lang.ClassNotFoundException: Class 'kotlin/reflect/full/KClasses.class' should be in target project, but could not be found!
2019-02-13 05:38:44.594  INFO 17112 --- [           main] o.e.r.instrumentation.EvoClassLoader     : Seeing class for first time: kotlin.reflect.full$KClasses
2019-02-13 05:38:44.594  INFO 17112 --- [           main] o.e.r.instrumentation.EvoClassLoader     : Instrumenting class 'kotlin.reflect.full$KClasses'.
2019-02-13 05:38:44.598  INFO 17112 --- [           main] o.e.r.instrumentation.EvoClassLoader     : Error while loading class: java.lang.ClassNotFoundException: Class 'kotlin/reflect/full$KClasses.class' should be in target project, but could not be found!
2019-02-13 05:38:44.602  INFO 17112 --- [           main] o.e.r.instrumentation.EvoClassLoader     : Seeing class for first time: org.joda.time.LocalDate
2019-02-13 05:38:44.602  INFO 17112 --- [           main] o.e.r.instrumentation.EvoClassLoader     : Instrumenting class 'org.joda.time.LocalDate'.
2019-02-13 05:38:44.602  INFO 17112 --- [           main] o.e.r.instrumentation.EvoClassLoader     : Error while loading class: java.lang.ClassNotFoundException: Class 'org/joda/time/LocalDate.class' should be in target project, but could not be found!
2019-02-13 05:38:44.602  INFO 17112 --- [           main] o.e.r.instrumentation.EvoClassLoader     : Seeing class for first time: org.joda.time$LocalDate
2019-02-13 05:38:44.602  INFO 17112 --- [           main] o.e.r.instrumentation.EvoClassLoader     : Instrumenting class 'org.joda.time$LocalDate'.
2019-02-13 05:38:44.602  INFO 17112 --- [           main] o.e.r.instrumentation.EvoClassLoader     : Error while loading class: java.lang.ClassNotFoundException: Class 'org/joda/time$LocalDate.class' should be in target project, but could not be found!
2019-02-13 05:38:44.606  INFO 17112 --- [           main] o.e.r.instrumentation.EvoClassLoader     : Seeing class for first time: org.eclipse.core.runtime.FileLocator
2019-02-13 05:38:44.606  INFO 17112 --- [           main] o.e.r.instrumentation.EvoClassLoader     : Instrumenting class 'org.eclipse.core.runtime.FileLocator'.
2019-02-13 05:38:44.606  INFO 17112 --- [           main] o.e.r.instrumentation.EvoClassLoader     : Error while loading class: java.lang.ClassNotFoundException: Class 'org/eclipse/core/runtime/FileLocator.class' should be in target project, but could not be found!
2019-02-13 05:38:44.610  INFO 17112 --- [           main] o.e.r.instrumentation.EvoClassLoader     : Seeing class for first time: org.eclipse.core.runtime$FileLocator
2019-02-13 05:38:44.610  INFO 17112 --- [           main] o.e.r.instrumentation.EvoClassLoader     : Instrumenting class 'org.eclipse.core.runtime$FileLocator'.
2019-02-13 05:38:44.610  INFO 17112 --- [           main] o.e.r.instrumentation.EvoClassLoader     : Error while loading class: java.lang.ClassNotFoundException: Class 'org/eclipse/core/runtime$FileLocator.class' should be in target project, but could not be found!
2019-02-13 05:38:44.610  INFO 17112 --- [           main] o.e.r.instrumentation.EvoClassLoader     : Seeing class for first time: org.springframework.orm.jpa.support.PersistenceAnnotationBeanPostProcessor
2019-02-13 05:38:44.610  INFO 17112 --- [           main] o.e.r.instrumentation.EvoClassLoader     : Instrumenting class 'org.springframework.orm.jpa.support.PersistenceAnnotationBeanPostProcessor'.
2019-02-13 05:38:44.610  INFO 17112 --- [           main] o.e.r.instrumentation.EvoClassLoader     : Error while loading class: java.lang.ClassNotFoundException: Class 'org/springframework/orm/jpa/support/PersistenceAnnotationBeanPostProcessor.class' should be in target project, but could not be found!
2019-02-13 05:38:44.610  INFO 17112 --- [           main] o.e.r.instrumentation.EvoClassLoader     : Seeing class for first time: org.springframework.orm.jpa.support$PersistenceAnnotationBeanPostProcessor
2019-02-13 05:38:44.610  INFO 17112 --- [           main] o.e.r.instrumentation.EvoClassLoader     : Instrumenting class 'org.springframework.orm.jpa.support$PersistenceAnnotationBeanPostProcessor'.
2019-02-13 05:38:44.610  INFO 17112 --- [           main] o.e.r.instrumentation.EvoClassLoader     : Error while loading class: java.lang.ClassNotFoundException: Class 'org/springframework/orm/jpa/support$PersistenceAnnotationBeanPostProcessor.class' should be in target project, but could not be found!
2019-02-13 05:38:44.614  INFO 17112 --- [           main] o.e.r.instrumentation.EvoClassLoader     : Seeing class for first time: org.springframework.jdbc.CannotGetJdbcConnectionException
2019-02-13 05:38:44.614  INFO 17112 --- [           main] o.e.r.instrumentation.EvoClassLoader     : Instrumenting class 'org.springframework.jdbc.CannotGetJdbcConnectionException'.
2019-02-13 05:38:44.614  INFO 17112 --- [           main] o.e.r.instrumentation.EvoClassLoader     : Error while loading class: java.lang.ClassNotFoundException: Class 'org/springframework/jdbc/CannotGetJdbcConnectionException.class' should be in target project, but could not be found!
]]></system-out>
  </testcase>
</testsuite>